TN:
SF:src/app.module.ts
FN:105,(anonymous_1)
FNF:1
FNH:0
FNDA:0,(anonymous_1)
DA:1,0
DA:2,0
DA:3,0
DA:4,0
DA:5,0
DA:6,0
DA:8,0
DA:9,0
DA:10,0
DA:11,0
DA:12,0
DA:13,0
DA:14,0
DA:15,0
DA:16,0
DA:17,0
DA:18,0
DA:19,0
DA:20,0
DA:21,0
DA:22,0
DA:23,0
DA:24,0
DA:25,0
DA:26,0
DA:27,0
DA:28,0
DA:29,0
DA:30,0
DA:31,0
DA:32,0
DA:33,0
DA:34,0
DA:35,0
DA:36,0
DA:37,0
DA:38,0
DA:39,0
DA:40,0
DA:41,0
DA:42,0
DA:43,0
DA:104,0
DA:106,0
LF:44
LH:0
BRF:0
BRH:0
end_of_record
TN:
SF:src/main.ts
FN:18,bootstrap
FN:108,(anonymous_2)
FNF:2
FNH:0
FNDA:0,bootstrap
FNDA:0,(anonymous_2)
DA:1,0
DA:2,0
DA:3,0
DA:4,0
DA:5,0
DA:7,0
DA:8,0
DA:13,0
DA:14,0
DA:15,0
DA:16,0
DA:19,0
DA:20,0
DA:25,0
DA:26,0
DA:28,0
DA:29,0
DA:32,0
DA:33,0
DA:39,0
DA:40,0
DA:43,0
DA:47,0
DA:50,0
DA:53,0
DA:54,0
DA:61,0
DA:67,0
DA:88,0
DA:89,0
DA:100,0
DA:102,0
DA:103,0
DA:104,0
DA:105,0
DA:108,0
DA:109,0
DA:110,0
LF:38
LH:0
BRDA:32,0,0,0
BRDA:32,0,1,0
BRDA:84,1,0,0
BRDA:84,1,1,0
BRF:4
BRH:0
end_of_record
TN:
SF:src/test-get-mappings.ts
FN:5,bootstrap
FNF:1
FNH:0
FNDA:0,bootstrap
DA:1,0
DA:2,0
DA:3,0
DA:6,0
DA:7,0
DA:9,0
DA:10,0
DA:11,0
DA:13,0
DA:16,0
DA:18,0
LF:11
LH:0
BRF:0
BRH:0
end_of_record
TN:
SF:src/cache/cache.module.ts
FN:17,(anonymous_1)
FNF:1
FNH:0
FNDA:0,(anonymous_1)
DA:1,2
DA:2,2
DA:3,2
DA:18,0
DA:24,2
LF:5
LH:4
BRF:0
BRH:0
end_of_record
TN:
SF:src/cache/index.ts
FN:1,(anonymous_0)
FN:2,(anonymous_1)
FN:3,(anonymous_2)
FNF:3
FNH:1
FNDA:0,(anonymous_0)
FNDA:14,(anonymous_1)
FNDA:0,(anonymous_2)
DA:1,2
DA:2,16
DA:3,2
LF:3
LH:3
BRF:0
BRH:0
end_of_record
TN:
SF:src/cache/redis-cache.service.ts
FN:22,(anonymous_0)
FN:28,(anonymous_1)
FN:37,(anonymous_2)
FN:43,(anonymous_3)
FN:61,(anonymous_4)
FN:86,(anonymous_5)
FN:101,(anonymous_6)
FN:116,(anonymous_7)
FN:135,(anonymous_8)
FN:149,(anonymous_9)
FN:178,(anonymous_10)
FN:182,(anonymous_11)
FN:192,(anonymous_12)
FN:196,(anonymous_13)
FN:206,(anonymous_14)
FN:210,(anonymous_15)
FN:220,(anonymous_16)
FN:224,(anonymous_17)
FN:235,(anonymous_18)
FN:239,(anonymous_19)
FN:246,(anonymous_20)
FN:250,(anonymous_21)
FN:260,(anonymous_22)
FN:264,(anonymous_23)
FN:275,(anonymous_24)
FN:287,(anonymous_25)
FN:296,(anonymous_26)
FN:300,(anonymous_27)
FN:309,(anonymous_28)
FN:313,(anonymous_29)
FN:321,(anonymous_30)
FN:325,(anonymous_31)
FNF:32
FNH:16
FNDA:1,(anonymous_0)
FNDA:35,(anonymous_1)
FNDA:36,(anonymous_2)
FNDA:14,(anonymous_3)
FNDA:16,(anonymous_4)
FNDA:1,(anonymous_5)
FNDA:2,(anonymous_6)
FNDA:1,(anonymous_7)
FNDA:1,(anonymous_8)
FNDA:1,(anonymous_9)
FNDA:1,(anonymous_10)
FNDA:1,(anonymous_11)
FNDA:1,(anonymous_12)
FNDA:1,(anonymous_13)
FNDA:1,(anonymous_14)
FNDA:1,(anonymous_15)
FNDA:0,(anonymous_16)
FNDA:0,(anonymous_17)
FNDA:0,(anonymous_18)
FNDA:0,(anonymous_19)
FNDA:0,(anonymous_20)
FNDA:0,(anonymous_21)
FNDA:0,(anonymous_22)
FNDA:0,(anonymous_23)
FNDA:0,(anonymous_24)
FNDA:0,(anonymous_25)
FNDA:0,(anonymous_26)
FNDA:0,(anonymous_27)
FNDA:0,(anonymous_28)
FNDA:0,(anonymous_29)
FNDA:0,(anonymous_30)
FNDA:0,(anonymous_31)
DA:1,4
DA:10,4
DA:19,4
DA:23,1
DA:29,35
DA:38,36
DA:44,14
DA:45,0
DA:48,0
DA:50,14
DA:51,14
DA:52,14
DA:53,14
DA:54,14
DA:56,0
DA:57,0
DA:66,16
DA:67,0
DA:71,0
DA:73,16
DA:74,16
DA:75,16
DA:76,16
DA:77,16
DA:78,16
DA:79,16
DA:81,0
DA:82,0
DA:87,1
DA:88,0
DA:90,1
DA:91,1
DA:92,1
DA:93,1
DA:94,1
DA:96,0
DA:97,0
DA:102,2
DA:103,0
DA:105,2
DA:106,2
DA:107,2
DA:108,2
DA:109,2
DA:111,0
DA:112,0
DA:121,1
DA:122,0
DA:124,1
DA:125,1
DA:126,1
DA:127,1
DA:128,1
DA:130,0
DA:131,0
DA:136,1
DA:137,0
DA:139,1
DA:140,1
DA:141,1
DA:142,1
DA:144,0
DA:145,0
DA:150,1
DA:151,0
DA:153,1
DA:154,1
DA:155,1
DA:156,1
DA:157,1
DA:158,1
DA:159,1
DA:164,1
DA:165,1
DA:167,1
DA:169,1
DA:171,0
DA:172,0
DA:179,1
DA:187,1
DA:193,1
DA:201,1
DA:207,1
DA:215,1
DA:221,0
DA:229,0
DA:236,0
DA:240,0
DA:247,0
DA:254,0
DA:261,0
DA:265,0
DA:276,0
DA:288,0
DA:297,0
DA:301,0
DA:310,0
DA:318,0
DA:322,0
DA:330,0
LF:100
LH:61
BRDA:29,0,0,17
BRDA:29,0,1,18
BRDA:44,1,0,0
BRDA:54,2,0,9
BRDA:54,2,1,5
BRDA:66,3,0,0
BRDA:76,4,0,16
BRDA:76,4,1,15
BRDA:87,5,0,0
BRDA:102,6,0,0
BRDA:121,7,0,0
BRDA:136,8,0,0
BRDA:150,9,0,0
BRDA:155,10,0,1
BRDA:155,10,1,0
BRDA:164,11,0,1
BRDA:231,12,0,0
BRDA:231,12,1,0
BRF:18
BRH:8
end_of_record
TN:
SF:src/cache/redis-connection.manager.ts
FN:9,(anonymous_1)
FN:11,(anonymous_2)
FN:15,(anonymous_3)
FN:32,(anonymous_4)
FN:46,(anonymous_5)
FN:52,(anonymous_6)
FN:66,(anonymous_7)
FN:74,(anonymous_8)
FN:75,(anonymous_9)
FN:106,(anonymous_10)
FN:113,(anonymous_11)
FN:123,(anonymous_12)
FNF:12
FNH:6
FNDA:0,(anonymous_1)
FNDA:1,(anonymous_2)
FNDA:1,(anonymous_3)
FNDA:0,(anonymous_4)
FNDA:0,(anonymous_5)
FNDA:0,(anonymous_6)
FNDA:0,(anonymous_7)
FNDA:1,(anonymous_8)
FNDA:0,(anonymous_9)
FNDA:36,(anonymous_10)
FNDA:1,(anonymous_11)
FNDA:36,(anonymous_12)
DA:1,4
DA:4,4
DA:5,4
DA:7,4
DA:12,1
DA:19,1
DA:20,0
DA:23,1
DA:33,0
DA:35,0
DA:38,0
DA:46,1
DA:47,0
DA:48,0
DA:52,1
DA:55,0
DA:56,0
DA:57,0
DA:59,0
DA:66,1
DA:67,0
DA:68,0
DA:72,1
DA:73,1
DA:74,1
DA:75,1
DA:76,0
DA:81,1
DA:82,1
DA:83,1
DA:86,1
DA:87,1
DA:92,0
DA:93,0
DA:94,0
DA:96,0
DA:97,0
DA:102,0
DA:107,36
DA:108,0
DA:110,36
DA:114,1
DA:115,1
DA:116,1
DA:117,1
DA:118,1
DA:124,36
LF:47
LH:27
BRDA:17,0,0,1
BRDA:19,1,0,0
BRDA:33,2,0,0
BRDA:47,3,0,0
BRDA:55,4,0,0
BRDA:56,5,0,0
BRDA:56,5,1,0
BRDA:67,6,0,0
BRDA:82,7,0,1
BRDA:93,8,0,0
BRDA:96,9,0,0
BRDA:107,10,0,0
BRDA:114,11,0,1
BRDA:117,12,0,1
BRDA:125,13,0,36
BRDA:125,13,1,36
BRF:16
BRH:6
end_of_record
TN:
SF:src/common/index.ts
FN:1,(anonymous_4)
FN:2,(anonymous_5)
FN:3,(anonymous_6)
FNF:3
FNH:1
FNDA:0,(anonymous_4)
FNDA:0,(anonymous_5)
FNDA:58,(anonymous_6)
DA:1,26
DA:2,26
DA:3,84
DA:4,26
DA:5,26
LF:5
LH:5
BRF:0
BRH:0
end_of_record
TN:
SF:src/common/decorators/rate-limit.decorator.ts
FN:10,(anonymous_0)
FNF:1
FNH:0
FNDA:0,(anonymous_0)
DA:1,26
DA:2,26
DA:10,26
DA:11,0
LF:4
LH:3
BRF:0
BRH:0
end_of_record
TN:
SF:src/common/guards/custom-throttler.guard.ts
FN:8,(anonymous_1)
FNF:1
FNH:0
FNDA:0,(anonymous_1)
DA:1,26
DA:2,26
DA:4,26
DA:7,26
DA:11,0
DA:13,0
DA:18,0
DA:20,0
DA:21,0
DA:24,0
LF:10
LH:4
BRDA:18,0,0,0
BRDA:18,0,1,0
BRDA:20,1,0,0
BRF:3
BRH:0
end_of_record
TN:
SF:src/common/middleware/correlation.middleware.ts
FN:8,(anonymous_1)
FN:16,(anonymous_2)
FNF:2
FNH:0
FNDA:0,(anonymous_1)
FNDA:0,(anonymous_2)
DA:1,26
DA:3,26
DA:4,26
DA:7,26
DA:10,0
DA:12,0
DA:13,0
DA:16,0
DA:17,0
LF:9
LH:4
BRDA:10,0,0,0
BRDA:10,0,1,0
BRF:2
BRH:0
end_of_record
TN:
SF:src/common/middleware/request-logging.middleware.ts
FN:5,(anonymous_1)
FN:8,(anonymous_2)
FN:20,(anonymous_3)
FNF:3
FNH:0
FNDA:0,(anonymous_1)
FNDA:0,(anonymous_2)
FNDA:0,(anonymous_3)
DA:1,26
DA:2,26
DA:5,26
DA:6,0
DA:13,0
DA:14,0
DA:15,0
DA:16,0
DA:17,0
DA:19,0
DA:20,0
DA:21,0
DA:22,0
DA:24,0
DA:35,0
DA:38,0
LF:16
LH:3
BRF:0
BRH:0
end_of_record
TN:
SF:src/common/monitoring/observability.interceptor.ts
FN:12,(anonymous_1)
FN:24,(anonymous_2)
FN:34,(anonymous_3)
FN:42,(anonymous_4)
FN:57,(anonymous_5)
FN:71,(anonymous_6)
FNF:6
FNH:0
FNDA:0,(anonymous_1)
FNDA:0,(anonymous_2)
FNDA:0,(anonymous_3)
FNDA:0,(anonymous_4)
FNDA:0,(anonymous_5)
FNDA:0,(anonymous_6)
DA:1,0
DA:7,0
DA:8,0
DA:9,0
DA:12,0
DA:13,0
DA:16,0
DA:25,0
DA:35,0
DA:36,0
DA:37,0
DA:39,0
DA:41,0
DA:43,0
DA:44,0
DA:46,0
DA:47,0
DA:48,0
DA:50,0
DA:58,0
DA:59,0
DA:61,0
DA:62,0
DA:63,0
DA:64,0
DA:66,0
DA:71,0
LF:27
LH:0
BRDA:28,0,0,0
BRDA:28,0,1,0
BRDA:51,1,0,0
BRDA:51,1,1,0
BRDA:59,2,0,0
BRDA:59,2,1,0
BRDA:59,2,2,0
BRDA:67,3,0,0
BRDA:67,3,1,0
BRF:9
BRH:0
end_of_record
TN:
SF:src/common/repositories/base.repository.ts
FN:9,(anonymous_0)
FN:27,(anonymous_1)
FN:31,(anonymous_2)
FN:52,(anonymous_3)
FN:62,(anonymous_4)
FN:70,(anonymous_5)
FN:74,(anonymous_6)
FN:85,(anonymous_7)
FN:96,(anonymous_8)
FN:104,(anonymous_9)
FNF:10
FNH:6
FNDA:4,(anonymous_0)
FNDA:3,(anonymous_1)
FNDA:3,(anonymous_2)
FNDA:1,(anonymous_3)
FNDA:1,(anonymous_4)
FNDA:1,(anonymous_5)
FNDA:0,(anonymous_6)
FNDA:0,(anonymous_7)
FNDA:0,(anonymous_8)
FNDA:0,(anonymous_9)
DA:4,31
DA:10,4
DA:11,4
DA:21,4
DA:24,4
DA:28,3
DA:32,3
DA:53,1
DA:54,1
DA:55,0
DA:57,1
DA:63,1
DA:64,1
DA:65,0
DA:67,1
DA:71,1
DA:75,0
DA:76,0
DA:77,0
DA:79,0
DA:86,0
DA:87,0
DA:88,0
DA:93,0
DA:97,0
DA:98,0
DA:99,0
DA:101,0
DA:110,0
DA:114,0
DA:117,0
DA:119,0
DA:120,0
DA:121,0
DA:124,0
DA:134,0
LF:36
LH:14
BRDA:21,0,0,0
BRDA:28,1,0,3
BRDA:28,1,1,3
BRDA:54,2,0,0
BRDA:64,3,0,0
BRDA:76,4,0,0
BRDA:86,5,0,0
BRDA:98,6,0,0
BRDA:105,7,0,0
BRDA:110,8,0,0
BRDA:110,8,1,0
BRDA:110,9,0,0
BRDA:110,9,1,0
BRDA:114,10,0,0
BRDA:114,10,1,0
BRDA:114,11,0,0
BRDA:114,11,1,0
BRDA:120,12,0,0
BRF:18
BRH:2
end_of_record
TN:
SF:src/config/config.module.ts
FN:10,(anonymous_1)
FNF:1
FNH:1
FNDA:1,(anonymous_1)
DA:1,1
DA:2,1
DA:4,1
DA:5,1
DA:11,1
DA:13,1
DA:14,0
DA:15,0
DA:20,1
DA:29,1
LF:10
LH:8
BRDA:13,0,0,0
BRF:1
BRH:0
end_of_record
TN:
SF:src/config/config.service.ts
FN:8,(anonymous_2)
FN:10,(anonymous_3)
FN:16,(anonymous_4)
FN:20,(anonymous_5)
FN:24,(anonymous_6)
FN:28,(anonymous_7)
FN:32,(anonymous_8)
FN:36,(anonymous_9)
FN:40,(anonymous_10)
FN:44,(anonymous_11)
FN:65,(anonymous_12)
FNF:11
FNH:0
FNDA:0,(anonymous_2)
FNDA:0,(anonymous_3)
FNDA:0,(anonymous_4)
FNDA:0,(anonymous_5)
FNDA:0,(anonymous_6)
FNDA:0,(anonymous_7)
FNDA:0,(anonymous_8)
FNDA:0,(anonymous_9)
FNDA:0,(anonymous_10)
FNDA:0,(anonymous_11)
FNDA:0,(anonymous_12)
DA:1,1
DA:2,1
DA:7,1
DA:8,0
DA:11,0
DA:17,0
DA:21,0
DA:25,0
DA:29,0
DA:33,0
DA:37,0
DA:41,0
DA:45,0
DA:66,0
LF:14
LH:3
BRDA:12,0,0,0
BRDA:12,0,1,0
BRDA:17,1,0,0
BRDA:17,1,1,0
BRDA:21,2,0,0
BRDA:21,2,1,0
BRDA:25,3,0,0
BRDA:25,3,1,0
BRDA:29,4,0,0
BRDA:29,4,1,0
BRDA:33,5,0,0
BRDA:33,5,1,0
BRDA:41,6,0,0
BRDA:41,6,1,0
BRDA:47,7,0,0
BRDA:47,7,1,0
BRDA:48,8,0,0
BRDA:48,8,1,0
BRDA:51,9,0,0
BRDA:51,9,1,0
BRDA:52,10,0,0
BRDA:52,10,1,0
BRDA:55,11,0,0
BRDA:55,11,1,0
BRDA:56,12,0,0
BRDA:56,12,1,0
BRDA:59,13,0,0
BRDA:59,13,1,0
BRDA:60,14,0,0
BRDA:60,14,1,0
BRF:30
BRH:0
end_of_record
TN:
SF:src/config/env.schema.ts
FNF:0
FNH:0
DA:1,1
DA:3,1
LF:2
LH:2
BRF:0
BRH:0
end_of_record
TN:
SF:src/config/index.ts
FN:1,(anonymous_4)
FN:2,(anonymous_5)
FN:3,(anonymous_6)
FNF:3
FNH:2
FNDA:1,(anonymous_4)
FNDA:1,(anonymous_5)
FNDA:0,(anonymous_6)
DA:1,2
DA:2,2
DA:3,1
DA:4,1
LF:4
LH:4
BRF:0
BRH:0
end_of_record
TN:
SF:src/config/rate-limit.config.ts
FN:11,(anonymous_0)
FNF:1
FNH:0
FNDA:0,(anonymous_0)
DA:5,1
DA:6,1
DA:8,1
DA:12,0
DA:13,0
LF:5
LH:3
BRF:0
BRH:0
end_of_record
TN:
SF:src/core/exceptions.ts
FN:4,(anonymous_0)
FN:22,(anonymous_1)
FN:31,(anonymous_2)
FN:37,(anonymous_3)
FN:43,(anonymous_4)
FN:49,(anonymous_5)
FNF:6
FNH:0
FNDA:0,(anonymous_0)
FNDA:0,(anonymous_1)
FNDA:0,(anonymous_2)
FNDA:0,(anonymous_3)
FNDA:0,(anonymous_4)
FNDA:0,(anonymous_5)
DA:1,0
DA:3,0
DA:7,0
DA:9,0
DA:21,0
DA:24,0
DA:26,0
DA:30,0
DA:32,0
DA:36,0
DA:38,0
DA:42,0
DA:44,0
DA:48,0
DA:50,0
LF:15
LH:0
BRDA:6,0,0,0
BRDA:31,1,0,0
BRDA:37,2,0,0
BRDA:43,3,0,0
BRDA:49,4,0,0
BRF:5
BRH:0
end_of_record
TN:
SF:src/core/index.ts
FN:2,(anonymous_0)
FN:3,(anonymous_1)
FN:4,(anonymous_2)
FN:5,(anonymous_3)
FN:6,(anonymous_4)
FN:7,(anonymous_5)
FN:9,(anonymous_6)
FNF:7
FNH:0
FNDA:0,(anonymous_0)
FNDA:0,(anonymous_1)
FNDA:0,(anonymous_2)
FNDA:0,(anonymous_3)
FNDA:0,(anonymous_4)
FNDA:0,(anonymous_5)
FNDA:0,(anonymous_6)
DA:1,0
DA:2,0
DA:3,0
DA:4,0
DA:5,0
DA:6,0
DA:7,0
DA:9,0
LF:8
LH:0
BRF:0
BRH:0
end_of_record
TN:
SF:src/core/entities/base.entity.ts
FNF:0
FNH:0
DA:1,0
LF:1
LH:0
BRF:0
BRH:0
end_of_record
TN:
SF:src/modules/admin-config/admin-config.module.ts
FNF:0
FNH:0
DA:1,0
DA:2,0
DA:3,0
DA:4,0
DA:5,0
DA:6,0
DA:7,0
DA:8,0
DA:9,0
DA:10,0
DA:11,0
DA:12,0
DA:13,0
DA:46,0
LF:14
LH:0
BRF:0
BRH:0
end_of_record
TN:
SF:src/modules/admin-config/controllers/exam-config.controller.ts
FN:45,(anonymous_4)
FN:60,(anonymous_5)
FN:71,(anonymous_6)
FN:80,(anonymous_7)
FN:90,(anonymous_8)
FN:100,(anonymous_9)
FN:118,(anonymous_10)
FN:136,(anonymous_11)
FN:152,(anonymous_12)
FN:167,(anonymous_13)
FN:179,(anonymous_14)
FN:194,(anonymous_15)
FNF:12
FNH:0
FNDA:0,(anonymous_4)
FNDA:0,(anonymous_5)
FNDA:0,(anonymous_6)
FNDA:0,(anonymous_7)
FNDA:0,(anonymous_8)
FNDA:0,(anonymous_9)
FNDA:0,(anonymous_10)
FNDA:0,(anonymous_11)
FNDA:0,(anonymous_12)
FNDA:0,(anonymous_13)
FNDA:0,(anonymous_14)
FNDA:0,(anonymous_15)
DA:1,0
DA:13,0
DA:22,0
DA:23,0
DA:24,0
DA:25,0
DA:26,0
DA:33,0
DA:34,0
DA:36,0
DA:37,0
DA:44,0
DA:46,0
DA:47,0
DA:48,0
DA:49,0
DA:60,0
DA:64,0
DA:71,0
DA:72,0
DA:80,0
DA:81,0
DA:90,0
DA:91,0
DA:100,0
DA:101,0
DA:118,0
DA:119,0
DA:136,0
DA:137,0
DA:152,0
DA:153,0
DA:167,0
DA:168,0
DA:179,0
DA:180,0
DA:194,0
DA:198,0
LF:38
LH:0
BRF:0
BRH:0
end_of_record
TN:
SF:src/modules/admin-config/controllers/exam-section.controller.ts
FN:32,(anonymous_4)
FN:38,(anonymous_5)
FN:48,(anonymous_6)
FN:55,(anonymous_7)
FN:65,(anonymous_8)
FNF:5
FNH:0
FNDA:0,(anonymous_4)
FNDA:0,(anonymous_5)
FNDA:0,(anonymous_6)
FNDA:0,(anonymous_7)
FNDA:0,(anonymous_8)
DA:1,0
DA:13,0
DA:14,0
DA:15,0
DA:16,0
DA:17,0
DA:18,0
DA:24,0
DA:31,0
DA:32,0
DA:38,0
DA:42,0
DA:48,0
DA:49,0
DA:55,0
DA:59,0
DA:65,0
DA:66,0
DA:67,0
LF:19
LH:0
BRF:0
BRH:0
end_of_record
TN:
SF:src/modules/admin-config/publishing/config-publisher.service.ts
FN:36,(anonymous_2)
FN:43,(anonymous_3)
FN:117,(anonymous_4)
FN:159,(anonymous_5)
FNF:4
FNH:4
FNDA:8,(anonymous_2)
FNDA:5,(anonymous_3)
FNDA:1,(anonymous_4)
FNDA:2,(anonymous_5)
DA:1,1
DA:6,1
DA:7,1
DA:8,1
DA:9,1
DA:35,1
DA:37,8
DA:38,8
DA:39,8
DA:40,8
DA:49,5
DA:70,5
DA:71,1
DA:76,4
DA:77,1
DA:84,3
DA:86,3
DA:87,1
DA:98,2
DA:100,2
DA:101,1
DA:111,1
DA:113,1
DA:114,1
DA:117,1
DA:119,1
DA:120,1
DA:123,1
DA:132,1
DA:142,1
DA:164,2
DA:185,2
DA:191,2
DA:192,1
DA:198,2
LF:35
LH:35
BRDA:70,0,0,1
BRDA:76,1,0,1
BRDA:76,2,0,4
BRDA:76,2,1,3
BRDA:86,3,0,1
BRDA:100,4,0,1
BRDA:135,5,0,1
BRDA:135,5,1,0
BRDA:191,6,0,1
BRDA:191,7,0,2
BRDA:191,7,1,1
BRF:11
BRH:10
end_of_record
TN:
SF:src/modules/admin-config/repositories/exam-config.repository.ts
FN:12,(anonymous_4)
FN:19,(anonymous_5)
FN:23,(anonymous_6)
FN:29,(anonymous_7)
FNF:4
FNH:1
FNDA:4,(anonymous_4)
FNDA:0,(anonymous_5)
FNDA:0,(anonymous_6)
FNDA:0,(anonymous_7)
DA:1,8
DA:2,8
DA:3,8
DA:4,8
DA:7,8
DA:16,4
DA:20,0
DA:24,0
DA:30,0
DA:34,0
LF:10
LH:6
BRDA:34,0,0,0
BRDA:34,0,1,0
BRF:2
BRH:0
end_of_record
TN:
SF:src/modules/admin-config/repositories/exam-section.repository.ts
FN:12,(anonymous_4)
FN:19,(anonymous_5)
FN:23,(anonymous_6)
FN:29,(anonymous_7)
FN:35,(anonymous_8)
FNF:5
FNH:0
FNDA:0,(anonymous_4)
FNDA:0,(anonymous_5)
FNDA:0,(anonymous_6)
FNDA:0,(anonymous_7)
FNDA:0,(anonymous_8)
DA:1,6
DA:2,6
DA:3,6
DA:4,6
DA:7,6
DA:16,0
DA:20,0
DA:24,0
DA:30,0
DA:36,0
LF:10
LH:5
BRF:0
BRH:0
end_of_record
TN:
SF:src/modules/admin-config/services/config-preview.service.ts
FN:34,(anonymous_2)
FN:36,(anonymous_3)
FN:50,(anonymous_4)
FNF:3
FNH:0
FNDA:0,(anonymous_2)
FNDA:0,(anonymous_3)
FNDA:0,(anonymous_4)
DA:1,0
DA:2,0
DA:33,0
DA:34,0
DA:37,0
DA:50,0
DA:58,0
DA:65,0
DA:68,0
DA:74,0
LF:10
LH:0
BRDA:59,0,0,0
BRDA:59,0,1,0
BRDA:60,1,0,0
BRDA:60,1,1,0
BRDA:61,2,0,0
BRDA:61,2,1,0
BRDA:68,3,0,0
BRDA:68,3,1,0
BRDA:68,3,2,0
BRDA:68,3,3,0
BRDA:68,3,4,0
BRF:11
BRH:0
end_of_record
TN:
SF:src/modules/admin-config/services/exam-config.service.ts
FN:13,(anonymous_2)
FN:15,(anonymous_3)
FN:32,(anonymous_4)
FN:39,(anonymous_5)
FN:47,(anonymous_6)
FN:73,(anonymous_7)
FNF:6
FNH:6
FNDA:13,(anonymous_2)
FNDA:2,(anonymous_3)
FNDA:1,(anonymous_4)
FNDA:3,(anonymous_5)
FNDA:4,(anonymous_6)
FNDA:2,(anonymous_7)
DA:1,1
DA:8,1
DA:12,1
DA:13,13
DA:19,2
DA:20,2
DA:21,1
DA:26,1
DA:33,1
DA:40,3
DA:41,3
DA:42,2
DA:44,1
DA:48,4
DA:49,4
DA:50,1
DA:53,3
DA:54,1
DA:61,2
DA:62,2
DA:63,2
DA:64,1
DA:70,1
DA:74,2
DA:75,2
DA:76,1
DA:79,1
LF:27
LH:27
BRDA:20,0,0,1
BRDA:41,1,0,2
BRDA:41,2,0,3
BRDA:41,2,1,2
BRDA:49,3,0,1
BRDA:53,4,0,1
BRDA:53,5,0,3
BRDA:53,5,1,2
BRDA:61,6,0,2
BRDA:61,7,0,2
BRDA:61,7,1,2
BRDA:63,8,0,1
BRDA:63,9,0,2
BRDA:63,9,1,1
BRDA:75,10,0,1
BRF:15
BRH:15
end_of_record
TN:
SF:src/modules/admin-config/services/exam-section.service.ts
FN:13,(anonymous_2)
FN:18,(anonymous_3)
FN:70,(anonymous_4)
FN:80,(anonymous_5)
FN:125,(anonymous_6)
FNF:5
FNH:5
FNDA:16,(anonymous_2)
FNDA:5,(anonymous_3)
FNDA:2,(anonymous_4)
FNDA:5,(anonymous_5)
FNDA:3,(anonymous_6)
DA:1,1
DA:7,1
DA:8,1
DA:12,1
DA:14,16
DA:15,16
DA:19,5
DA:20,5
DA:21,1
DA:26,4
DA:27,1
DA:34,3
DA:38,3
DA:39,1
DA:44,2
DA:48,2
DA:49,1
DA:55,1
DA:67,1
DA:71,2
DA:72,2
DA:73,1
DA:77,1
DA:81,5
DA:82,5
DA:83,1
DA:86,4
DA:87,4
DA:88,1
DA:95,3
DA:99,3
DA:103,3
DA:104,1
DA:110,2
DA:111,2
DA:115,2
DA:116,1
DA:122,1
DA:126,3
DA:127,3
DA:128,1
DA:131,2
DA:132,2
DA:133,1
DA:140,1
LF:45
LH:45
BRDA:20,0,0,1
BRDA:26,1,0,1
BRDA:26,2,0,4
BRDA:26,2,1,3
BRDA:38,3,0,1
BRDA:48,4,0,1
BRDA:61,5,0,1
BRDA:61,5,1,0
BRDA:72,6,0,1
BRDA:82,7,0,1
BRDA:87,8,0,1
BRDA:87,9,0,4
BRDA:87,9,1,4
BRDA:87,9,2,3
BRDA:95,10,0,3
BRDA:96,11,0,3
BRDA:96,11,1,3
BRDA:103,12,0,1
BRDA:103,13,0,3
BRDA:103,13,1,1
BRDA:110,14,0,2
BRDA:110,15,0,2
BRDA:110,15,1,2
BRDA:115,16,0,1
BRDA:115,17,0,2
BRDA:115,17,1,1
BRDA:127,18,0,1
BRDA:132,19,0,1
BRDA:132,20,0,2
BRDA:132,20,1,2
BRDA:132,20,2,1
BRF:31
BRH:30
end_of_record
TN:
SF:src/modules/admin-config/tests/config-lifecycle.integration.spec.ts
FN:57,(anonymous_0)
FN:62,(anonymous_1)
FN:110,(anonymous_2)
FN:131,(anonymous_3)
FN:134,(anonymous_4)
FN:135,(anonymous_5)
FN:142,(anonymous_6)
FN:149,(anonymous_7)
FN:153,(anonymous_8)
FN:158,(anonymous_9)
FN:162,(anonymous_10)
FN:167,(anonymous_11)
FN:177,(anonymous_12)
FN:180,(anonymous_13)
FN:196,(anonymous_14)
FN:200,(anonymous_15)
FN:207,(anonymous_16)
FN:215,(anonymous_17)
FN:216,(anonymous_18)
FN:222,(anonymous_19)
FN:247,(anonymous_20)
FN:251,(anonymous_21)
FN:257,(anonymous_22)
FN:263,(anonymous_23)
FN:270,(anonymous_24)
FN:271,(anonymous_25)
FN:288,(anonymous_26)
FN:306,(anonymous_27)
FN:335,(anonymous_28)
FN:336,(anonymous_29)
FN:360,(anonymous_30)
FN:369,(anonymous_31)
FN:381,(anonymous_32)
FN:391,(anonymous_33)
FN:392,(anonymous_34)
FN:428,(anonymous_35)
FN:440,(anonymous_36)
FNF:37
FNH:0
FNDA:0,(anonymous_0)
FNDA:0,(anonymous_1)
FNDA:0,(anonymous_2)
FNDA:0,(anonymous_3)
FNDA:0,(anonymous_4)
FNDA:0,(anonymous_5)
FNDA:0,(anonymous_6)
FNDA:0,(anonymous_7)
FNDA:0,(anonymous_8)
FNDA:0,(anonymous_9)
FNDA:0,(anonymous_10)
FNDA:0,(anonymous_11)
FNDA:0,(anonymous_12)
FNDA:0,(anonymous_13)
FNDA:0,(anonymous_14)
FNDA:0,(anonymous_15)
FNDA:0,(anonymous_16)
FNDA:0,(anonymous_17)
FNDA:0,(anonymous_18)
FNDA:0,(anonymous_19)
FNDA:0,(anonymous_20)
FNDA:0,(anonymous_21)
FNDA:0,(anonymous_22)
FNDA:0,(anonymous_23)
FNDA:0,(anonymous_24)
FNDA:0,(anonymous_25)
FNDA:0,(anonymous_26)
FNDA:0,(anonymous_27)
FNDA:0,(anonymous_28)
FNDA:0,(anonymous_29)
FNDA:0,(anonymous_30)
FNDA:0,(anonymous_31)
FNDA:0,(anonymous_32)
FNDA:0,(anonymous_33)
FNDA:0,(anonymous_34)
FNDA:0,(anonymous_35)
FNDA:0,(anonymous_36)
DA:17,0
DA:18,0
DA:19,0
DA:20,0
DA:21,0
DA:22,0
DA:23,0
DA:27,0
DA:57,0
DA:62,0
DA:110,0
DA:111,0
DA:113,0
DA:123,0
DA:124,0
DA:125,0
DA:126,0
DA:131,0
DA:134,0
DA:135,0
DA:136,0
DA:137,0
DA:138,0
DA:139,0
DA:142,0
DA:143,0
DA:144,0
DA:145,0
DA:146,0
DA:149,0
DA:150,0
DA:151,0
DA:152,0
DA:153,0
DA:158,0
DA:159,0
DA:160,0
DA:161,0
DA:162,0
DA:167,0
DA:168,0
DA:175,0
DA:176,0
DA:177,0
DA:180,0
DA:181,0
DA:193,0
DA:194,0
DA:195,0
DA:196,0
DA:200,0
DA:201,0
DA:205,0
DA:206,0
DA:207,0
DA:215,0
DA:216,0
DA:217,0
DA:218,0
DA:219,0
DA:222,0
DA:223,0
DA:244,0
DA:245,0
DA:246,0
DA:247,0
DA:251,0
DA:252,0
DA:253,0
DA:254,0
DA:257,0
DA:258,0
DA:259,0
DA:260,0
DA:261,0
DA:262,0
DA:263,0
DA:270,0
DA:271,0
DA:272,0
DA:274,0
DA:275,0
DA:283,0
DA:284,0
DA:285,0
DA:288,0
DA:289,0
DA:291,0
DA:294,0
DA:302,0
DA:303,0
DA:306,0
DA:307,0
DA:310,0
DA:327,0
DA:328,0
DA:329,0
DA:335,0
DA:336,0
DA:337,0
DA:338,0
DA:339,0
DA:340,0
DA:347,0
DA:351,0
DA:353,0
DA:355,0
DA:356,0
DA:357,0
DA:360,0
DA:361,0
DA:362,0
DA:364,0
DA:369,0
DA:370,0
DA:374,0
DA:376,0
DA:381,0
DA:382,0
DA:383,0
DA:391,0
DA:392,0
DA:393,0
DA:394,0
DA:396,0
DA:397,0
DA:405,0
DA:406,0
DA:409,0
DA:410,0
DA:414,0
DA:415,0
DA:417,0
DA:419,0
DA:420,0
DA:421,0
DA:428,0
DA:429,0
DA:433,0
DA:435,0
DA:440,0
DA:441,0
DA:442,0
DA:443,0
DA:445,0
LF:145
LH:0
BRDA:62,0,0,0
BRF:1
BRH:0
end_of_record
TN:
SF:src/modules/admin-config/validators/config-dependency-validator.service.ts
FN:18,(anonymous_2)
FN:20,(anonymous_3)
FN:59,(anonymous_4)
FN:72,(anonymous_5)
FNF:4
FNH:4
FNDA:8,(anonymous_2)
FNDA:7,(anonymous_3)
FNDA:4,(anonymous_4)
FNDA:3,(anonymous_5)
DA:1,2
DA:2,2
DA:17,2
DA:18,8
DA:23,7
DA:24,7
DA:26,7
DA:27,1
DA:35,6
DA:36,1
DA:41,6
DA:42,0
DA:48,6
DA:49,1
DA:52,6
DA:53,5
DA:54,1
DA:58,4
DA:59,4
DA:61,4
DA:62,1
DA:68,4
DA:69,4
DA:71,4
DA:72,4
DA:75,4
DA:83,4
DA:84,1
DA:93,6
DA:94,6
LF:30
LH:29
BRDA:26,0,0,1
BRDA:35,1,0,1
BRDA:35,2,0,6
BRDA:35,2,1,5
BRDA:41,3,0,0
BRDA:48,4,0,1
BRDA:53,5,0,1
BRDA:53,5,1,4
BRDA:53,6,0,5
BRDA:53,6,1,5
BRDA:61,7,0,1
BRDA:69,8,0,0
BRDA:71,9,0,4
BRDA:71,9,1,1
BRDA:83,10,0,1
BRF:15
BRH:13
end_of_record
TN:
SF:src/modules/admin-config/validators/configuration-validator.service.ts
FN:19,(anonymous_2)
FN:21,(anonymous_3)
FN:91,(anonymous_4)
FNF:3
FNH:3
FNDA:12,(anonymous_2)
FNDA:11,(anonymous_3)
FNDA:9,(anonymous_4)
DA:1,2
DA:2,2
DA:18,2
DA:19,12
DA:24,11
DA:25,11
DA:28,11
DA:29,1
DA:30,1
DA:33,10
DA:34,1
DA:37,10
DA:38,1
DA:41,10
DA:42,1
DA:45,10
DA:46,1
DA:50,10
DA:51,1
DA:53,9
DA:54,9
DA:55,0
DA:60,9
DA:64,0
DA:70,9
DA:71,1
DA:75,8
DA:76,8
DA:77,0
DA:80,8
DA:81,0
DA:90,9
DA:91,9
DA:94,9
DA:95,1
DA:102,10
DA:103,1
DA:108,9
DA:109,9
DA:110,9
DA:111,1
DA:118,10
DA:121,10
DA:122,1
DA:127,10
DA:128,10
LF:46
LH:42
BRDA:28,0,0,1
BRDA:33,1,0,1
BRDA:33,2,0,10
BRDA:33,2,1,9
BRDA:37,3,0,1
BRDA:37,4,0,10
BRDA:37,4,1,9
BRDA:41,5,0,1
BRDA:41,6,0,10
BRDA:41,6,1,9
BRDA:45,7,0,1
BRDA:45,8,0,10
BRDA:45,8,1,9
BRDA:50,9,0,1
BRDA:50,9,1,9
BRDA:50,10,0,10
BRDA:50,10,1,10
BRDA:54,11,0,0
BRDA:54,12,0,9
BRDA:54,12,1,9
BRDA:60,13,0,0
BRDA:61,14,0,9
BRDA:61,14,1,9
BRDA:70,15,0,1
BRDA:70,15,1,8
BRDA:70,16,0,9
BRDA:70,16,1,9
BRDA:76,17,0,0
BRDA:76,17,1,8
BRDA:80,18,0,0
BRDA:91,19,0,9
BRDA:91,19,1,0
BRDA:94,20,0,1
BRDA:102,21,0,1
BRDA:102,21,1,9
BRDA:110,22,0,1
BRDA:121,23,0,1
BRF:37
BRH:32
end_of_record
TN:
SF:src/modules/admin-config/versioning/config-version.service.ts
FN:30,(anonymous_2)
FN:36,(anonymous_3)
FN:67,(anonymous_4)
FN:101,(anonymous_5)
FN:116,(anonymous_6)
FN:123,(anonymous_7)
FN:156,(anonymous_8)
FN:220,(anonymous_9)
FN:244,(anonymous_10)
FNF:9
FNH:7
FNDA:9,(anonymous_2)
FNDA:2,(anonymous_3)
FNDA:0,(anonymous_4)
FNDA:2,(anonymous_5)
FNDA:2,(anonymous_6)
FNDA:4,(anonymous_7)
FNDA:1,(anonymous_8)
FNDA:0,(anonymous_9)
FNDA:4,(anonymous_10)
DA:1,2
DA:6,2
DA:29,2
DA:30,9
DA:41,2
DA:44,2
DA:49,2
DA:52,2
DA:60,2
DA:68,0
DA:89,0
DA:90,0
DA:95,0
DA:102,2
DA:105,2
DA:106,1
DA:111,1
DA:116,2
DA:127,4
DA:130,4
DA:131,1
DA:136,3
DA:137,1
DA:143,2
DA:147,2
DA:148,1
DA:154,1
DA:156,1
DA:158,1
DA:159,1
DA:162,1
DA:165,1
DA:178,1
DA:179,0
DA:190,1
DA:191,0
DA:206,1
DA:207,0
DA:208,0
DA:220,0
DA:238,1
DA:251,4
LF:42
LH:33
BRDA:41,0,0,2
BRDA:41,0,1,2
BRDA:49,1,0,1
BRDA:49,1,1,1
BRDA:89,2,0,0
BRDA:105,3,0,1
BRDA:130,4,0,1
BRDA:136,5,0,1
BRDA:136,6,0,3
BRDA:136,6,1,2
BRDA:147,7,0,1
BRDA:147,8,0,2
BRDA:147,8,1,2
BRDA:168,9,0,1
BRDA:168,9,1,0
BRDA:169,10,0,1
BRDA:169,10,1,0
BRDA:170,11,0,1
BRDA:170,11,1,1
BRDA:171,12,0,1
BRDA:171,12,1,0
BRDA:172,13,0,1
BRDA:172,13,1,0
BRDA:178,14,0,0
BRDA:190,15,0,0
BRDA:206,16,0,0
BRDA:206,17,0,1
BRDA:206,17,1,0
BRDA:214,18,0,0
BRDA:214,18,1,0
BRDA:215,19,0,0
BRDA:215,19,1,0
BRDA:216,20,0,0
BRDA:216,20,1,0
BRDA:220,21,0,0
BRDA:220,21,1,0
BRDA:222,22,0,0
BRDA:222,22,1,0
BRF:38
BRH:19
end_of_record
TN:
SF:src/modules/assembly/assembly-business-flow.integration.spec.ts
FN:6,(anonymous_0)
FN:10,(anonymous_1)
FN:18,(anonymous_2)
FN:22,(anonymous_3)
FNF:4
FNH:0
FNDA:0,(anonymous_0)
FNDA:0,(anonymous_1)
FNDA:0,(anonymous_2)
FNDA:0,(anonymous_3)
DA:1,0
DA:2,0
DA:3,0
DA:4,0
DA:6,0
DA:10,0
DA:11,0
DA:15,0
DA:18,0
DA:19,0
DA:22,0
DA:32,0
LF:12
LH:0
BRF:0
BRH:0
end_of_record
TN:
SF:src/modules/assembly/assembly-workflow.integration.spec.ts
FN:12,(anonymous_0)
FN:20,(anonymous_1)
FN:32,(anonymous_2)
FN:36,(anonymous_3)
FNF:4
FNH:0
FNDA:0,(anonymous_0)
FNDA:0,(anonymous_1)
FNDA:0,(anonymous_2)
FNDA:0,(anonymous_3)
DA:1,0
DA:3,0
DA:4,0
DA:5,0
DA:6,0
DA:7,0
DA:8,0
DA:9,0
DA:10,0
DA:12,0
DA:20,0
DA:21,0
DA:25,0
DA:26,0
DA:27,0
DA:28,0
DA:29,0
DA:32,0
DA:33,0
DA:36,0
DA:38,0
DA:54,0
DA:55,0
DA:58,0
DA:72,0
DA:75,0
DA:76,0
DA:79,0
DA:80,0
DA:83,0
DA:84,0
DA:87,0
LF:32
LH:0
BRF:0
BRH:0
end_of_record
TN:
SF:src/modules/assembly/assembly.integration.spec.ts
FN:6,(anonymous_0)
FN:9,(anonymous_1)
FN:19,(anonymous_2)
FN:23,(anonymous_3)
FNF:4
FNH:0
FNDA:0,(anonymous_0)
FNDA:0,(anonymous_1)
FNDA:0,(anonymous_2)
FNDA:0,(anonymous_3)
DA:1,0
DA:3,0
DA:4,0
DA:6,0
DA:9,0
DA:11,0
DA:15,0
DA:16,0
DA:19,0
DA:20,0
DA:23,0
DA:24,0
LF:12
LH:0
BRF:0
BRH:0
end_of_record
TN:
SF:src/modules/assembly/assembly.module.ts
FNF:0
FNH:0
DA:1,0
DA:2,0
DA:3,0
DA:4,0
DA:5,0
DA:6,0
DA:7,0
DA:8,0
DA:9,0
DA:10,0
DA:11,0
DA:12,0
DA:13,0
DA:14,0
DA:15,0
DA:16,0
DA:17,0
DA:18,0
DA:19,0
DA:20,0
DA:21,0
DA:22,0
DA:23,0
DA:24,0
DA:25,0
DA:26,0
DA:62,0
LF:27
LH:0
BRF:0
BRH:0
end_of_record
TN:
SF:src/modules/assembly/controllers/assembly.controller.ts
FN:43,(anonymous_4)
FN:57,(anonymous_5)
FN:78,(anonymous_6)
FN:97,(anonymous_7)
FN:117,(anonymous_8)
FN:133,(anonymous_9)
FN:140,(anonymous_10)
FN:148,(anonymous_11)
FN:156,(anonymous_12)
FN:172,(anonymous_13)
FN:180,(anonymous_14)
FN:197,(anonymous_15)
FN:212,(anonymous_16)
FN:225,(anonymous_17)
FN:251,(anonymous_18)
FN:259,(anonymous_19)
FN:266,(anonymous_20)
FN:273,(anonymous_21)
FNF:18
FNH:0
FNDA:0,(anonymous_4)
FNDA:0,(anonymous_5)
FNDA:0,(anonymous_6)
FNDA:0,(anonymous_7)
FNDA:0,(anonymous_8)
FNDA:0,(anonymous_9)
FNDA:0,(anonymous_10)
FNDA:0,(anonymous_11)
FNDA:0,(anonymous_12)
FNDA:0,(anonymous_13)
FNDA:0,(anonymous_14)
FNDA:0,(anonymous_15)
FNDA:0,(anonymous_16)
FNDA:0,(anonymous_17)
FNDA:0,(anonymous_18)
FNDA:0,(anonymous_19)
FNDA:0,(anonymous_20)
FNDA:0,(anonymous_21)
DA:1,0
DA:13,0
DA:19,0
DA:20,0
DA:21,0
DA:22,0
DA:23,0
DA:24,0
DA:25,0
DA:31,0
DA:32,0
DA:33,0
DA:34,0
DA:42,0
DA:44,0
DA:45,0
DA:46,0
DA:47,0
DA:48,0
DA:49,0
DA:57,0
DA:61,0
DA:66,0
DA:78,0
DA:82,0
DA:83,0
DA:97,0
DA:101,0
DA:105,0
DA:117,0
DA:121,0
DA:127,0
DA:133,0
DA:134,0
DA:140,0
DA:141,0
DA:142,0
DA:148,0
DA:149,0
DA:150,0
DA:156,0
DA:161,0
DA:166,0
DA:172,0
DA:173,0
DA:174,0
DA:180,0
DA:184,0
DA:185,0
DA:197,0
DA:201,0
DA:212,0
DA:216,0
DA:225,0
DA:228,0
DA:230,0
DA:231,0
DA:234,0
DA:237,0
DA:238,0
DA:243,0
DA:251,0
DA:259,0
DA:266,0
DA:274,0
DA:275,0
DA:288,0
LF:67
LH:0
BRDA:237,0,0,0
BRDA:245,1,0,0
BRDA:245,1,1,0
BRDA:246,2,0,0
BRDA:246,2,1,0
BRDA:248,3,0,0
BRDA:248,3,1,0
BRDA:248,3,2,0
BRDA:251,4,0,0
BRDA:251,4,1,0
BRDA:256,5,0,0
BRDA:256,5,1,0
BRDA:256,5,2,0
BRDA:259,6,0,0
BRDA:259,6,1,0
BRDA:266,7,0,0
BRDA:266,7,1,0
BRDA:268,8,0,0
BRDA:268,8,1,0
BRDA:270,9,0,0
BRDA:270,9,1,0
BRDA:270,9,2,0
BRDA:271,10,0,0
BRDA:271,10,1,0
BRDA:273,11,0,0
BRDA:273,11,1,0
BRDA:274,12,0,0
BRDA:274,12,1,0
BRDA:277,13,0,0
BRDA:277,13,1,0
BRDA:278,14,0,0
BRDA:278,14,1,0
BRDA:279,15,0,0
BRDA:279,15,1,0
BRDA:280,16,0,0
BRDA:280,16,1,0
BRF:36
BRH:0
end_of_record
TN:
SF:src/modules/assembly/providers/mock-semantic-similarity.provider.ts
FN:6,(anonymous_1)
FN:7,(anonymous_2)
FNF:2
FNH:2
FNDA:5,(anonymous_1)
FNDA:10,(anonymous_2)
DA:1,1
DA:5,1
DA:7,5
DA:8,10
DA:9,5
DA:10,5
DA:12,5
DA:14,5
DA:15,5
DA:16,16
DA:19,5
DA:20,5
LF:12
LH:12
BRDA:12,0,0,0
BRDA:12,1,0,5
BRDA:12,1,1,0
BRDA:16,2,0,12
BRF:4
BRH:2
end_of_record
TN:
SF:src/modules/assembly/providers/semantic-similarity.provider.ts
FNF:0
FNH:0
DA:1,5
LF:1
LH:1
BRF:0
BRH:0
end_of_record
TN:
SF:src/modules/assembly/repositories/assembled-test.repository.ts
FN:8,(anonymous_2)
FN:10,(anonymous_3)
FN:18,(anonymous_4)
FN:44,(anonymous_5)
FN:68,(anonymous_6)
FN:75,(anonymous_7)
FN:105,(anonymous_8)
FN:124,(anonymous_9)
FN:144,(anonymous_10)
FN:151,(anonymous_11)
FNF:10
FNH:0
FNDA:0,(anonymous_2)
FNDA:0,(anonymous_3)
FNDA:0,(anonymous_4)
FNDA:0,(anonymous_5)
FNDA:0,(anonymous_6)
FNDA:0,(anonymous_7)
FNDA:0,(anonymous_8)
FNDA:0,(anonymous_9)
FNDA:0,(anonymous_10)
FNDA:0,(anonymous_11)
DA:1,7
DA:2,7
DA:3,7
DA:7,7
DA:8,0
DA:16,0
DA:17,0
DA:20,0
DA:30,0
DA:31,0
DA:42,0
DA:43,0
DA:44,0
DA:55,0
DA:59,0
DA:61,0
DA:74,0
DA:75,0
DA:77,0
DA:86,0
DA:91,0
DA:92,0
DA:103,0
DA:104,0
DA:105,0
DA:117,0
DA:125,0
DA:145,0
DA:152,0
LF:29
LH:4
BRDA:42,0,0,0
BRDA:103,1,0,0
BRF:2
BRH:0
end_of_record
TN:
SF:src/modules/assembly/repositories/assembly-audit.repository.ts
FN:7,(anonymous_2)
FN:9,(anonymous_3)
FN:25,(anonymous_4)
FNF:3
FNH:0
FNDA:0,(anonymous_2)
FNDA:0,(anonymous_3)
FNDA:0,(anonymous_4)
DA:1,6
DA:2,6
DA:6,6
DA:7,0
DA:15,0
DA:26,0
LF:6
LH:3
BRF:0
BRH:0
end_of_record
TN:
SF:src/modules/assembly/repositories/assembly-version.repository.ts
FN:7,(anonymous_2)
FN:9,(anonymous_3)
FN:23,(anonymous_4)
FN:30,(anonymous_5)
FN:36,(anonymous_6)
FNF:5
FNH:0
FNDA:0,(anonymous_2)
FNDA:0,(anonymous_3)
FNDA:0,(anonymous_4)
FNDA:0,(anonymous_5)
FNDA:0,(anonymous_6)
DA:1,3
DA:2,3
DA:6,3
DA:7,0
DA:14,0
DA:24,0
DA:31,0
DA:37,0
DA:42,0
LF:9
LH:3
BRDA:42,0,0,0
BRDA:42,0,1,0
BRF:2
BRH:0
end_of_record
TN:
SF:src/modules/assembly/repositories/assembly.repository.ts
FN:9,(anonymous_2)
FN:11,(anonymous_3)
FN:18,(anonymous_4)
FN:66,(anonymous_5)
FN:90,(anonymous_6)
FN:110,(anonymous_7)
FNF:6
FNH:0
FNDA:0,(anonymous_2)
FNDA:0,(anonymous_3)
FNDA:0,(anonymous_4)
FNDA:0,(anonymous_5)
FNDA:0,(anonymous_6)
FNDA:0,(anonymous_7)
DA:1,7
DA:2,7
DA:3,7
DA:8,7
DA:9,0
DA:16,0
DA:17,0
DA:20,0
DA:21,0
DA:24,0
DA:25,0
DA:26,0
DA:27,0
DA:29,0
DA:38,0
DA:43,0
DA:52,0
DA:53,0
DA:64,0
DA:65,0
DA:66,0
DA:77,0
DA:81,0
DA:83,0
DA:91,0
DA:111,0
LF:26
LH:4
BRDA:24,0,0,0
BRDA:26,1,0,0
BRDA:26,1,1,0
BRDA:64,2,0,0
BRF:4
BRH:0
end_of_record
TN:
SF:src/modules/assembly/repositories/blueprint.repository.ts
FN:6,(anonymous_2)
FN:8,(anonymous_3)
FNF:2
FNH:0
FNDA:0,(anonymous_2)
FNDA:0,(anonymous_3)
DA:1,5
DA:2,5
DA:5,5
DA:6,0
DA:9,0
DA:28,0
DA:29,0
DA:32,0
LF:8
LH:3
BRDA:28,0,0,0
BRF:1
BRH:0
end_of_record
TN:
SF:src/modules/assembly/repositories/question-pool.repository.ts
FN:12,(anonymous_2)
FN:14,(anonymous_3)
FN:23,(anonymous_4)
FN:65,(anonymous_5)
FN:86,(anonymous_6)
FNF:5
FNH:0
FNDA:0,(anonymous_2)
FNDA:0,(anonymous_3)
FNDA:0,(anonymous_4)
FNDA:0,(anonymous_5)
FNDA:0,(anonymous_6)
DA:1,5
DA:2,5
DA:11,5
DA:12,0
DA:15,0
DA:29,0
DA:43,0
DA:44,0
DA:45,0
DA:46,0
DA:62,0
DA:67,0
DA:76,0
DA:77,0
DA:78,0
DA:79,0
DA:83,0
DA:87,0
DA:88,0
LF:19
LH:3
BRDA:16,0,0,0
BRDA:16,0,1,0
BRDA:17,1,0,0
BRDA:17,1,1,0
BRDA:18,2,0,0
BRDA:18,2,1,0
BRDA:19,3,0,0
BRDA:19,3,1,0
BRDA:27,4,0,0
BRDA:43,5,0,0
BRDA:87,6,0,0
BRF:11
BRH:0
end_of_record
TN:
SF:src/modules/assembly/services/anti-repetition.service.ts
FN:25,(anonymous_4)
FN:31,(anonymous_5)
FN:38,(anonymous_6)
FN:50,(anonymous_7)
FN:62,(anonymous_8)
FN:96,(anonymous_9)
FNF:6
FNH:6
FNDA:2,(anonymous_4)
FNDA:4,(anonymous_5)
FNDA:4,(anonymous_6)
FNDA:3,(anonymous_7)
FNDA:3,(anonymous_8)
FNDA:2,(anonymous_9)
DA:1,5
DA:3,5
DA:4,5
DA:8,5
DA:22,5
DA:23,2
DA:27,2
DA:28,2
DA:36,4
DA:38,4
DA:39,1
DA:42,1
DA:50,3
DA:51,0
DA:54,0
DA:62,3
DA:63,3
DA:67,3
DA:69,3
DA:70,3
DA:71,5
DA:72,5
DA:74,5
DA:78,5
DA:79,1
DA:82,1
DA:91,2
DA:102,2
DA:104,2
DA:106,2
DA:107,2
DA:108,4
DA:113,4
DA:114,2
DA:117,2
LF:35
LH:33
BRDA:38,0,0,1
BRDA:50,1,0,0
BRDA:63,2,0,3
BRDA:63,2,1,0
BRDA:63,2,2,0
BRDA:63,2,3,0
BRDA:69,3,0,3
BRDA:71,4,0,5
BRDA:71,4,1,0
BRDA:71,4,2,0
BRDA:71,4,3,0
BRDA:72,5,0,0
BRDA:78,6,0,1
BRDA:113,7,0,2
BRF:14
BRH:6
end_of_record
TN:
SF:src/modules/assembly/services/assembly-audit.service.ts
FN:7,(anonymous_2)
FN:9,(anonymous_3)
FN:23,(anonymous_4)
FNF:3
FNH:0
FNDA:0,(anonymous_2)
FNDA:0,(anonymous_3)
FNDA:0,(anonymous_4)
DA:1,6
DA:2,6
DA:6,6
DA:7,0
DA:15,0
DA:24,0
LF:6
LH:3
BRDA:12,0,0,0
BRF:1
BRH:0
end_of_record
TN:
SF:src/modules/assembly/services/assembly-persistence.service.ts
FN:9,(anonymous_2)
FN:15,(anonymous_3)
FN:21,(anonymous_4)
FN:25,(anonymous_5)
FN:45,(anonymous_6)
FN:64,(anonymous_7)
FN:72,(anonymous_8)
FN:76,(anonymous_9)
FN:95,(anonymous_10)
FNF:9
FNH:5
FNDA:4,(anonymous_2)
FNDA:1,(anonymous_3)
FNDA:0,(anonymous_4)
FNDA:0,(anonymous_5)
FNDA:2,(anonymous_6)
FNDA:1,(anonymous_7)
FNDA:0,(anonymous_8)
FNDA:0,(anonymous_9)
FNDA:1,(anonymous_10)
DA:1,6
DA:2,6
DA:3,6
DA:5,6
DA:8,6
DA:10,4
DA:11,4
DA:12,4
DA:20,1
DA:21,0
DA:24,1
DA:25,0
DA:29,1
DA:36,1
DA:42,1
DA:47,2
DA:48,2
DA:49,2
DA:51,0
DA:54,2
DA:55,0
DA:58,2
DA:59,0
DA:61,2
DA:69,1
DA:71,1
DA:72,0
DA:75,1
DA:76,0
DA:80,1
DA:87,1
DA:96,1
DA:98,1
DA:103,1
DA:107,1
LF:35
LH:28
BRDA:18,0,0,0
BRDA:54,1,0,0
BRDA:58,2,0,0
BRDA:67,3,0,0
BRDA:95,4,0,0
BRF:5
BRH:0
end_of_record
TN:
SF:src/modules/assembly/services/assembly-publisher.service.ts
FN:11,(anonymous_2)
FN:19,(anonymous_3)
FN:62,(anonymous_4)
FNF:3
FNH:3
FNDA:3,(anonymous_2)
FNDA:2,(anonymous_3)
FNDA:1,(anonymous_4)
DA:1,2
DA:2,2
DA:3,2
DA:4,2
DA:5,2
DA:6,2
DA:7,2
DA:10,2
DA:12,3
DA:13,3
DA:14,3
DA:15,3
DA:16,3
DA:21,2
DA:22,2
DA:23,2
DA:25,0
DA:30,2
DA:31,0
DA:34,2
DA:35,0
DA:38,2
DA:39,1
DA:44,1
DA:45,1
DA:47,1
DA:48,1
DA:52,0
DA:53,0
DA:58,1
DA:60,1
DA:62,1
DA:65,1
DA:66,0
DA:72,1
DA:73,0
DA:79,1
DA:80,0
DA:86,1
DA:89,1
DA:90,1
DA:95,0
DA:99,1
DA:100,1
DA:101,1
DA:106,0
DA:107,0
DA:110,0
DA:113,1
LF:49
LH:37
BRDA:19,0,0,0
BRDA:30,1,0,0
BRDA:34,2,0,0
BRDA:38,3,0,1
BRDA:49,4,0,1
BRDA:49,4,1,1
BRDA:52,5,0,0
BRDA:52,5,1,0
BRDA:58,6,0,1
BRDA:62,7,0,1
BRDA:62,7,1,0
BRDA:65,8,0,0
BRDA:72,9,0,0
BRDA:79,10,0,0
BRF:14
BRH:5
end_of_record
TN:
SF:src/modules/assembly/services/assembly-version.service.ts
FN:15,(anonymous_2)
FN:22,(anonymous_3)
FN:43,(anonymous_4)
FN:51,(anonymous_5)
FN:89,(anonymous_6)
FN:99,(anonymous_7)
FNF:6
FNH:3
FNDA:3,(anonymous_2)
FNDA:1,(anonymous_3)
FNDA:0,(anonymous_4)
FNDA:0,(anonymous_5)
FNDA:0,(anonymous_6)
FNDA:1,(anonymous_7)
DA:1,3
DA:6,3
DA:7,3
DA:8,3
DA:9,3
DA:14,3
DA:16,3
DA:17,3
DA:18,3
DA:19,3
DA:24,1
DA:26,1
DA:27,1
DA:28,1
DA:31,0
DA:35,1
DA:43,0
DA:51,0
DA:61,1
DA:62,1
DA:69,1
DA:74,0
DA:75,0
DA:78,0
DA:86,1
DA:90,0
DA:91,0
DA:93,0
DA:94,0
DA:95,0
DA:104,1
DA:105,1
DA:106,0
DA:108,1
DA:109,0
DA:112,1
DA:117,1
DA:118,0
DA:122,1
DA:130,1
DA:135,1
LF:41
LH:27
BRDA:22,0,0,0
BRDA:37,1,0,1
BRDA:37,1,1,1
BRDA:43,2,0,1
BRDA:43,2,1,0
BRDA:51,3,0,0
BRDA:51,3,1,0
BRDA:93,4,0,0
BRDA:93,4,1,0
BRDA:102,5,0,0
BRDA:105,6,0,0
BRDA:108,7,0,0
BRDA:117,8,0,0
BRDA:117,9,0,1
BRDA:117,9,1,1
BRF:15
BRH:5
end_of_record
TN:
SF:src/modules/assembly/services/blueprint-builder.service.ts
FN:7,(anonymous_2)
FN:9,(anonymous_3)
FN:31,(anonymous_4)
FN:32,(anonymous_5)
FN:51,(anonymous_6)
FNF:5
FNH:5
FNDA:2,(anonymous_2)
FNDA:2,(anonymous_3)
FNDA:1,(anonymous_4)
FNDA:1,(anonymous_5)
FNDA:1,(anonymous_6)
DA:1,5
DA:3,5
DA:6,5
DA:7,2
DA:11,2
DA:13,2
DA:14,0
DA:19,2
DA:21,2
DA:22,2
DA:23,1
DA:27,1
DA:28,1
DA:30,1
DA:32,1
DA:33,1
DA:34,0
DA:38,1
DA:44,1
DA:45,0
DA:50,1
DA:51,1
DA:54,1
DA:58,1
DA:59,1
DA:60,1
DA:62,1
DA:80,1
LF:28
LH:25
BRDA:13,0,0,0
BRDA:13,1,0,2
BRDA:13,1,1,2
BRDA:19,2,0,2
BRDA:22,3,0,1
BRDA:33,4,0,0
BRDA:44,5,0,0
BRDA:54,6,0,0
BRDA:54,7,0,1
BRDA:54,7,1,0
BRDA:67,8,0,1
BRDA:67,8,1,0
BRDA:69,9,0,1
BRDA:69,9,1,0
BRDA:84,10,0,1
BRDA:84,10,1,0
BRF:16
BRH:8
end_of_record
TN:
SF:src/modules/assembly/services/blueprint-simulation.service.ts
FN:16,(anonymous_1)
FNF:1
FNH:1
FNDA:1,(anonymous_1)
DA:1,1
DA:15,1
DA:17,1
DA:18,1
DA:19,1
DA:20,1
DA:21,1
DA:23,1
DA:25,1
DA:37,1
DA:39,1
LF:11
LH:11
BRDA:20,0,0,1
BRDA:20,0,1,0
BRDA:23,1,0,1
BRDA:23,1,1,0
BRDA:26,2,0,1
BRDA:26,2,1,0
BRF:6
BRH:3
end_of_record
TN:
SF:src/modules/assembly/services/distribution-analytics.service.ts
FN:12,(anonymous_2)
FN:17,(anonymous_3)
FN:21,(anonymous_4)
FN:23,(anonymous_5)
FN:32,(anonymous_6)
FN:36,(anonymous_7)
FN:38,(anonymous_8)
FN:47,(anonymous_9)
FN:51,(anonymous_10)
FN:57,(anonymous_11)
FN:59,(anonymous_12)
FN:63,(anonymous_13)
FN:71,(anonymous_14)
FN:75,(anonymous_15)
FNF:14
FNH:1
FNDA:1,(anonymous_2)
FNDA:0,(anonymous_3)
FNDA:0,(anonymous_4)
FNDA:0,(anonymous_5)
FNDA:0,(anonymous_6)
FNDA:0,(anonymous_7)
FNDA:0,(anonymous_8)
FNDA:0,(anonymous_9)
FNDA:0,(anonymous_10)
FNDA:0,(anonymous_11)
FNDA:0,(anonymous_12)
FNDA:0,(anonymous_13)
FNDA:0,(anonymous_14)
FNDA:0,(anonymous_15)
DA:1,1
DA:3,1
DA:4,1
DA:5,1
DA:11,1
DA:13,1
DA:14,1
DA:20,0
DA:21,0
DA:23,0
DA:24,0
DA:25,0
DA:26,0
DA:29,0
DA:35,0
DA:36,0
DA:38,0
DA:39,0
DA:40,0
DA:41,0
DA:44,0
DA:50,0
DA:51,0
DA:52,0
DA:54,0
DA:58,0
DA:59,0
DA:62,0
DA:63,0
DA:67,0
DA:68,0
DA:72,0
DA:77,0
DA:78,0
DA:79,0
DA:81,0
DA:86,0
DA:87,0
DA:89,0
DA:90,0
DA:95,0
DA:98,0
DA:101,0
DA:104,0
DA:105,0
DA:107,0
LF:46
LH:7
BRDA:25,0,0,0
BRDA:25,0,1,0
BRDA:26,1,0,0
BRDA:26,1,1,0
BRDA:40,2,0,0
BRDA:40,2,1,0
BRDA:41,3,0,0
BRDA:41,3,1,0
BRDA:52,4,0,0
BRDA:52,4,1,0
BRDA:52,5,0,0
BRDA:52,5,1,0
BRDA:59,6,0,0
BRDA:59,6,1,0
BRDA:63,7,0,0
BRDA:63,7,1,0
BRDA:67,8,0,0
BRDA:67,8,1,0
BRDA:72,9,0,0
BRDA:72,9,1,0
BRDA:86,10,0,0
BRDA:89,11,0,0
BRF:22
BRH:0
end_of_record
TN:
SF:src/modules/assembly/services/mock-question-source.ts
FN:7,(anonymous_1)
FNF:1
FNH:0
FNDA:0,(anonymous_1)
DA:1,0
DA:6,0
DA:9,0
DA:10,0
DA:11,0
DA:12,0
DA:21,0
LF:7
LH:0
BRDA:10,0,0,0
BRDA:10,0,1,0
BRDA:14,1,0,0
BRDA:14,1,1,0
BRDA:15,2,0,0
BRDA:15,2,1,0
BRDA:16,3,0,0
BRDA:16,3,1,0
BRDA:16,4,0,0
BRDA:16,4,1,0
BRF:10
BRH:0
end_of_record
TN:
SF:src/modules/assembly/services/question-allocator.service.ts
FN:23,(anonymous_4)
FN:29,(anonymous_5)
FNF:2
FNH:2
FNDA:1,(anonymous_4)
FNDA:1,(anonymous_5)
DA:1,4
DA:5,4
DA:6,4
DA:7,4
DA:11,4
DA:22,4
DA:25,1
DA:26,1
DA:35,1
DA:36,1
DA:39,1
DA:40,1
DA:41,1
DA:42,1
DA:44,1
DA:50,1
DA:51,1
DA:53,1
DA:54,3
DA:56,1
DA:58,1
DA:60,1
DA:63,1
DA:65,1
DA:72,1
DA:78,1
DA:79,0
DA:84,1
DA:85,1
DA:86,2
DA:87,2
DA:96,2
DA:101,1
DA:102,0
DA:103,0
DA:109,0
DA:115,0
DA:116,0
DA:121,0
DA:122,0
DA:123,0
DA:124,0
DA:133,0
DA:138,1
DA:139,0
DA:144,1
LF:46
LH:34
BRDA:36,0,0,0
BRDA:39,1,0,1
BRDA:39,1,1,0
BRDA:54,2,0,2
BRDA:63,3,0,0
BRDA:78,4,0,0
BRDA:89,5,0,2
BRDA:89,5,1,2
BRDA:101,6,0,0
BRDA:101,7,0,1
BRDA:101,7,1,0
BRDA:115,8,0,0
BRDA:126,9,0,0
BRDA:126,9,1,0
BRDA:138,10,0,0
BRF:15
BRH:5
end_of_record
TN:
SF:src/modules/assembly/services/question-source.interface.ts
FNF:0
FNH:0
DA:3,4
LF:1
LH:1
BRF:0
BRH:0
end_of_record
TN:
SF:src/modules/assembly/services/section-builder.service.ts
FN:8,(anonymous_1)
FNF:1
FNH:0
FNDA:0,(anonymous_1)
DA:1,3
DA:7,3
DA:12,0
LF:3
LH:2
BRF:0
BRH:0
end_of_record
TN:
SF:src/modules/assembly/services/test-assembly.service.ts
FN:27,(anonymous_2)
FN:36,(anonymous_3)
FN:81,(anonymous_4)
FN:119,(anonymous_5)
FN:148,(anonymous_6)
FNF:5
FNH:2
FNDA:3,(anonymous_2)
FNDA:2,(anonymous_3)
FNDA:0,(anonymous_4)
FNDA:0,(anonymous_5)
FNDA:0,(anonymous_6)
DA:1,3
DA:7,3
DA:8,3
DA:9,3
DA:13,3
DA:14,3
DA:16,3
DA:19,3
DA:20,3
DA:28,3
DA:29,3
DA:30,3
DA:31,3
DA:32,3
DA:33,3
DA:40,2
DA:42,2
DA:44,2
DA:45,2
DA:48,2
DA:50,2
DA:51,1
DA:58,1
DA:62,1
DA:65,2
DA:66,2
DA:67,0
DA:72,2
DA:78,2
DA:82,0
DA:84,0
DA:86,0
DA:87,0
DA:89,0
DA:91,0
DA:92,0
DA:99,0
DA:103,0
DA:106,0
DA:107,0
DA:108,0
DA:113,0
DA:120,0
DA:122,0
DA:124,0
DA:125,0
DA:127,0
DA:129,0
DA:130,0
DA:137,0
DA:141,0
DA:145,0
DA:149,0
DA:150,0
DA:151,0
DA:155,0
LF:56
LH:28
BRDA:38,0,0,2
BRDA:40,1,0,0
BRDA:66,2,0,0
BRDA:81,3,0,0
BRDA:82,4,0,0
BRDA:107,5,0,0
BRDA:119,6,0,0
BRDA:120,7,0,0
BRDA:150,8,0,0
BRF:9
BRH:1
end_of_record
TN:
SF:src/modules/assembly/validators/assembly-validator.service.ts
FN:12,(anonymous_1)
FN:17,(anonymous_2)
FN:34,(anonymous_3)
FN:44,(anonymous_4)
FN:109,(anonymous_5)
FN:112,(anonymous_6)
FN:115,(anonymous_7)
FN:134,(anonymous_8)
FNF:8
FNH:8
FNDA:2,(anonymous_1)
FNDA:2,(anonymous_2)
FNDA:2,(anonymous_3)
FNDA:2,(anonymous_4)
FNDA:4,(anonymous_5)
FNDA:4,(anonymous_6)
FNDA:4,(anonymous_7)
FNDA:4,(anonymous_8)
DA:1,4
DA:11,4
DA:13,2
DA:16,2
DA:17,2
DA:20,2
DA:21,0
DA:27,2
DA:28,0
DA:34,2
DA:35,0
DA:40,2
DA:42,2
DA:43,2
DA:44,2
DA:47,2
DA:48,0
DA:51,0
DA:55,2
DA:56,0
DA:62,2
DA:63,0
DA:68,2
DA:70,4
DA:71,0
DA:75,4
DA:78,4
DA:83,0
DA:89,4
DA:90,0
DA:98,2
DA:100,2
DA:102,2
DA:104,2
DA:106,2
DA:108,2
DA:109,4
DA:111,2
DA:112,4
DA:114,2
DA:115,4
DA:118,2
DA:123,1
DA:130,2
DA:132,2
DA:133,2
DA:134,4
DA:137,2
DA:138,0
DA:146,2
DA:147,0
DA:153,2
DA:154,1
DA:157,1
LF:54
LH:42
BRDA:20,0,0,0
BRDA:27,1,0,0
BRDA:34,2,0,0
BRDA:47,3,0,0
BRDA:55,4,0,0
BRDA:62,5,0,0
BRDA:70,6,0,0
BRDA:78,7,0,0
BRDA:79,8,0,4
BRDA:79,8,1,4
BRDA:79,8,2,4
BRDA:89,9,0,0
BRDA:98,10,0,2
BRDA:98,10,1,1
BRDA:100,11,0,2
BRDA:118,12,0,1
BRDA:119,13,0,2
BRDA:119,13,1,1
BRDA:119,13,2,1
BRDA:137,14,0,0
BRDA:146,15,0,0
BRDA:153,16,0,1
BRF:22
BRH:11
end_of_record
TN:
SF:src/modules/auth/auth.module.ts
FN:21,(anonymous_1)
FNF:1
FNH:0
FNDA:0,(anonymous_1)
DA:1,0
DA:2,0
DA:3,0
DA:5,0
DA:6,0
DA:7,0
DA:8,0
DA:9,0
DA:10,0
DA:11,0
DA:21,0
DA:33,0
LF:12
LH:0
BRF:0
BRH:0
end_of_record
TN:
SF:src/modules/auth/index.ts
FNF:0
FNH:0
DA:1,0
DA:2,0
DA:3,0
DA:4,0
DA:5,0
DA:6,0
DA:7,0
LF:7
LH:0
BRF:0
BRH:0
end_of_record
TN:
SF:src/modules/auth/controllers/auth.controller.ts
FN:35,(anonymous_4)
FN:43,(anonymous_5)
FN:60,(anonymous_6)
FN:77,(anonymous_7)
FN:93,(anonymous_8)
FN:103,(anonymous_9)
FN:107,(anonymous_10)
FNF:7
FNH:0
FNDA:0,(anonymous_4)
FNDA:0,(anonymous_5)
FNDA:0,(anonymous_6)
FNDA:0,(anonymous_7)
FNDA:0,(anonymous_8)
FNDA:0,(anonymous_9)
FNDA:0,(anonymous_10)
DA:1,0
DA:2,0
DA:9,0
DA:17,0
DA:18,0
DA:19,0
DA:20,0
DA:21,0
DA:23,0
DA:34,0
DA:35,0
DA:43,0
DA:51,0
DA:60,0
DA:68,0
DA:77,0
DA:85,0
DA:93,0
DA:94,0
DA:103,0
DA:104,0
DA:111,0
DA:112,0
LF:23
LH:0
BRDA:114,0,0,0
BRDA:114,0,1,0
BRF:2
BRH:0
end_of_record
TN:
SF:src/modules/auth/decorators/current-user.decorator.ts
FN:11,(anonymous_0)
FNF:1
FNH:0
FNDA:0,(anonymous_0)
DA:1,1
DA:10,1
DA:12,0
DA:13,0
DA:15,0
DA:16,0
DA:19,0
DA:20,0
DA:23,0
LF:9
LH:2
BRDA:15,0,0,0
BRDA:19,1,0,0
BRF:2
BRH:0
end_of_record
TN:
SF:src/modules/auth/decorators/public.decorator.ts
FN:4,(anonymous_0)
FNF:1
FNH:0
FNDA:0,(anonymous_0)
DA:1,6
DA:3,6
DA:4,6
LF:3
LH:3
BRF:0
BRH:0
end_of_record
TN:
SF:src/modules/auth/decorators/roles.decorator.ts
FN:5,(anonymous_0)
FNF:1
FNH:1
FNDA:6,(anonymous_0)
DA:1,6
DA:4,6
DA:5,6
LF:3
LH:3
BRF:0
BRH:0
end_of_record
TN:
SF:src/modules/auth/dto/auth.dto.ts
FN:28,(anonymous_2)
FN:49,(anonymous_3)
FN:64,(anonymous_4)
FNF:3
FNH:0
FNDA:0,(anonymous_2)
FNDA:0,(anonymous_3)
FNDA:0,(anonymous_4)
DA:1,0
DA:3,0
DA:9,0
DA:14,0
DA:20,0
DA:26,0
DA:29,0
DA:36,0
DA:41,0
DA:47,0
DA:50,0
DA:57,0
DA:62,0
DA:67,0
LF:14
LH:0
BRF:0
BRH:0
end_of_record
TN:
SF:src/modules/auth/guards/jwt-auth.guard.ts
FN:13,(anonymous_2)
FN:17,(anonymous_3)
FN:28,(anonymous_4)
FNF:3
FNH:1
FNDA:25,(anonymous_2)
FNDA:0,(anonymous_3)
FNDA:0,(anonymous_4)
DA:1,6
DA:6,6
DA:7,6
DA:9,6
DA:12,6
DA:13,25
DA:14,25
DA:18,0
DA:22,0
DA:23,0
DA:25,0
DA:29,0
DA:30,0
DA:33,0
LF:14
LH:7
BRDA:22,0,0,0
BRDA:29,1,0,0
BRDA:29,2,0,0
BRDA:29,2,1,0
BRF:4
BRH:0
end_of_record
TN:
SF:src/modules/auth/guards/roles.guard.ts
FN:14,(anonymous_2)
FN:16,(anonymous_3)
FNF:2
FNH:0
FNDA:0,(anonymous_2)
FNDA:0,(anonymous_3)
DA:1,0
DA:7,0
DA:9,0
DA:13,0
DA:14,0
DA:17,0
DA:23,0
DA:24,0
DA:27,0
DA:28,0
DA:30,0
DA:31,0
DA:34,0
DA:35,0
DA:36,0
DA:41,0
LF:16
LH:0
BRDA:23,0,0,0
BRDA:23,1,0,0
BRDA:23,1,1,0
BRDA:30,2,0,0
BRDA:35,3,0,0
BRF:5
BRH:0
end_of_record
TN:
SF:src/modules/auth/services/auth.service.ts
FN:35,(anonymous_11)
FN:42,(anonymous_12)
FN:60,(anonymous_13)
FN:73,(anonymous_14)
FN:109,(anonymous_15)
FN:127,(anonymous_16)
FN:150,(anonymous_17)
FN:202,(anonymous_18)
FNF:8
FNH:0
FNDA:0,(anonymous_11)
FNDA:0,(anonymous_12)
FNDA:0,(anonymous_13)
FNDA:0,(anonymous_14)
FNDA:0,(anonymous_15)
FNDA:0,(anonymous_16)
FNDA:0,(anonymous_17)
FNDA:0,(anonymous_18)
DA:1,0
DA:6,0
DA:7,0
DA:8,0
DA:10,0
DA:11,0
DA:12,0
DA:34,0
DA:36,0
DA:37,0
DA:38,0
DA:39,0
DA:43,0
DA:45,0
DA:47,0
DA:48,0
DA:51,0
DA:57,0
DA:61,0
DA:62,0
DA:65,0
DA:66,0
DA:67,0
DA:70,0
DA:77,0
DA:79,0
DA:81,0
DA:82,0
DA:86,0
DA:89,0
DA:90,0
DA:91,0
DA:97,0
DA:98,0
DA:99,0
DA:102,0
DA:103,0
DA:110,0
DA:112,0
DA:113,0
DA:116,0
DA:118,0
DA:119,0
DA:120,0
DA:136,0
DA:138,0
DA:155,0
DA:162,0
DA:176,0
DA:192,0
DA:199,0
DA:203,0
DA:204,0
DA:208,0
DA:209,0
DA:212,0
DA:214,0
LF:57
LH:0
BRDA:47,0,0,0
BRDA:54,1,0,0
BRDA:54,1,1,0
BRDA:65,2,0,0
BRDA:65,2,1,0
BRDA:66,3,0,0
BRDA:66,4,0,0
BRDA:66,4,1,0
BRDA:81,5,0,0
BRDA:81,6,0,0
BRDA:81,6,1,0
BRDA:81,6,2,0
BRDA:89,7,0,0
BRDA:98,8,0,0
BRDA:112,9,0,0
BRDA:112,10,0,0
BRDA:112,10,1,0
BRDA:118,11,0,0
BRDA:157,12,0,0
BRDA:157,12,1,0
BRDA:158,13,0,0
BRDA:158,13,1,0
BRDA:208,14,0,0
BRF:23
BRH:0
end_of_record
TN:
SF:src/modules/auth/strategies/jwt.strategy.ts
FN:12,(anonymous_2)
FN:23,(anonymous_3)
FNF:2
FNH:0
FNDA:0,(anonymous_2)
FNDA:0,(anonymous_3)
DA:1,0
DA:2,0
DA:3,0
DA:5,0
DA:6,0
DA:11,0
DA:13,0
DA:14,0
DA:16,0
DA:24,0
DA:25,0
DA:28,0
DA:30,0
DA:31,0
DA:34,0
LF:15
LH:0
BRDA:24,0,0,0
BRDA:30,1,0,0
BRF:2
BRH:0
end_of_record
TN:
SF:src/modules/blueprint/blueprint.module.ts
FNF:0
FNH:0
DA:1,0
DA:2,0
DA:3,0
DA:4,0
DA:6,0
DA:7,0
DA:9,0
DA:10,0
DA:11,0
DA:13,0
DA:14,0
DA:34,0
LF:12
LH:0
BRF:0
BRH:0
end_of_record
TN:
SF:src/modules/blueprint/index.ts
FNF:0
FNH:0
DA:1,0
LF:1
LH:0
BRF:0
BRH:0
end_of_record
TN:
SF:src/modules/blueprint-config/blueprint-config.controller.ts
FN:38,(anonymous_4)
FN:47,(anonymous_5)
FN:59,(anonymous_6)
FN:72,(anonymous_7)
FN:76,(anonymous_8)
FN:113,(anonymous_9)
FN:126,(anonymous_10)
FN:141,(anonymous_11)
FNF:8
FNH:0
FNDA:0,(anonymous_4)
FNDA:0,(anonymous_5)
FNDA:0,(anonymous_6)
FNDA:0,(anonymous_7)
FNDA:0,(anonymous_8)
FNDA:0,(anonymous_9)
FNDA:0,(anonymous_10)
FNDA:0,(anonymous_11)
DA:1,0
DA:13,0
DA:20,0
DA:21,0
DA:26,0
DA:27,0
DA:28,0
DA:30,0
DA:37,0
DA:39,0
DA:40,0
DA:47,0
DA:48,0
DA:49,0
DA:59,0
DA:60,0
DA:61,0
DA:72,0
DA:73,0
DA:76,0
DA:88,0
DA:93,0
DA:113,0
DA:114,0
DA:115,0
DA:126,0
DA:127,0
DA:128,0
DA:141,0
DA:145,0
DA:146,0
LF:31
LH:0
BRDA:78,0,0,0
BRDA:78,0,1,0
BRF:2
BRH:0
end_of_record
TN:
SF:src/modules/blueprint-config/blueprint-config.integration.spec.ts
FN:8,(anonymous_0)
FN:12,(anonymous_1)
FN:22,(anonymous_2)
FN:29,(anonymous_3)
FN:140,(anonymous_4)
FNF:5
FNH:0
FNDA:0,(anonymous_0)
FNDA:0,(anonymous_1)
FNDA:0,(anonymous_2)
FNDA:0,(anonymous_3)
FNDA:0,(anonymous_4)
DA:1,0
DA:3,0
DA:4,0
DA:8,0
DA:12,0
DA:13,0
DA:17,0
DA:18,0
DA:19,0
DA:22,0
DA:24,0
DA:25,0
DA:26,0
DA:29,0
DA:34,0
DA:44,0
DA:46,0
DA:47,0
DA:48,0
DA:51,0
DA:57,0
DA:68,0
DA:81,0
DA:94,0
DA:95,0
DA:97,0
DA:98,0
DA:99,0
DA:102,0
DA:111,0
DA:120,0
DA:131,0
DA:132,0
DA:133,0
DA:134,0
DA:137,0
DA:139,0
DA:140,0
DA:141,0
LF:39
LH:0
BRF:0
BRH:0
end_of_record
TN:
SF:src/modules/blueprint-config/blueprint-config.module.ts
FNF:0
FNH:0
DA:1,0
DA:2,0
DA:3,0
DA:4,0
DA:5,0
DA:6,0
DA:18,0
LF:7
LH:0
BRF:0
BRH:0
end_of_record
TN:
SF:src/modules/blueprint-config/blueprint-config.repository.ts
FN:7,(anonymous_2)
FN:9,(anonymous_3)
FN:15,(anonymous_4)
FN:24,(anonymous_5)
FN:38,(anonymous_6)
FN:44,(anonymous_7)
FN:51,(anonymous_8)
FN:58,(anonymous_9)
FN:64,(anonymous_10)
FNF:9
FNH:0
FNDA:0,(anonymous_2)
FNDA:0,(anonymous_3)
FNDA:0,(anonymous_4)
FNDA:0,(anonymous_5)
FNDA:0,(anonymous_6)
FNDA:0,(anonymous_7)
FNDA:0,(anonymous_8)
FNDA:0,(anonymous_9)
FNDA:0,(anonymous_10)
DA:1,1
DA:2,1
DA:6,1
DA:7,0
DA:10,0
DA:16,0
DA:25,0
DA:39,0
DA:45,0
DA:52,0
DA:59,0
DA:65,0
LF:12
LH:3
BRF:0
BRH:0
end_of_record
TN:
SF:src/modules/blueprint-config/blueprint-config.service.ts
FN:16,(anonymous_2)
FN:21,(anonymous_3)
FN:37,(anonymous_4)
FN:41,(anonymous_5)
FN:49,(anonymous_6)
FN:54,(anonymous_7)
FN:59,(anonymous_8)
FN:64,(anonymous_9)
FN:73,(anonymous_10)
FN:90,(anonymous_11)
FNF:10
FNH:7
FNDA:6,(anonymous_2)
FNDA:2,(anonymous_3)
FNDA:0,(anonymous_4)
FNDA:4,(anonymous_5)
FNDA:0,(anonymous_6)
FNDA:0,(anonymous_7)
FNDA:4,(anonymous_8)
FNDA:2,(anonymous_9)
FNDA:2,(anonymous_10)
FNDA:1,(anonymous_11)
DA:1,1
DA:6,1
DA:7,1
DA:15,1
DA:17,6
DA:18,6
DA:22,2
DA:23,2
DA:24,1
DA:27,1
DA:38,0
DA:42,4
DA:43,4
DA:44,0
DA:46,4
DA:50,0
DA:51,0
DA:55,0
DA:56,0
DA:60,4
DA:63,4
DA:64,4
DA:65,0
DA:69,4
DA:72,3
DA:73,2
DA:76,3
DA:81,3
DA:82,1
DA:89,2
DA:90,1
DA:93,2
DA:97,2
DA:98,1
DA:104,1
LF:35
LH:28
BRDA:23,0,0,1
BRDA:33,1,0,1
BRDA:33,1,1,0
BRDA:43,2,0,0
BRDA:64,3,0,0
BRDA:81,4,0,1
BRDA:97,5,0,1
BRF:7
BRH:4
end_of_record
TN:
SF:src/modules/blueprint-config/blueprint-validator.service.ts
FN:7,(anonymous_1)
FN:13,(anonymous_2)
FN:30,(anonymous_3)
FN:44,(anonymous_4)
FN:49,(anonymous_5)
FN:53,(anonymous_6)
FNF:6
FNH:3
FNDA:6,(anonymous_1)
FNDA:5,(anonymous_2)
FNDA:4,(anonymous_3)
FNDA:0,(anonymous_4)
FNDA:0,(anonymous_5)
FNDA:0,(anonymous_6)
DA:1,2
DA:6,2
DA:8,6
DA:9,2
DA:18,5
DA:19,2
DA:24,3
DA:31,4
DA:32,4
DA:33,2
DA:38,2
DA:48,0
DA:49,0
DA:52,0
DA:53,0
DA:57,0
DA:58,0
DA:60,0
LF:18
LH:11
BRDA:8,0,0,2
BRDA:18,1,0,2
BRDA:32,2,0,2
BRDA:61,3,0,0
BRDA:61,3,1,0
BRF:5
BRH:3
end_of_record
TN:
SF:src/modules/blueprint/controllers/blueprint.controller.ts
FN:34,(anonymous_4)
FN:46,(anonymous_5)
FN:59,(anonymous_6)
FN:73,(anonymous_7)
FN:88,(anonymous_8)
FN:103,(anonymous_9)
FN:117,(anonymous_10)
FN:132,(anonymous_11)
FN:139,(anonymous_12)
FN:154,(anonymous_13)
FN:168,(anonymous_14)
FN:170,(anonymous_15)
FN:173,(anonymous_16)
FN:176,(anonymous_17)
FN:179,(anonymous_18)
FNF:15
FNH:0
FNDA:0,(anonymous_4)
FNDA:0,(anonymous_5)
FNDA:0,(anonymous_6)
FNDA:0,(anonymous_7)
FNDA:0,(anonymous_8)
FNDA:0,(anonymous_9)
FNDA:0,(anonymous_10)
FNDA:0,(anonymous_11)
FNDA:0,(anonymous_12)
FNDA:0,(anonymous_13)
FNDA:0,(anonymous_14)
FNDA:0,(anonymous_15)
FNDA:0,(anonymous_16)
FNDA:0,(anonymous_17)
FNDA:0,(anonymous_18)
DA:1,0
DA:12,0
DA:21,0
DA:22,0
DA:23,0
DA:24,0
DA:25,0
DA:26,0
DA:33,0
DA:35,0
DA:36,0
DA:46,0
DA:47,0
DA:48,0
DA:59,0
DA:60,0
DA:61,0
DA:73,0
DA:74,0
DA:75,0
DA:88,0
DA:89,0
DA:90,0
DA:103,0
DA:104,0
DA:105,0
DA:117,0
DA:118,0
DA:119,0
DA:132,0
DA:133,0
DA:134,0
DA:139,0
DA:154,0
DA:155,0
DA:156,0
DA:168,0
DA:169,0
DA:170,0
DA:171,0
DA:173,0
DA:174,0
DA:176,0
DA:177,0
DA:179,0
DA:180,0
DA:183,0
LF:47
LH:0
BRDA:189,0,0,0
BRDA:189,0,1,0
BRDA:190,1,0,0
BRDA:190,1,1,0
BRDA:195,2,0,0
BRDA:195,2,1,0
BRDA:196,3,0,0
BRDA:196,3,1,0
BRDA:201,4,0,0
BRDA:201,4,1,0
BRDA:202,5,0,0
BRDA:202,5,1,0
BRDA:207,6,0,0
BRDA:207,6,1,0
BRDA:208,7,0,0
BRDA:208,7,1,0
BRF:16
BRH:0
end_of_record
TN:
SF:src/modules/blueprint/controllers/style-profile.controller.ts
FN:33,(anonymous_4)
FN:40,(anonymous_5)
FN:53,(anonymous_6)
FN:67,(anonymous_7)
FN:82,(anonymous_8)
FNF:5
FNH:0
FNDA:0,(anonymous_4)
FNDA:0,(anonymous_5)
FNDA:0,(anonymous_6)
FNDA:0,(anonymous_7)
FNDA:0,(anonymous_8)
DA:1,0
DA:12,0
DA:21,0
DA:22,0
DA:23,0
DA:24,0
DA:25,0
DA:32,0
DA:33,0
DA:40,0
DA:41,0
DA:42,0
DA:53,0
DA:54,0
DA:55,0
DA:67,0
DA:68,0
DA:69,0
DA:82,0
DA:83,0
DA:84,0
LF:21
LH:0
BRF:0
BRH:0
end_of_record
TN:
SF:src/modules/blueprint/repositories/blueprint.repository.ts
FN:12,(anonymous_4)
FN:19,(anonymous_5)
FN:23,(anonymous_6)
FN:37,(anonymous_7)
FN:51,(anonymous_8)
FNF:5
FNH:0
FNDA:0,(anonymous_4)
FNDA:0,(anonymous_5)
FNDA:0,(anonymous_6)
FNDA:0,(anonymous_7)
FNDA:0,(anonymous_8)
DA:1,2
DA:2,2
DA:3,2
DA:4,2
DA:7,2
DA:16,0
DA:20,0
DA:24,0
DA:38,0
DA:52,0
LF:10
LH:5
BRF:0
BRH:0
end_of_record
TN:
SF:src/modules/blueprint/repositories/style-profile.repository.ts
FN:12,(anonymous_4)
FN:19,(anonymous_5)
FN:23,(anonymous_6)
FN:30,(anonymous_7)
FN:37,(anonymous_8)
FN:44,(anonymous_9)
FN:52,(anonymous_10)
FN:62,(anonymous_11)
FN:67,(anonymous_12)
FN:76,(anonymous_13)
FN:92,(anonymous_14)
FNF:11
FNH:0
FNDA:0,(anonymous_4)
FNDA:0,(anonymous_5)
FNDA:0,(anonymous_6)
FNDA:0,(anonymous_7)
FNDA:0,(anonymous_8)
FNDA:0,(anonymous_9)
FNDA:0,(anonymous_10)
FNDA:0,(anonymous_11)
FNDA:0,(anonymous_12)
FNDA:0,(anonymous_13)
FNDA:0,(anonymous_14)
DA:1,0
DA:2,0
DA:3,0
DA:4,0
DA:7,0
DA:16,0
DA:20,0
DA:24,0
DA:31,0
DA:38,0
DA:48,0
DA:52,0
DA:67,0
DA:68,0
DA:70,0
DA:75,0
DA:76,0
DA:84,0
DA:93,0
LF:19
LH:0
BRDA:68,0,0,0
BRDA:68,1,0,0
BRDA:68,1,1,0
BRF:3
BRH:0
end_of_record
TN:
SF:src/modules/blueprint/services/blueprint-compiler.service.ts
FN:23,(anonymous_2)
FN:31,(anonymous_3)
FN:60,(anonymous_4)
FN:73,(anonymous_5)
FN:76,(anonymous_6)
FN:83,(anonymous_7)
FN:125,(anonymous_8)
FN:143,(anonymous_9)
FN:171,(anonymous_10)
FN:176,(anonymous_11)
FN:189,(anonymous_12)
FN:206,(anonymous_13)
FN:209,(anonymous_14)
FN:242,(anonymous_15)
FN:252,(anonymous_16)
FN:271,(anonymous_17)
FN:273,(anonymous_18)
FN:292,(anonymous_19)
FN:295,(anonymous_20)
FN:305,(anonymous_21)
FN:312,(anonymous_22)
FN:323,(anonymous_23)
FN:356,(anonymous_24)
FN:380,(anonymous_25)
FN:398,(anonymous_26)
FN:433,(anonymous_27)
FNF:26
FNH:16
FNDA:11,(anonymous_2)
FNDA:2,(anonymous_3)
FNDA:0,(anonymous_4)
FNDA:0,(anonymous_5)
FNDA:0,(anonymous_6)
FNDA:0,(anonymous_7)
FNDA:6,(anonymous_8)
FNDA:0,(anonymous_9)
FNDA:3,(anonymous_10)
FNDA:3,(anonymous_11)
FNDA:9,(anonymous_12)
FNDA:0,(anonymous_13)
FNDA:0,(anonymous_14)
FNDA:1,(anonymous_15)
FNDA:1,(anonymous_16)
FNDA:1,(anonymous_17)
FNDA:3,(anonymous_18)
FNDA:0,(anonymous_19)
FNDA:0,(anonymous_20)
FNDA:0,(anonymous_21)
FNDA:1,(anonymous_22)
FNDA:1,(anonymous_23)
FNDA:8,(anonymous_24)
FNDA:7,(anonymous_25)
FNDA:7,(anonymous_26)
FNDA:14,(anonymous_27)
DA:1,1
DA:6,1
DA:7,1
DA:8,1
DA:14,1
DA:22,1
DA:24,11
DA:25,11
DA:32,2
DA:33,2
DA:34,1
DA:40,1
DA:44,1
DA:45,0
DA:48,1
DA:50,1
DA:61,0
DA:65,0
DA:66,0
DA:69,0
DA:70,0
DA:72,0
DA:74,0
DA:76,0
DA:82,0
DA:84,0
DA:85,0
DA:91,0
DA:95,0
DA:108,0
DA:116,0
DA:128,6
DA:130,6
DA:135,6
DA:136,0
DA:137,0
DA:141,6
DA:142,6
DA:143,0
DA:147,6
DA:152,6
DA:153,2
DA:156,6
DA:157,6
DA:158,4
DA:159,4
DA:160,4
DA:162,4
DA:166,4
DA:167,1
DA:168,1
DA:171,3
DA:174,3
DA:176,3
DA:182,3
DA:183,3
DA:184,3
DA:189,3
DA:193,9
DA:194,9
DA:195,3
DA:204,3
DA:205,3
DA:206,0
DA:207,0
DA:209,0
DA:210,0
DA:214,3
DA:215,1
DA:222,3
DA:223,3
DA:227,3
DA:233,6
DA:243,1
DA:244,1
DA:246,1
DA:248,1
DA:250,1
DA:252,1
DA:258,1
DA:259,1
DA:260,1
DA:263,1
DA:268,1
DA:271,1
DA:273,1
DA:277,3
DA:278,3
DA:281,1
DA:290,1
DA:291,1
DA:292,0
DA:293,0
DA:295,0
DA:296,0
DA:300,1
DA:301,0
DA:305,1
DA:306,0
DA:310,1
DA:312,1
DA:318,1
DA:319,1
DA:320,1
DA:322,1
DA:323,1
DA:326,1
DA:344,1
DA:345,1
DA:346,1
DA:350,1
DA:360,8
DA:361,8
DA:363,8
DA:364,8
DA:366,8
DA:367,13
DA:368,13
DA:369,13
DA:370,13
DA:371,13
DA:377,8
DA:380,8
DA:381,7
DA:382,4
DA:384,3
DA:387,8
DA:388,3
DA:389,3
DA:392,8
DA:402,7
DA:403,7
DA:405,7
DA:411,7
DA:412,7
DA:414,7
DA:415,21
DA:416,21
DA:417,21
DA:418,21
DA:419,21
DA:425,7
DA:428,7
DA:433,7
DA:434,14
DA:435,2
DA:437,12
DA:440,7
DA:441,3
DA:442,3
DA:445,7
LF:151
LH:122
BRDA:33,0,0,1
BRDA:44,1,0,0
BRDA:65,2,0,0
BRDA:84,3,0,0
BRDA:84,3,1,0
BRDA:97,4,0,0
BRDA:97,4,1,0
BRDA:100,5,0,0
BRDA:100,5,1,0
BRDA:101,6,0,0
BRDA:101,6,1,0
BRDA:102,7,0,0
BRDA:102,7,1,0
BRDA:135,8,0,0
BRDA:142,9,0,0
BRDA:152,10,0,2
BRDA:152,11,0,6
BRDA:152,11,1,6
BRDA:157,12,0,4
BRDA:157,13,0,6
BRDA:157,13,1,6
BRDA:159,14,0,4
BRDA:159,14,1,0
BRDA:166,15,0,1
BRDA:182,16,0,3
BRDA:182,16,1,0
BRDA:183,17,0,3
BRDA:193,18,0,9
BRDA:193,18,1,6
BRDA:194,19,0,3
BRDA:205,20,0,0
BRDA:205,21,0,3
BRDA:205,21,1,0
BRDA:214,22,0,1
BRDA:246,23,0,0
BRDA:259,24,0,1
BRDA:259,24,1,0
BRDA:260,25,0,0
BRDA:277,26,0,3
BRDA:277,26,1,2
BRDA:278,27,0,2
BRDA:291,28,0,0
BRDA:291,29,0,1
BRDA:291,29,1,0
BRDA:300,30,0,0
BRDA:319,31,0,1
BRDA:319,31,1,0
BRDA:320,32,0,0
BRDA:331,33,0,1
BRDA:331,33,1,0
BRDA:333,34,0,1
BRDA:333,34,1,0
BRDA:335,35,0,0
BRDA:335,35,1,0
BRDA:361,36,0,0
BRDA:381,37,0,4
BRDA:389,38,0,3
BRDA:389,38,1,0
BRDA:403,39,0,0
BRDA:434,40,0,2
BRDA:437,41,0,12
BRDA:437,41,1,0
BRDA:437,42,0,12
BRDA:437,42,1,0
BRDA:442,43,0,3
BRDA:442,43,1,0
BRF:66
BRH:30
end_of_record
TN:
SF:src/modules/blueprint/services/blueprint.service.ts
FN:27,(anonymous_2)
FN:33,(anonymous_3)
FN:52,(anonymous_4)
FN:54,(anonymous_5)
FN:57,(anonymous_6)
FN:71,(anonymous_7)
FN:85,(anonymous_8)
FN:93,(anonymous_9)
FN:162,(anonymous_10)
FN:181,(anonymous_11)
FN:218,(anonymous_12)
FN:226,(anonymous_13)
FN:252,(anonymous_14)
FN:256,(anonymous_15)
FN:265,(anonymous_16)
FNF:15
FNH:0
FNDA:0,(anonymous_2)
FNDA:0,(anonymous_3)
FNDA:0,(anonymous_4)
FNDA:0,(anonymous_5)
FNDA:0,(anonymous_6)
FNDA:0,(anonymous_7)
FNDA:0,(anonymous_8)
FNDA:0,(anonymous_9)
FNDA:0,(anonymous_10)
FNDA:0,(anonymous_11)
FNDA:0,(anonymous_12)
FNDA:0,(anonymous_13)
FNDA:0,(anonymous_14)
FNDA:0,(anonymous_15)
FNDA:0,(anonymous_16)
DA:1,2
DA:2,2
DA:3,2
DA:4,2
DA:6,2
DA:26,2
DA:28,0
DA:29,0
DA:30,0
DA:34,0
DA:37,0
DA:38,0
DA:39,0
DA:45,0
DA:53,0
DA:54,0
DA:58,0
DA:59,0
DA:60,0
DA:62,0
DA:63,0
DA:64,0
DA:72,0
DA:73,0
DA:74,0
DA:75,0
DA:77,0
DA:78,0
DA:81,0
DA:82,0
DA:86,0
DA:87,0
DA:88,0
DA:90,0
DA:94,0
DA:96,0
DA:107,0
DA:109,0
DA:110,0
DA:111,0
DA:112,0
DA:113,0
DA:119,0
DA:120,0
DA:123,0
DA:143,0
DA:165,0
DA:166,0
DA:167,0
DA:168,0
DA:169,0
DA:173,0
DA:175,0
DA:176,0
DA:179,0
DA:180,0
DA:181,0
DA:184,0
DA:185,0
DA:191,0
DA:197,0
DA:198,0
DA:199,0
DA:205,0
DA:206,0
DA:209,0
DA:210,0
DA:213,0
DA:218,0
DA:222,0
DA:223,0
DA:225,0
DA:227,0
DA:232,0
DA:233,0
DA:240,0
DA:241,0
DA:242,0
DA:246,0
DA:253,0
DA:254,0
DA:256,0
DA:257,0
DA:258,0
DA:259,0
DA:265,0
DA:266,0
DA:267,0
DA:274,0
DA:286,0
LF:90
LH:6
BRDA:38,0,0,0
BRDA:59,1,0,0
BRDA:74,2,0,0
BRDA:77,3,0,0
BRDA:87,4,0,0
BRDA:94,5,0,0
BRDA:96,6,0,0
BRDA:96,6,1,0
BRDA:110,7,0,0
BRDA:110,7,1,0
BRDA:111,8,0,0
BRDA:111,8,1,0
BRDA:112,9,0,0
BRDA:112,9,1,0
BRDA:113,10,0,0
BRDA:113,10,1,0
BRDA:121,11,0,0
BRDA:121,11,1,0
BRDA:127,12,0,0
BRDA:127,12,1,0
BRDA:130,13,0,0
BRDA:130,13,1,0
BRDA:133,14,0,0
BRDA:133,14,1,0
BRDA:136,15,0,0
BRDA:136,15,1,0
BRDA:147,16,0,0
BRDA:147,16,1,0
BRDA:151,17,0,0
BRDA:151,17,1,0
BRDA:152,18,0,0
BRDA:152,18,1,0
BRDA:153,19,0,0
BRDA:153,19,1,0
BRDA:154,20,0,0
BRDA:154,20,1,0
BRDA:155,21,0,0
BRDA:155,21,1,0
BRDA:167,22,0,0
BRDA:167,23,0,0
BRDA:167,23,1,0
BRDA:176,24,0,0
BRDA:176,24,1,0
BRDA:179,25,0,0
BRDA:179,25,1,0
BRDA:181,26,0,0
BRDA:181,26,1,0
BRDA:184,27,0,0
BRDA:191,28,0,0
BRDA:191,28,1,0
BRDA:197,29,0,0
BRDA:197,29,1,0
BRDA:197,30,0,0
BRDA:197,30,1,0
BRDA:197,31,0,0
BRDA:197,31,1,0
BRDA:198,32,0,0
BRDA:209,33,0,0
BRDA:222,34,0,0
BRDA:222,34,1,0
BRDA:223,35,0,0
BRDA:227,36,0,0
BRDA:227,36,1,0
BRDA:227,36,2,0
BRDA:232,37,0,0
BRDA:257,38,0,0
BRDA:257,38,1,0
BRDA:258,39,0,0
BRDA:258,39,1,0
BRDA:259,40,0,0
BRDA:259,40,1,0
BRF:71
BRH:0
end_of_record
TN:
SF:src/modules/blueprint/services/style-profile.service.ts
FN:14,(anonymous_2)
FN:16,(anonymous_3)
FN:20,(anonymous_4)
FN:32,(anonymous_5)
FN:42,(anonymous_6)
FN:112,(anonymous_7)
FN:117,(anonymous_8)
FN:121,(anonymous_9)
FN:129,(anonymous_10)
FNF:9
FNH:0
FNDA:0,(anonymous_2)
FNDA:0,(anonymous_3)
FNDA:0,(anonymous_4)
FNDA:0,(anonymous_5)
FNDA:0,(anonymous_6)
FNDA:0,(anonymous_7)
FNDA:0,(anonymous_8)
FNDA:0,(anonymous_9)
FNDA:0,(anonymous_10)
DA:1,0
DA:7,0
DA:11,0
DA:12,0
DA:14,0
DA:17,0
DA:21,0
DA:22,0
DA:23,0
DA:24,0
DA:25,0
DA:27,0
DA:30,0
DA:31,0
DA:32,0
DA:34,0
DA:43,0
DA:102,0
DA:103,0
DA:104,0
DA:105,0
DA:106,0
DA:107,0
DA:113,0
DA:114,0
DA:118,0
DA:122,0
DA:123,0
DA:124,0
DA:126,0
DA:130,0
DA:131,0
DA:132,0
LF:33
LH:0
BRDA:28,0,0,0
BRDA:28,0,1,0
BRDA:30,1,0,0
BRDA:30,1,1,0
BRDA:104,2,0,0
BRDA:123,3,0,0
BRF:6
BRH:0
end_of_record
TN:
SF:src/modules/concept-mapping/concept-mapping.module.ts
FNF:0
FNH:0
DA:1,0
DA:2,0
DA:3,0
DA:4,0
DA:5,0
DA:6,0
DA:7,0
DA:8,0
DA:9,0
DA:29,0
LF:10
LH:0
BRF:0
BRH:0
end_of_record
TN:
SF:src/modules/concept-mapping/controllers/concept-mapping.controller.ts
FN:33,(anonymous_4)
FN:39,(anonymous_5)
FN:49,(anonymous_6)
FN:60,(anonymous_7)
FN:70,(anonymous_8)
FNF:5
FNH:0
FNDA:0,(anonymous_4)
FNDA:0,(anonymous_5)
FNDA:0,(anonymous_6)
FNDA:0,(anonymous_7)
FNDA:0,(anonymous_8)
DA:1,0
DA:14,0
DA:15,0
DA:16,0
DA:17,0
DA:18,0
DA:19,0
DA:25,0
DA:32,0
DA:33,0
DA:39,0
DA:43,0
DA:49,0
DA:53,0
DA:54,0
DA:60,0
DA:64,0
DA:70,0
DA:71,0
DA:72,0
LF:20
LH:0
BRF:0
BRH:0
end_of_record
TN:
SF:src/modules/concept-mapping/controllers/topic.controller.ts
FN:39,(anonymous_4)
FN:46,(anonymous_5)
FN:54,(anonymous_6)
FN:63,(anonymous_7)
FN:71,(anonymous_8)
FN:79,(anonymous_9)
FNF:6
FNH:6
FNDA:5,(anonymous_4)
FNDA:1,(anonymous_5)
FNDA:1,(anonymous_6)
FNDA:1,(anonymous_7)
FNDA:1,(anonymous_8)
FNDA:1,(anonymous_9)
DA:1,1
DA:14,1
DA:21,1
DA:22,1
DA:23,1
DA:24,1
DA:25,1
DA:38,1
DA:39,5
DA:46,1
DA:47,1
DA:54,1
DA:55,1
DA:56,1
DA:63,1
DA:64,1
DA:71,1
DA:72,1
DA:79,1
DA:80,1
LF:20
LH:20
BRF:0
BRH:0
end_of_record
TN:
SF:src/modules/concept-mapping/repositories/concept-mapping.repository.ts
FN:12,(anonymous_4)
FN:19,(anonymous_5)
FN:23,(anonymous_6)
FN:32,(anonymous_7)
FN:43,(anonymous_8)
FNF:5
FNH:0
FNDA:0,(anonymous_4)
FNDA:0,(anonymous_5)
FNDA:0,(anonymous_6)
FNDA:0,(anonymous_7)
FNDA:0,(anonymous_8)
DA:1,2
DA:2,2
DA:3,2
DA:4,2
DA:7,2
DA:16,0
DA:20,0
DA:24,0
DA:33,0
DA:44,0
LF:10
LH:5
BRDA:32,0,0,0
BRDA:36,1,0,0
BRDA:36,1,1,0
BRF:3
BRH:0
end_of_record
TN:
SF:src/modules/concept-mapping/repositories/topic.repository.ts
FN:12,(anonymous_4)
FN:19,(anonymous_5)
FN:23,(anonymous_6)
FN:32,(anonymous_7)
FN:39,(anonymous_8)
FNF:5
FNH:0
FNDA:0,(anonymous_4)
FNDA:0,(anonymous_5)
FNDA:0,(anonymous_6)
FNDA:0,(anonymous_7)
FNDA:0,(anonymous_8)
DA:1,9
DA:2,9
DA:3,9
DA:4,9
DA:7,9
DA:16,0
DA:20,0
DA:24,0
DA:33,0
DA:40,0
LF:10
LH:5
BRDA:23,0,0,0
BRDA:26,1,0,0
BRDA:26,1,1,0
BRF:3
BRH:0
end_of_record
TN:
SF:src/modules/concept-mapping/services/concept-mapping.service.ts
FN:17,(anonymous_2)
FN:22,(anonymous_3)
FN:55,(anonymous_4)
FN:65,(anonymous_5)
FN:97,(anonymous_6)
FN:106,(anonymous_7)
FNF:6
FNH:6
FNDA:11,(anonymous_2)
FNDA:3,(anonymous_3)
FNDA:2,(anonymous_4)
FNDA:3,(anonymous_5)
FNDA:2,(anonymous_6)
FNDA:1,(anonymous_7)
DA:1,1
DA:7,1
DA:8,1
DA:13,1
DA:16,1
DA:18,11
DA:19,11
DA:24,3
DA:25,3
DA:26,1
DA:31,2
DA:32,2
DA:36,2
DA:37,1
DA:42,1
DA:44,1
DA:52,1
DA:56,2
DA:57,2
DA:58,1
DA:62,1
DA:66,3
DA:67,3
DA:68,1
DA:71,2
DA:72,2
DA:73,1
DA:74,1
DA:75,1
DA:79,1
DA:80,1
DA:87,1
DA:89,1
DA:98,2
DA:99,2
DA:100,1
DA:103,1
DA:107,1
LF:38
LH:38
BRDA:25,0,0,1
BRDA:31,1,0,2
BRDA:31,1,1,0
BRDA:36,2,0,1
BRDA:42,3,0,1
BRDA:42,3,1,0
BRDA:48,4,0,1
BRDA:48,4,1,1
BRDA:55,5,0,0
BRDA:57,6,0,1
BRDA:67,7,0,1
BRDA:71,8,0,2
BRDA:71,8,1,1
BRDA:72,9,0,1
BRDA:74,10,0,1
BRDA:79,11,0,1
BRDA:79,12,0,1
BRDA:79,12,1,1
BRDA:87,13,0,1
BRDA:87,13,1,0
BRDA:91,14,0,0
BRDA:91,14,1,1
BRDA:99,15,0,1
BRF:23
BRH:18
end_of_record
TN:
SF:src/modules/concept-mapping/services/topic-registry-loader.service.ts
FN:24,(anonymous_2)
FN:26,(anonymous_3)
FN:30,(anonymous_4)
FN:42,(anonymous_5)
FN:52,(anonymous_6)
FN:67,(anonymous_7)
FN:77,(anonymous_8)
FN:100,(anonymous_9)
FN:109,(anonymous_10)
FNF:9
FNH:0
FNDA:0,(anonymous_2)
FNDA:0,(anonymous_3)
FNDA:0,(anonymous_4)
FNDA:0,(anonymous_5)
FNDA:0,(anonymous_6)
FNDA:0,(anonymous_7)
FNDA:0,(anonymous_8)
FNDA:0,(anonymous_9)
FNDA:0,(anonymous_10)
DA:1,7
DA:2,7
DA:3,7
DA:20,7
DA:21,0
DA:22,0
DA:24,0
DA:27,0
DA:31,0
DA:32,0
DA:33,0
DA:34,0
DA:35,0
DA:37,0
DA:40,0
DA:41,0
DA:42,0
DA:44,0
DA:53,0
DA:54,0
DA:67,0
DA:68,0
DA:69,0
DA:70,0
DA:72,0
DA:77,0
DA:87,0
DA:88,0
DA:89,0
DA:91,0
DA:93,0
DA:94,0
DA:101,0
DA:102,0
DA:103,0
DA:104,0
DA:106,0
DA:110,0
LF:38
LH:4
BRDA:38,0,0,0
BRDA:38,0,1,0
BRDA:40,1,0,0
BRDA:40,1,1,0
BRDA:68,2,0,0
BRDA:68,2,1,0
BRDA:69,3,0,0
BRDA:69,3,1,0
BRDA:70,4,0,0
BRDA:70,4,1,0
BRDA:93,5,0,0
BRDA:93,5,1,0
BRDA:102,6,0,0
BRDA:106,7,0,0
BRDA:106,7,1,0
BRF:15
BRH:0
end_of_record
TN:
SF:src/modules/concept-mapping/services/topic.service.ts
FN:13,(anonymous_2)
FN:18,(anonymous_3)
FN:38,(anonymous_4)
FN:42,(anonymous_5)
FN:50,(anonymous_6)
FN:77,(anonymous_7)
FNF:6
FNH:6
FNDA:6,(anonymous_2)
FNDA:1,(anonymous_3)
FNDA:1,(anonymous_4)
FNDA:4,(anonymous_5)
FNDA:1,(anonymous_6)
FNDA:1,(anonymous_7)
DA:1,2
DA:6,2
DA:8,2
DA:9,2
DA:12,2
DA:14,6
DA:15,6
DA:19,1
DA:20,1
DA:21,1
DA:22,0
DA:25,1
DA:33,1
DA:35,1
DA:39,1
DA:43,4
DA:44,4
DA:45,1
DA:47,3
DA:52,1
DA:54,1
DA:55,0
DA:56,0
DA:57,0
DA:58,0
DA:59,0
DA:66,1
DA:73,1
DA:74,1
DA:78,1
DA:79,1
DA:80,1
DA:81,1
LF:33
LH:27
BRDA:21,0,0,0
BRDA:29,1,0,1
BRDA:29,1,1,1
BRDA:38,2,0,0
BRDA:44,3,0,1
BRDA:54,4,0,0
BRDA:56,5,0,0
BRDA:58,6,0,0
BRDA:58,7,0,0
BRDA:58,7,1,0
BRDA:68,8,0,0
BRDA:68,8,1,1
BRF:12
BRH:4
end_of_record
TN:
SF:src/modules/config/index.ts
FNF:0
FNH:0
DA:1,0
DA:2,0
DA:3,0
DA:4,0
DA:5,0
LF:5
LH:0
BRF:0
BRH:0
end_of_record
TN:
SF:src/modules/config/system-config.module.ts
FNF:0
FNH:0
DA:1,0
DA:2,0
DA:3,0
DA:4,0
DA:5,0
DA:6,0
DA:21,0
LF:7
LH:0
BRF:0
BRH:0
end_of_record
TN:
SF:src/modules/config/controllers/system-config.controller.ts
FN:29,(anonymous_4)
FN:39,(anonymous_5)
FN:52,(anonymous_6)
FN:66,(anonymous_7)
FNF:4
FNH:4
FNDA:4,(anonymous_4)
FNDA:1,(anonymous_5)
FNDA:1,(anonymous_6)
FNDA:1,(anonymous_7)
DA:1,1
DA:2,1
DA:9,1
DA:11,1
DA:13,1
DA:14,1
DA:15,1
DA:16,1
DA:17,1
DA:28,1
DA:29,4
DA:39,1
DA:40,1
DA:52,1
DA:55,1
DA:66,1
DA:67,1
LF:17
LH:17
BRF:0
BRH:0
end_of_record
TN:
SF:src/modules/config/dto/system-config.dto.ts
FNF:0
FNH:0
DA:1,2
DA:2,2
DA:4,2
DA:6,2
DA:9,2
DA:12,2
DA:15,2
DA:18,2
DA:21,2
DA:24,2
DA:26,2
DA:29,2
DA:32,2
DA:38,2
DA:41,2
DA:44,2
DA:46,2
DA:52,2
DA:58,2
DA:64,2
DA:67,2
DA:72,2
DA:78,2
DA:81,2
DA:84,2
DA:87,2
DA:92,2
DA:98,2
DA:101,2
DA:104,2
DA:107,2
DA:112,2
DA:115,2
DA:121,2
DA:127,2
DA:133,2
DA:136,2
DA:145,2
DA:153,2
DA:160,2
DA:167,2
DA:174,2
LF:42
LH:42
BRF:0
BRH:0
end_of_record
TN:
SF:src/modules/config/dto/update-system-config.dto.ts
FN:55,(anonymous_2)
FNF:1
FNH:1
FNDA:2,(anonymous_2)
DA:1,2
DA:2,2
DA:3,2
DA:16,2
DA:24,2
DA:29,2
DA:35,2
DA:41,2
DA:47,2
DA:53,2
DA:58,2
LF:11
LH:11
BRF:0
BRH:0
end_of_record
TN:
SF:src/modules/config/repositories/config.repository.ts
FN:13,(anonymous_4)
FN:20,(anonymous_5)
FN:24,(anonymous_6)
FNF:3
FNH:0
FNDA:0,(anonymous_4)
FNDA:0,(anonymous_5)
FNDA:0,(anonymous_6)
DA:1,2
DA:2,2
DA:4,2
DA:5,2
DA:8,2
DA:17,0
DA:21,0
DA:28,0
LF:8
LH:5
BRF:0
BRH:0
end_of_record
TN:
SF:src/modules/config/services/system-config.service.ts
FN:70,(anonymous_2)
FN:79,(anonymous_3)
FN:172,(anonymous_4)
FN:195,(anonymous_5)
FN:197,(anonymous_6)
FN:273,(anonymous_7)
FNF:6
FNH:4
FNDA:6,(anonymous_2)
FNDA:3,(anonymous_3)
FNDA:2,(anonymous_4)
FNDA:0,(anonymous_5)
FNDA:0,(anonymous_6)
FNDA:1,(anonymous_7)
DA:1,2
DA:2,2
DA:3,2
DA:4,2
DA:6,2
DA:8,2
DA:11,2
DA:12,2
DA:14,2
DA:69,2
DA:71,6
DA:72,6
DA:73,6
DA:83,3
DA:84,3
DA:85,2
DA:90,1
DA:98,1
DA:117,1
DA:118,1
DA:119,0
DA:126,1
DA:127,0
DA:134,1
DA:135,0
DA:142,1
DA:143,0
DA:150,1
DA:151,0
DA:158,1
DA:159,0
DA:163,1
DA:166,1
DA:169,1
DA:176,2
DA:177,2
DA:178,1
DA:187,1
DA:190,1
DA:193,1
DA:194,1
DA:195,0
DA:196,0
DA:197,0
DA:199,0
DA:203,1
DA:224,1
DA:226,1
DA:227,1
DA:228,0
DA:235,1
DA:236,1
DA:243,1
DA:244,0
DA:251,1
DA:252,0
DA:256,1
DA:257,0
DA:262,1
DA:263,1
DA:267,1
DA:270,1
DA:276,1
DA:278,1
LF:64
LH:50
BRDA:84,0,0,2
BRDA:99,1,0,1
BRDA:99,1,1,0
BRDA:102,2,0,1
BRDA:102,2,1,0
BRDA:105,3,0,1
BRDA:105,3,1,0
BRDA:108,4,0,1
BRDA:108,4,1,0
BRDA:111,5,0,1
BRDA:111,5,1,0
BRDA:118,6,0,0
BRDA:126,7,0,0
BRDA:134,8,0,0
BRDA:142,9,0,0
BRDA:150,10,0,0
BRDA:158,11,0,0
BRDA:177,12,0,1
BRDA:194,13,0,0
BRDA:197,14,0,0
BRDA:197,14,1,0
BRDA:199,15,0,0
BRDA:199,15,1,0
BRDA:227,16,0,0
BRDA:235,17,0,1
BRDA:243,18,0,0
BRDA:251,19,0,0
BRDA:256,20,0,0
BRDA:262,21,0,1
BRF:29
BRH:9
end_of_record
TN:
SF:src/modules/dashboard/dashboard.integration.spec.ts
FN:57,(anonymous_0)
FN:60,(anonymous_1)
FN:71,(anonymous_2)
FN:75,(anonymous_3)
FN:81,(anonymous_4)
FN:91,(anonymous_5)
FN:105,(anonymous_6)
FN:120,(anonymous_7)
FN:142,(anonymous_8)
FN:159,(anonymous_9)
FNF:10
FNH:0
FNDA:0,(anonymous_0)
FNDA:0,(anonymous_1)
FNDA:0,(anonymous_2)
FNDA:0,(anonymous_3)
FNDA:0,(anonymous_4)
FNDA:0,(anonymous_5)
FNDA:0,(anonymous_6)
FNDA:0,(anonymous_7)
FNDA:0,(anonymous_8)
FNDA:0,(anonymous_9)
DA:1,0
DA:2,0
DA:3,0
DA:9,0
DA:15,0
DA:48,0
DA:57,0
DA:60,0
DA:61,0
DA:68,0
DA:71,0
DA:72,0
DA:75,0
DA:76,0
DA:81,0
DA:82,0
DA:86,0
DA:88,0
DA:91,0
DA:92,0
DA:96,0
DA:98,0
DA:99,0
DA:100,0
DA:105,0
DA:106,0
DA:110,0
DA:112,0
DA:115,0
DA:120,0
DA:121,0
DA:125,0
DA:130,0
DA:132,0
DA:135,0
DA:142,0
DA:143,0
DA:148,0
DA:150,0
DA:152,0
DA:153,0
DA:154,0
DA:159,0
DA:160,0
DA:161,0
DA:163,0
LF:46
LH:0
BRF:0
BRH:0
end_of_record
TN:
SF:src/modules/dashboard/dashboard.module.ts
FNF:0
FNH:0
DA:1,0
DA:2,0
DA:3,0
DA:4,0
DA:5,0
DA:13,0
LF:6
LH:0
BRF:0
BRH:0
end_of_record
TN:
SF:src/modules/dashboard/index.ts
FNF:0
FNH:0
DA:1,0
LF:1
LH:0
BRF:0
BRH:0
end_of_record
TN:
SF:src/modules/dashboard/controllers/dashboard.controller.ts
FN:28,(anonymous_4)
FN:57,(anonymous_5)
FN:75,(anonymous_6)
FN:90,(anonymous_7)
FN:105,(anonymous_8)
FNF:5
FNH:0
FNDA:0,(anonymous_4)
FNDA:0,(anonymous_5)
FNDA:0,(anonymous_6)
FNDA:0,(anonymous_7)
FNDA:0,(anonymous_8)
DA:1,0
DA:2,0
DA:10,0
DA:11,0
DA:13,0
DA:14,0
DA:15,0
DA:16,0
DA:18,0
DA:20,0
DA:21,0
DA:27,0
DA:28,0
DA:57,0
DA:60,0
DA:75,0
DA:76,0
DA:90,0
DA:93,0
DA:105,0
DA:108,0
LF:21
LH:0
BRF:0
BRH:0
end_of_record
TN:
SF:src/modules/dashboard/dto/dashboard-response.dto.ts
FNF:0
FNH:0
DA:1,0
DA:25,0
DA:30,0
DA:37,0
DA:40,0
DA:46,0
DA:53,0
DA:61,0
DA:68,0
DA:70,0
DA:73,0
DA:76,0
DA:84,0
DA:91,0
DA:98,0
DA:100,0
DA:103,0
DA:106,0
DA:112,0
DA:120,0
DA:127,0
DA:129,0
DA:132,0
DA:135,0
LF:24
LH:0
BRF:0
BRH:0
end_of_record
TN:
SF:src/modules/dashboard/entities/dashboard-activity-item.entity.ts
FNF:0
FNH:0
DA:1,0
DA:4,0
DA:9,0
DA:15,0
DA:21,0
DA:27,0
LF:6
LH:0
BRF:0
BRH:0
end_of_record
TN:
SF:src/modules/dashboard/entities/dashboard-analytics-summary.entity.ts
FNF:0
FNH:0
DA:1,0
DA:4,0
DA:9,0
DA:15,0
DA:18,0
DA:24,0
LF:6
LH:0
BRF:0
BRH:0
end_of_record
TN:
SF:src/modules/dashboard/entities/dashboard-stats.entity.ts
FNF:0
FNH:0
DA:1,0
DA:4,0
DA:9,0
DA:15,0
DA:21,0
DA:27,0
LF:6
LH:0
BRF:0
BRH:0
end_of_record
TN:
SF:src/modules/dashboard/repositories/dashboard.repository.ts
FN:14,(anonymous_2)
FN:18,(anonymous_3)
FN:52,(anonymous_4)
FN:73,(anonymous_5)
FN:102,(anonymous_6)
FN:113,(anonymous_7)
FN:129,(anonymous_8)
FNF:7
FNH:0
FNDA:0,(anonymous_2)
FNDA:0,(anonymous_3)
FNDA:0,(anonymous_4)
FNDA:0,(anonymous_5)
FNDA:0,(anonymous_6)
FNDA:0,(anonymous_7)
FNDA:0,(anonymous_8)
DA:1,2
DA:3,2
DA:13,2
DA:14,0
DA:19,0
DA:45,0
DA:53,0
DA:65,0
DA:74,0
DA:103,0
DA:114,0
DA:130,0
LF:12
LH:3
BRF:0
BRH:0
end_of_record
TN:
SF:src/modules/dashboard/services/dashboard.service.ts
FN:21,(anonymous_2)
FN:25,(anonymous_3)
FN:51,(anonymous_4)
FN:90,(anonymous_5)
FN:101,(anonymous_6)
FN:126,(anonymous_7)
FN:142,(anonymous_8)
FN:155,(anonymous_9)
FN:173,(anonymous_10)
FNF:9
FNH:9
FNDA:20,(anonymous_2)
FNDA:3,(anonymous_3)
FNDA:3,(anonymous_4)
FNDA:3,(anonymous_5)
FNDA:1,(anonymous_6)
FNDA:10,(anonymous_7)
FNDA:1,(anonymous_8)
FNDA:2,(anonymous_9)
FNDA:3,(anonymous_10)
DA:1,2
DA:7,2
DA:8,2
DA:20,2
DA:21,20
DA:27,3
DA:28,1
DA:32,2
DA:35,2
DA:36,2
DA:38,2
DA:40,2
DA:43,2
DA:55,3
DA:56,1
DA:61,2
DA:65,2
DA:69,2
DA:73,2
DA:77,2
DA:82,2
DA:92,3
DA:93,1
DA:98,2
DA:101,2
DA:103,1
DA:104,1
DA:128,10
DA:129,2
DA:133,8
DA:140,8
DA:142,8
DA:143,1
DA:144,1
DA:154,8
DA:156,2
DA:157,2
DA:159,2
DA:162,2
DA:172,8
DA:173,3
DA:185,8
LF:42
LH:42
BRDA:27,0,0,1
BRDA:27,1,0,3
BRDA:27,1,1,2
BRDA:27,1,2,2
BRDA:38,2,0,1
BRDA:38,2,1,1
BRDA:40,3,0,1
BRDA:40,3,1,1
BRDA:55,4,0,1
BRDA:55,5,0,3
BRDA:55,5,1,2
BRDA:55,5,2,2
BRDA:65,6,0,1
BRDA:65,6,1,1
BRDA:69,7,0,1
BRDA:69,7,1,1
BRDA:73,8,0,1
BRDA:73,8,1,1
BRDA:77,9,0,1
BRDA:77,9,1,1
BRDA:92,10,0,1
BRDA:92,11,0,3
BRDA:92,11,1,2
BRDA:92,11,2,2
BRDA:128,12,0,2
BRDA:128,13,0,10
BRDA:128,13,1,9
BRDA:128,13,2,9
BRDA:146,14,0,1
BRDA:146,14,1,0
BRDA:149,15,0,1
BRDA:149,15,1,0
BRDA:150,16,0,1
BRDA:150,16,1,0
BRDA:157,17,0,2
BRDA:157,17,1,0
BRDA:159,18,0,1
BRDA:159,18,1,1
BRDA:166,19,0,2
BRDA:166,19,1,1
BRDA:178,20,0,3
BRDA:178,20,1,1
BRDA:180,21,0,3
BRDA:180,21,1,1
BRF:44
BRH:40
end_of_record
TN:
SF:src/modules/decision/decision.module.ts
FNF:0
FNH:0
DA:1,0
DA:2,0
DA:3,0
DA:10,0
LF:4
LH:0
BRF:0
BRH:0
end_of_record
TN:
SF:src/modules/decision/controllers/decision.controller.ts
FN:24,(anonymous_4)
FN:30,(anonymous_5)
FN:38,(anonymous_6)
FNF:3
FNH:0
FNDA:0,(anonymous_4)
FNDA:0,(anonymous_5)
FNDA:0,(anonymous_6)
DA:1,0
DA:10,0
DA:11,0
DA:12,0
DA:13,0
DA:14,0
DA:15,0
DA:16,0
DA:23,0
DA:24,0
DA:30,0
DA:31,0
DA:38,0
DA:39,0
LF:14
LH:0
BRF:0
BRH:0
end_of_record
TN:
SF:src/modules/decision/services/decision.service.ts
FN:5,(anonymous_1)
FN:10,(anonymous_2)
FNF:2
FNH:0
FNDA:0,(anonymous_1)
FNDA:0,(anonymous_2)
DA:1,0
DA:4,0
DA:6,0
DA:7,0
DA:11,0
DA:12,0
LF:6
LH:0
BRF:0
BRH:0
end_of_record
TN:
SF:src/modules/difficulty-distribution/difficulty-distribution.module.ts
FNF:0
FNH:0
DA:1,0
DA:2,0
DA:3,0
DA:4,0
DA:5,0
DA:13,0
LF:6
LH:0
BRF:0
BRH:0
end_of_record
TN:
SF:src/modules/difficulty-distribution/controllers/difficulty-distribution.controller.ts
FN:38,(anonymous_4)
FN:50,(anonymous_5)
FN:68,(anonymous_6)
FN:86,(anonymous_7)
FN:99,(anonymous_8)
FNF:5
FNH:4
FNDA:4,(anonymous_4)
FNDA:1,(anonymous_5)
FNDA:1,(anonymous_6)
FNDA:0,(anonymous_7)
FNDA:2,(anonymous_8)
DA:1,1
DA:12,1
DA:20,1
DA:21,1
DA:28,1
DA:29,1
DA:30,1
DA:37,1
DA:38,4
DA:50,1
DA:55,1
DA:68,1
DA:73,1
DA:86,1
DA:91,0
DA:99,1
DA:100,2
DA:101,2
DA:102,1
DA:107,1
LF:20
LH:19
BRDA:101,0,0,1
BRF:1
BRH:1
end_of_record
TN:
SF:src/modules/difficulty-distribution/repositories/difficulty-distribution.repository.ts
FN:7,(anonymous_2)
FN:9,(anonymous_3)
FN:17,(anonymous_4)
FN:35,(anonymous_5)
FN:53,(anonymous_6)
FN:68,(anonymous_7)
FNF:6
FNH:0
FNDA:0,(anonymous_2)
FNDA:0,(anonymous_3)
FNDA:0,(anonymous_4)
FNDA:0,(anonymous_5)
FNDA:0,(anonymous_6)
FNDA:0,(anonymous_7)
DA:1,2
DA:2,2
DA:6,2
DA:7,0
DA:12,0
DA:25,0
DA:43,0
DA:61,0
DA:62,0
DA:63,0
DA:65,0
DA:69,0
DA:72,0
LF:13
LH:3
BRDA:62,0,0,0
BRF:1
BRH:0
end_of_record
TN:
SF:src/modules/difficulty-distribution/services/difficulty-distribution.service.ts
FN:12,(anonymous_2)
FN:14,(anonymous_3)
FN:27,(anonymous_4)
FN:77,(anonymous_5)
FNF:4
FNH:4
FNDA:5,(anonymous_2)
FNDA:2,(anonymous_3)
FNDA:3,(anonymous_4)
FNDA:2,(anonymous_5)
DA:1,2
DA:2,2
DA:3,2
DA:11,2
DA:12,5
DA:17,2
DA:18,2
DA:19,1
DA:22,1
DA:23,1
DA:24,1
DA:31,3
DA:32,3
DA:33,0
DA:37,3
DA:42,1
DA:48,2
DA:53,0
DA:60,2
DA:61,2
DA:62,1
DA:68,1
DA:74,1
DA:86,2
LF:24
LH:22
BRDA:18,0,0,1
BRDA:23,1,0,0
BRDA:32,2,0,0
BRDA:37,3,0,1
BRDA:38,4,0,3
BRDA:38,4,1,2
BRDA:38,4,2,2
BRDA:48,5,0,0
BRDA:49,6,0,2
BRDA:49,6,1,2
BRDA:49,6,2,2
BRDA:61,7,0,1
BRF:12
BRH:9
end_of_record
TN:
SF:src/modules/evaluation/evaluation.module.ts
FNF:0
FNH:0
DA:1,0
DA:2,0
DA:3,0
DA:4,0
DA:5,0
DA:6,0
DA:7,0
DA:8,0
DA:9,0
DA:10,0
DA:11,0
DA:12,0
DA:13,0
DA:14,0
DA:46,0
LF:15
LH:0
BRF:0
BRH:0
end_of_record
TN:
SF:src/modules/evaluation/analytics/performance-analytics.service.ts
FN:10,(anonymous_1)
FN:29,(anonymous_2)
FNF:2
FNH:2
FNDA:1,(anonymous_1)
FNDA:3,(anonymous_2)
DA:1,3
DA:6,3
DA:19,1
DA:21,1
DA:22,1
DA:24,1
DA:25,1
DA:26,1
DA:28,1
DA:29,3
DA:30,2
DA:31,2
DA:32,2
DA:38,2
DA:39,2
DA:40,2
DA:44,2
DA:45,2
DA:46,2
DA:50,2
DA:51,2
DA:53,2
DA:54,2
DA:55,2
DA:59,2
DA:60,2
DA:61,2
DA:63,2
DA:64,2
DA:65,2
DA:69,2
DA:70,1
DA:72,2
DA:73,2
DA:74,2
DA:78,1
DA:79,1
DA:80,2
DA:84,1
DA:85,1
DA:86,2
DA:90,1
DA:91,1
DA:92,1
DA:97,1
DA:101,1
DA:105,1
LF:47
LH:47
BRDA:30,0,0,2
BRDA:30,0,1,0
BRDA:30,1,0,2
BRDA:30,1,1,0
BRDA:31,2,0,2
BRDA:31,2,1,0
BRDA:31,3,0,2
BRDA:31,3,1,0
BRDA:32,4,0,2
BRDA:32,4,1,0
BRDA:33,5,0,2
BRDA:33,5,1,0
BRDA:38,6,0,2
BRDA:38,6,1,2
BRDA:39,7,0,2
BRDA:44,8,0,2
BRDA:44,8,1,0
BRDA:44,8,2,0
BRDA:45,9,0,2
BRDA:50,10,0,2
BRDA:54,11,0,2
BRDA:60,12,0,2
BRDA:64,13,0,2
BRDA:69,14,0,1
BRDA:73,15,0,2
BRDA:81,16,0,2
BRDA:81,16,1,0
BRDA:87,17,0,2
BRDA:87,17,1,0
BRDA:93,18,0,1
BRDA:93,18,1,0
BRDA:97,19,0,1
BRDA:97,19,1,0
BRDA:101,20,0,1
BRDA:101,20,1,0
BRF:35
BRH:22
end_of_record
TN:
SF:src/modules/evaluation/analytics/strength-weakness.service.ts
FN:15,(anonymous_1)
FNF:1
FNH:1
FNDA:1,(anonymous_1)
DA:1,3
DA:10,3
DA:18,1
DA:19,1
DA:22,1
DA:23,2
DA:24,2
DA:26,0
DA:32,1
DA:33,1
DA:35,1
LF:11
LH:10
BRDA:23,0,0,2
BRDA:23,0,1,0
BRF:2
BRH:1
end_of_record
TN:
SF:src/modules/evaluation/controllers/evaluation.controller.ts
FN:30,(anonymous_4)
FN:43,(anonymous_5)
FN:51,(anonymous_6)
FN:58,(anonymous_7)
FN:94,(anonymous_8)
FN:95,(anonymous_9)
FN:124,(anonymous_10)
FN:148,(anonymous_11)
FN:169,(anonymous_12)
FN:176,(anonymous_13)
FNF:10
FNH:0
FNDA:0,(anonymous_4)
FNDA:0,(anonymous_5)
FNDA:0,(anonymous_6)
FNDA:0,(anonymous_7)
FNDA:0,(anonymous_8)
FNDA:0,(anonymous_9)
FNDA:0,(anonymous_10)
FNDA:0,(anonymous_11)
FNDA:0,(anonymous_12)
FNDA:0,(anonymous_13)
DA:1,0
DA:12,0
DA:13,0
DA:14,0
DA:15,0
DA:16,0
DA:17,0
DA:18,0
DA:19,0
DA:20,0
DA:21,0
DA:22,0
DA:23,0
DA:29,0
DA:31,0
DA:32,0
DA:33,0
DA:34,0
DA:35,0
DA:36,0
DA:43,0
DA:44,0
DA:51,0
DA:52,0
DA:58,0
DA:59,0
DA:60,0
DA:61,0
DA:65,0
DA:80,0
DA:81,0
DA:92,0
DA:94,0
DA:95,0
DA:97,0
DA:98,0
DA:99,0
DA:100,0
DA:101,0
DA:103,0
DA:112,0
DA:115,0
DA:124,0
DA:137,0
DA:138,0
DA:142,0
DA:148,0
DA:157,0
DA:158,0
DA:169,0
DA:170,0
DA:176,0
DA:177,0
LF:53
LH:0
BRDA:60,0,0,0
BRDA:80,1,0,0
BRDA:97,2,0,0
BRDA:97,2,1,0
BRDA:98,3,0,0
BRDA:98,3,1,0
BRDA:98,3,2,0
BRDA:99,4,0,0
BRDA:99,4,1,0
BRDA:99,4,2,0
BRDA:100,5,0,0
BRDA:100,5,1,0
BRDA:100,5,2,0
BRDA:101,6,0,0
BRDA:101,6,1,0
BRDA:101,6,2,0
BRDA:128,7,0,0
BRDA:128,7,1,0
BRDA:128,8,0,0
BRDA:128,8,1,0
BRDA:133,9,0,0
BRDA:133,9,1,0
BRF:22
BRH:0
end_of_record
TN:
SF:src/modules/evaluation/integrations/execution-evaluation.integration.ts
FN:14,(anonymous_2)
FN:23,(anonymous_3)
FNF:2
FNH:2
FNDA:1,(anonymous_2)
FNDA:1,(anonymous_3)
DA:1,1
DA:4,1
DA:5,1
DA:6,1
DA:9,1
DA:10,1
DA:15,1
DA:16,1
DA:24,1
DA:25,1
DA:26,1
DA:31,1
DA:34,1
DA:37,1
DA:38,1
DA:40,1
DA:45,0
DA:47,0
DA:48,0
DA:54,0
DA:59,0
LF:21
LH:16
BRDA:47,0,0,0
BRDA:47,0,1,0
BRF:2
BRH:0
end_of_record
TN:
SF:src/modules/evaluation/objective/objective-evaluator.service.ts
FN:19,(anonymous_1)
FN:31,(anonymous_2)
FN:79,(anonymous_3)
FN:88,(anonymous_4)
FN:93,(anonymous_5)
FN:101,(anonymous_6)
FN:102,(anonymous_7)
FN:111,(anonymous_8)
FNF:8
FNH:8
FNDA:4,(anonymous_1)
FNDA:12,(anonymous_2)
FNDA:8,(anonymous_3)
FNDA:6,(anonymous_4)
FNDA:8,(anonymous_5)
FNDA:4,(anonymous_6)
FNDA:4,(anonymous_7)
FNDA:6,(anonymous_8)
DA:1,4
DA:15,4
DA:28,4
DA:30,4
DA:31,12
DA:34,8
DA:35,8
DA:37,8
DA:38,8
DA:39,8
DA:43,3
DA:44,5
DA:45,3
DA:46,2
DA:47,2
DA:51,8
DA:52,8
DA:54,8
DA:59,8
DA:60,8
DA:62,8
DA:73,4
DA:80,8
DA:81,8
DA:83,8
DA:84,0
DA:87,8
DA:88,3
DA:89,6
DA:90,4
DA:91,4
DA:92,4
DA:93,8
DA:99,2
DA:101,4
DA:102,4
DA:105,3
DA:106,3
DA:108,3
DA:109,0
DA:111,6
DA:114,5
DA:115,2
DA:116,2
DA:117,2
DA:118,0
DA:120,2
DA:124,3
LF:48
LH:45
BRDA:37,0,0,8
BRDA:38,1,0,8
BRDA:38,1,1,0
BRDA:39,2,0,3
BRDA:39,2,1,5
BRDA:40,3,0,8
BRDA:40,3,1,3
BRDA:44,4,0,3
BRDA:44,4,1,2
BRDA:46,5,0,2
BRDA:51,6,0,8
BRDA:51,6,1,0
BRDA:52,7,0,8
BRDA:52,7,1,0
BRDA:59,8,0,5
BRDA:59,8,1,3
BRDA:80,9,0,8
BRDA:80,9,1,0
BRDA:81,10,0,8
BRDA:81,10,1,0
BRDA:83,11,0,0
BRDA:87,12,0,3
BRDA:89,13,0,4
BRDA:89,14,0,6
BRDA:89,14,1,4
BRDA:92,15,0,4
BRDA:108,16,0,0
BRDA:114,17,0,2
BRDA:117,18,0,0
BRDA:117,19,0,2
BRDA:117,19,1,2
BRF:31
BRH:23
end_of_record
TN:
SF:src/modules/evaluation/recommendations/recommendation.service.ts
FN:7,(anonymous_1)
FN:24,(anonymous_2)
FNF:2
FNH:2
FNDA:3,(anonymous_1)
FNDA:3,(anonymous_2)
DA:1,4
DA:4,4
DA:7,4
DA:8,3
DA:27,3
DA:29,3
DA:30,7
DA:31,2
DA:32,2
DA:34,2
DA:45,3
DA:46,2
DA:56,3
LF:13
LH:13
BRDA:30,0,0,2
BRDA:31,1,0,2
BRDA:31,1,1,0
BRDA:32,2,0,1
BRDA:32,2,1,1
BRDA:45,3,0,2
BRF:6
BRH:5
end_of_record
TN:
SF:src/modules/evaluation/scoring/overall-score.service.ts
FN:9,(anonymous_1)
FNF:1
FNH:1
FNDA:2,(anonymous_1)
DA:1,4
DA:5,4
DA:10,2
DA:11,2
DA:12,2
DA:13,2
DA:15,2
DA:16,3
DA:17,3
DA:18,3
DA:19,3
DA:23,2
DA:27,2
DA:30,2
DA:32,2
LF:15
LH:15
BRDA:23,0,0,2
BRDA:23,0,1,0
BRDA:27,1,0,2
BRDA:27,1,1,0
BRF:4
BRH:2
end_of_record
TN:
SF:src/modules/evaluation/scoring/section-scoring.service.ts
FN:11,(anonymous_1)
FN:24,(anonymous_2)
FN:26,(anonymous_3)
FNF:3
FNH:3
FNDA:2,(anonymous_1)
FNDA:5,(anonymous_2)
FNDA:5,(anonymous_3)
DA:1,4
DA:6,4
DA:20,2
DA:22,2
DA:23,2
DA:24,5
DA:26,2
DA:27,5
DA:30,2
DA:31,2
DA:32,2
DA:33,2
DA:35,2
DA:36,5
DA:37,3
DA:38,3
DA:39,2
DA:43,1
DA:45,1
DA:49,2
DA:51,2
DA:53,2
DA:64,2
LF:23
LH:23
BRDA:36,0,0,3
BRDA:36,0,1,2
BRDA:39,1,0,1
BRDA:39,1,1,1
BRDA:40,2,0,2
BRDA:40,2,1,1
BRDA:51,3,0,2
BRDA:51,3,1,0
BRF:8
BRH:7
end_of_record
TN:
SF:src/modules/evaluation/services/evaluation-queue.service.ts
FN:15,(anonymous_2)
FN:20,(anonymous_3)
FN:89,(anonymous_4)
FN:114,(anonymous_5)
FN:142,(anonymous_6)
FNF:5
FNH:0
FNDA:0,(anonymous_2)
FNDA:0,(anonymous_3)
FNDA:0,(anonymous_4)
FNDA:0,(anonymous_5)
FNDA:0,(anonymous_6)
DA:1,1
DA:6,1
DA:7,1
DA:8,1
DA:9,1
DA:12,1
DA:13,0
DA:16,0
DA:17,0
DA:26,0
DA:32,0
DA:36,0
DA:40,0
DA:43,0
DA:50,0
DA:51,0
DA:63,0
DA:71,0
DA:78,0
DA:85,0
DA:90,0
DA:92,0
DA:96,0
DA:97,0
DA:103,0
DA:115,0
DA:117,0
DA:121,0
DA:122,0
DA:128,0
DA:129,0
DA:137,0
DA:141,0
DA:142,0
DA:143,0
DA:147,0
DA:158,0
DA:169,0
LF:38
LH:6
BRDA:36,0,0,0
BRDA:37,1,0,0
BRDA:37,1,1,0
BRDA:82,2,0,0
BRDA:82,2,1,0
BRDA:96,3,0,0
BRDA:121,4,0,0
BRDA:128,5,0,0
BRF:8
BRH:0
end_of_record
TN:
SF:src/modules/evaluation/services/evaluation.service.ts
FN:5,(anonymous_1)
FN:10,(anonymous_2)
FNF:2
FNH:0
FNDA:0,(anonymous_1)
FNDA:0,(anonymous_2)
DA:1,0
DA:4,0
DA:6,0
[...]
DA:15,0
DA:17,0
LF:7
LH:0
BRF:0
BRH:0
end_of_record
TN:
SF:src/modules/workflows/workflows.module.ts
FNF:0
FNH:0
DA:1,0
DA:2,0
DA:3,0
DA:4,0
DA:5,0
DA:6,0
DA:7,0
DA:8,0
DA:9,0
DA:10,0
DA:11,0
DA:12,0
DA:13,0
DA:14,0
DA:15,0
DA:16,0
DA:17,0
DA:18,0
DA:44,0
LF:19
LH:0
BRF:0
BRH:0
end_of_record
TN:
SF:src/modules/workflows/controllers/workflow.controller.ts
FN:47,(anonymous_4)
FN:52,(anonymous_5)
FN:62,(anonymous_6)
FN:76,(anonymous_7)
FN:86,(anonymous_8)
FN:94,(anonymous_9)
FN:102,(anonymous_10)
FN:108,(anonymous_11)
FN:124,(anonymous_12)
FN:134,(anonymous_13)
FN:145,(anonymous_14)
FN:158,(anonymous_15)
FN:167,(anonymous_16)
FN:176,(anonymous_17)
FN:186,(anonymous_18)
FN:199,(anonymous_19)
FN:211,(anonymous_20)
FN:223,(anonymous_21)
FN:242,(anonymous_22)
FN:249,(anonymous_23)
FN:256,(anonymous_24)
FNF:21
FNH:0
FNDA:0,(anonymous_4)
FNDA:0,(anonymous_5)
FNDA:0,(anonymous_6)
FNDA:0,(anonymous_7)
FNDA:0,(anonymous_8)
FNDA:0,(anonymous_9)
FNDA:0,(anonymous_10)
FNDA:0,(anonymous_11)
FNDA:0,(anonymous_12)
FNDA:0,(anonymous_13)
FNDA:0,(anonymous_14)
FNDA:0,(anonymous_15)
FNDA:0,(anonymous_16)
FNDA:0,(anonymous_17)
FNDA:0,(anonymous_18)
FNDA:0,(anonymous_19)
FNDA:0,(anonymous_20)
FNDA:0,(anonymous_21)
FNDA:0,(anonymous_22)
FNDA:0,(anonymous_23)
FNDA:0,(anonymous_24)
DA:1,0
DA:11,0
DA:21,0
DA:22,0
DA:23,0
DA:24,0
DA:26,0
DA:28,0
DA:29,0
DA:30,0
DA:37,0
DA:38,0
DA:39,0
DA:46,0
DA:47,0
DA:52,0
DA:53,0
DA:62,0
DA:63,0
DA:76,0
DA:77,0
DA:86,0
DA:87,0
DA:94,0
DA:95,0
DA:102,0
DA:103,0
DA:108,0
DA:114,0
DA:124,0
DA:129,0
DA:134,0
DA:140,0
DA:145,0
DA:150,0
DA:158,0
DA:162,0
DA:167,0
DA:171,0
DA:176,0
DA:180,0
DA:186,0
DA:191,0
DA:199,0
DA:203,0
DA:211,0
DA:216,0
DA:223,0
DA:228,0
DA:230,0
DA:232,0
DA:234,0
DA:236,0
DA:242,0
DA:243,0
DA:249,0
DA:250,0
DA:256,0
DA:260,0
LF:59
LH:0
BRDA:116,0,0,0
BRDA:116,0,1,0
BRDA:117,1,0,0
BRDA:117,1,1,0
BRDA:228,2,0,0
BRDA:228,2,1,0
BRDA:228,2,2,0
BRDA:228,2,3,0
BRF:8
BRH:0
end_of_record
TN:
SF:src/modules/workflows/dto/admin-insights.dto.ts
FNF:0
FNH:0
DA:1,0
DA:3,0
DA:5,0
DA:8,0
DA:11,0
DA:14,0
DA:16,0
DA:19,0
DA:22,0
DA:25,0
DA:28,0
DA:31,0
DA:34,0
DA:37,0
DA:40,0
DA:43,0
DA:46,0
DA:49,0
LF:18
LH:0
BRF:0
BRH:0
end_of_record
TN:
SF:src/modules/workflows/dto/workflow-dashboard.dto.ts
FNF:0
FNH:0
DA:1,0
DA:2,0
DA:3,0
DA:5,0
DA:7,0
DA:10,0
DA:13,0
DA:16,0
DA:19,0
DA:22,0
DA:25,0
DA:28,0
DA:31,0
LF:13
LH:0
BRF:0
BRH:0
end_of_record
TN:
SF:src/modules/workflows/dto/workflow-filter.dto.ts
FN:14,(anonymous_2)
FN:57,(anonymous_3)
FN:64,(anonymous_4)
FNF:3
FNH:0
FNDA:0,(anonymous_2)
FNDA:0,(anonymous_3)
FNDA:0,(anonymous_4)
DA:1,0
DA:10,0
DA:11,0
DA:12,0
DA:14,0
DA:18,0
DA:23,0
DA:28,0
DA:33,0
DA:38,0
DA:43,0
DA:48,0
DA:53,0
DA:57,0
DA:60,0
DA:64,0
DA:68,0
LF:17
LH:0
BRF:0
BRH:0
end_of_record
TN:
SF:src/modules/workflows/dto/workflow-mapper.ts
FN:10,toWorkflowDashboardDto
FN:27,toWorkflowResponseDto
FN:41,toWorkflowStatusDto
FNF:3
FNH:0
FNDA:0,toWorkflowDashboardDto
FNDA:0,toWorkflowResponseDto
FNDA:0,toWorkflowStatusDto
DA:10,1
DA:14,0
DA:27,1
DA:30,0
DA:41,1
DA:49,0
LF:6
LH:3
BRDA:17,0,0,0
BRDA:17,0,1,0
BRF:2
BRH:0
end_of_record
TN:
SF:src/modules/workflows/dto/workflow-status.dto.ts
FNF:0
FNH:0
DA:1,0
DA:2,0
DA:4,0
DA:8,0
DA:11,0
DA:14,0
DA:17,0
DA:20,0
DA:23,0
DA:25,0
DA:28,0
DA:31,0
DA:34,0
DA:36,0
DA:39,0
DA:42,0
DA:45,0
DA:48,0
DA:51,0
DA:54,0
DA:57,0
DA:60,0
LF:22
LH:0
BRF:0
BRH:0
end_of_record
TN:
SF:src/modules/workflows/dto/workflow.dto.ts
FNF:0
FNH:0
DA:1,0
DA:2,0
DA:3,0
DA:5,0
DA:11,0
DA:14,0
DA:18,0
DA:21,0
DA:25,0
DA:28,0
DA:32,0
DA:40,0
DA:43,0
DA:45,0
DA:48,0
DA:51,0
DA:54,0
DA:57,0
DA:60,0
DA:63,0
LF:20
LH:0
BRF:0
BRH:0
end_of_record
TN:
SF:src/modules/workflows/events/workflow.events.ts
FN:4,(anonymous_0)
FN:8,(anonymous_1)
FN:12,(anonymous_2)
FN:19,(anonymous_3)
FN:23,(anonymous_4)
FN:27,(anonymous_5)
FN:31,(anonymous_6)
FN:35,(anonymous_7)
FN:42,(anonymous_8)
FNF:9
FNH:0
FNDA:0,(anonymous_0)
FNDA:0,(anonymous_1)
FNDA:0,(anonymous_2)
FNDA:0,(anonymous_3)
FNDA:0,(anonymous_4)
FNDA:0,(anonymous_5)
FNDA:0,(anonymous_6)
FNDA:0,(anonymous_7)
FNDA:0,(anonymous_8)
DA:3,3
DA:4,0
DA:7,3
DA:8,0
DA:11,3
DA:13,0
DA:14,0
DA:18,3
DA:19,0
DA:22,3
DA:23,0
DA:26,3
DA:27,0
DA:30,3
DA:31,0
DA:34,3
DA:36,0
DA:37,0
DA:41,3
DA:43,0
DA:44,0
LF:21
LH:9
BRF:0
BRH:0
end_of_record
TN:
SF:src/modules/workflows/guards/workflow-transition.guard.ts
FN:7,(anonymous_1)
FN:15,(anonymous_2)
FN:23,(anonymous_3)
FN:34,(anonymous_4)
FNF:4
FNH:1
FNDA:2,(anonymous_1)
FNDA:0,(anonymous_2)
FNDA:0,(anonymous_3)
FNDA:0,(anonymous_4)
DA:1,3
DA:2,3
DA:3,3
DA:6,3
DA:8,2
DA:9,1
DA:16,0
DA:17,0
DA:24,0
DA:28,0
DA:35,0
DA:36,0
DA:38,0
DA:39,0
LF:14
LH:6
BRDA:8,0,0,1
BRDA:16,1,0,0
BRDA:24,2,0,0
BRDA:25,3,0,0
BRDA:25,3,1,0
BRDA:35,4,0,0
BRDA:38,5,0,0
BRF:7
BRH:1
end_of_record
TN:
SF:src/modules/workflows/orchestrators/exam-workflow.orchestrator.ts
FN:14,(anonymous_2)
FN:23,(anonymous_3)
FN:35,(anonymous_4)
FN:46,(anonymous_5)
FN:59,(anonymous_6)
FN:86,(anonymous_7)
FN:107,(anonymous_8)
FNF:7
FNH:1
FNDA:1,(anonymous_2)
FNDA:0,(anonymous_3)
FNDA:0,(anonymous_4)
FNDA:0,(anonymous_5)
FNDA:0,(anonymous_6)
FNDA:0,(anonymous_7)
FNDA:0,(anonymous_8)
DA:1,2
DA:2,2
DA:3,2
DA:4,2
DA:5,2
DA:6,2
DA:7,2
DA:8,2
DA:11,2
DA:12,1
DA:15,1
DA:16,1
DA:17,1
DA:18,1
DA:19,1
DA:20,1
DA:24,0
DA:27,0
DA:30,0
DA:33,0
DA:35,0
DA:37,0
DA:38,0
DA:39,0
DA:40,0
DA:41,0
DA:42,0
DA:51,0
DA:54,0
DA:56,0
DA:63,0
DA:65,0
DA:70,0
DA:72,0
DA:74,0
DA:77,0
DA:79,0
DA:80,0
DA:81,0
DA:82,0
DA:90,0
DA:92,0
DA:96,0
DA:97,0
DA:98,0
DA:100,0
DA:101,0
DA:102,0
DA:103,0
DA:108,0
DA:109,0
DA:113,0
DA:114,0
DA:115,0
LF:54
LH:16
BRDA:23,0,0,0
BRDA:37,1,0,0
BRDA:37,1,1,0
BRDA:39,2,0,0
BRDA:39,2,1,0
BRDA:41,3,0,0
BRDA:48,4,0,0
BRDA:61,5,0,0
BRDA:65,6,0,0
BRDA:79,7,0,0
BRDA:79,7,1,0
BRDA:88,8,0,0
BRDA:92,9,0,0
BRDA:100,10,0,0
BRDA:100,10,1,0
BRDA:107,11,0,0
BRF:16
BRH:0
end_of_record
TN:
SF:src/modules/workflows/repositories/workflow.repository.ts
FN:14,(anonymous_4)
FN:21,(anonymous_5)
FN:25,(anonymous_6)
FN:31,(anonymous_7)
FN:95,(anonymous_8)
FN:101,(anonymous_9)
FNF:6
FNH:0
FNDA:0,(anonymous_4)
FNDA:0,(anonymous_5)
FNDA:0,(anonymous_6)
FNDA:0,(anonymous_7)
FNDA:0,(anonymous_8)
FNDA:0,(anonymous_9)
DA:1,2
DA:2,2
DA:3,2
DA:4,2
DA:9,2
DA:15,0
DA:16,0
DA:18,0
DA:22,0
DA:26,0
DA:45,0
DA:47,0
DA:49,0
DA:50,0
DA:52,0
DA:53,0
DA:54,0
DA:55,0
DA:58,0
DA:59,0
DA:62,0
DA:63,0
DA:69,0
DA:73,0
DA:74,0
DA:75,0
DA:77,0
DA:92,0
DA:98,0
DA:102,0
LF:30
LH:5
BRDA:41,0,0,0
BRDA:42,1,0,0
BRDA:43,2,0,0
BRDA:44,3,0,0
BRDA:49,4,0,0
BRDA:50,5,0,0
BRDA:52,6,0,0
BRDA:52,7,0,0
BRDA:52,7,1,0
BRDA:54,8,0,0
BRDA:55,9,0,0
BRDA:58,10,0,0
BRDA:62,11,0,0
BRDA:73,12,0,0
BRDA:73,12,1,0
BRDA:74,13,0,0
BRDA:74,13,1,0
BRF:17
BRH:0
end_of_record
TN:
SF:src/modules/workflows/services/exam-workflow.service.ts
FN:9,(anonymous_2)
FN:14,(anonymous_3)
FN:37,(anonymous_4)
FN:45,(anonymous_5)
FN:73,(anonymous_6)
FN:101,(anonymous_7)
FN:126,(anonymous_8)
FN:147,(anonymous_9)
FNF:8
FNH:0
FNDA:0,(anonymous_2)
FNDA:0,(anonymous_3)
FNDA:0,(anonymous_4)
FNDA:0,(anonymous_5)
FNDA:0,(anonymous_6)
FNDA:0,(anonymous_7)
FNDA:0,(anonymous_8)
FNDA:0,(anonymous_9)
DA:1,2
DA:2,2
DA:3,2
DA:4,2
DA:5,2
DA:8,2
DA:10,0
DA:11,0
DA:18,0
DA:38,0
DA:39,0
DA:40,0
DA:42,0
DA:49,0
DA:50,0
DA:53,0
DA:55,0
DA:57,0
DA:78,0
DA:79,0
DA:83,0
DA:85,0
DA:105,0
DA:106,0
DA:110,0
DA:131,0
DA:133,0
DA:152,0
DA:154,0
LF:29
LH:6
BRDA:16,0,0,0
BRDA:39,1,0,0
BRDA:47,2,0,0
BRDA:75,3,0,0
BRDA:96,4,0,0
BRDA:96,4,1,0
BRDA:103,5,0,0
BRDA:129,6,0,0
BRDA:150,7,0,0
BRF:9
BRH:0
end_of_record
TN:
SF:src/modules/workflows/services/workflow-event-publisher.ts
FN:18,(anonymous_2)
FN:20,(anonymous_3)
FN:27,(anonymous_4)
FN:34,(anonymous_5)
FN:41,(anonymous_6)
FN:48,(anonymous_7)
FN:55,(anonymous_8)
FN:62,(anonymous_9)
FN:69,(anonymous_10)
FN:76,(anonymous_11)
FNF:10
FNH:0
FNDA:0,(anonymous_2)
FNDA:0,(anonymous_3)
FNDA:0,(anonymous_4)
FNDA:0,(anonymous_5)
FNDA:0,(anonymous_6)
FNDA:0,(anonymous_7)
FNDA:0,(anonymous_8)
FNDA:0,(anonymous_9)
FNDA:0,(anonymous_10)
FNDA:0,(anonymous_11)
DA:1,2
DA:2,2
DA:4,2
DA:17,2
DA:18,0
DA:21,0
DA:28,0
DA:35,0
DA:42,0
DA:49,0
DA:56,0
DA:63,0
DA:70,0
DA:77,0
LF:14
LH:4
BRF:0
BRH:0
end_of_record
TN:
SF:src/modules/workflows/services/workflow-facade.service.ts
FN:23,(anonymous_2)
FN:33,(anonymous_3)
FN:50,(anonymous_4)
FN:55,(anonymous_5)
FN:59,(anonymous_6)
FN:74,(anonymous_7)
FN:78,(anonymous_8)
FN:95,(anonymous_9)
FN:103,(anonymous_10)
FN:112,(anonymous_11)
FN:116,(anonymous_12)
FN:125,(anonymous_13)
FN:129,(anonymous_14)
FN:137,(anonymous_15)
FN:141,(anonymous_16)
FN:171,(anonymous_17)
FN:179,(anonymous_18)
FN:192,(anonymous_19)
FN:201,(anonymous_20)
FN:218,(anonymous_21)
FN:243,(anonymous_22)
FN:257,(anonymous_23)
FN:280,(anonymous_24)
FN:308,(anonymous_25)
FN:310,(anonymous_26)
FN:312,(anonymous_27)
FN:321,(anonymous_28)
FN:325,(anonymous_29)
FN:337,(anonymous_30)
FN:361,(anonymous_31)
FN:388,(anonymous_32)
FN:401,(anonymous_33)
FN:418,(anonymous_34)
FN:428,(anonymous_35)
FN:431,(anonymous_36)
FN:434,(anonymous_37)
FNF:36
FNH:1
FNDA:1,(anonymous_2)
FNDA:0,(anonymous_3)
FNDA:0,(anonymous_4)
FNDA:0,(anonymous_5)
FNDA:0,(anonymous_6)
FNDA:0,(anonymous_7)
FNDA:0,(anonymous_8)
FNDA:0,(anonymous_9)
FNDA:0,(anonymous_10)
FNDA:0,(anonymous_11)
FNDA:0,(anonymous_12)
FNDA:0,(anonymous_13)
FNDA:0,(anonymous_14)
FNDA:0,(anonymous_15)
FNDA:0,(anonymous_16)
FNDA:0,(anonymous_17)
FNDA:0,(anonymous_18)
FNDA:0,(anonymous_19)
FNDA:0,(anonymous_20)
FNDA:0,(anonymous_21)
FNDA:0,(anonymous_22)
FNDA:0,(anonymous_23)
FNDA:0,(anonymous_24)
FNDA:0,(anonymous_25)
FNDA:0,(anonymous_26)
FNDA:0,(anonymous_27)
FNDA:0,(anonymous_28)
FNDA:0,(anonymous_29)
FNDA:0,(anonymous_30)
FNDA:0,(anonymous_31)
FNDA:0,(anonymous_32)
FNDA:0,(anonymous_33)
FNDA:0,(anonymous_34)
FNDA:0,(anonymous_35)
FNDA:0,(anonymous_36)
FNDA:0,(anonymous_37)
DA:1,1
DA:6,1
DA:7,1
DA:8,1
DA:9,1
DA:10,1
DA:11,1
DA:12,1
DA:14,1
DA:19,1
DA:22,1
DA:24,1
DA:25,1
DA:26,1
DA:27,1
DA:28,1
DA:29,1
DA:30,1
DA:38,0
DA:39,0
DA:40,0
DA:42,0
DA:43,0
DA:44,0
DA:46,0
DA:51,0
DA:56,0
DA:60,0
DA:61,0
DA:62,0
DA:64,0
DA:68,0
DA:69,0
DA:75,0
DA:79,0
DA:81,0
DA:85,0
DA:87,0
DA:88,0
DA:89,0
DA:90,0
DA:100,0
DA:104,0
DA:105,0
DA:106,0
DA:107,0
DA:113,0
DA:118,0
DA:119,0
DA:120,0
DA:126,0
DA:130,0
DA:131,0
DA:132,0
DA:138,0
DA:142,0
DA:145,0
DA:146,0
DA:150,0
DA:157,0
DA:159,0
DA:163,0
DA:164,0
DA:165,0
DA:166,0
DA:176,0
DA:180,0
DA:181,0
DA:182,0
DA:184,0
DA:185,0
DA:186,0
DA:187,0
DA:193,0
DA:194,0
DA:195,0
DA:197,0
DA:200,0
DA:202,0
DA:203,0
DA:209,0
DA:213,0
DA:214,0
DA:215,0
DA:219,0
DA:220,0
DA:221,0
DA:223,0
DA:224,0
DA:225,0
DA:233,0
DA:241,0
DA:243,0
DA:253,0
DA:254,0
DA:258,0
DA:281,0
DA:283,0
DA:305,0
DA:308,0
DA:310,0
DA:312,0
DA:315,0
DA:321,0
DA:325,0
DA:343,0
DA:344,0
DA:346,0
DA:347,0
DA:349,0
DA:360,0
DA:361,0
DA:389,0
DA:391,0
DA:395,0
DA:398,0
DA:402,0
DA:404,0
DA:408,0
DA:415,0
DA:419,0
DA:420,0
DA:424,0
DA:429,0
DA:432,0
DA:439,0
LF:126
LH:18
BRDA:39,0,0,0
BRDA:55,1,0,0
BRDA:61,2,0,0
BRDA:74,3,0,0
BRDA:81,4,0,0
BRDA:82,5,0,0
BRDA:82,5,1,0
BRDA:98,6,0,0
BRDA:112,7,0,0
BRDA:125,8,0,0
BRDA:137,9,0,0
BRDA:145,10,0,0
BRDA:157,11,0,0
BRDA:157,12,0,0
BRDA:157,12,1,0
BRDA:174,13,0,0
BRDA:181,14,0,0
BRDA:195,15,0,0
BRDA:221,16,0,0
BRDA:246,17,0,0
BRDA:246,17,1,0
BRDA:249,18,0,0
BRDA:249,18,1,0
BRDA:250,19,0,0
BRDA:250,19,1,0
BRDA:310,20,0,0
BRDA:310,20,1,0
BRDA:316,21,0,0
BRDA:316,21,1,0
BRDA:317,22,0,0
BRDA:317,22,1,0
BRDA:318,23,0,0
BRDA:318,23,1,0
BRDA:319,24,0,0
BRDA:319,24,1,0
BRDA:321,25,0,0
BRDA:321,25,1,0
BRDA:325,26,0,0
BRDA:325,26,1,0
BRDA:325,27,0,0
BRDA:325,27,1,0
BRDA:328,28,0,0
BRDA:328,28,1,0
BRDA:329,29,0,0
BRDA:329,29,1,0
BRDA:330,30,0,0
BRDA:330,30,1,0
BRDA:331,31,0,0
BRDA:331,31,1,0
BRDA:332,32,0,0
BRDA:332,32,1,0
BRDA:333,33,0,0
BRDA:333,33,1,0
BRDA:339,34,0,0
BRDA:340,35,0,0
BRDA:347,36,0,0
BRDA:369,37,0,0
BRDA:369,37,1,0
BRDA:369,38,0,0
BRDA:369,38,1,0
BRDA:371,39,0,0
BRDA:371,39,1,0
BRDA:375,40,0,0
BRDA:375,40,1,0
BRDA:377,41,0,0
BRDA:377,41,1,0
BRDA:412,42,0,0
BRDA:412,42,1,0
BRDA:428,43,0,0
BRDA:431,44,0,0
BRDA:437,45,0,0
BRF:71
BRH:0
end_of_record
TN:
SF:src/modules/workflows/services/workflow-next-action.service.ts
FN:7,(anonymous_1)
FNF:1
FNH:1
FNDA:1,(anonymous_1)
DA:1,2
DA:2,2
DA:6,2
DA:8,1
DA:10,1
DA:11,1
DA:18,0
DA:19,0
DA:26,0
DA:28,0
DA:35,0
DA:36,0
DA:42,0
DA:49,0
DA:50,0
DA:56,0
DA:63,0
DA:64,0
DA:70,0
DA:77,0
DA:84,0
LF:21
LH:6
BRDA:10,0,0,1
BRDA:13,1,0,0
BRDA:13,1,1,1
BRDA:18,2,0,0
BRDA:26,3,0,0
BRDA:26,3,1,0
BRDA:26,3,2,0
BRDA:26,3,3,0
BRDA:26,3,4,0
BRDA:26,3,5,0
BRDA:35,4,0,0
BRDA:49,5,0,0
BRDA:63,6,0,0
BRF:13
BRH:2
end_of_record
TN:
SF:src/modules/workflows/services/workflow-notification.service.ts
FN:16,(anonymous_2)
FN:20,(anonymous_3)
FN:27,(anonymous_4)
FN:34,(anonymous_5)
FN:41,(anonymous_6)
FN:46,(anonymous_7)
FN:53,(anonymous_8)
FN:60,(anonymous_9)
FN:67,(anonymous_10)
FN:74,(anonymous_11)
FNF:10
FNH:2
FNDA:2,(anonymous_2)
FNDA:1,(anonymous_3)
FNDA:0,(anonymous_4)
FNDA:0,(anonymous_5)
FNDA:0,(anonymous_6)
FNDA:0,(anonymous_7)
FNDA:0,(anonymous_8)
FNDA:0,(anonymous_9)
FNDA:0,(anonymous_10)
FNDA:0,(anonymous_11)
DA:1,1
DA:2,1
DA:3,1
DA:16,1
DA:17,2
DA:20,1
DA:21,1
DA:27,1
DA:28,0
DA:34,1
DA:35,0
DA:41,1
DA:42,0
DA:46,1
DA:47,0
DA:53,1
DA:54,0
DA:60,1
DA:61,0
DA:67,1
DA:68,0
DA:74,1
DA:75,0
LF:23
LH:15
BRF:0
BRH:0
end_of_record
TN:
SF:src/modules/workflows/services/workflow-status.service.ts
FN:19,(anonymous_2)
FN:28,(anonymous_3)
FN:81,(anonymous_4)
FN:102,(anonymous_5)
FN:129,(anonymous_6)
FN:163,(anonymous_7)
FN:198,(anonymous_8)
FN:236,(anonymous_9)
FN:250,(anonymous_10)
FNF:9
FNH:9
FNDA:2,(anonymous_2)
FNDA:1,(anonymous_3)
FNDA:1,(anonymous_4)
FNDA:1,(anonymous_5)
FNDA:1,(anonymous_6)
FNDA:1,(anonymous_7)
FNDA:1,(anonymous_8)
FNDA:5,(anonymous_9)
FNDA:4,(anonymous_10)
DA:1,3
DA:2,3
DA:8,3
DA:16,3
DA:17,2
DA:25,2
DA:36,1
DA:39,1
DA:45,1
DA:51,1
DA:57,1
DA:63,1
DA:69,1
DA:85,1
DA:86,1
DA:89,1
DA:90,0
DA:92,1
DA:93,0
DA:95,1
DA:97,0
DA:98,0
DA:106,1
DA:107,1
DA:110,0
DA:112,0
DA:114,0
DA:115,0
DA:120,0
DA:125,0
DA:133,1
DA:134,1
DA:137,0
DA:139,0
DA:140,0
DA:143,0
DA:147,0
DA:148,0
DA:154,0
DA:159,0
DA:167,1
DA:168,1
DA:172,0
DA:176,0
DA:179,0
DA:180,0
DA:185,0
DA:186,0
DA:189,0
DA:194,0
DA:203,1
DA:207,1
DA:211,0
DA:215,0
DA:218,0
DA:219,0
DA:223,0
DA:224,0
DA:227,0
DA:232,0
DA:241,5
DA:251,4
DA:259,4
LF:63
LH:29
BRDA:89,0,0,0
BRDA:92,1,0,0
BRDA:106,2,0,1
BRDA:114,3,0,0
BRDA:116,4,0,0
BRDA:116,4,1,0
BRDA:117,5,0,0
BRDA:117,5,1,0
BRDA:121,6,0,0
BRDA:121,6,1,0
BRDA:122,7,0,0
BRDA:122,7,1,0
BRDA:133,8,0,1
BRDA:143,9,0,0
BRDA:143,9,1,0
BRDA:147,10,0,0
BRDA:149,11,0,0
BRDA:149,11,1,0
BRDA:155,12,0,0
BRDA:155,12,1,0
BRDA:167,13,0,1
BRDA:172,14,0,0
BRDA:173,15,0,0
BRDA:173,15,1,0
BRDA:185,16,0,0
BRDA:190,17,0,0
BRDA:190,17,1,0
BRDA:203,18,0,1
BRDA:204,19,0,1
BRDA:204,19,1,1
BRDA:211,20,0,0
BRDA:212,21,0,0
BRDA:212,21,1,0
BRDA:223,22,0,0
BRDA:228,23,0,0
BRDA:228,23,1,0
BRDA:239,24,0,5
BRDA:244,25,0,1
BRDA:244,25,1,4
BRDA:245,26,0,0
BRDA:245,26,1,5
BRF:41
BRH:10
end_of_record
TN:
SF:src/modules/workflows/services/workflow-transaction.service.ts
FN:36,(anonymous_2)
FN:38,(anonymous_3)
FN:48,(anonymous_4)
FN:84,(anonymous_5)
FN:87,(anonymous_6)
FN:119,(anonymous_7)
FN:128,(anonymous_8)
FNF:7
FNH:0
FNDA:0,(anonymous_2)
FNDA:0,(anonymous_3)
FNDA:0,(anonymous_4)
FNDA:0,(anonymous_5)
FNDA:0,(anonymous_6)
FNDA:0,(anonymous_7)
FNDA:0,(anonymous_8)
DA:1,2
DA:2,2
DA:3,2
DA:33,2
DA:34,0
DA:36,0
DA:46,0
DA:48,0
DA:50,0
DA:60,0
DA:61,0
DA:64,0
DA:69,0
DA:73,0
DA:80,0
DA:85,0
DA:87,0
DA:88,0
DA:97,0
DA:98,0
DA:103,0
DA:107,0
DA:115,0
DA:128,0
DA:129,0
DA:138,0
DA:139,0
DA:144,0
DA:148,0
DA:155,0
LF:30
LH:4
BRDA:60,0,0,0
BRDA:97,1,0,0
BRDA:138,2,0,0
BRF:3
BRH:0
end_of_record
TN:
SF:src/modules/workflows/state-machine/workflow-state-machine.ts
FN:19,(anonymous_0)
FN:28,(anonymous_1)
FN:37,(anonymous_2)
FN:43,(anonymous_3)
FN:52,(anonymous_4)
FN:62,(anonymous_5)
FN:66,(anonymous_6)
FNF:7
FNH:4
FNDA:4,(anonymous_0)
FNDA:0,(anonymous_1)
FNDA:5,(anonymous_2)
FNDA:0,(anonymous_3)
FNDA:2,(anonymous_4)
FNDA:5,(anonymous_5)
FNDA:0,(anonymous_6)
DA:1,4
DA:2,4
DA:4,4
DA:5,4
DA:14,4
DA:20,4
DA:21,4
DA:22,4
DA:23,1
DA:25,3
DA:29,0
DA:30,0
DA:31,0
DA:32,0
DA:34,0
DA:38,5
DA:39,2
DA:40,2
DA:45,0
DA:48,0
DA:49,0
DA:53,2
DA:59,2
DA:63,5
DA:67,0
DA:69,0
DA:71,0
DA:73,0
DA:75,0
DA:77,0
DA:79,0
DA:81,0
LF:32
LH:16
BRDA:21,0,0,0
BRDA:22,1,0,1
BRDA:30,2,0,0
BRDA:31,3,0,0
BRDA:38,4,0,3
BRDA:39,5,0,0
BRDA:45,6,0,0
BRDA:48,7,0,0
BRDA:67,8,0,0
BRDA:67,8,1,0
BRDA:67,8,2,0
BRDA:67,8,3,0
BRDA:67,8,4,0
BRDA:67,8,5,0
BRDA:67,8,6,0
BRF:15
BRH:2
end_of_record
TN:
SF:src/prisma/prisma.module.ts
FNF:0
FNH:0
DA:1,0
DA:3,0
DA:10,0
LF:3
LH:0
BRF:0
BRH:0
end_of_record
TN:
SF:src/prisma/prisma.service.ts
FN:6,(anonymous_1)
FNF:1
FNH:0
FNDA:0,(anonymous_1)
DA:1,60
DA:2,60
DA:5,60
DA:7,0
LF:4
LH:3
BRF:0
BRH:0
end_of_record
TN:
SF:src/queue/index.ts
FN:1,(anonymous_0)
FN:1,(anonymous_1)
FN:3,(anonymous_2)
FN:9,(anonymous_3)
FN:16,(anonymous_4)
FN:17,(anonymous_5)
FN:18,(anonymous_6)
FN:19,(anonymous_7)
FN:20,(anonymous_8)
FN:26,(anonymous_9)
FNF:10
FNH:3
FNDA:4,(anonymous_0)
FNDA:0,(anonymous_1)
FNDA:1,(anonymous_2)
FNDA:10,(anonymous_3)
FNDA:0,(anonymous_4)
FNDA:0,(anonymous_5)
FNDA:0,(anonymous_6)
FNDA:0,(anonymous_7)
FNDA:0,(anonymous_8)
FNDA:0,(anonymous_9)
DA:1,5
DA:2,1
DA:3,2
DA:7,1
DA:9,11
DA:16,1
DA:17,1
DA:18,1
DA:19,1
DA:20,1
DA:26,1
LF:11
LH:11
BRF:0
BRH:0
end_of_record
TN:
SF:src/queue/queue-config.ts
FN:71,(anonymous_0)
FN:86,(anonymous_1)
FN:96,(anonymous_2)
FN:100,(anonymous_3)
FN:101,(anonymous_4)
FNF:5
FNH:4
FNDA:3,(anonymous_0)
FNDA:18,(anonymous_1)
FNDA:0,(anonymous_2)
FNDA:1,(anonymous_3)
FNDA:3,(anonymous_4)
DA:1,2
DA:5,2
DA:68,2
DA:69,2
DA:72,3
DA:73,0
DA:76,3
DA:77,3
DA:82,3
DA:83,3
DA:87,18
DA:88,18
DA:89,0
DA:93,18
DA:97,0
DA:101,1
DA:102,3
DA:104,1
DA:105,1
LF:19
LH:16
BRDA:72,0,0,0
BRDA:76,1,0,3
BRDA:76,1,1,0
BRDA:88,2,0,0
BRF:4
BRH:1
end_of_record
TN:
SF:src/queue/queue-payloads.ts
FN:12,(anonymous_0)
FNF:1
FNH:1
FNDA:2,(anonymous_0)
DA:1,2
DA:12,2
DA:13,2
DA:14,2
DA:15,2
DA:16,2
DA:80,2
DA:87,2
DA:97,2
DA:106,2
DA:114,2
DA:123,2
LF:12
LH:12
BRDA:12,0,0,2
BRDA:12,0,1,2
BRF:2
BRH:2
end_of_record
TN:
SF:src/queue/queue.module.ts
FN:58,(anonymous_1)
FN:61,(anonymous_2)
FN:65,(anonymous_3)
FN:22,(anonymous_4)
FN:41,(anonymous_5)
FNF:5
FNH:0
FNDA:0,(anonymous_1)
FNDA:0,(anonymous_2)
FNDA:0,(anonymous_3)
FNDA:0,(anonymous_4)
FNDA:0,(anonymous_5)
DA:1,1
DA:2,1
DA:3,1
DA:4,1
DA:5,1
DA:23,0
DA:24,0
DA:36,0
DA:41,0
DA:46,0
DA:47,0
DA:48,0
DA:49,0
DA:51,0
DA:58,1
DA:59,0
DA:62,0
DA:66,0
DA:67,0
LF:19
LH:6
BRDA:38,0,0,0
BRDA:38,0,1,0
BRDA:39,1,0,0
BRDA:39,1,1,0
BRF:4
BRH:0
end_of_record
TN:
SF:src/queue/queue.service.ts
FN:40,(anonymous_0)
FN:46,(anonymous_1)
FN:68,(anonymous_2)
FN:90,(anonymous_3)
FN:112,(anonymous_4)
FN:136,(anonymous_5)
FN:149,(anonymous_6)
FN:168,(anonymous_7)
FN:197,(anonymous_8)
FN:209,(anonymous_9)
FN:235,(anonymous_10)
FN:263,(anonymous_11)
FNF:12
FNH:9
FNDA:1,(anonymous_0)
FNDA:3,(anonymous_1)
FNDA:2,(anonymous_2)
FNDA:6,(anonymous_3)
FNDA:0,(anonymous_4)
FNDA:2,(anonymous_5)
FNDA:2,(anonymous_6)
FNDA:1,(anonymous_7)
FNDA:0,(anonymous_8)
FNDA:0,(anonymous_9)
FNDA:2,(anonymous_10)
FNDA:11,(anonymous_11)
DA:3,2
DA:4,2
DA:20,2
DA:37,2
DA:41,1
DA:50,3
DA:54,3
DA:55,3
DA:56,0
DA:65,3
DA:72,2
DA:76,2
DA:77,2
DA:78,0
DA:87,2
DA:94,6
DA:98,6
DA:99,6
DA:100,0
DA:109,6
DA:116,0
DA:120,0
DA:121,0
DA:122,0
DA:131,0
DA:137,2
DA:138,2
DA:139,2
DA:141,0
DA:145,0
DA:153,2
DA:154,2
DA:155,2
DA:156,2
DA:158,0
DA:162,0
DA:169,1
DA:170,1
DA:171,1
DA:178,1
DA:186,0
DA:189,0
DA:198,0
DA:204,0
DA:210,0
DA:211,0
DA:212,0
DA:213,0
DA:214,0
DA:218,0
DA:220,0
DA:221,0
DA:225,0
DA:227,0
DA:231,0
DA:236,2
DA:237,2
DA:238,2
DA:239,2
DA:240,1
DA:244,1
DA:246,1
DA:247,1
DA:251,1
DA:253,0
DA:257,0
DA:267,11
DA:268,11
DA:269,11
DA:272,11
DA:277,11
DA:279,0
DA:283,0
LF:73
LH:42
BRDA:55,0,0,0
BRDA:77,1,0,0
BRDA:99,2,0,0
BRDA:121,3,0,0
BRDA:179,4,0,1
BRDA:179,4,1,0
BRDA:180,5,0,1
BRDA:180,5,1,0
BRDA:181,6,0,1
BRDA:181,6,1,0
BRDA:182,7,0,1
BRDA:182,7,1,0
BRDA:183,8,0,1
BRDA:183,8,1,0
BRDA:213,9,0,0
BRDA:239,10,0,1
BRF:16
BRH:6
end_of_record
