<?xml version="1.0" encoding="UTF-8"?>
<coverage generated="1782904157633" clover="3.2.0">
  <project timestamp="1782904157633" name="All files">
    <metrics statements="6518" coveredstatements="4311" conditionals="2625" coveredconditionals="1073" methods="1206" coveredmethods="626" elements="10349" coveredelements="6010" complexity="0" loc="6518" ncloc="6518" packages="107" files="237" classes="237"/>
    <package name="cache">
      <metrics statements="155" coveredstatements="95" conditionals="34" coveredconditionals="14" methods="48" coveredmethods="23"/>
      <file name="cache.module.ts" path="/home/runner/work/intervu-ai/intervu-ai/apps/api/src/cache/cache.module.ts">
        <metrics statements="5" coveredstatements="4" conditionals="0" coveredconditionals="0" methods="1" coveredmethods="0"/>
        <line num="1" count="2" type="stmt"/>
        <line num="2" count="2" type="stmt"/>
        <line num="3" count="2" type="stmt"/>
        <line num="18" count="0" type="stmt"/>
        <line num="24" count="2" type="stmt"/>
      </file>
      <file name="index.ts" path="/home/runner/work/intervu-ai/intervu-ai/apps/api/src/cache/index.ts">
        <metrics statements="3" coveredstatements="3" conditionals="0" coveredconditionals="0" methods="3" coveredmethods="1"/>
        <line num="1" count="2" type="stmt"/>
        <line num="2" count="16" type="stmt"/>
        <line num="3" count="2" type="stmt"/>
      </file>
      <file name="redis-cache.service.ts" path="/home/runner/work/intervu-ai/intervu-ai/apps/api/src/cache/redis-cache.service.ts">
        <metrics statements="100" coveredstatements="61" conditionals="18" coveredconditionals="8" methods="32" coveredmethods="16"/>
        <line num="1" count="6" type="stmt"/>
        <line num="10" count="6" type="stmt"/>
        <line num="19" count="6" type="stmt"/>
        <line num="23" count="1" type="stmt"/>
        <line num="29" count="35" type="cond" truecount="2" falsecount="0"/>
        <line num="38" count="36" type="stmt"/>
        <line num="44" count="14" type="cond" truecount="0" falsecount="1"/>
        <line num="45" count="0" type="stmt"/>
        <line num="48" count="0" type="stmt"/>
        <line num="50" count="14" type="stmt"/>
        <line num="51" count="14" type="stmt"/>
        <line num="52" count="14" type="stmt"/>
        <line num="53" count="14" type="stmt"/>
        <line num="54" count="14" type="cond" truecount="2" falsecount="0"/>
        <line num="56" count="0" type="stmt"/>
        <line num="57" count="0" type="stmt"/>
        <line num="66" count="16" type="cond" truecount="0" falsecount="1"/>
        <line num="67" count="0" type="stmt"/>
        <line num="71" count="0" type="stmt"/>
        <line num="73" count="16" type="stmt"/>
        <line num="74" count="16" type="stmt"/>
        <line num="75" count="16" type="stmt"/>
        <line num="76" count="16" type="cond" truecount="2" falsecount="0"/>
        <line num="77" count="16" type="stmt"/>
        <line num="78" count="16" type="stmt"/>
        <line num="79" count="16" type="stmt"/>
        <line num="81" count="0" type="stmt"/>
        <line num="82" count="0" type="stmt"/>
        <line num="87" count="1" type="cond" truecount="0" falsecount="1"/>
        <line num="88" count="0" type="stmt"/>
        <line num="90" count="1" type="stmt"/>
        <line num="91" count="1" type="stmt"/>
        <line num="92" count="1" type="stmt"/>
        <line num="93" count="1" type="stmt"/>
        <line num="94" count="1" type="stmt"/>
        <line num="96" count="0" type="stmt"/>
        <line num="97" count="0" type="stmt"/>
        <line num="102" count="2" type="cond" truecount="0" falsecount="1"/>
        <line num="103" count="0" type="stmt"/>
        <line num="105" count="2" type="stmt"/>
        <line num="106" count="2" type="stmt"/>
        <line num="107" count="2" type="stmt"/>
        <line num="108" count="2" type="stmt"/>
        <line num="109" count="2" type="stmt"/>
        <line num="111" count="0" type="stmt"/>
        <line num="112" count="0" type="stmt"/>
        <line num="121" count="1" type="cond" truecount="0" falsecount="1"/>
        <line num="122" count="0" type="stmt"/>
        <line num="124" count="1" type="stmt"/>
        <line num="125" count="1" type="stmt"/>
        <line num="126" count="1" type="stmt"/>
        <line num="127" count="1" type="stmt"/>
        <line num="128" count="1" type="stmt"/>
        <line num="130" count="0" type="stmt"/>
        <line num="131" count="0" type="stmt"/>
        <line num="136" count="1" type="cond" truecount="0" falsecount="1"/>
        <line num="137" count="0" type="stmt"/>
        <line num="139" count="1" type="stmt"/>
        <line num="140" count="1" type="stmt"/>
        <line num="141" count="1" type="stmt"/>
        <line num="142" count="1" type="stmt"/>
        <line num="144" count="0" type="stmt"/>
        <line num="145" count="0" type="stmt"/>
        <line num="150" count="1" type="cond" truecount="0" falsecount="1"/>
        <line num="151" count="0" type="stmt"/>
        <line num="153" count="1" type="stmt"/>
        <line num="154" count="1" type="stmt"/>
        <line num="155" count="1" type="cond" truecount="1" falsecount="1"/>
        <line num="156" count="1" type="stmt"/>
        <line num="157" count="1" type="stmt"/>
        <line num="158" count="1" type="stmt"/>
        <line num="159" count="1" type="stmt"/>
        <line num="164" count="1" type="cond" truecount="1" falsecount="0"/>
        <line num="165" count="1" type="stmt"/>
        <line num="167" count="1" type="stmt"/>
        <line num="169" count="1" type="stmt"/>
        <line num="171" count="0" type="stmt"/>
        <line num="172" count="0" type="stmt"/>
        <line num="179" count="1" type="stmt"/>
        <line num="187" count="1" type="stmt"/>
        <line num="193" count="1" type="stmt"/>
        <line num="201" count="1" type="stmt"/>
        <line num="207" count="1" type="stmt"/>
        <line num="215" count="1" type="stmt"/>
        <line num="221" count="0" type="stmt"/>
        <line num="229" count="0" type="stmt"/>
        <line num="236" count="0" type="stmt"/>
        <line num="240" count="0" type="stmt"/>
        <line num="247" count="0" type="stmt"/>
        <line num="254" count="0" type="stmt"/>
        <line num="261" count="0" type="stmt"/>
        <line num="265" count="0" type="stmt"/>
        <line num="276" count="0" type="stmt"/>
        <line num="288" count="0" type="stmt"/>
        <line num="297" count="0" type="stmt"/>
        <line num="301" count="0" type="stmt"/>
        <line num="310" count="0" type="stmt"/>
        <line num="318" count="0" type="stmt"/>
        <line num="322" count="0" type="stmt"/>
        <line num="330" count="0" type="stmt"/>
      </file>
      <file name="redis-connection.manager.ts" path="/home/runner/work/intervu-ai/intervu-ai/apps/api/src/cache/redis-connection.manager.ts">
        <metrics statements="47" coveredstatements="27" conditionals="16" coveredconditionals="6" methods="12" coveredmethods="6"/>
        <line num="1" count="6" type="stmt"/>
        <line num="4" count="6" type="stmt"/>
        <line num="5" count="6" type="stmt"/>
        <line num="7" count="6" type="stmt"/>
        <line num="12" count="1" type="stmt"/>
        <line num="19" count="1" type="cond" truecount="0" falsecount="1"/>
        <line num="20" count="0" type="stmt"/>
        <line num="23" count="1" type="stmt"/>
        <line num="33" count="0" type="cond" truecount="0" falsecount="1"/>
        <line num="35" count="0" type="stmt"/>
        <line num="38" count="0" type="stmt"/>
        <line num="46" count="1" type="stmt"/>
        <line num="47" count="0" type="cond" truecount="0" falsecount="1"/>
        <line num="48" count="0" type="stmt"/>
        <line num="52" count="1" type="stmt"/>
        <line num="55" count="0" type="cond" truecount="0" falsecount="1"/>
        <line num="56" count="0" type="cond" truecount="0" falsecount="2"/>
        <line num="57" count="0" type="stmt"/>
        <line num="59" count="0" type="stmt"/>
        <line num="66" count="1" type="stmt"/>
        <line num="67" count="0" type="cond" truecount="0" falsecount="1"/>
        <line num="68" count="0" type="stmt"/>
        <line num="72" count="1" type="stmt"/>
        <line num="73" count="1" type="stmt"/>
        <line num="74" count="1" type="stmt"/>
        <line num="75" count="1" type="stmt"/>
        <line num="76" count="0" type="stmt"/>
        <line num="81" count="1" type="stmt"/>
        <line num="82" count="1" type="cond" truecount="1" falsecount="0"/>
        <line num="83" count="1" type="stmt"/>
        <line num="86" count="1" type="stmt"/>
        <line num="87" count="1" type="stmt"/>
        <line num="92" count="0" type="stmt"/>
        <line num="93" count="0" type="cond" truecount="0" falsecount="1"/>
        <line num="94" count="0" type="stmt"/>
        <line num="96" count="0" type="cond" truecount="0" falsecount="1"/>
        <line num="97" count="0" type="stmt"/>
        <line num="102" count="0" type="stmt"/>
        <line num="107" count="36" type="cond" truecount="0" falsecount="1"/>
        <line num="108" count="0" type="stmt"/>
        <line num="110" count="36" type="stmt"/>
        <line num="114" count="1" type="cond" truecount="1" falsecount="0"/>
        <line num="115" count="1" type="stmt"/>
        <line num="116" count="1" type="stmt"/>
        <line num="117" count="1" type="cond" truecount="1" falsecount="0"/>
        <line num="118" count="1" type="stmt"/>
        <line num="124" count="36" type="stmt"/>
      </file>
    </package>
    <package name="common">
      <metrics statements="5" coveredstatements="5" conditionals="0" coveredconditionals="0" methods="3" coveredmethods="1"/>
      <file name="index.ts" path="/home/runner/work/intervu-ai/intervu-ai/apps/api/src/common/index.ts">
        <metrics statements="5" coveredstatements="5" conditionals="0" coveredconditionals="0" methods="3" coveredmethods="1"/>
        <line num="1" count="27" type="stmt"/>
        <line num="2" count="27" type="stmt"/>
        <line num="3" count="88" type="stmt"/>
        <line num="4" count="27" type="stmt"/>
        <line num="5" count="27" type="stmt"/>
      </file>
    </package>
    <package name="common.decorators">
      <metrics statements="4" coveredstatements="3" conditionals="0" coveredconditionals="0" methods="1" coveredmethods="0"/>
      <file name="rate-limit.decorator.ts" path="/home/runner/work/intervu-ai/intervu-ai/apps/api/src/common/decorators/rate-limit.decorator.ts">
        <metrics statements="4" coveredstatements="3" conditionals="0" coveredconditionals="0" methods="1" coveredmethods="0"/>
        <line num="1" count="27" type="stmt"/>
        <line num="2" count="27" type="stmt"/>
        <line num="10" count="27" type="stmt"/>
        <line num="11" count="0" type="stmt"/>
      </file>
    </package>
    <package name="common.guards">
      <metrics statements="10" coveredstatements="4" conditionals="3" coveredconditionals="0" methods="1" coveredmethods="0"/>
      <file name="custom-throttler.guard.ts" path="/home/runner/work/intervu-ai/intervu-ai/apps/api/src/common/guards/custom-throttler.guard.ts">
        <metrics statements="10" coveredstatements="4" conditionals="3" coveredconditionals="0" methods="1" coveredmethods="0"/>
        <line num="1" count="27" type="stmt"/>
        <line num="2" count="27" type="stmt"/>
        <line num="4" count="27" type="stmt"/>
        <line num="7" count="27" type="stmt"/>
        <line num="11" count="0" type="stmt"/>
        <line num="13" count="0" type="stmt"/>
        <line num="18" count="0" type="cond" truecount="0" falsecount="2"/>
        <line num="20" count="0" type="cond" truecount="0" falsecount="1"/>
        <line num="21" count="0" type="stmt"/>
        <line num="24" count="0" type="stmt"/>
      </file>
    </package>
    <package name="common.middleware">
      <metrics statements="25" coveredstatements="7" conditionals="2" coveredconditionals="0" methods="5" coveredmethods="0"/>
      <file name="correlation.middleware.ts" path="/home/runner/work/intervu-ai/intervu-ai/apps/api/src/common/middleware/correlation.middleware.ts">
        <metrics statements="9" coveredstatements="4" conditionals="2" coveredconditionals="0" methods="2" coveredmethods="0"/>
        <line num="1" count="27" type="stmt"/>
        <line num="3" count="27" type="stmt"/>
        <line num="4" count="27" type="stmt"/>
        <line num="7" count="27" type="stmt"/>
        <line num="10" count="0" type="cond" truecount="0" falsecount="2"/>
        <line num="12" count="0" type="stmt"/>
        <line num="13" count="0" type="stmt"/>
        <line num="16" count="0" type="stmt"/>
        <line num="17" count="0" type="stmt"/>
      </file>
      <file name="request-logging.middleware.ts" path="/home/runner/work/intervu-ai/intervu-ai/apps/api/src/common/middleware/request-logging.middleware.ts">
        <metrics statements="16" coveredstatements="3" conditionals="0" coveredconditionals="0" methods="3" coveredmethods="0"/>
        <line num="1" count="27" type="stmt"/>
        <line num="2" count="27" type="stmt"/>
        <line num="5" count="27" type="stmt"/>
        <line num="6" count="0" type="stmt"/>
        <line num="13" count="0" type="stmt"/>
        <line num="14" count="0" type="stmt"/>
        <line num="15" count="0" type="stmt"/>
        <line num="16" count="0" type="stmt"/>
        <line num="17" count="0" type="stmt"/>
        <line num="19" count="0" type="stmt"/>
        <line num="20" count="0" type="stmt"/>
        <line num="21" count="0" type="stmt"/>
        <line num="22" count="0" type="stmt"/>
        <line num="24" count="0" type="stmt"/>
        <line num="35" count="0" type="stmt"/>
        <line num="38" count="0" type="stmt"/>
      </file>
    </package>
    <package name="common.repositories">
      <metrics statements="36" coveredstatements="14" conditionals="18" coveredconditionals="2" methods="10" coveredmethods="6"/>
      <file name="base.repository.ts" path="/home/runner/work/intervu-ai/intervu-ai/apps/api/src/common/repositories/base.repository.ts">
        <metrics statements="36" coveredstatements="14" conditionals="18" coveredconditionals="2" methods="10" coveredmethods="6"/>
        <line num="4" count="34" type="stmt"/>
        <line num="10" count="4" type="stmt"/>
        <line num="11" count="4" type="stmt"/>
        <line num="21" count="4" type="cond" truecount="0" falsecount="1"/>
        <line num="24" count="4" type="stmt"/>
        <line num="28" count="3" type="cond" truecount="2" falsecount="0"/>
        <line num="32" count="3" type="stmt"/>
        <line num="53" count="1" type="stmt"/>
        <line num="54" count="1" type="cond" truecount="0" falsecount="1"/>
        <line num="55" count="0" type="stmt"/>
        <line num="57" count="1" type="stmt"/>
        <line num="63" count="1" type="stmt"/>
        <line num="64" count="1" type="cond" truecount="0" falsecount="1"/>
        <line num="65" count="0" type="stmt"/>
        <line num="67" count="1" type="stmt"/>
        <line num="71" count="1" type="stmt"/>
        <line num="75" count="0" type="stmt"/>
        <line num="76" count="0" type="cond" truecount="0" falsecount="1"/>
        <line num="77" count="0" type="stmt"/>
        <line num="79" count="0" type="stmt"/>
        <line num="86" count="0" type="cond" truecount="0" falsecount="1"/>
        <line num="87" count="0" type="stmt"/>
        <line num="88" count="0" type="stmt"/>
        <line num="93" count="0" type="stmt"/>
        <line num="97" count="0" type="stmt"/>
        <line num="98" count="0" type="cond" truecount="0" falsecount="1"/>
        <line num="99" count="0" type="stmt"/>
        <line num="101" count="0" type="stmt"/>
        <line num="110" count="0" type="cond" truecount="0" falsecount="4"/>
        <line num="114" count="0" type="cond" truecount="0" falsecount="4"/>
        <line num="117" count="0" type="stmt"/>
        <line num="119" count="0" type="stmt"/>
        <line num="120" count="0" type="cond" truecount="0" falsecount="1"/>
        <line num="121" count="0" type="stmt"/>
        <line num="124" count="0" type="stmt"/>
        <line num="134" count="0" type="stmt"/>
      </file>
    </package>
    <package name="config">
      <metrics statements="35" coveredstatements="20" conditionals="31" coveredconditionals="0" methods="16" coveredmethods="3"/>
      <file name="config.module.ts" path="/home/runner/work/intervu-ai/intervu-ai/apps/api/src/config/config.module.ts">
        <metrics statements="10" coveredstatements="8" conditionals="1" coveredconditionals="0" methods="1" coveredmethods="1"/>
        <line num="1" count="1" type="stmt"/>
        <line num="2" count="1" type="stmt"/>
        <line num="4" count="1" type="stmt"/>
        <line num="5" count="1" type="stmt"/>
        <line num="11" count="1" type="stmt"/>
        <line num="13" count="1" type="cond" truecount="0" falsecount="1"/>
        <line num="14" count="0" type="stmt"/>
        <line num="15" count="0" type="stmt"/>
        <line num="20" count="1" type="stmt"/>
        <line num="29" count="1" type="stmt"/>
      </file>
      <file name="config.service.ts" path="/home/runner/work/intervu-ai/intervu-ai/apps/api/src/config/config.service.ts">
        <metrics statements="14" coveredstatements="3" conditionals="30" coveredconditionals="0" methods="11" coveredmethods="0"/>
        <line num="1" count="1" type="stmt"/>
        <line num="2" count="1" type="stmt"/>
        <line num="7" count="1" type="stmt"/>
        <line num="8" count="0" type="stmt"/>
        <line num="11" count="0" type="stmt"/>
        <line num="17" count="0" type="cond" truecount="0" falsecount="2"/>
        <line num="21" count="0" type="cond" truecount="0" falsecount="2"/>
        <line num="25" count="0" type="cond" truecount="0" falsecount="2"/>
        <line num="29" count="0" type="cond" truecount="0" falsecount="2"/>
        <line num="33" count="0" type="cond" truecount="0" falsecount="2"/>
        <line num="37" count="0" type="stmt"/>
        <line num="41" count="0" type="cond" truecount="0" falsecount="2"/>
        <line num="45" count="0" type="stmt"/>
        <line num="66" count="0" type="stmt"/>
      </file>
      <file name="env.schema.ts" path="/home/runner/work/intervu-ai/intervu-ai/apps/api/src/config/env.schema.ts">
        <metrics statements="2" coveredstatements="2" conditionals="0" coveredconditionals="0" methods="0" coveredmethods="0"/>
        <line num="1" count="1" type="stmt"/>
        <line num="3" count="1" type="stmt"/>
      </file>
      <file name="index.ts" path="/home/runner/work/intervu-ai/intervu-ai/apps/api/src/config/index.ts">
        <metrics statements="4" coveredstatements="4" conditionals="0" coveredconditionals="0" methods="3" coveredmethods="2"/>
        <line num="1" count="2" type="stmt"/>
        <line num="2" count="2" type="stmt"/>
        <line num="3" count="1" type="stmt"/>
        <line num="4" count="1" type="stmt"/>
      </file>
      <file name="rate-limit.config.ts" path="/home/runner/work/intervu-ai/intervu-ai/apps/api/src/config/rate-limit.config.ts">
        <metrics statements="5" coveredstatements="3" conditionals="0" coveredconditionals="0" methods="1" coveredmethods="0"/>
        <line num="5" count="1" type="stmt"/>
        <line num="6" count="1" type="stmt"/>
        <line num="8" count="1" type="stmt"/>
        <line num="12" count="0" type="stmt"/>
        <line num="13" count="0" type="stmt"/>
      </file>
    </package>
    <package name="modules.admin-config.publishing">
      <metrics statements="35" coveredstatements="35" conditionals="11" coveredconditionals="10" methods="4" coveredmethods="4"/>
      <file name="config-publisher.service.ts" path="/home/runner/work/intervu-ai/intervu-ai/apps/api/src/modules/admin-config/publishing/config-publisher.service.ts">
        <metrics statements="35" coveredstatements="35" conditionals="11" coveredconditionals="10" methods="4" coveredmethods="4"/>
        <line num="1" count="1" type="stmt"/>
        <line num="6" count="1" type="stmt"/>
        <line num="7" count="1" type="stmt"/>
        <line num="8" count="1" type="stmt"/>
        <line num="9" count="1" type="stmt"/>
        <line num="35" count="1" type="stmt"/>
        <line num="37" count="8" type="stmt"/>
        <line num="38" count="8" type="stmt"/>
        <line num="39" count="8" type="stmt"/>
        <line num="40" count="8" type="stmt"/>
        <line num="49" count="5" type="stmt"/>
        <line num="70" count="5" type="cond" truecount="1" falsecount="0"/>
        <line num="71" count="1" type="stmt"/>
        <line num="76" count="4" type="cond" truecount="3" falsecount="0"/>
        <line num="77" count="1" type="stmt"/>
        <line num="84" count="3" type="stmt"/>
        <line num="86" count="3" type="cond" truecount="1" falsecount="0"/>
        <line num="87" count="1" type="stmt"/>
        <line num="98" count="2" type="stmt"/>
        <line num="100" count="2" type="cond" truecount="1" falsecount="0"/>
        <line num="101" count="1" type="stmt"/>
        <line num="111" count="1" type="stmt"/>
        <line num="113" count="1" type="stmt"/>
        <line num="114" count="1" type="stmt"/>
        <line num="117" count="1" type="stmt"/>
        <line num="119" count="1" type="stmt"/>
        <line num="120" count="1" type="stmt"/>
        <line num="123" count="1" type="stmt"/>
        <line num="132" count="1" type="stmt"/>
        <line num="142" count="1" type="stmt"/>
        <line num="164" count="2" type="stmt"/>
        <line num="185" count="2" type="stmt"/>
        <line num="191" count="2" type="cond" truecount="3" falsecount="0"/>
        <line num="192" count="1" type="stmt"/>
        <line num="198" count="2" type="stmt"/>
      </file>
    </package>
    <package name="modules.admin-config.repositories">
      <metrics statements="20" coveredstatements="11" conditionals="2" coveredconditionals="0" methods="9" coveredmethods="1"/>
      <file name="exam-config.repository.ts" path="/home/runner/work/intervu-ai/intervu-ai/apps/api/src/modules/admin-config/repositories/exam-config.repository.ts">
        <metrics statements="10" coveredstatements="6" conditionals="2" coveredconditionals="0" methods="4" coveredmethods="1"/>
        <line num="1" count="8" type="stmt"/>
        <line num="2" count="8" type="stmt"/>
        <line num="3" count="8" type="stmt"/>
        <line num="4" count="8" type="stmt"/>
        <line num="7" count="8" type="stmt"/>
        <line num="16" count="4" type="stmt"/>
        <line num="20" count="0" type="stmt"/>
        <line num="24" count="0" type="stmt"/>
        <line num="30" count="0" type="stmt"/>
        <line num="34" count="0" type="cond" truecount="0" falsecount="2"/>
      </file>
      <file name="exam-section.repository.ts" path="/home/runner/work/intervu-ai/intervu-ai/apps/api/src/modules/admin-config/repositories/exam-section.repository.ts">
        <metrics statements="10" coveredstatements="5" conditionals="0" coveredconditionals="0" methods="5" coveredmethods="0"/>
        <line num="1" count="6" type="stmt"/>
        <line num="2" count="6" type="stmt"/>
        <line num="3" count="6" type="stmt"/>
        <line num="4" count="6" type="stmt"/>
        <line num="7" count="6" type="stmt"/>
        <line num="16" count="0" type="stmt"/>
        <line num="20" count="0" type="stmt"/>
        <line num="24" count="0" type="stmt"/>
        <line num="30" count="0" type="stmt"/>
        <line num="36" count="0" type="stmt"/>
      </file>
    </package>
    <package name="modules.admin-config.services">
      <metrics statements="72" coveredstatements="72" conditionals="46" coveredconditionals="45" methods="11" coveredmethods="11"/>
      <file name="exam-config.service.ts" path="/home/runner/work/intervu-ai/intervu-ai/apps/api/src/modules/admin-config/services/exam-config.service.ts">
        <metrics statements="27" coveredstatements="27" conditionals="15" coveredconditionals="15" methods="6" coveredmethods="6"/>
        <line num="1" count="1" type="stmt"/>
        <line num="8" count="1" type="stmt"/>
        <line num="12" count="1" type="stmt"/>
        <line num="13" count="13" type="stmt"/>
        <line num="19" count="2" type="stmt"/>
        <line num="20" count="2" type="cond" truecount="1" falsecount="0"/>
        <line num="21" count="1" type="stmt"/>
        <line num="26" count="1" type="stmt"/>
        <line num="33" count="1" type="stmt"/>
        <line num="40" count="3" type="stmt"/>
        <line num="41" count="3" type="cond" truecount="3" falsecount="0"/>
        <line num="42" count="2" type="stmt"/>
        <line num="44" count="1" type="stmt"/>
        <line num="48" count="4" type="stmt"/>
        <line num="49" count="4" type="cond" truecount="1" falsecount="0"/>
        <line num="50" count="1" type="stmt"/>
        <line num="53" count="3" type="cond" truecount="3" falsecount="0"/>
        <line num="54" count="1" type="stmt"/>
        <line num="61" count="2" type="cond" truecount="3" falsecount="0"/>
        <line num="62" count="2" type="stmt"/>
        <line num="63" count="2" type="cond" truecount="3" falsecount="0"/>
        <line num="64" count="1" type="stmt"/>
        <line num="70" count="1" type="stmt"/>
        <line num="74" count="2" type="stmt"/>
        <line num="75" count="2" type="cond" truecount="1" falsecount="0"/>
        <line num="76" count="1" type="stmt"/>
        <line num="79" count="1" type="stmt"/>
      </file>
      <file name="exam-section.service.ts" path="/home/runner/work/intervu-ai/intervu-ai/apps/api/src/modules/admin-config/services/exam-section.service.ts">
        <metrics statements="45" coveredstatements="45" conditionals="31" coveredconditionals="30" methods="5" coveredmethods="5"/>
        <line num="1" count="1" type="stmt"/>
        <line num="7" count="1" type="stmt"/>
        <line num="8" count="1" type="stmt"/>
        <line num="12" count="1" type="stmt"/>
        <line num="14" count="16" type="stmt"/>
        <line num="15" count="16" type="stmt"/>
        <line num="19" count="5" type="stmt"/>
        <line num="20" count="5" type="cond" truecount="1" falsecount="0"/>
        <line num="21" count="1" type="stmt"/>
        <line num="26" count="4" type="cond" truecount="3" falsecount="0"/>
        <line num="27" count="1" type="stmt"/>
        <line num="34" count="3" type="stmt"/>
        <line num="38" count="3" type="cond" truecount="1" falsecount="0"/>
        <line num="39" count="1" type="stmt"/>
        <line num="44" count="2" type="stmt"/>
        <line num="48" count="2" type="cond" truecount="1" falsecount="0"/>
        <line num="49" count="1" type="stmt"/>
        <line num="55" count="1" type="stmt"/>
        <line num="67" count="1" type="stmt"/>
        <line num="71" count="2" type="stmt"/>
        <line num="72" count="2" type="cond" truecount="1" falsecount="0"/>
        <line num="73" count="1" type="stmt"/>
        <line num="77" count="1" type="stmt"/>
        <line num="81" count="5" type="stmt"/>
        <line num="82" count="5" type="cond" truecount="1" falsecount="0"/>
        <line num="83" count="1" type="stmt"/>
        <line num="86" count="4" type="stmt"/>
        <line num="87" count="4" type="cond" truecount="4" falsecount="0"/>
        <line num="88" count="1" type="stmt"/>
        <line num="95" count="3" type="cond" truecount="1" falsecount="0"/>
        <line num="99" count="3" type="stmt"/>
        <line num="103" count="3" type="cond" truecount="3" falsecount="0"/>
        <line num="104" count="1" type="stmt"/>
        <line num="110" count="2" type="cond" truecount="3" falsecount="0"/>
        <line num="111" count="2" type="stmt"/>
        <line num="115" count="2" type="cond" truecount="3" falsecount="0"/>
        <line num="116" count="1" type="stmt"/>
        <line num="122" count="1" type="stmt"/>
        <line num="126" count="3" type="stmt"/>
        <line num="127" count="3" type="cond" truecount="1" falsecount="0"/>
        <line num="128" count="1" type="stmt"/>
        <line num="131" count="2" type="stmt"/>
        <line num="132" count="2" type="cond" truecount="4" falsecount="0"/>
        <line num="133" count="1" type="stmt"/>
        <line num="140" count="1" type="stmt"/>
      </file>
    </package>
    <package name="modules.admin-config.validators">
      <metrics statements="76" coveredstatements="71" conditionals="52" coveredconditionals="45" methods="7" coveredmethods="7"/>
      <file name="config-dependency-validator.service.ts" path="/home/runner/work/intervu-ai/intervu-ai/apps/api/src/modules/admin-config/validators/config-dependency-validator.service.ts">
        <metrics statements="30" coveredstatements="29" conditionals="15" coveredconditionals="13" methods="4" coveredmethods="4"/>
        <line num="1" count="2" type="stmt"/>
        <line num="2" count="2" type="stmt"/>
        <line num="17" count="2" type="stmt"/>
        <line num="18" count="8" type="stmt"/>
        <line num="23" count="7" type="stmt"/>
        <line num="24" count="7" type="stmt"/>
        <line num="26" count="7" type="cond" truecount="1" falsecount="0"/>
        <line num="27" count="1" type="stmt"/>
        <line num="35" count="6" type="cond" truecount="3" falsecount="0"/>
        <line num="36" count="1" type="stmt"/>
        <line num="41" count="6" type="cond" truecount="0" falsecount="1"/>
        <line num="42" count="0" type="stmt"/>
        <line num="48" count="6" type="cond" truecount="1" falsecount="0"/>
        <line num="49" count="1" type="stmt"/>
        <line num="52" count="6" type="stmt"/>
        <line num="53" count="5" type="cond" truecount="4" falsecount="0"/>
        <line num="54" count="1" type="stmt"/>
        <line num="58" count="4" type="stmt"/>
        <line num="59" count="4" type="stmt"/>
        <line num="61" count="4" type="cond" truecount="1" falsecount="0"/>
        <line num="62" count="1" type="stmt"/>
        <line num="68" count="4" type="stmt"/>
        <line num="69" count="4" type="cond" truecount="0" falsecount="1"/>
        <line num="71" count="4" type="cond" truecount="2" falsecount="0"/>
        <line num="72" count="4" type="stmt"/>
        <line num="75" count="4" type="stmt"/>
        <line num="83" count="4" type="cond" truecount="1" falsecount="0"/>
        <line num="84" count="1" type="stmt"/>
        <line num="93" count="6" type="stmt"/>
        <line num="94" count="6" type="stmt"/>
      </file>
      <file name="configuration-validator.service.ts" path="/home/runner/work/intervu-ai/intervu-ai/apps/api/src/modules/admin-config/validators/configuration-validator.service.ts">
        <metrics statements="46" coveredstatements="42" conditionals="37" coveredconditionals="32" methods="3" coveredmethods="3"/>
        <line num="1" count="2" type="stmt"/>
        <line num="2" count="2" type="stmt"/>
        <line num="18" count="2" type="stmt"/>
        <line num="19" count="12" type="stmt"/>
        <line num="24" count="11" type="stmt"/>
        <line num="25" count="11" type="stmt"/>
        <line num="28" count="11" type="cond" truecount="1" falsecount="0"/>
        <line num="29" count="1" type="stmt"/>
        <line num="30" count="1" type="stmt"/>
        <line num="33" count="10" type="cond" truecount="3" falsecount="0"/>
        <line num="34" count="1" type="stmt"/>
        <line num="37" count="10" type="cond" truecount="3" falsecount="0"/>
        <line num="38" count="1" type="stmt"/>
        <line num="41" count="10" type="cond" truecount="3" falsecount="0"/>
        <line num="42" count="1" type="stmt"/>
        <line num="45" count="10" type="cond" truecount="3" falsecount="0"/>
        <line num="46" count="1" type="stmt"/>
        <line num="50" count="10" type="cond" truecount="4" falsecount="0"/>
        <line num="51" count="1" type="stmt"/>
        <line num="53" count="9" type="stmt"/>
        <line num="54" count="9" type="cond" truecount="2" falsecount="1"/>
        <line num="55" count="0" type="stmt"/>
        <line num="60" count="9" type="cond" truecount="0" falsecount="1"/>
        <line num="64" count="0" type="stmt"/>
        <line num="70" count="9" type="cond" truecount="4" falsecount="0"/>
        <line num="71" count="1" type="stmt"/>
        <line num="75" count="8" type="stmt"/>
        <line num="76" count="8" type="cond" truecount="1" falsecount="1"/>
        <line num="77" count="0" type="stmt"/>
        <line num="80" count="8" type="cond" truecount="0" falsecount="1"/>
        <line num="81" count="0" type="stmt"/>
        <line num="90" count="9" type="stmt"/>
        <line num="91" count="9" type="cond" truecount="1" falsecount="1"/>
        <line num="94" count="9" type="cond" truecount="1" falsecount="0"/>
        <line num="95" count="1" type="stmt"/>
        <line num="102" count="10" type="cond" truecount="2" falsecount="0"/>
        <line num="103" count="1" type="stmt"/>
        <line num="108" count="9" type="stmt"/>
        <line num="109" count="9" type="stmt"/>
        <line num="110" count="9" type="cond" truecount="1" falsecount="0"/>
        <line num="111" count="1" type="stmt"/>
        <line num="118" count="10" type="stmt"/>
        <line num="121" count="10" type="cond" truecount="1" falsecount="0"/>
        <line num="122" count="1" type="stmt"/>
        <line num="127" count="10" type="stmt"/>
        <line num="128" count="10" type="stmt"/>
      </file>
    </package>
    <package name="modules.admin-config.versioning">
      <metrics statements="42" coveredstatements="33" conditionals="38" coveredconditionals="19" methods="9" coveredmethods="7"/>
      <file name="config-version.service.ts" path="/home/runner/work/intervu-ai/intervu-ai/apps/api/src/modules/admin-config/versioning/config-version.service.ts">
        <metrics statements="42" coveredstatements="33" conditionals="38" coveredconditionals="19" methods="9" coveredmethods="7"/>
        <line num="1" count="2" type="stmt"/>
        <line num="6" count="2" type="stmt"/>
        <line num="29" count="2" type="stmt"/>
        <line num="30" count="9" type="stmt"/>
        <line num="41" count="2" type="cond" truecount="2" falsecount="0"/>
        <line num="44" count="2" type="stmt"/>
        <line num="49" count="2" type="cond" truecount="2" falsecount="0"/>
        <line num="52" count="2" type="stmt"/>
        <line num="60" count="2" type="stmt"/>
        <line num="68" count="0" type="stmt"/>
        <line num="89" count="0" type="cond" truecount="0" falsecount="1"/>
        <line num="90" count="0" type="stmt"/>
        <line num="95" count="0" type="stmt"/>
        <line num="102" count="2" type="stmt"/>
        <line num="105" count="2" type="cond" truecount="1" falsecount="0"/>
        <line num="106" count="1" type="stmt"/>
        <line num="111" count="1" type="stmt"/>
        <line num="116" count="2" type="stmt"/>
        <line num="127" count="4" type="stmt"/>
        <line num="130" count="4" type="cond" truecount="1" falsecount="0"/>
        <line num="131" count="1" type="stmt"/>
        <line num="136" count="3" type="cond" truecount="3" falsecount="0"/>
        <line num="137" count="1" type="stmt"/>
        <line num="143" count="2" type="stmt"/>
        <line num="147" count="2" type="cond" truecount="3" falsecount="0"/>
        <line num="148" count="1" type="stmt"/>
        <line num="153" count="1" type="stmt"/>
        <line num="155" count="1" type="stmt"/>
        <line num="157" count="1" type="stmt"/>
        <line num="158" count="1" type="stmt"/>
        <line num="161" count="1" type="stmt"/>
        <line num="164" count="1" type="stmt"/>
        <line num="177" count="1" type="cond" truecount="0" falsecount="1"/>
        <line num="178" count="0" type="stmt"/>
        <line num="189" count="1" type="cond" truecount="0" falsecount="1"/>
        <line num="190" count="0" type="stmt"/>
        <line num="205" count="1" type="cond" truecount="1" falsecount="2"/>
        <line num="206" count="0" type="stmt"/>
        <line num="207" count="0" type="stmt"/>
        <line num="218" count="0" type="cond" truecount="0" falsecount="2"/>
        <line num="236" count="1" type="stmt"/>
        <line num="249" count="4" type="stmt"/>
      </file>
    </package>
    <package name="modules.assembly.providers">
      <metrics statements="13" coveredstatements="13" conditionals="4" coveredconditionals="2" methods="2" coveredmethods="2"/>
      <file name="mock-semantic-similarity.provider.ts" path="/home/runner/work/intervu-ai/intervu-ai/apps/api/src/modules/assembly/providers/mock-semantic-similarity.provider.ts">
        <metrics statements="12" coveredstatements="12" conditionals="4" coveredconditionals="2" methods="2" coveredmethods="2"/>
        <line num="1" count="1" type="stmt"/>
        <line num="5" count="1" type="stmt"/>
        <line num="7" count="5" type="stmt"/>
        <line num="8" count="10" type="stmt"/>
        <line num="9" count="5" type="stmt"/>
        <line num="10" count="5" type="stmt"/>
        <line num="12" count="5" type="cond" truecount="1" falsecount="2"/>
        <line num="14" count="5" type="stmt"/>
        <line num="15" count="5" type="stmt"/>
        <line num="16" count="16" type="cond" truecount="1" falsecount="0"/>
        <line num="19" count="5" type="stmt"/>
        <line num="20" count="5" type="stmt"/>
      </file>
      <file name="semantic-similarity.provider.ts" path="/home/runner/work/intervu-ai/intervu-ai/apps/api/src/modules/assembly/providers/semantic-similarity.provider.ts">
        <metrics statements="1" coveredstatements="1" conditionals="0" coveredconditionals="0" methods="0" coveredmethods="0"/>
        <line num="1" count="5" type="stmt"/>
      </file>
    </package>
    <package name="modules.assembly.repositories">
      <metrics statements="97" coveredstatements="20" conditionals="20" coveredconditionals="0" methods="31" coveredmethods="0"/>
      <file name="assembled-test.repository.ts" path="/home/runner/work/intervu-ai/intervu-ai/apps/api/src/modules/assembly/repositories/assembled-test.repository.ts">
        <metrics statements="29" coveredstatements="4" conditionals="2" coveredconditionals="0" methods="10" coveredmethods="0"/>
        <line num="1" count="10" type="stmt"/>
        <line num="2" count="10" type="stmt"/>
        <line num="3" count="10" type="stmt"/>
        <line num="7" count="10" type="stmt"/>
        <line num="8" count="0" type="stmt"/>
        <line num="16" count="0" type="stmt"/>
        <line num="17" count="0" type="stmt"/>
        <line num="20" count="0" type="stmt"/>
        <line num="30" count="0" type="stmt"/>
        <line num="31" count="0" type="stmt"/>
        <line num="42" count="0" type="cond" truecount="0" falsecount="1"/>
        <line num="43" count="0" type="stmt"/>
        <line num="44" count="0" type="stmt"/>
        <line num="55" count="0" type="stmt"/>
        <line num="59" count="0" type="stmt"/>
        <line num="61" count="0" type="stmt"/>
        <line num="74" count="0" type="stmt"/>
        <line num="75" count="0" type="stmt"/>
        <line num="77" count="0" type="stmt"/>
        <line num="86" count="0" type="stmt"/>
        <line num="91" count="0" type="stmt"/>
        <line num="92" count="0" type="stmt"/>
        <line num="103" count="0" type="cond" truecount="0" falsecount="1"/>
        <line num="104" count="0" type="stmt"/>
        <line num="105" count="0" type="stmt"/>
        <line num="117" count="0" type="stmt"/>
        <line num="125" count="0" type="stmt"/>
        <line num="145" count="0" type="stmt"/>
        <line num="152" count="0" type="stmt"/>
      </file>
      <file name="assembly-audit.repository.ts" path="/home/runner/work/intervu-ai/intervu-ai/apps/api/src/modules/assembly/repositories/assembly-audit.repository.ts">
        <metrics statements="6" coveredstatements="3" conditionals="0" coveredconditionals="0" methods="3" coveredmethods="0"/>
        <line num="1" count="6" type="stmt"/>
        <line num="2" count="6" type="stmt"/>
        <line num="6" count="6" type="stmt"/>
        <line num="7" count="0" type="stmt"/>
        <line num="15" count="0" type="stmt"/>
        <line num="26" count="0" type="stmt"/>
      </file>
      <file name="assembly-version.repository.ts" path="/home/runner/work/intervu-ai/intervu-ai/apps/api/src/modules/assembly/repositories/assembly-version.repository.ts">
        <metrics statements="9" coveredstatements="3" conditionals="2" coveredconditionals="0" methods="5" coveredmethods="0"/>
        <line num="1" count="5" type="stmt"/>
        <line num="2" count="5" type="stmt"/>
        <line num="6" count="5" type="stmt"/>
        <line num="7" count="0" type="stmt"/>
        <line num="14" count="0" type="stmt"/>
        <line num="24" count="0" type="stmt"/>
        <line num="31" count="0" type="stmt"/>
        <line num="37" count="0" type="stmt"/>
        <line num="42" count="0" type="cond" truecount="0" falsecount="2"/>
      </file>
      <file name="assembly.repository.ts" path="/home/runner/work/intervu-ai/intervu-ai/apps/api/src/modules/assembly/repositories/assembly.repository.ts">
        <metrics statements="26" coveredstatements="4" conditionals="4" coveredconditionals="0" methods="6" coveredmethods="0"/>
        <line num="1" count="7" type="stmt"/>
        <line num="2" count="7" type="stmt"/>
        <line num="3" count="7" type="stmt"/>
        <line num="8" count="7" type="stmt"/>
        <line num="9" count="0" type="stmt"/>
        <line num="16" count="0" type="stmt"/>
        <line num="17" count="0" type="stmt"/>
        <line num="20" count="0" type="stmt"/>
        <line num="21" count="0" type="stmt"/>
        <line num="24" count="0" type="cond" truecount="0" falsecount="1"/>
        <line num="25" count="0" type="stmt"/>
        <line num="26" count="0" type="cond" truecount="0" falsecount="2"/>
        <line num="27" count="0" type="stmt"/>
        <line num="29" count="0" type="stmt"/>
        <line num="38" count="0" type="stmt"/>
        <line num="43" count="0" type="stmt"/>
        <line num="52" count="0" type="stmt"/>
        <line num="53" count="0" type="stmt"/>
        <line num="64" count="0" type="cond" truecount="0" falsecount="1"/>
        <line num="65" count="0" type="stmt"/>
        <line num="66" count="0" type="stmt"/>
        <line num="77" count="0" type="stmt"/>
        <line num="81" count="0" type="stmt"/>
        <line num="83" count="0" type="stmt"/>
        <line num="91" count="0" type="stmt"/>
        <line num="111" count="0" type="stmt"/>
      </file>
      <file name="blueprint.repository.ts" path="/home/runner/work/intervu-ai/intervu-ai/apps/api/src/modules/assembly/repositories/blueprint.repository.ts">
        <metrics statements="8" coveredstatements="3" conditionals="1" coveredconditionals="0" methods="2" coveredmethods="0"/>
        <line num="1" count="8" type="stmt"/>
        <line num="2" count="8" type="stmt"/>
        <line num="5" count="8" type="stmt"/>
        <line num="6" count="0" type="stmt"/>
        <line num="9" count="0" type="stmt"/>
        <line num="28" count="0" type="cond" truecount="0" falsecount="1"/>
        <line num="29" count="0" type="stmt"/>
        <line num="32" count="0" type="stmt"/>
      </file>
      <file name="question-pool.repository.ts" path="/home/runner/work/intervu-ai/intervu-ai/apps/api/src/modules/assembly/repositories/question-pool.repository.ts">
        <metrics statements="19" coveredstatements="3" conditionals="11" coveredconditionals="0" methods="5" coveredmethods="0"/>
        <line num="1" count="6" type="stmt"/>
        <line num="2" count="6" type="stmt"/>
        <line num="11" count="6" type="stmt"/>
        <line num="12" count="0" type="stmt"/>
        <line num="15" count="0" type="stmt"/>
        <line num="29" count="0" type="stmt"/>
        <line num="43" count="0" type="cond" truecount="0" falsecount="1"/>
        <line num="44" count="0" type="stmt"/>
        <line num="45" count="0" type="stmt"/>
        <line num="46" count="0" type="stmt"/>
        <line num="62" count="0" type="stmt"/>
        <line num="67" count="0" type="stmt"/>
        <line num="76" count="0" type="stmt"/>
        <line num="77" count="0" type="stmt"/>
        <line num="78" count="0" type="stmt"/>
        <line num="79" count="0" type="stmt"/>
        <line num="83" count="0" type="stmt"/>
        <line num="87" count="0" type="cond" truecount="0" falsecount="1"/>
        <line num="88" count="0" type="stmt"/>
      </file>
    </package>
    <package name="modules.assembly.services">
      <metrics statements="666" coveredstatements="509" conditionals="283" coveredconditionals="143" methods="110" coveredmethods="77"/>
      <file name="anti-repetition.service.ts" path="/home/runner/work/intervu-ai/intervu-ai/apps/api/src/modules/assembly/services/anti-repetition.service.ts">
        <metrics statements="35" coveredstatements="33" conditionals="14" coveredconditionals="6" methods="6" coveredmethods="6"/>
        <line num="1" count="5" type="stmt"/>
        <line num="3" count="5" type="stmt"/>
        <line num="4" count="5" type="stmt"/>
        <line num="8" count="5" type="stmt"/>
        <line num="22" count="5" type="stmt"/>
        <line num="23" count="2" type="stmt"/>
        <line num="27" count="2" type="stmt"/>
        <line num="28" count="2" type="stmt"/>
        <line num="36" count="4" type="stmt"/>
        <line num="38" count="4" type="cond" truecount="1" falsecount="0"/>
        <line num="39" count="1" type="stmt"/>
        <line num="42" count="1" type="stmt"/>
        <line num="50" count="3" type="cond" truecount="0" falsecount="1"/>
        <line num="51" count="0" type="stmt"/>
        <line num="54" count="0" type="stmt"/>
        <line num="62" count="3" type="stmt"/>
        <line num="63" count="3" type="cond" truecount="1" falsecount="3"/>
        <line num="67" count="3" type="stmt"/>
        <line num="69" count="3" type="cond" truecount="1" falsecount="0"/>
        <line num="70" count="3" type="stmt"/>
        <line num="71" count="5" type="cond" truecount="1" falsecount="3"/>
        <line num="72" count="5" type="cond" truecount="0" falsecount="1"/>
        <line num="74" count="5" type="stmt"/>
        <line num="78" count="5" type="cond" truecount="1" falsecount="0"/>
        <line num="79" count="1" type="stmt"/>
        <line num="82" count="1" type="stmt"/>
        <line num="91" count="2" type="stmt"/>
        <line num="102" count="2" type="stmt"/>
        <line num="104" count="2" type="stmt"/>
        <line num="106" count="2" type="stmt"/>
        <line num="107" count="2" type="stmt"/>
        <line num="108" count="4" type="stmt"/>
        <line num="113" count="4" type="cond" truecount="1" falsecount="0"/>
        <line num="114" count="2" type="stmt"/>
        <line num="117" count="2" type="stmt"/>
      </file>
      <file name="assembly-audit.service.ts" path="/home/runner/work/intervu-ai/intervu-ai/apps/api/src/modules/assembly/services/assembly-audit.service.ts">
        <metrics statements="6" coveredstatements="3" conditionals="1" coveredconditionals="0" methods="3" coveredmethods="0"/>
        <line num="1" count="6" type="stmt"/>
        <line num="2" count="6" type="stmt"/>
        <line num="6" count="6" type="stmt"/>
        <line num="7" count="0" type="stmt"/>
        <line num="15" count="0" type="stmt"/>
        <line num="24" count="0" type="stmt"/>
      </file>
      <file name="assembly-persistence.service.ts" path="/home/runner/work/intervu-ai/intervu-ai/apps/api/src/modules/assembly/services/assembly-persistence.service.ts">
        <metrics statements="35" coveredstatements="28" conditionals="5" coveredconditionals="0" methods="9" coveredmethods="5"/>
        <line num="1" count="6" type="stmt"/>
        <line num="2" count="6" type="stmt"/>
        <line num="3" count="6" type="stmt"/>
        <line num="5" count="6" type="stmt"/>
        <line num="8" count="6" type="stmt"/>
        <line num="10" count="4" type="stmt"/>
        <line num="11" count="4" type="stmt"/>
        <line num="12" count="4" type="stmt"/>
        <line num="20" count="1" type="stmt"/>
        <line num="21" count="0" type="stmt"/>
        <line num="24" count="1" type="stmt"/>
        <line num="25" count="0" type="stmt"/>
        <line num="29" count="1" type="stmt"/>
        <line num="36" count="1" type="stmt"/>
        <line num="42" count="1" type="stmt"/>
        <line num="46" count="2" type="stmt"/>
        <line num="47" count="2" type="stmt"/>
        <line num="48" count="2" type="stmt"/>
        <line num="50" count="0" type="stmt"/>
        <line num="53" count="2" type="cond" truecount="0" falsecount="1"/>
        <line num="54" count="0" type="stmt"/>
        <line num="57" count="2" type="cond" truecount="0" falsecount="1"/>
        <line num="58" count="0" type="stmt"/>
        <line num="60" count="2" type="stmt"/>
        <line num="68" count="1" type="stmt"/>
        <line num="70" count="1" type="stmt"/>
        <line num="71" count="0" type="stmt"/>
        <line num="74" count="1" type="stmt"/>
        <line num="75" count="0" type="stmt"/>
        <line num="79" count="1" type="stmt"/>
        <line num="86" count="1" type="stmt"/>
        <line num="95" count="1" type="stmt"/>
        <line num="97" count="1" type="stmt"/>
        <line num="102" count="1" type="stmt"/>
        <line num="106" count="1" type="stmt"/>
      </file>
      <file name="assembly-publisher.service.ts" path="/home/runner/work/intervu-ai/intervu-ai/apps/api/src/modules/assembly/services/assembly-publisher.service.ts">
        <metrics statements="57" coveredstatements="41" conditionals="15" coveredconditionals="5" methods="5" coveredmethods="3"/>
        <line num="1" count="2" type="stmt"/>
        <line num="2" count="2" type="stmt"/>
        <line num="3" count="2" type="stmt"/>
        <line num="4" count="2" type="stmt"/>
        <line num="5" count="2" type="stmt"/>
        <line num="6" count="2" type="stmt"/>
        <line num="7" count="2" type="stmt"/>
        <line num="8" count="2" type="stmt"/>
        <line num="11" count="2" type="stmt"/>
        <line num="13" count="3" type="stmt"/>
        <line num="14" count="3" type="stmt"/>
        <line num="15" count="3" type="stmt"/>
        <line num="16" count="3" type="stmt"/>
        <line num="17" count="3" type="stmt"/>
        <line num="18" count="3" type="stmt"/>
        <line num="24" count="2" type="stmt"/>
        <line num="25" count="2" type="cond" truecount="0" falsecount="1"/>
        <line num="26" count="0" type="stmt"/>
        <line num="27" count="0" type="stmt"/>
        <line num="28" count="0" type="stmt"/>
        <line num="30" count="0" type="stmt"/>
        <line num="35" count="2" type="stmt"/>
        <line num="36" count="2" type="stmt"/>
        <line num="37" count="2" type="stmt"/>
        <line num="39" count="0" type="stmt"/>
        <line num="44" count="2" type="cond" truecount="0" falsecount="1"/>
        <line num="45" count="0" type="stmt"/>
        <line num="48" count="2" type="cond" truecount="0" falsecount="1"/>
        <line num="49" count="0" type="stmt"/>
        <line num="52" count="2" type="cond" truecount="1" falsecount="0"/>
        <line num="53" count="1" type="stmt"/>
        <line num="58" count="1" type="stmt"/>
        <line num="59" count="1" type="stmt"/>
        <line num="61" count="1" type="stmt"/>
        <line num="62" count="1" type="stmt"/>
        <line num="66" count="0" type="cond" truecount="0" falsecount="2"/>
        <line num="67" count="0" type="stmt"/>
        <line num="72" count="1" type="cond" truecount="1" falsecount="0"/>
        <line num="74" count="1" type="stmt"/>
        <line num="75" count="1" type="cond" truecount="1" falsecount="1"/>
        <line num="78" count="1" type="cond" truecount="0" falsecount="1"/>
        <line num="79" count="0" type="stmt"/>
        <line num="85" count="1" type="cond" truecount="0" falsecount="1"/>
        <line num="86" count="0" type="stmt"/>
        <line num="92" count="1" type="cond" truecount="0" falsecount="1"/>
        <line num="93" count="0" type="stmt"/>
        <line num="99" count="1" type="stmt"/>
        <line num="102" count="1" type="stmt"/>
        <line num="103" count="1" type="stmt"/>
        <line num="108" count="0" type="stmt"/>
        <line num="112" count="1" type="stmt"/>
        <line num="113" count="1" type="stmt"/>
        <line num="114" count="1" type="stmt"/>
        <line num="119" count="0" type="stmt"/>
        <line num="120" count="0" type="stmt"/>
        <line num="123" count="0" type="stmt"/>
        <line num="126" count="1" type="stmt"/>
      </file>
      <file name="assembly-validation-v2.service.ts" path="/home/runner/work/intervu-ai/intervu-ai/apps/api/src/modules/assembly/services/assembly-validation-v2.service.ts">
        <metrics statements="75" coveredstatements="69" conditionals="30" coveredconditionals="18" methods="13" coveredmethods="13"/>
        <line num="1" count="5" type="stmt"/>
        <line num="5" count="5" type="stmt"/>
        <line num="26" count="5" type="stmt"/>
        <line num="27" count="7" type="stmt"/>
        <line num="29" count="7" type="stmt"/>
        <line num="39" count="10" type="stmt"/>
        <line num="40" count="10" type="stmt"/>
        <line num="42" count="10" type="stmt"/>
        <line num="47" count="10" type="stmt"/>
        <line num="48" count="10" type="stmt"/>
        <line num="49" count="10" type="cond" truecount="1" falsecount="0"/>
        <line num="50" count="3" type="stmt"/>
        <line num="56" count="10" type="cond" truecount="1" falsecount="0"/>
        <line num="57" count="1" type="stmt"/>
        <line num="63" count="10" type="cond" truecount="0" falsecount="1"/>
        <line num="64" count="0" type="stmt"/>
        <line num="71" count="10" type="cond" truecount="1" falsecount="1"/>
        <line num="79" count="10" type="stmt"/>
        <line num="80" count="10" type="cond" truecount="1" falsecount="0"/>
        <line num="81" count="3" type="stmt"/>
        <line num="89" count="10" type="stmt"/>
        <line num="90" count="10" type="stmt"/>
        <line num="91" count="10" type="stmt"/>
        <line num="93" count="10" type="stmt"/>
        <line num="94" count="9" type="stmt"/>
        <line num="95" count="9" type="stmt"/>
        <line num="98" count="9" type="cond" truecount="0" falsecount="1"/>
        <line num="99" count="0" type="stmt"/>
        <line num="100" count="0" type="stmt"/>
        <line num="104" count="9" type="cond" truecount="0" falsecount="1"/>
        <line num="105" count="0" type="stmt"/>
        <line num="111" count="9" type="cond" truecount="0" falsecount="1"/>
        <line num="112" count="0" type="stmt"/>
        <line num="118" count="9" type="cond" truecount="0" falsecount="1"/>
        <line num="119" count="0" type="stmt"/>
        <line num="126" count="9" type="stmt"/>
        <line num="131" count="9" type="stmt"/>
        <line num="134" count="9" type="stmt"/>
        <line num="139" count="9" type="stmt"/>
        <line num="142" count="9" type="stmt"/>
        <line num="143" count="9" type="stmt"/>
        <line num="146" count="9" type="stmt"/>
        <line num="149" count="5" type="stmt"/>
        <line num="157" count="9" type="stmt"/>
        <line num="161" count="10" type="cond" truecount="2" falsecount="0"/>
        <line num="165" count="10" type="cond" truecount="2" falsecount="0"/>
        <line num="169" count="10" type="stmt"/>
        <line num="180" count="10" type="stmt"/>
        <line num="186" count="10" type="stmt"/>
        <line num="198" count="9" type="stmt"/>
        <line num="199" count="9" type="cond" truecount="2" falsecount="1"/>
        <line num="201" count="9" type="stmt"/>
        <line num="206" count="9" type="stmt"/>
        <line num="207" count="28" type="stmt"/>
        <line num="209" count="28" type="stmt"/>
        <line num="211" count="28" type="stmt"/>
        <line num="216" count="9" type="stmt"/>
        <line num="220" count="9" type="cond" truecount="1" falsecount="0"/>
        <line num="221" count="6" type="stmt"/>
        <line num="228" count="9" type="stmt"/>
        <line num="230" count="9" type="cond" truecount="1" falsecount="1"/>
        <line num="233" count="9" type="stmt"/>
        <line num="245" count="9" type="cond" truecount="2" falsecount="1"/>
        <line num="247" count="9" type="stmt"/>
        <line num="249" count="9" type="stmt"/>
        <line num="250" count="9" type="stmt"/>
        <line num="251" count="9" type="stmt"/>
        <line num="252" count="28" type="stmt"/>
        <line num="254" count="9" type="stmt"/>
        <line num="255" count="9" type="stmt"/>
        <line num="257" count="9" type="cond" truecount="1" falsecount="0"/>
        <line num="258" count="3" type="stmt"/>
        <line num="265" count="9" type="stmt"/>
        <line num="267" count="9" type="cond" truecount="1" falsecount="1"/>
        <line num="270" count="9" type="stmt"/>
      </file>
      <file name="assembly-version.service.ts" path="/home/runner/work/intervu-ai/intervu-ai/apps/api/src/modules/assembly/services/assembly-version.service.ts">
        <metrics statements="41" coveredstatements="27" conditionals="15" coveredconditionals="5" methods="6" coveredmethods="3"/>
        <line num="1" count="3" type="stmt"/>
        <line num="6" count="3" type="stmt"/>
        <line num="7" count="3" type="stmt"/>
        <line num="8" count="3" type="stmt"/>
        <line num="9" count="3" type="stmt"/>
        <line num="14" count="3" type="stmt"/>
        <line num="16" count="3" type="stmt"/>
        <line num="17" count="3" type="stmt"/>
        <line num="18" count="3" type="stmt"/>
        <line num="19" count="3" type="stmt"/>
        <line num="24" count="1" type="stmt"/>
        <line num="26" count="1" type="stmt"/>
        <line num="27" count="1" type="stmt"/>
        <line num="28" count="1" type="stmt"/>
        <line num="31" count="0" type="stmt"/>
        <line num="35" count="1" type="stmt"/>
        <line num="42" count="0" type="cond" truecount="1" falsecount="1"/>
        <line num="49" count="0" type="cond" truecount="0" falsecount="2"/>
        <line num="58" count="1" type="stmt"/>
        <line num="59" count="1" type="stmt"/>
        <line num="66" count="1" type="stmt"/>
        <line num="71" count="0" type="stmt"/>
        <line num="72" count="0" type="stmt"/>
        <line num="75" count="0" type="stmt"/>
        <line num="83" count="1" type="stmt"/>
        <line num="87" count="0" type="stmt"/>
        <line num="88" count="0" type="stmt"/>
        <line num="90" count="0" type="cond" truecount="0" falsecount="2"/>
        <line num="91" count="0" type="stmt"/>
        <line num="92" count="0" type="stmt"/>
        <line num="101" count="1" type="stmt"/>
        <line num="102" count="1" type="cond" truecount="0" falsecount="1"/>
        <line num="103" count="0" type="stmt"/>
        <line num="105" count="1" type="cond" truecount="0" falsecount="1"/>
        <line num="106" count="0" type="stmt"/>
        <line num="109" count="1" type="stmt"/>
        <line num="114" count="1" type="cond" truecount="2" falsecount="1"/>
        <line num="115" count="0" type="stmt"/>
        <line num="119" count="1" type="stmt"/>
        <line num="127" count="1" type="stmt"/>
        <line num="132" count="1" type="stmt"/>
      </file>
      <file name="blueprint-builder.service.ts" path="/home/runner/work/intervu-ai/intervu-ai/apps/api/src/modules/assembly/services/blueprint-builder.service.ts">
        <metrics statements="28" coveredstatements="25" conditionals="16" coveredconditionals="8" methods="5" coveredmethods="5"/>
        <line num="1" count="7" type="stmt"/>
        <line num="3" count="7" type="stmt"/>
        <line num="6" count="7" type="stmt"/>
        <line num="7" count="2" type="stmt"/>
        <line num="11" count="2" type="stmt"/>
        <line num="13" count="2" type="cond" truecount="2" falsecount="1"/>
        <line num="14" count="0" type="stmt"/>
        <line num="19" count="2" type="cond" truecount="1" falsecount="0"/>
        <line num="21" count="2" type="stmt"/>
        <line num="22" count="2" type="cond" truecount="1" falsecount="0"/>
        <line num="23" count="1" type="stmt"/>
        <line num="27" count="1" type="stmt"/>
        <line num="28" count="1" type="stmt"/>
        <line num="30" count="1" type="stmt"/>
        <line num="32" count="1" type="stmt"/>
        <line num="33" count="1" type="cond" truecount="0" falsecount="1"/>
        <line num="34" count="0" type="stmt"/>
        <line num="38" count="1" type="stmt"/>
        <line num="44" count="1" type="cond" truecount="0" falsecount="1"/>
        <line num="45" count="0" type="stmt"/>
        <line num="50" count="1" type="stmt"/>
        <line num="51" count="1" type="stmt"/>
        <line num="54" count="1" type="cond" truecount="1" falsecount="2"/>
        <line num="58" count="1" type="stmt"/>
        <line num="59" count="1" type="stmt"/>
        <line num="60" count="1" type="stmt"/>
        <line num="62" count="1" type="stmt"/>
        <line num="80" count="1" type="stmt"/>
      </file>
      <file name="blueprint-simulation.service.ts" path="/home/runner/work/intervu-ai/intervu-ai/apps/api/src/modules/assembly/services/blueprint-simulation.service.ts">
        <metrics statements="11" coveredstatements="11" conditionals="6" coveredconditionals="3" methods="1" coveredmethods="1"/>
        <line num="1" count="1" type="stmt"/>
        <line num="15" count="1" type="stmt"/>
        <line num="17" count="1" type="stmt"/>
        <line num="18" count="1" type="stmt"/>
        <line num="19" count="1" type="stmt"/>
        <line num="20" count="1" type="cond" truecount="1" falsecount="1"/>
        <line num="21" count="1" type="stmt"/>
        <line num="23" count="1" type="cond" truecount="1" falsecount="1"/>
        <line num="25" count="1" type="stmt"/>
        <line num="37" count="1" type="stmt"/>
        <line num="39" count="1" type="stmt"/>
      </file>
      <file name="distribution-analytics.service.ts" path="/home/runner/work/intervu-ai/intervu-ai/apps/api/src/modules/assembly/services/distribution-analytics.service.ts">
        <metrics statements="46" coveredstatements="7" conditionals="22" coveredconditionals="0" methods="14" coveredmethods="1"/>
        <line num="1" count="1" type="stmt"/>
        <line num="3" count="1" type="stmt"/>
        <line num="4" count="1" type="stmt"/>
        <line num="5" count="1" type="stmt"/>
        <line num="10" count="1" type="stmt"/>
        <line num="12" count="1" type="stmt"/>
        <line num="13" count="1" type="stmt"/>
        <line num="19" count="0" type="stmt"/>
        <line num="20" count="0" type="stmt"/>
        <line num="21" count="0" type="stmt"/>
        <line num="22" count="0" type="stmt"/>
        <line num="23" count="0" type="cond" truecount="0" falsecount="2"/>
        <line num="24" count="0" type="cond" truecount="0" falsecount="2"/>
        <line num="27" count="0" type="stmt"/>
        <line num="33" count="0" type="stmt"/>
        <line num="34" count="0" type="stmt"/>
        <line num="35" count="0" type="stmt"/>
        <line num="36" count="0" type="stmt"/>
        <line num="37" count="0" type="cond" truecount="0" falsecount="2"/>
        <line num="38" count="0" type="cond" truecount="0" falsecount="2"/>
        <line num="41" count="0" type="stmt"/>
        <line num="47" count="0" type="stmt"/>
        <line num="48" count="0" type="stmt"/>
        <line num="49" count="0" type="cond" truecount="0" falsecount="4"/>
        <line num="51" count="0" type="stmt"/>
        <line num="55" count="0" type="stmt"/>
        <line num="56" count="0" type="cond" truecount="0" falsecount="2"/>
        <line num="59" count="0" type="stmt"/>
        <line num="60" count="0" type="cond" truecount="0" falsecount="2"/>
        <line num="64" count="0" type="cond" truecount="0" falsecount="2"/>
        <line num="65" count="0" type="stmt"/>
        <line num="69" count="0" type="cond" truecount="0" falsecount="2"/>
        <line num="73" count="0" type="stmt"/>
        <line num="74" count="0" type="stmt"/>
        <line num="75" count="0" type="stmt"/>
        <line num="77" count="0" type="stmt"/>
        <line num="82" count="0" type="cond" truecount="0" falsecount="1"/>
        <line num="83" count="0" type="stmt"/>
        <line num="85" count="0" type="cond" truecount="0" falsecount="1"/>
        <line num="86" count="0" type="stmt"/>
        <line num="91" count="0" type="stmt"/>
        <line num="94" count="0" type="stmt"/>
        <line num="97" count="0" type="stmt"/>
        <line num="100" count="0" type="stmt"/>
        <line num="101" count="0" type="stmt"/>
        <line num="103" count="0" type="stmt"/>
      </file>
      <file name="duplicate-detection.service.ts" path="/home/runner/work/intervu-ai/intervu-ai/apps/api/src/modules/assembly/services/duplicate-detection.service.ts">
        <metrics statements="41" coveredstatements="40" conditionals="13" coveredconditionals="12" methods="4" coveredmethods="4"/>
        <line num="1" count="6" type="stmt"/>
        <line num="53" count="6" type="stmt"/>
        <line num="54" count="12" type="stmt"/>
        <line num="63" count="15" type="stmt"/>
        <line num="64" count="15" type="stmt"/>
        <line num="67" count="15" type="stmt"/>
        <line num="69" count="15" type="stmt"/>
        <line num="71" count="15" type="stmt"/>
        <line num="73" count="15" type="stmt"/>
        <line num="74" count="17" type="stmt"/>
        <line num="76" count="17" type="stmt"/>
        <line num="78" count="17" type="stmt"/>
        <line num="79" count="40" type="stmt"/>
        <line num="82" count="40" type="cond" truecount="2" falsecount="0"/>
        <line num="83" count="5" type="stmt"/>
        <line num="84" count="5" type="cond" truecount="2" falsecount="0"/>
        <line num="85" count="2" type="stmt"/>
        <line num="92" count="2" type="stmt"/>
        <line num="93" count="2" type="stmt"/>
        <line num="96" count="3" type="cond" truecount="1" falsecount="0"/>
        <line num="98" count="3" type="stmt"/>
        <line num="105" count="3" type="stmt"/>
        <line num="108" count="35" type="stmt"/>
        <line num="110" count="40" type="stmt"/>
        <line num="113" count="40" type="cond" truecount="3" falsecount="0"/>
        <line num="114" count="4" type="cond" truecount="2" falsecount="0"/>
        <line num="115" count="2" type="stmt"/>
        <line num="116" count="2" type="cond" truecount="1" falsecount="0"/>
        <line num="117" count="1" type="stmt"/>
        <line num="124" count="1" type="cond" truecount="1" falsecount="1"/>
        <line num="125" count="0" type="stmt"/>
        <line num="127" count="1" type="stmt"/>
        <line num="129" count="1" type="stmt"/>
        <line num="130" count="1" type="stmt"/>
        <line num="133" count="2" type="stmt"/>
        <line num="141" count="17" type="stmt"/>
        <line num="149" count="15" type="stmt"/>
        <line num="150" count="17" type="stmt"/>
        <line num="152" count="15" type="stmt"/>
        <line num="155" count="17" type="stmt"/>
        <line num="158" count="15" type="stmt"/>
      </file>
      <file name="intelligent-allocation.service.ts" path="/home/runner/work/intervu-ai/intervu-ai/apps/api/src/modules/assembly/services/intelligent-allocation.service.ts">
        <metrics statements="61" coveredstatements="55" conditionals="30" coveredconditionals="18" methods="13" coveredmethods="10"/>
        <line num="1" count="2" type="stmt"/>
        <line num="3" count="2" type="stmt"/>
        <line num="4" count="2" type="stmt"/>
        <line num="8" count="2" type="stmt"/>
        <line num="34" count="2" type="stmt"/>
        <line num="35" count="6" type="stmt"/>
        <line num="39" count="6" type="stmt"/>
        <line num="53" count="6" type="stmt"/>
        <line num="54" count="6" type="stmt"/>
        <line num="56" count="6" type="cond" truecount="1" falsecount="1"/>
        <line num="63" count="6" type="stmt"/>
        <line num="66" count="6" type="stmt"/>
        <line num="69" count="6" type="stmt"/>
        <line num="74" count="6" type="stmt"/>
        <line num="78" count="18" type="stmt"/>
        <line num="80" count="6" type="stmt"/>
        <line num="83" count="6" type="stmt"/>
        <line num="85" count="15" type="cond" truecount="1" falsecount="1"/>
        <line num="87" count="15" type="cond" truecount="1" falsecount="1"/>
        <line num="89" count="15" type="stmt"/>
        <line num="99" count="0" type="stmt"/>
        <line num="110" count="6" type="stmt"/>
        <line num="111" count="15" type="stmt"/>
        <line num="112" count="18" type="stmt"/>
        <line num="113" count="18" type="stmt"/>
        <line num="118" count="6" type="stmt"/>
        <line num="119" count="6" type="cond" truecount="1" falsecount="0"/>
        <line num="120" count="1" type="stmt"/>
        <line num="124" count="1" type="stmt"/>
        <line num="130" count="18" type="stmt"/>
        <line num="136" count="6" type="cond" truecount="1" falsecount="1"/>
        <line num="140" count="6" type="stmt"/>
        <line num="162" count="15" type="stmt"/>
        <line num="163" count="15" type="stmt"/>
        <line num="166" count="15" type="stmt"/>
        <line num="167" count="0" type="stmt"/>
        <line num="170" count="15" type="stmt"/>
        <line num="172" count="15" type="stmt"/>
        <line num="173" count="15" type="cond" truecount="0" falsecount="1"/>
        <line num="175" count="15" type="stmt"/>
        <line num="179" count="15" type="cond" truecount="0" falsecount="1"/>
        <line num="181" count="15" type="stmt"/>
        <line num="188" count="15" type="stmt"/>
        <line num="190" count="15" type="stmt"/>
        <line num="192" count="15" type="cond" truecount="1" falsecount="0"/>
        <line num="193" count="3" type="stmt"/>
        <line num="194" count="3" type="stmt"/>
        <line num="200" count="15" type="stmt"/>
        <line num="201" count="15" type="stmt"/>
        <line num="202" count="15" type="stmt"/>
        <line num="206" count="15" type="cond" truecount="1" falsecount="0"/>
        <line num="207" count="3" type="stmt"/>
        <line num="213" count="3" type="stmt"/>
        <line num="215" count="3" type="stmt"/>
        <line num="216" count="3" type="stmt"/>
        <line num="219" count="15" type="stmt"/>
        <line num="232" count="0" type="stmt"/>
        <line num="238" count="0" type="cond" truecount="0" falsecount="1"/>
        <line num="239" count="0" type="stmt"/>
        <line num="245" count="0" type="stmt"/>
        <line num="255" count="18" type="stmt"/>
      </file>
      <file name="publish-readiness.service.ts" path="/home/runner/work/intervu-ai/intervu-ai/apps/api/src/modules/assembly/services/publish-readiness.service.ts">
        <metrics statements="63" coveredstatements="52" conditionals="41" coveredconditionals="25" methods="9" coveredmethods="9"/>
        <line num="1" count="4" type="stmt"/>
        <line num="2" count="4" type="stmt"/>
        <line num="3" count="4" type="stmt"/>
        <line num="4" count="4" type="stmt"/>
        <line num="5" count="4" type="stmt"/>
        <line num="6" count="4" type="stmt"/>
        <line num="7" count="4" type="stmt"/>
        <line num="45" count="4" type="stmt"/>
        <line num="46" count="7" type="stmt"/>
        <line num="49" count="7" type="stmt"/>
        <line num="50" count="7" type="stmt"/>
        <line num="51" count="7" type="stmt"/>
        <line num="52" count="7" type="stmt"/>
        <line num="53" count="7" type="stmt"/>
        <line num="63" count="8" type="stmt"/>
        <line num="68" count="8" type="stmt"/>
        <line num="69" count="8" type="stmt"/>
        <line num="70" count="8" type="stmt"/>
        <line num="71" count="8" type="stmt"/>
        <line num="79" count="0" type="cond" truecount="0" falsecount="2"/>
        <line num="80" count="0" type="stmt"/>
        <line num="87" count="8" type="cond" truecount="1" falsecount="0"/>
        <line num="88" count="2" type="stmt"/>
        <line num="95" count="6" type="stmt"/>
        <line num="99" count="6" type="stmt"/>
        <line num="100" count="6" type="stmt"/>
        <line num="112" count="6" type="stmt"/>
        <line num="113" count="6" type="stmt"/>
        <line num="114" count="6" type="stmt"/>
        <line num="117" count="6" type="stmt"/>
        <line num="123" count="0" type="cond" truecount="0" falsecount="2"/>
        <line num="124" count="0" type="stmt"/>
        <line num="132" count="6" type="cond" truecount="1" falsecount="1"/>
        <line num="133" count="6" type="stmt"/>
        <line num="135" count="6" type="cond" truecount="1" falsecount="1"/>
        <line num="147" count="6" type="stmt"/>
        <line num="155" count="13" type="cond" truecount="1" falsecount="1"/>
        <line num="156" count="13" type="stmt"/>
        <line num="172" count="6" type="stmt"/>
        <line num="173" count="6" type="stmt"/>
        <line num="181" count="0" type="cond" truecount="0" falsecount="2"/>
        <line num="182" count="0" type="stmt"/>
        <line num="189" count="0" type="stmt"/>
        <line num="197" count="6" type="stmt"/>
        <line num="199" count="6" type="stmt"/>
        <line num="200" count="6" type="stmt"/>
        <line num="201" count="6" type="stmt"/>
        <line num="209" count="0" type="cond" truecount="0" falsecount="2"/>
        <line num="210" count="0" type="stmt"/>
        <line num="218" count="6" type="stmt"/>
        <line num="219" count="6" type="stmt"/>
        <line num="220" count="6" type="cond" truecount="2" falsecount="0"/>
        <line num="221" count="6" type="stmt"/>
        <line num="229" count="0" type="cond" truecount="0" falsecount="2"/>
        <line num="230" count="0" type="stmt"/>
        <line num="237" count="27" type="stmt"/>
        <line num="238" count="36" type="stmt"/>
        <line num="240" count="6" type="cond" truecount="2" falsecount="0"/>
        <line num="243" count="4" type="stmt"/>
        <line num="245" count="6" type="stmt"/>
        <line num="247" count="6" type="stmt"/>
        <line num="254" count="2" type="stmt"/>
        <line num="255" count="2" type="stmt"/>
      </file>
      <file name="question-allocator.service.ts" path="/home/runner/work/intervu-ai/intervu-ai/apps/api/src/modules/assembly/services/question-allocator.service.ts">
        <metrics statements="46" coveredstatements="34" conditionals="15" coveredconditionals="5" methods="2" coveredmethods="2"/>
        <line num="1" count="4" type="stmt"/>
        <line num="5" count="4" type="stmt"/>
        <line num="6" count="4" type="stmt"/>
        <line num="7" count="4" type="stmt"/>
        <line num="11" count="4" type="stmt"/>
        <line num="22" count="4" type="stmt"/>
        <line num="25" count="1" type="stmt"/>
        <line num="26" count="1" type="stmt"/>
        <line num="35" count="1" type="stmt"/>
        <line num="36" count="1" type="cond" truecount="0" falsecount="1"/>
        <line num="39" count="1" type="cond" truecount="1" falsecount="1"/>
        <line num="40" count="1" type="stmt"/>
        <line num="41" count="1" type="stmt"/>
        <line num="42" count="1" type="stmt"/>
        <line num="44" count="1" type="stmt"/>
        <line num="50" count="1" type="stmt"/>
        <line num="51" count="1" type="stmt"/>
        <line num="53" count="1" type="stmt"/>
        <line num="54" count="3" type="cond" truecount="1" falsecount="0"/>
        <line num="56" count="1" type="stmt"/>
        <line num="58" count="1" type="stmt"/>
        <line num="60" count="1" type="stmt"/>
        <line num="63" count="1" type="cond" truecount="0" falsecount="1"/>
        <line num="65" count="1" type="stmt"/>
        <line num="72" count="1" type="stmt"/>
        <line num="78" count="1" type="cond" truecount="0" falsecount="1"/>
        <line num="79" count="0" type="stmt"/>
        <line num="84" count="1" type="stmt"/>
        <line num="85" count="1" type="stmt"/>
        <line num="86" count="2" type="stmt"/>
        <line num="87" count="2" type="stmt"/>
        <line num="96" count="2" type="stmt"/>
        <line num="101" count="1" type="cond" truecount="1" falsecount="2"/>
        <line num="102" count="0" type="stmt"/>
        <line num="103" count="0" type="stmt"/>
        <line num="109" count="0" type="stmt"/>
        <line num="115" count="0" type="cond" truecount="0" falsecount="1"/>
        <line num="116" count="0" type="stmt"/>
        <line num="121" count="0" type="stmt"/>
        <line num="122" count="0" type="stmt"/>
        <line num="123" count="0" type="stmt"/>
        <line num="124" count="0" type="stmt"/>
        <line num="133" count="0" type="stmt"/>
        <line num="138" count="1" type="cond" truecount="0" falsecount="1"/>
        <line num="139" count="0" type="stmt"/>
        <line num="144" count="1" type="stmt"/>
      </file>
      <file name="question-bank-source.ts" path="/home/runner/work/intervu-ai/intervu-ai/apps/api/src/modules/assembly/services/question-bank-source.ts">
        <metrics statements="31" coveredstatements="23" conditionals="24" coveredconditionals="15" methods="5" coveredmethods="4"/>
        <line num="1" count="1" type="stmt"/>
        <line num="3" count="1" type="stmt"/>
        <line num="4" count="1" type="stmt"/>
        <line num="21" count="1" type="stmt"/>
        <line num="22" count="1" type="stmt"/>
        <line num="24" count="1" type="stmt"/>
        <line num="28" count="1" type="stmt"/>
        <line num="29" count="1" type="stmt"/>
        <line num="33" count="3" type="cond" truecount="0" falsecount="1"/>
        <line num="34" count="0" type="stmt"/>
        <line num="37" count="0" type="stmt"/>
        <line num="40" count="3" type="cond" truecount="1" falsecount="1"/>
        <line num="41" count="3" type="cond" truecount="1" falsecount="1"/>
        <line num="45" count="3" type="cond" truecount="1" falsecount="1"/>
        <line num="46" count="3" type="cond" truecount="1" falsecount="1"/>
        <line num="52" count="3" type="stmt"/>
        <line num="53" count="3" type="stmt"/>
        <line num="65" count="3" type="stmt"/>
        <line num="68" count="3" type="stmt"/>
        <line num="70" count="3" type="cond" truecount="0" falsecount="1"/>
        <line num="74" count="0" type="stmt"/>
        <line num="79" count="0" type="stmt"/>
        <line num="83" count="3" type="stmt"/>
        <line num="85" count="3" type="stmt"/>
        <line num="93" count="3" type="stmt"/>
        <line num="94" count="3" type="stmt"/>
        <line num="97" count="0" type="cond" truecount="0" falsecount="2"/>
        <line num="98" count="0" type="stmt"/>
        <line num="102" count="0" type="stmt"/>
        <line num="113" count="0" type="stmt"/>
        <line num="134" count="3" type="stmt"/>
      </file>
[...]
        <line num="398" count="0" type="stmt"/>
        <line num="402" count="0" type="stmt"/>
        <line num="404" count="0" type="stmt"/>
        <line num="408" count="0" type="stmt"/>
        <line num="415" count="0" type="stmt"/>
        <line num="419" count="0" type="stmt"/>
        <line num="420" count="0" type="stmt"/>
        <line num="424" count="0" type="stmt"/>
        <line num="429" count="0" type="stmt"/>
        <line num="432" count="0" type="stmt"/>
        <line num="439" count="0" type="stmt"/>
      </file>
      <file name="workflow-next-action.service.ts" path="/home/runner/work/intervu-ai/intervu-ai/apps/api/src/modules/workflows/services/workflow-next-action.service.ts">
        <metrics statements="21" coveredstatements="6" conditionals="13" coveredconditionals="2" methods="1" coveredmethods="1"/>
        <line num="1" count="2" type="stmt"/>
        <line num="2" count="2" type="stmt"/>
        <line num="6" count="2" type="stmt"/>
        <line num="8" count="1" type="stmt"/>
        <line num="10" count="1" type="cond" truecount="1" falsecount="0"/>
        <line num="11" count="1" type="stmt"/>
        <line num="18" count="0" type="cond" truecount="0" falsecount="1"/>
        <line num="19" count="0" type="stmt"/>
        <line num="26" count="0" type="cond" truecount="0" falsecount="6"/>
        <line num="28" count="0" type="stmt"/>
        <line num="35" count="0" type="cond" truecount="0" falsecount="1"/>
        <line num="36" count="0" type="stmt"/>
        <line num="42" count="0" type="stmt"/>
        <line num="49" count="0" type="cond" truecount="0" falsecount="1"/>
        <line num="50" count="0" type="stmt"/>
        <line num="56" count="0" type="stmt"/>
        <line num="63" count="0" type="cond" truecount="0" falsecount="1"/>
        <line num="64" count="0" type="stmt"/>
        <line num="70" count="0" type="stmt"/>
        <line num="77" count="0" type="stmt"/>
        <line num="84" count="0" type="stmt"/>
      </file>
      <file name="workflow-notification.service.ts" path="/home/runner/work/intervu-ai/intervu-ai/apps/api/src/modules/workflows/services/workflow-notification.service.ts">
        <metrics statements="23" coveredstatements="15" conditionals="0" coveredconditionals="0" methods="10" coveredmethods="2"/>
        <line num="1" count="1" type="stmt"/>
        <line num="2" count="1" type="stmt"/>
        <line num="3" count="1" type="stmt"/>
        <line num="16" count="1" type="stmt"/>
        <line num="17" count="2" type="stmt"/>
        <line num="20" count="1" type="stmt"/>
        <line num="21" count="1" type="stmt"/>
        <line num="27" count="1" type="stmt"/>
        <line num="28" count="0" type="stmt"/>
        <line num="34" count="1" type="stmt"/>
        <line num="35" count="0" type="stmt"/>
        <line num="41" count="1" type="stmt"/>
        <line num="42" count="0" type="stmt"/>
        <line num="46" count="1" type="stmt"/>
        <line num="47" count="0" type="stmt"/>
        <line num="53" count="1" type="stmt"/>
        <line num="54" count="0" type="stmt"/>
        <line num="60" count="1" type="stmt"/>
        <line num="61" count="0" type="stmt"/>
        <line num="67" count="1" type="stmt"/>
        <line num="68" count="0" type="stmt"/>
        <line num="74" count="1" type="stmt"/>
        <line num="75" count="0" type="stmt"/>
      </file>
      <file name="workflow-status.service.ts" path="/home/runner/work/intervu-ai/intervu-ai/apps/api/src/modules/workflows/services/workflow-status.service.ts">
        <metrics statements="63" coveredstatements="29" conditionals="41" coveredconditionals="10" methods="9" coveredmethods="9"/>
        <line num="1" count="3" type="stmt"/>
        <line num="2" count="3" type="stmt"/>
        <line num="8" count="3" type="stmt"/>
        <line num="16" count="3" type="stmt"/>
        <line num="17" count="2" type="stmt"/>
        <line num="25" count="2" type="stmt"/>
        <line num="36" count="1" type="stmt"/>
        <line num="39" count="1" type="stmt"/>
        <line num="45" count="1" type="stmt"/>
        <line num="51" count="1" type="stmt"/>
        <line num="57" count="1" type="stmt"/>
        <line num="63" count="1" type="stmt"/>
        <line num="69" count="1" type="stmt"/>
        <line num="85" count="1" type="stmt"/>
        <line num="86" count="1" type="stmt"/>
        <line num="89" count="1" type="cond" truecount="0" falsecount="1"/>
        <line num="90" count="0" type="stmt"/>
        <line num="92" count="1" type="cond" truecount="0" falsecount="1"/>
        <line num="93" count="0" type="stmt"/>
        <line num="95" count="1" type="stmt"/>
        <line num="97" count="0" type="stmt"/>
        <line num="98" count="0" type="stmt"/>
        <line num="106" count="1" type="cond" truecount="1" falsecount="0"/>
        <line num="107" count="1" type="stmt"/>
        <line num="110" count="0" type="stmt"/>
        <line num="112" count="0" type="stmt"/>
        <line num="114" count="0" type="cond" truecount="0" falsecount="1"/>
        <line num="115" count="0" type="stmt"/>
        <line num="120" count="0" type="stmt"/>
        <line num="125" count="0" type="stmt"/>
        <line num="133" count="1" type="cond" truecount="1" falsecount="0"/>
        <line num="134" count="1" type="stmt"/>
        <line num="137" count="0" type="stmt"/>
        <line num="139" count="0" type="stmt"/>
        <line num="140" count="0" type="stmt"/>
        <line num="143" count="0" type="cond" truecount="0" falsecount="2"/>
        <line num="147" count="0" type="cond" truecount="0" falsecount="1"/>
        <line num="148" count="0" type="stmt"/>
        <line num="154" count="0" type="stmt"/>
        <line num="159" count="0" type="stmt"/>
        <line num="167" count="1" type="cond" truecount="1" falsecount="0"/>
        <line num="168" count="1" type="stmt"/>
        <line num="172" count="0" type="cond" truecount="0" falsecount="1"/>
        <line num="176" count="0" type="stmt"/>
        <line num="179" count="0" type="stmt"/>
        <line num="180" count="0" type="stmt"/>
        <line num="185" count="0" type="cond" truecount="0" falsecount="1"/>
        <line num="186" count="0" type="stmt"/>
        <line num="189" count="0" type="stmt"/>
        <line num="194" count="0" type="stmt"/>
        <line num="203" count="1" type="cond" truecount="1" falsecount="0"/>
        <line num="207" count="1" type="stmt"/>
        <line num="211" count="0" type="cond" truecount="0" falsecount="1"/>
        <line num="215" count="0" type="stmt"/>
        <line num="218" count="0" type="stmt"/>
        <line num="219" count="0" type="stmt"/>
        <line num="223" count="0" type="cond" truecount="0" falsecount="1"/>
        <line num="224" count="0" type="stmt"/>
        <line num="227" count="0" type="stmt"/>
        <line num="232" count="0" type="stmt"/>
        <line num="241" count="5" type="stmt"/>
        <line num="251" count="4" type="stmt"/>
        <line num="259" count="4" type="stmt"/>
      </file>
      <file name="workflow-transaction.service.ts" path="/home/runner/work/intervu-ai/intervu-ai/apps/api/src/modules/workflows/services/workflow-transaction.service.ts">
        <metrics statements="30" coveredstatements="4" conditionals="3" coveredconditionals="0" methods="7" coveredmethods="0"/>
        <line num="1" count="2" type="stmt"/>
        <line num="2" count="2" type="stmt"/>
        <line num="3" count="2" type="stmt"/>
        <line num="33" count="2" type="stmt"/>
        <line num="34" count="0" type="stmt"/>
        <line num="36" count="0" type="stmt"/>
        <line num="46" count="0" type="stmt"/>
        <line num="48" count="0" type="stmt"/>
        <line num="50" count="0" type="stmt"/>
        <line num="60" count="0" type="cond" truecount="0" falsecount="1"/>
        <line num="61" count="0" type="stmt"/>
        <line num="64" count="0" type="stmt"/>
        <line num="69" count="0" type="stmt"/>
        <line num="73" count="0" type="stmt"/>
        <line num="80" count="0" type="stmt"/>
        <line num="85" count="0" type="stmt"/>
        <line num="87" count="0" type="stmt"/>
        <line num="88" count="0" type="stmt"/>
        <line num="97" count="0" type="cond" truecount="0" falsecount="1"/>
        <line num="98" count="0" type="stmt"/>
        <line num="103" count="0" type="stmt"/>
        <line num="107" count="0" type="stmt"/>
        <line num="115" count="0" type="stmt"/>
        <line num="128" count="0" type="stmt"/>
        <line num="129" count="0" type="stmt"/>
        <line num="138" count="0" type="cond" truecount="0" falsecount="1"/>
        <line num="139" count="0" type="stmt"/>
        <line num="144" count="0" type="stmt"/>
        <line num="148" count="0" type="stmt"/>
        <line num="155" count="0" type="stmt"/>
      </file>
    </package>
    <package name="modules.workflows.state-machine">
      <metrics statements="32" coveredstatements="16" conditionals="15" coveredconditionals="2" methods="7" coveredmethods="4"/>
      <file name="workflow-state-machine.ts" path="/home/runner/work/intervu-ai/intervu-ai/apps/api/src/modules/workflows/state-machine/workflow-state-machine.ts">
        <metrics statements="32" coveredstatements="16" conditionals="15" coveredconditionals="2" methods="7" coveredmethods="4"/>
        <line num="1" count="4" type="stmt"/>
        <line num="2" count="4" type="stmt"/>
        <line num="4" count="4" type="stmt"/>
        <line num="5" count="4" type="stmt"/>
        <line num="14" count="4" type="stmt"/>
        <line num="20" count="4" type="stmt"/>
        <line num="21" count="4" type="cond" truecount="0" falsecount="1"/>
        <line num="22" count="4" type="cond" truecount="1" falsecount="0"/>
        <line num="23" count="1" type="stmt"/>
        <line num="25" count="3" type="stmt"/>
        <line num="29" count="0" type="stmt"/>
        <line num="30" count="0" type="cond" truecount="0" falsecount="1"/>
        <line num="31" count="0" type="cond" truecount="0" falsecount="1"/>
        <line num="32" count="0" type="stmt"/>
        <line num="34" count="0" type="stmt"/>
        <line num="38" count="5" type="cond" truecount="1" falsecount="0"/>
        <line num="39" count="2" type="cond" truecount="0" falsecount="1"/>
        <line num="40" count="2" type="stmt"/>
        <line num="45" count="0" type="cond" truecount="0" falsecount="1"/>
        <line num="48" count="0" type="cond" truecount="0" falsecount="1"/>
        <line num="49" count="0" type="stmt"/>
        <line num="53" count="2" type="stmt"/>
        <line num="59" count="2" type="stmt"/>
        <line num="63" count="5" type="stmt"/>
        <line num="67" count="0" type="cond" truecount="0" falsecount="7"/>
        <line num="69" count="0" type="stmt"/>
        <line num="71" count="0" type="stmt"/>
        <line num="73" count="0" type="stmt"/>
        <line num="75" count="0" type="stmt"/>
        <line num="77" count="0" type="stmt"/>
        <line num="79" count="0" type="stmt"/>
        <line num="81" count="0" type="stmt"/>
      </file>
    </package>
    <package name="prisma">
      <metrics statements="4" coveredstatements="3" conditionals="0" coveredconditionals="0" methods="1" coveredmethods="0"/>
      <file name="prisma.service.ts" path="/home/runner/work/intervu-ai/intervu-ai/apps/api/src/prisma/prisma.service.ts">
        <metrics statements="4" coveredstatements="3" conditionals="0" coveredconditionals="0" methods="1" coveredmethods="0"/>
        <line num="1" count="77" type="stmt"/>
        <line num="2" count="77" type="stmt"/>
        <line num="5" count="77" type="stmt"/>
        <line num="7" count="0" type="stmt"/>
      </file>
    </package>
    <package name="queue">
      <metrics statements="134" coveredstatements="87" conditionals="26" coveredconditionals="9" methods="33" coveredmethods="17"/>
      <file name="index.ts" path="/home/runner/work/intervu-ai/intervu-ai/apps/api/src/queue/index.ts">
        <metrics statements="11" coveredstatements="11" conditionals="0" coveredconditionals="0" methods="10" coveredmethods="3"/>
        <line num="1" count="5" type="stmt"/>
        <line num="2" count="1" type="stmt"/>
        <line num="3" count="2" type="stmt"/>
        <line num="7" count="1" type="stmt"/>
        <line num="9" count="11" type="stmt"/>
        <line num="16" count="1" type="stmt"/>
        <line num="17" count="1" type="stmt"/>
        <line num="18" count="1" type="stmt"/>
        <line num="19" count="1" type="stmt"/>
        <line num="20" count="1" type="stmt"/>
        <line num="26" count="1" type="stmt"/>
      </file>
      <file name="queue-config.ts" path="/home/runner/work/intervu-ai/intervu-ai/apps/api/src/queue/queue-config.ts">
        <metrics statements="19" coveredstatements="16" conditionals="4" coveredconditionals="1" methods="5" coveredmethods="4"/>
        <line num="1" count="3" type="stmt"/>
        <line num="5" count="3" type="stmt"/>
        <line num="68" count="3" type="stmt"/>
        <line num="69" count="3" type="stmt"/>
        <line num="72" count="3" type="cond" truecount="0" falsecount="1"/>
        <line num="73" count="0" type="stmt"/>
        <line num="76" count="3" type="cond" truecount="1" falsecount="1"/>
        <line num="77" count="3" type="stmt"/>
        <line num="82" count="3" type="stmt"/>
        <line num="83" count="3" type="stmt"/>
        <line num="87" count="18" type="stmt"/>
        <line num="88" count="18" type="cond" truecount="0" falsecount="1"/>
        <line num="89" count="0" type="stmt"/>
        <line num="93" count="18" type="stmt"/>
        <line num="97" count="0" type="stmt"/>
        <line num="101" count="1" type="stmt"/>
        <line num="102" count="3" type="stmt"/>
        <line num="104" count="1" type="stmt"/>
        <line num="105" count="1" type="stmt"/>
      </file>
      <file name="queue-payloads.ts" path="/home/runner/work/intervu-ai/intervu-ai/apps/api/src/queue/queue-payloads.ts">
        <metrics statements="12" coveredstatements="12" conditionals="2" coveredconditionals="2" methods="1" coveredmethods="1"/>
        <line num="1" count="3" type="stmt"/>
        <line num="12" count="3" type="cond" truecount="2" falsecount="0"/>
        <line num="13" count="3" type="stmt"/>
        <line num="14" count="3" type="stmt"/>
        <line num="15" count="3" type="stmt"/>
        <line num="16" count="3" type="stmt"/>
        <line num="80" count="3" type="stmt"/>
        <line num="87" count="3" type="stmt"/>
        <line num="97" count="3" type="stmt"/>
        <line num="106" count="3" type="stmt"/>
        <line num="114" count="3" type="stmt"/>
        <line num="123" count="3" type="stmt"/>
      </file>
      <file name="queue.module.ts" path="/home/runner/work/intervu-ai/intervu-ai/apps/api/src/queue/queue.module.ts">
        <metrics statements="19" coveredstatements="6" conditionals="4" coveredconditionals="0" methods="5" coveredmethods="0"/>
        <line num="1" count="1" type="stmt"/>
        <line num="2" count="1" type="stmt"/>
        <line num="3" count="1" type="stmt"/>
        <line num="4" count="1" type="stmt"/>
        <line num="5" count="1" type="stmt"/>
        <line num="23" count="0" type="stmt"/>
        <line num="24" count="0" type="stmt"/>
        <line num="36" count="0" type="stmt"/>
        <line num="41" count="0" type="stmt"/>
        <line num="46" count="0" type="stmt"/>
        <line num="47" count="0" type="stmt"/>
        <line num="48" count="0" type="stmt"/>
        <line num="49" count="0" type="stmt"/>
        <line num="51" count="0" type="stmt"/>
        <line num="58" count="1" type="stmt"/>
        <line num="59" count="0" type="stmt"/>
        <line num="62" count="0" type="stmt"/>
        <line num="66" count="0" type="stmt"/>
        <line num="67" count="0" type="stmt"/>
      </file>
      <file name="queue.service.ts" path="/home/runner/work/intervu-ai/intervu-ai/apps/api/src/queue/queue.service.ts">
        <metrics statements="73" coveredstatements="42" conditionals="16" coveredconditionals="6" methods="12" coveredmethods="9"/>
        <line num="3" count="3" type="stmt"/>
        <line num="4" count="3" type="stmt"/>
        <line num="20" count="3" type="stmt"/>
        <line num="37" count="3" type="stmt"/>
        <line num="41" count="1" type="stmt"/>
        <line num="50" count="3" type="stmt"/>
        <line num="54" count="3" type="stmt"/>
        <line num="55" count="3" type="cond" truecount="0" falsecount="1"/>
        <line num="56" count="0" type="stmt"/>
        <line num="65" count="3" type="stmt"/>
        <line num="72" count="2" type="stmt"/>
        <line num="76" count="2" type="stmt"/>
        <line num="77" count="2" type="cond" truecount="0" falsecount="1"/>
        <line num="78" count="0" type="stmt"/>
        <line num="87" count="2" type="stmt"/>
        <line num="94" count="6" type="stmt"/>
        <line num="98" count="6" type="stmt"/>
        <line num="99" count="6" type="cond" truecount="0" falsecount="1"/>
        <line num="100" count="0" type="stmt"/>
        <line num="109" count="6" type="stmt"/>
        <line num="116" count="0" type="stmt"/>
        <line num="120" count="0" type="stmt"/>
        <line num="121" count="0" type="cond" truecount="0" falsecount="1"/>
        <line num="122" count="0" type="stmt"/>
        <line num="131" count="0" type="stmt"/>
        <line num="137" count="2" type="stmt"/>
        <line num="138" count="2" type="stmt"/>
        <line num="139" count="2" type="stmt"/>
        <line num="141" count="0" type="stmt"/>
        <line num="145" count="0" type="stmt"/>
        <line num="153" count="2" type="stmt"/>
        <line num="154" count="2" type="stmt"/>
        <line num="155" count="2" type="stmt"/>
        <line num="156" count="2" type="stmt"/>
        <line num="158" count="0" type="stmt"/>
        <line num="162" count="0" type="stmt"/>
        <line num="169" count="1" type="stmt"/>
        <line num="170" count="1" type="stmt"/>
        <line num="171" count="1" type="stmt"/>
        <line num="178" count="1" type="stmt"/>
        <line num="186" count="0" type="stmt"/>
        <line num="189" count="0" type="stmt"/>
        <line num="198" count="0" type="stmt"/>
        <line num="204" count="0" type="stmt"/>
        <line num="210" count="0" type="stmt"/>
        <line num="211" count="0" type="stmt"/>
        <line num="212" count="0" type="stmt"/>
        <line num="213" count="0" type="cond" truecount="0" falsecount="1"/>
        <line num="214" count="0" type="stmt"/>
        <line num="218" count="0" type="stmt"/>
        <line num="220" count="0" type="stmt"/>
        <line num="221" count="0" type="stmt"/>
        <line num="225" count="0" type="stmt"/>
        <line num="227" count="0" type="stmt"/>
        <line num="231" count="0" type="stmt"/>
        <line num="236" count="2" type="stmt"/>
        <line num="237" count="2" type="stmt"/>
        <line num="238" count="2" type="stmt"/>
        <line num="239" count="2" type="cond" truecount="1" falsecount="0"/>
        <line num="240" count="1" type="stmt"/>
        <line num="244" count="1" type="stmt"/>
        <line num="246" count="1" type="stmt"/>
        <line num="247" count="1" type="stmt"/>
        <line num="251" count="1" type="stmt"/>
        <line num="253" count="0" type="stmt"/>
        <line num="257" count="0" type="stmt"/>
        <line num="267" count="11" type="stmt"/>
        <line num="268" count="11" type="stmt"/>
        <line num="269" count="11" type="stmt"/>
        <line num="272" count="11" type="stmt"/>
        <line num="277" count="11" type="stmt"/>
        <line num="279" count="0" type="stmt"/>
        <line num="283" count="0" type="stmt"/>
      </file>
    </package>
  </project>
</coverage>
