{"C:\\Users\\Bhush\\Desktop\\intervu-ai\\apps\\api\\src\\modules\\runtime\\monitoring\\runtime-monitoring.service.ts": {"path":"C:\\Users\\Bhush\\Desktop\\intervu-ai\\apps\\api\\src\\modules\\runtime\\monitoring\\runtime-monitoring.service.ts","statementMap":{"0":{"start":{"line":1,"column":0},"end":{"line":1,"column":52}},"1":{"start":{"line":2,"column":0},"end":{"line":2,"column":71}},"2":{"start":{"line":5,"column":37},"end":{"line":57,"column":null}},"3":{"start":{"line":8,"column":31},"end":{"line":8,"column":50}},"4":{"start":{"line":6,"column":19},"end":{"line":6,"column":70}},"5":{"start":{"line":11,"column":4},"end":{"line":11,"column":67}},"6":{"start":{"line":15,"column":4},"end":{"line":15,"column":78}},"7":{"start":{"line":16,"column":4},"end":{"line":16,"column":67}},"8":{"start":{"line":24,"column":4},"end":{"line":26,"column":7}},"9":{"start":{"line":33,"column":4},"end":{"line":33,"column":61}},"10":{"start":{"line":34,"column":4},"end":{"line":34,"column":67}},"11":{"start":{"line":42,"column":4},"end":{"line":42,"column":70}},"12":{"start":{"line":43,"column":4},"end":{"line":43,"column":67}},"13":{"start":{"line":47,"column":4},"end":{"line":47,"column":61}},"14":{"start":{"line":55,"column":4},"end":{"line":55,"column":73}},"15":{"start":{"line":5,"column":13},"end":{"line":5,"column":37}},"16":{"start":{"line":5,"column":13},"end":{"line":57,"column":null}}},"fnMap":{"0":{"name":"(anonymous_2)","decl":{"start":{"line":8,"column":2},"end":{"line":8,"column":31}},"loc":{"start":{"line":8,"column":67},"end":{"line":8,"column":71}}},"1":{"name":"(anonymous_3)","decl":{"start":{"line":10,"column":2},"end":{"line":10,"column":7}},"loc":{"start":{"line":10,"column":40},"end":{"line":12,"column":3}}},"2":{"name":"(anonymous_4)","decl":{"start":{"line":14,"column":2},"end":{"line":14,"column":7}},"loc":{"start":{"line":14,"column":62},"end":{"line":17,"column":3}}},"3":{"name":"(anonymous_5)","decl":{"start":{"line":19,"column":2},"end":{"line":19,"column":7}},"loc":{"start":{"line":22,"column":22},"end":{"line":27,"column":3}}},"4":{"name":"(anonymous_6)","decl":{"start":{"line":29,"column":2},"end":{"line":29,"column":7}},"loc":{"start":{"line":31,"column":22},"end":{"line":35,"column":3}}},"5":{"name":"(anonymous_7)","decl":{"start":{"line":37,"column":2},"end":{"line":37,"column":7}},"loc":{"start":{"line":40,"column":22},"end":{"line":44,"column":3}}},"6":{"name":"(anonymous_8)","decl":{"start":{"line":46,"column":2},"end":{"line":46,"column":7}},"loc":{"start":{"line":46,"column":56},"end":{"line":48,"column":3}}},"7":{"name":"(anonymous_9)","decl":{"start":{"line":50,"column":10},"end":{"line":50,"column":15}},"loc":{"start":{"line":53,"column":17},"end":{"line":56,"column":3}}}},"branchMap":{"0":{"loc":{"start":{"line":39,"column":4},"end":{"line":39,"column":25}},"type":"default-arg","locations":[{"start":{"line":39,"column":23},"end":{"line":39,"column":25}}]}},"s":{"0":1,"1":1,"2":1,"3":0,"4":0,"5":0,"6":0,"7":0,"8":0,"9":0,"10":0,"11":0,"12":0,"13":0,"14":0,"15":1,"16":1},"f":{"0":0,"1":0,"2":0,"3":0,"4":0,"5":0,"6":0,"7":0},"b":{"0":[0]}}
,"C:\\Users\\Bhush\\Desktop\\intervu-ai\\apps\\api\\src\\modules\\runtime\\repositories\\runtime.repository.ts": {"path":"C:\\Users\\Bhush\\Desktop\\intervu-ai\\apps\\api\\src\\modules\\runtime\\repositories\\runtime.repository.ts","statementMap":{"0":{"start":{"line":1,"column":0},"end":{"line":1,"column":44}},"1":{"start":{"line":2,"column":0},"end":{"line":2,"column":63}},"2":{"start":{"line":5,"column":7},"end":{"line":76,"column":null}},"3":{"start":{"line":6,"column":31},"end":{"line":6,"column":39}},"4":{"start":{"line":14,"column":4},"end":{"line":21,"column":7}},"5":{"start":{"line":31,"column":18},"end":{"line":34,"column":6}},"6":{"start":{"line":35,"column":4},"end":{"line":42,"column":5}},"7":{"start":{"line":36,"column":6},"end":{"line":39,"column":9}},"8":{"start":{"line":41,"column":6},"end":{"line":41,"column":65}},"9":{"start":{"line":51,"column":4},"end":{"line":58,"column":7}},"10":{"start":{"line":67,"column":4},"end":{"line":74,"column":7}},"11":{"start":{"line":5,"column":13},"end":{"line":5,"column":30}},"12":{"start":{"line":5,"column":13},"end":{"line":76,"column":null}}},"fnMap":{"0":{"name":"(anonymous_2)","decl":{"start":{"line":6,"column":2},"end":{"line":6,"column":31}},"loc":{"start":{"line":6,"column":52},"end":{"line":6,"column":56}}},"1":{"name":"(anonymous_3)","decl":{"start":{"line":8,"column":2},"end":{"line":8,"column":7}},"loc":{"start":{"line":12,"column":18},"end":{"line":22,"column":3}}},"2":{"name":"(anonymous_4)","decl":{"start":{"line":24,"column":2},"end":{"line":24,"column":7}},"loc":{"start":{"line":28,"column":16},"end":{"line":43,"column":3}}},"3":{"name":"(anonymous_5)","decl":{"start":{"line":45,"column":2},"end":{"line":45,"column":7}},"loc":{"start":{"line":49,"column":18},"end":{"line":59,"column":3}}},"4":{"name":"(anonymous_6)","decl":{"start":{"line":61,"column":2},"end":{"line":61,"column":7}},"loc":{"start":{"line":65,"column":18},"end":{"line":75,"column":3}}}},"branchMap":{"0":{"loc":{"start":{"line":19,"column":18},"end":{"line":19,"column":32}},"type":"binary-expr","locations":[{"start":{"line":19,"column":18},"end":{"line":19,"column":26}},{"start":{"line":19,"column":30},"end":{"line":19,"column":32}}]},"1":{"loc":{"start":{"line":35,"column":4},"end":{"line":42,"column":5}},"type":"if","locations":[{"start":{"line":35,"column":4},"end":{"line":42,"column":5}},{"start":{"line":40,"column":11},"end":{"line":42,"column":5}}]},"2":{"loc":{"start":{"line":38,"column":44},"end":{"line":38,"column":56}},"type":"binary-expr","locations":[{"start":{"line":38,"column":44},"end":{"line":38,"column":50}},{"start":{"line":38,"column":54},"end":{"line":38,"column":56}}]},"3":{"loc":{"start":{"line":55,"column":16},"end":{"line":55,"column":28}},"type":"binary-expr","locations":[{"start":{"line":55,"column":16},"end":{"line":55,"column":22}},{"start":{"line":55,"column":26},"end":{"line":55,"column":28}}]},"4":{"loc":{"start":{"line":56,"column":18},"end":{"line":56,"column":32}},"type":"binary-expr","locations":[{"start":{"line":56,"column":18},"end":{"line":56,"column":26}},{"start":{"line":56,"column":30},"end":{"line":56,"column":32}}]},"5":{"loc":{"start":{"line":72,"column":18},"end":{"line":72,"column":32}},"type":"binary-expr","locations":[{"start":{"line":72,"column":18},"end":{"line":72,"column":26}},{"start":{"line":72,"column":30},"end":{"line":72,"column":32}}]}},"s":{"0":1,"1":1,"2":1,"3":0,"4":0,"5":0,"6":0,"7":0,"8":0,"9":0,"10":0,"11":1,"12":1},"f":{"0":0,"1":0,"2":0,"3":0,"4":0},"b":{"0":[0,0],"1":[0,0],"2":[0,0],"3":[0,0],"4":[0,0],"5":[0,0]}}
,"C:\\Users\\Bhush\\Desktop\\intervu-ai\\apps\\api\\src\\modules\\runtime\\services\\launch-precheck.service.ts": {"path":"C:\\Users\\Bhush\\Desktop\\intervu-ai\\apps\\api\\src\\modules\\runtime\\services\\launch-precheck.service.ts","statementMap":{"0":{"start":{"line":1,"column":0},"end":{"line":1,"column":44}},"1":{"start":{"line":2,"column":0},"end":{"line":2,"column":63}},"2":{"start":{"line":5,"column":7},"end":{"line":56,"column":null}},"3":{"start":{"line":6,"column":31},"end":{"line":6,"column":39}},"4":{"start":{"line":11,"column":30},"end":{"line":11,"column":32}},"5":{"start":{"line":14,"column":21},"end":{"line":16,"column":6}},"6":{"start":{"line":18,"column":4},"end":{"line":21,"column":5}},"7":{"start":{"line":19,"column":6},"end":{"line":19,"column":45}},"8":{"start":{"line":20,"column":6},"end":{"line":20,"column":41}},"9":{"start":{"line":23,"column":4},"end":{"line":25,"column":5}},"10":{"start":{"line":24,"column":6},"end":{"line":24,"column":47}},"11":{"start":{"line":28,"column":24},"end":{"line":31,"column":6}},"12":{"start":{"line":33,"column":4},"end":{"line":37,"column":5}},"13":{"start":{"line":34,"column":6},"end":{"line":34,"column":47}},"14":{"start":{"line":35,"column":11},"end":{"line":37,"column":5}},"15":{"start":{"line":36,"column":6},"end":{"line":36,"column":76}},"16":{"start":{"line":40,"column":29},"end":{"line":43,"column":6}},"17":{"start":{"line":45,"column":4},"end":{"line":49,"column":5}},"18":{"start":{"line":46,"column":6},"end":{"line":46,"column":53}},"19":{"start":{"line":47,"column":11},"end":{"line":49,"column":5}},"20":{"start":{"line":48,"column":6},"end":{"line":48,"column":48}},"21":{"start":{"line":51,"column":4},"end":{"line":54,"column":6}},"22":{"start":{"line":5,"column":13},"end":{"line":5,"column":34}},"23":{"start":{"line":5,"column":13},"end":{"line":56,"column":null}}},"fnMap":{"0":{"name":"(anonymous_2)","decl":{"start":{"line":6,"column":2},"end":{"line":6,"column":31}},"loc":{"start":{"line":6,"column":52},"end":{"line":6,"column":56}}},"1":{"name":"(anonymous_3)","decl":{"start":{"line":8,"column":2},"end":{"line":8,"column":7}},"loc":{"start":{"line":9,"column":18},"end":{"line":55,"column":3}}}},"branchMap":{"0":{"loc":{"start":{"line":18,"column":4},"end":{"line":21,"column":5}},"type":"if","locations":[{"start":{"line":18,"column":4},"end":{"line":21,"column":5}}]},"1":{"loc":{"start":{"line":23,"column":4},"end":{"line":25,"column":5}},"type":"if","locations":[{"start":{"line":23,"column":4},"end":{"line":25,"column":5}}]},"2":{"loc":{"start":{"line":33,"column":4},"end":{"line":37,"column":5}},"type":"if","locations":[{"start":{"line":33,"column":4},"end":{"line":37,"column":5}},{"start":{"line":35,"column":11},"end":{"line":37,"column":5}}]},"3":{"loc":{"start":{"line":35,"column":11},"end":{"line":37,"column":5}},"type":"if","locations":[{"start":{"line":35,"column":11},"end":{"line":37,"column":5}}]},"4":{"loc":{"start":{"line":45,"column":4},"end":{"line":49,"column":5}},"type":"if","locations":[{"start":{"line":45,"column":4},"end":{"line":49,"column":5}},{"start":{"line":47,"column":11},"end":{"line":49,"column":5}}]},"5":{"loc":{"start":{"line":47,"column":11},"end":{"line":49,"column":5}},"type":"if","locations":[{"start":{"line":47,"column":11},"end":{"line":49,"column":5}}]},"6":{"loc":{"start":{"line":53,"column":15},"end":{"line":53,"column":55}},"type":"cond-expr","locations":[{"start":{"line":53,"column":36},"end":{"line":53,"column":43}},{"start":{"line":53,"column":46},"end":{"line":53,"column":55}}]}},"s":{"0":1,"1":1,"2":1,"3":2,"4":2,"5":2,"6":2,"7":0,"8":0,"9":2,"10":0,"11":2,"12":2,"13":0,"14":2,"15":0,"16":2,"17":2,"18":0,"19":2,"20":1,"21":2,"22":1,"23":1},"f":{"0":2,"1":2},"b":{"0":[0],"1":[0],"2":[0,2],"3":[0],"4":[0,2],"5":[1],"6":[1,1]}}
,"C:\\Users\\Bhush\\Desktop\\intervu-ai\\apps\\api\\src\\modules\\runtime\\services\\runtime-generator.service.ts": {"path":"C:\\Users\\Bhush\\Desktop\\intervu-ai\\apps\\api\\src\\modules\\runtime\\services\\runtime-generator.service.ts","statementMap":{"0":{"start":{"line":1,"column":0},"end":{"line":1,"column":52}},"1":{"start":{"line":4,"column":0},"end":{"line":4,"column":64}},"2":{"start":{"line":5,"column":0},"end":{"line":5,"column":84}},"3":{"start":{"line":6,"column":0},"end":{"line":6,"column":84}},"4":{"start":{"line":9,"column":36},"end":{"line":72,"column":null}},"5":{"start":{"line":13,"column":21},"end":{"line":13,"column":36}},"6":{"start":{"line":14,"column":21},"end":{"line":14,"column":40}},"7":{"start":{"line":15,"column":21},"end":{"line":15,"column":40}},"8":{"start":{"line":10,"column":19},"end":{"line":10,"column":69}},"9":{"start":{"line":21,"column":22},"end":{"line":21,"column":32}},"10":{"start":{"line":22,"column":4},"end":{"line":22,"column":76}},"11":{"start":{"line":24,"column":4},"end":{"line":70,"column":5}},"12":{"start":{"line":26,"column":26},"end":{"line":26,"column":78}},"13":{"start":{"line":29,"column":30},"end":{"line":29,"column":40}},"14":{"start":{"line":30,"column":31},"end":{"line":30,"column":75}},"15":{"start":{"line":31,"column":33},"end":{"line":31,"column":61}},"16":{"start":{"line":33,"column":6},"end":{"line":42,"column":7}},"17":{"start":{"line":34,"column":8},"end":{"line":38,"column":10}},"18":{"start":{"line":39,"column":8},"end":{"line":41,"column":10}},"19":{"start":{"line":44,"column":6},"end":{"line":47,"column":8}},"20":{"start":{"line":50,"column":28},"end":{"line":50,"column":50}},"21":{"start":{"line":51,"column":6},"end":{"line":54,"column":8}},"22":{"start":{"line":56,"column":6},"end":{"line":56,"column":25}},"23":{"start":{"line":59,"column":28},"end":{"line":59,"column":50}},"24":{"start":{"line":60,"column":6},"end":{"line":64,"column":8}},"25":{"start":{"line":65,"column":6},"end":{"line":68,"column":8}},"26":{"start":{"line":69,"column":6},"end":{"line":69,"column":18}},"27":{"start":{"line":9,"column":13},"end":{"line":9,"column":36}},"28":{"start":{"line":9,"column":13},"end":{"line":72,"column":null}}},"fnMap":{"0":{"name":"(anonymous_2)","decl":{"start":{"line":12,"column":2},"end":{"line":12,"column":null}},"loc":{"start":{"line":15,"column":64},"end":{"line":16,"column":6}}},"1":{"name":"(anonymous_3)","decl":{"start":{"line":18,"column":2},"end":{"line":18,"column":7}},"loc":{"start":{"line":19,"column":39},"end":{"line":71,"column":3}}}},"branchMap":{"0":{"loc":{"start":{"line":33,"column":6},"end":{"line":42,"column":7}},"type":"if","locations":[{"start":{"line":33,"column":6},"end":{"line":42,"column":7}}]}},"s":{"0":1,"1":1,"2":1,"3":1,"4":1,"5":3,"6":3,"7":3,"8":3,"9":2,"10":2,"11":2,"12":2,"13":2,"14":2,"15":2,"16":2,"17":1,"18":1,"19":1,"20":1,"21":1,"22":1,"23":1,"24":1,"25":1,"26":1,"27":1,"28":1},"f":{"0":3,"1":2},"b":{"0":[1]}}
,"C:\\Users\\Bhush\\Desktop\\intervu-ai\\apps\\api\\src\\modules\\runtime\\services\\runtime-mapper.service.ts": {"path":"C:\\Users\\Bhush\\Desktop\\intervu-ai\\apps\\api\\src\\modules\\runtime\\services\\runtime-mapper.service.ts","statementMap":{"0":{"start":{"line":1,"column":0},"end":{"line":1,"column":44}},"1":{"start":{"line":14,"column":7},"end":{"line":55,"column":null}},"2":{"start":{"line":16,"column":4},"end":{"line":24,"column":6}},"3":{"start":{"line":22,"column":8},"end":{"line":22,"column":32}},"4":{"start":{"line":28,"column":4},"end":{"line":36,"column":6}},"5":{"start":{"line":34,"column":8},"end":{"line":34,"column":34}},"6":{"start":{"line":40,"column":4},"end":{"line":53,"column":6}},"7":{"start":{"line":14,"column":13},"end":{"line":14,"column":33}},"8":{"start":{"line":14,"column":13},"end":{"line":55,"column":null}}},"fnMap":{"0":{"name":"(anonymous_1)","decl":{"start":{"line":15,"column":2},"end":{"line":15,"column":21}},"loc":{"start":{"line":15,"column":57},"end":{"line":25,"column":3}}},"1":{"name":"(anonymous_2)","decl":{"start":{"line":21,"column":42},"end":{"line":21,"column":43}},"loc":{"start":{"line":22,"column":8},"end":{"line":22,"column":32}}},"2":{"name":"(anonymous_3)","decl":{"start":{"line":27,"column":10},"end":{"line":27,"column":20}},"loc":{"start":{"line":27,"column":49},"end":{"line":37,"column":3}}},"3":{"name":"(anonymous_4)","decl":{"start":{"line":33,"column":39},"end":{"line":33,"column":40}},"loc":{"start":{"line":34,"column":8},"end":{"line":34,"column":34}}},"4":{"name":"(anonymous_5)","decl":{"start":{"line":39,"column":10},"end":{"line":39,"column":21}},"loc":{"start":{"line":39,"column":52},"end":{"line":54,"column":3}}}},"branchMap":{"0":{"loc":{"start":{"line":20,"column":16},"end":{"line":20,"column":43}},"type":"binary-expr","locations":[{"start":{"line":20,"column":16},"end":{"line":20,"column":37}},{"start":{"line":20,"column":41},"end":{"line":20,"column":43}}]},"1":{"loc":{"start":{"line":44,"column":15},"end":{"line":44,"column":70}},"type":"cond-expr","locations":[{"start":{"line":44,"column":49},"end":{"line":44,"column":65}},{"start":{"line":44,"column":68},"end":{"line":44,"column":70}}]},"2":{"loc":{"start":{"line":49,"column":12},"end":{"line":51,"column":14}},"type":"cond-expr","locations":[{"start":{"line":50,"column":12},"end":{"line":50,"column":29}},{"start":{"line":51,"column":12},"end":{"line":51,"column":14}}]},"3":{"loc":{"start":{"line":49,"column":12},"end":{"line":49,"column":79}},"type":"binary-expr","locations":[{"start":{"line":49,"column":12},"end":{"line":49,"column":49}},{"start":{"line":49,"column":53},"end":{"line":49,"column":79}}]}},"s":{"0":1,"1":1,"2":2,"3":1,"4":1,"5":1,"6":1,"7":1,"8":1},"f":{"0":2,"1":1,"2":1,"3":1,"4":1},"b":{"0":[2,1],"1":[1,0],"2":[0,1],"3":[1,0]}}
,"C:\\Users\\Bhush\\Desktop\\intervu-ai\\apps\\api\\src\\modules\\runtime\\services\\runtime-security.service.ts": {"path":"C:\\Users\\Bhush\\Desktop\\intervu-ai\\apps\\api\\src\\modules\\runtime\\services\\runtime-security.service.ts","statementMap":{"0":{"start":{"line":1,"column":0},"end":{"line":1,"column":64}},"1":{"start":{"line":2,"column":0},"end":{"line":2,"column":63}},"2":{"start":{"line":5,"column":7},"end":{"line":41,"column":null}},"3":{"start":{"line":6,"column":31},"end":{"line":6,"column":39}},"4":{"start":{"line":12,"column":21},"end":{"line":17,"column":6}},"5":{"start":{"line":19,"column":4},"end":{"line":21,"column":5}},"6":{"start":{"line":20,"column":6},"end":{"line":20,"column":61}},"7":{"start":{"line":23,"column":4},"end":{"line":25,"column":5}},"8":{"start":{"line":24,"column":6},"end":{"line":24,"column":58}},"9":{"start":{"line":27,"column":4},"end":{"line":29,"column":5}},"10":{"start":{"line":28,"column":6},"end":{"line":28,"column":63}},"11":{"start":{"line":31,"column":4},"end":{"line":33,"column":5}},"12":{"start":{"line":32,"column":6},"end":{"line":32,"column":69}},"13":{"start":{"line":35,"column":4},"end":{"line":37,"column":5}},"14":{"start":{"line":36,"column":6},"end":{"line":36,"column":69}},"15":{"start":{"line":39,"column":4},"end":{"line":39,"column":16}},"16":{"start":{"line":5,"column":13},"end":{"line":5,"column":35}},"17":{"start":{"line":5,"column":13},"end":{"line":41,"column":null}}},"fnMap":{"0":{"name":"(anonymous_2)","decl":{"start":{"line":6,"column":2},"end":{"line":6,"column":31}},"loc":{"start":{"line":6,"column":52},"end":{"line":6,"column":56}}},"1":{"name":"(anonymous_3)","decl":{"start":{"line":8,"column":2},"end":{"line":8,"column":7}},"loc":{"start":{"line":8,"column":37},"end":{"line":40,"column":3}}}},"branchMap":{"0":{"loc":{"start":{"line":19,"column":4},"end":{"line":21,"column":5}},"type":"if","locations":[{"start":{"line":19,"column":4},"end":{"line":21,"column":5}}]},"1":{"loc":{"start":{"line":23,"column":4},"end":{"line":25,"column":5}},"type":"if","locations":[{"start":{"line":23,"column":4},"end":{"line":25,"column":5}}]},"2":{"loc":{"start":{"line":27,"column":4},"end":{"line":29,"column":5}},"type":"if","locations":[{"start":{"line":27,"column":4},"end":{"line":29,"column":5}}]},"3":{"loc":{"start":{"line":31,"column":4},"end":{"line":33,"column":5}},"type":"if","locations":[{"start":{"line":31,"column":4},"end":{"line":33,"column":5}}]},"4":{"loc":{"start":{"line":35,"column":4},"end":{"line":37,"column":5}},"type":"if","locations":[{"start":{"line":35,"column":4},"end":{"line":37,"column":5}}]}},"s":{"0":1,"1":1,"2":1,"3":3,"4":3,"5":3,"6":1,"7":2,"8":1,"9":1,"10":0,"11":1,"12":0,"13":1,"14":0,"15":1,"16":1,"17":1},"f":{"0":3,"1":3},"b":{"0":[1],"1":[1],"2":[0],"3":[0],"4":[0]}}
,"C:\\Users\\Bhush\\Desktop\\intervu-ai\\apps\\api\\src\\modules\\runtime\\validation\\runtime-validation.service.ts": {"path":"C:\\Users\\Bhush\\Desktop\\intervu-ai\\apps\\api\\src\\modules\\runtime\\validation\\runtime-validation.service.ts","statementMap":{"0":{"start":{"line":1,"column":0},"end":{"line":1,"column":44}},"1":{"start":{"line":5,"column":7},"end":{"line":69,"column":null}},"2":{"start":{"line":7,"column":29},"end":{"line":7,"column":31}},"3":{"start":{"line":9,"column":4},"end":{"line":11,"column":5}},"4":{"start":{"line":10,"column":6},"end":{"line":10,"column":40}},"5":{"start":{"line":13,"column":4},"end":{"line":15,"column":5}},"6":{"start":{"line":14,"column":6},"end":{"line":14,"column":67}},"7":{"start":{"line":17,"column":4},"end":{"line":19,"column":5}},"8":{"start":{"line":18,"column":6},"end":{"line":18,"column":56}},"9":{"start":{"line":21,"column":4},"end":{"line":23,"column":5}},"10":{"start":{"line":22,"column":6},"end":{"line":22,"column":61}},"11":{"start":{"line":25,"column":24},"end":{"line":25,"column":41}},"12":{"start":{"line":27,"column":4},"end":{"line":62,"column":7}},"13":{"start":{"line":28,"column":6},"end":{"line":30,"column":7}},"14":{"start":{"line":29,"column":8},"end":{"line":29,"column":68}},"15":{"start":{"line":32,"column":6},"end":{"line":34,"column":7}},"16":{"start":{"line":33,"column":8},"end":{"line":33,"column":82}},"17":{"start":{"line":36,"column":6},"end":{"line":61,"column":7}},"18":{"start":{"line":37,"column":8},"end":{"line":37,"column":94}},"19":{"start":{"line":39,"column":8},"end":{"line":41,"column":9}},"20":{"start":{"line":40,"column":10},"end":{"line":40,"column":90}},"21":{"start":{"line":43,"column":8},"end":{"line":60,"column":11}},"22":{"start":{"line":44,"column":10},"end":{"line":51,"column":11}},"23":{"start":{"line":45,"column":12},"end":{"line":45,"column":129}},"24":{"start":{"line":47,"column":12},"end":{"line":49,"column":13}},"25":{"start":{"line":48,"column":14},"end":{"line":48,"column":72}},"26":{"start":{"line":50,"column":12},"end":{"line":50,"column":42}},"27":{"start":{"line":53,"column":10},"end":{"line":55,"column":11}},"28":{"start":{"line":54,"column":12},"end":{"line":54,"column":104}},"29":{"start":{"line":57,"column":10},"end":{"line":59,"column":11}},"30":{"start":{"line":58,"column":12},"end":{"line":58,"column":88}},"31":{"start":{"line":64,"column":4},"end":{"line":67,"column":6}},"32":{"start":{"line":5,"column":13},"end":{"line":5,"column":37}},"33":{"start":{"line":5,"column":13},"end":{"line":69,"column":null}}},"fnMap":{"0":{"name":"(anonymous_1)","decl":{"start":{"line":6,"column":2},"end":{"line":6,"column":10}},"loc":{"start":{"line":6,"column":31},"end":{"line":68,"column":3}}},"1":{"name":"(anonymous_2)","decl":{"start":{"line":27,"column":27},"end":{"line":27,"column":28}},"loc":{"start":{"line":27,"column":46},"end":{"line":62,"column":5}}},"2":{"name":"(anonymous_3)","decl":{"start":{"line":43,"column":34},"end":{"line":43,"column":35}},"loc":{"start":{"line":43,"column":48},"end":{"line":60,"column":9}}}},"branchMap":{"0":{"loc":{"start":{"line":9,"column":4},"end":{"line":11,"column":5}},"type":"if","locations":[{"start":{"line":9,"column":4},"end":{"line":11,"column":5}}]},"1":{"loc":{"start":{"line":13,"column":4},"end":{"line":15,"column":5}},"type":"if","locations":[{"start":{"line":13,"column":4},"end":{"line":15,"column":5}}]},"2":{"loc":{"start":{"line":17,"column":4},"end":{"line":19,"column":5}},"type":"if","locations":[{"start":{"line":17,"column":4},"end":{"line":19,"column":5}}]},"3":{"loc":{"start":{"line":21,"column":4},"end":{"line":23,"column":5}},"type":"if","locations":[{"start":{"line":21,"column":4},"end":{"line":23,"column":5}}]},"4":{"loc":{"start":{"line":21,"column":8},"end":{"line":21,"column":52}},"type":"binary-expr","locations":[{"start":{"line":21,"column":8},"end":{"line":21,"column":22}},{"start":{"line":21,"column":26},"end":{"line":21,"column":52}}]},"5":{"loc":{"start":{"line":28,"column":6},"end":{"line":30,"column":7}},"type":"if","locations":[{"start":{"line":28,"column":6},"end":{"line":30,"column":7}}]},"6":{"loc":{"start":{"line":32,"column":6},"end":{"line":34,"column":7}},"type":"if","locations":[{"start":{"line":32,"column":6},"end":{"line":34,"column":7}}]},"7":{"loc":{"start":{"line":33,"column":52},"end":{"line":33,"column":78}},"type":"binary-expr","locations":[{"start":{"line":33,"column":52},"end":{"line":33,"column":69}},{"start":{"line":33,"column":73},"end":{"line":33,"column":78}}]},"8":{"loc":{"start":{"line":36,"column":6},"end":{"line":61,"column":7}},"type":"if","locations":[{"start":{"line":36,"column":6},"end":{"line":61,"column":7}},{"start":{"line":38,"column":13},"end":{"line":61,"column":7}}]},"9":{"loc":{"start":{"line":36,"column":10},"end":{"line":36,"column":62}},"type":"binary-expr","locations":[{"start":{"line":36,"column":10},"end":{"line":36,"column":28}},{"start":{"line":36,"column":32},"end":{"line":36,"column":62}}]},"10":{"loc":{"start":{"line":37,"column":63},"end":{"line":37,"column":89}},"type":"binary-expr","locations":[{"start":{"line":37,"column":63},"end":{"line":37,"column":80}},{"start":{"line":37,"column":84},"end":{"line":37,"column":89}}]},"11":{"loc":{"start":{"line":39,"column":8},"end":{"line":41,"column":9}},"type":"if","locations":[{"start":{"line":39,"column":8},"end":{"line":41,"column":9}}]},"12":{"loc":{"start":{"line":40,"column":60},"end":{"line":40,"column":86}},"type":"binary-expr","locations":[{"start":{"line":40,"column":60},"end":{"line":40,"column":77}},{"start":{"line":40,"column":81},"end":{"line":40,"column":86}}]},"13":{"loc":{"start":{"line":44,"column":10},"end":{"line":51,"column":11}},"type":"if","locations":[{"start":{"line":44,"column":10},"end":{"line":51,"column":11}},{"start":{"line":46,"column":17},"end":{"line":51,"column":11}}]},"14":{"loc":{"start":{"line":45,"column":80},"end":{"line":45,"column":106}},"type":"binary-expr","locations":[{"start":{"line":45,"column":80},"end":{"line":45,"column":97}},{"start":{"line":45,"column":101},"end":{"line":45,"column":106}}]},"15":{"loc":{"start":{"line":47,"column":12},"end":{"line":49,"column":13}},"type":"if","locations":[{"start":{"line":47,"column":12},"end":{"line":49,"column":13}}]},"16":{"loc":{"start":{"line":53,"column":10},"end":{"line":55,"column":11}},"type":"if","locations":[{"start":{"line":53,"column":10},"end":{"line":55,"column":11}}]},"17":{"loc":{"start":{"line":54,"column":60},"end":{"line":54,"column":82}},"type":"binary-expr","locations":[{"start":{"line":54,"column":60},"end":{"line":54,"column":72}},{"start":{"line":54,"column":76},"end":{"line":54,"column":82}}]},"18":{"loc":{"start":{"line":57,"column":10},"end":{"line":59,"column":11}},"type":"if","locations":[{"start":{"line":57,"column":10},"end":{"line":59,"column":11}}]},"19":{"loc":{"start":{"line":57,"column":14},"end":{"line":57,"column":92}},"type":"binary-expr","locations":[{"start":{"line":57,"column":14},"end":{"line":57,"column":50}},{"start":{"line":57,"column":55},"end":{"line":57,"column":65}},{"start":{"line":57,"column":69},"end":{"line":57,"column":91}}]},"20":{"loc":{"start":{"line":66,"column":14},"end":{"line":66,"column":52}},"type":"cond-expr","locations":[{"start":{"line":66,"column":34},"end":{"line":66,"column":40}},{"start":{"line":66,"column":43},"end":{"line":66,"column":52}}]}},"s":{"0":2,"1":2,"2":6,"3":6,"4":1,"5":6,"6":2,"7":6,"8":1,"9":6,"10":3,"11":6,"12":6,"13":3,"14":0,"15":3,"16":0,"17":3,"18":0,"19":3,"20":0,"21":3,"22":4,"23":0,"24":4,"25":1,"26":4,"27":4,"28":0,"29":4,"30":0,"31":6,"32":2,"33":2},"f":{"0":6,"1":3,"2":4},"b":{"0":[1],"1":[2],"2":[1],"3":[3],"4":[6,6],"5":[0],"6":[0],"7":[0,0],"8":[0,3],"9":[3,3],"10":[0,0],"11":[0],"12":[0,0],"13":[0,4],"14":[0,0],"15":[1],"16":[0],"17":[0,0],"18":[0],"19":[4,2,2],"20":[4,2]}}
,"C:\\Users\\Bhush\\Desktop\\intervu-ai\\apps\\api\\src\\prisma\\prisma.service.ts": {"path":"C:\\Users\\Bhush\\Desktop\\intervu-ai\\apps\\api\\src\\prisma\\prisma.service.ts","statementMap":{"0":{"start":{"line":1,"column":0},"end":{"line":1,"column":61}},"1":{"start":{"line":2,"column":0},"end":{"line":2,"column":46}},"2":{"start":{"line":5,"column":7},"end":{"line":9,"column":null}},"3":{"start":{"line":7,"column":4},"end":{"line":7,"column":29}},"4":{"start":{"line":5,"column":13},"end":{"line":5,"column":26}},"5":{"start":{"line":5,"column":13},"end":{"line":9,"column":null}}},"fnMap":{"0":{"name":"(anonymous_1)","decl":{"start":{"line":6,"column":2},"end":{"line":6,"column":7}},"loc":{"start":{"line":6,"column":23},"end":{"line":8,"column":3}}}},"branchMap":{},"s":{"0":3,"1":3,"2":3,"3":0,"4":3,"5":3},"f":{"0":0},"b":{}}
}
