TN:
SF:src\modules\runtime\monitoring\runtime-monitoring.service.ts
FN:8,(anonymous_2)
FN:10,(anonymous_3)
FN:14,(anonymous_4)
FN:19,(anonymous_5)
FN:29,(anonymous_6)
FN:37,(anonymous_7)
FN:46,(anonymous_8)
FN:50,(anonymous_9)
FNF:8
FNH:0
FNDA:0,(anonymous_2)
FNDA:0,(anonymous_3)
FNDA:0,(anonymous_4)
FNDA:0,(anonymous_5)
FNDA:0,(anonymous_6)
FNDA:0,(anonymous_7)
FNDA:0,(anonymous_8)
FNDA:0,(anonymous_9)
DA:1,1
DA:2,1
DA:5,1
DA:6,0
DA:8,0
DA:11,0
DA:15,0
DA:16,0
DA:24,0
DA:33,0
DA:34,0
DA:42,0
DA:43,0
DA:47,0
DA:55,0
LF:15
LH:3
BRDA:39,0,0,0
BRF:1
BRH:0
end_of_record
TN:
SF:src\modules\runtime\repositories\runtime.repository.ts
FN:6,(anonymous_2)
FN:8,(anonymous_3)
FN:24,(anonymous_4)
FN:45,(anonymous_5)
FN:61,(anonymous_6)
FNF:5
FNH:0
FNDA:0,(anonymous_2)
FNDA:0,(anonymous_3)
FNDA:0,(anonymous_4)
FNDA:0,(anonymous_5)
FNDA:0,(anonymous_6)
DA:1,1
DA:2,1
DA:5,1
DA:6,0
DA:14,0
DA:31,0
DA:35,0
DA:36,0
DA:41,0
DA:51,0
DA:67,0
LF:11
LH:3
BRDA:19,0,0,0
BRDA:19,0,1,0
BRDA:35,1,0,0
BRDA:35,1,1,0
BRDA:38,2,0,0
BRDA:38,2,1,0
BRDA:55,3,0,0
BRDA:55,3,1,0
BRDA:56,4,0,0
BRDA:56,4,1,0
BRDA:72,5,0,0
BRDA:72,5,1,0
BRF:12
BRH:0
end_of_record
TN:
SF:src\modules\runtime\services\launch-precheck.service.ts
FN:6,(anonymous_2)
FN:8,(anonymous_3)
FNF:2
FNH:2
FNDA:2,(anonymous_2)
FNDA:2,(anonymous_3)
DA:1,1
DA:2,1
DA:5,1
DA:6,2
DA:11,2
DA:14,2
DA:18,2
DA:19,0
DA:20,0
DA:23,2
DA:24,0
DA:28,2
DA:33,2
DA:34,0
DA:35,2
DA:36,0
DA:40,2
DA:45,2
DA:46,0
DA:47,2
DA:48,1
DA:51,2
LF:22
LH:16
BRDA:18,0,0,0
BRDA:23,1,0,0
BRDA:33,2,0,0
BRDA:33,2,1,2
BRDA:35,3,0,0
BRDA:45,4,0,0
BRDA:45,4,1,2
BRDA:47,5,0,1
BRDA:53,6,0,1
BRDA:53,6,1,1
BRF:10
BRH:5
end_of_record
TN:
SF:src\modules\runtime\services\runtime-generator.service.ts
FN:12,(anonymous_2)
FN:18,(anonymous_3)
FNF:2
FNH:2
FNDA:3,(anonymous_2)
FNDA:2,(anonymous_3)
DA:1,1
DA:4,1
DA:5,1
DA:6,1
DA:9,1
DA:10,3
DA:13,3
DA:14,3
DA:15,3
DA:21,2
DA:22,2
DA:24,2
DA:26,2
DA:29,2
DA:30,2
DA:31,2
DA:33,2
DA:34,1
DA:39,1
DA:44,1
DA:50,1
DA:51,1
DA:56,1
DA:59,1
DA:60,1
DA:65,1
DA:69,1
LF:27
LH:27
BRDA:33,0,0,1
BRF:1
BRH:1
end_of_record
TN:
SF:src\modules\runtime\services\runtime-mapper.service.ts
FN:15,(anonymous_1)
FN:21,(anonymous_2)
FN:27,(anonymous_3)
FN:33,(anonymous_4)
FN:39,(anonymous_5)
FNF:5
FNH:5
FNDA:2,(anonymous_1)
FNDA:1,(anonymous_2)
FNDA:1,(anonymous_3)
FNDA:1,(anonymous_4)
FNDA:1,(anonymous_5)
DA:1,1
DA:14,1
DA:16,2
DA:22,1
DA:28,1
DA:34,1
DA:40,1
LF:7
LH:7
BRDA:20,0,0,2
BRDA:20,0,1,1
BRDA:44,1,0,1
BRDA:44,1,1,0
BRDA:49,2,0,0
BRDA:49,2,1,1
BRDA:49,3,0,1
BRDA:49,3,1,0
BRF:8
BRH:5
end_of_record
TN:
SF:src\modules\runtime\services\runtime-security.service.ts
FN:6,(anonymous_2)
FN:8,(anonymous_3)
FNF:2
FNH:2
FNDA:3,(anonymous_2)
FNDA:3,(anonymous_3)
DA:1,1
DA:2,1
DA:5,1
DA:6,3
DA:12,3
DA:19,3
DA:20,1
DA:23,2
DA:24,1
DA:27,1
DA:28,0
DA:31,1
DA:32,0
DA:35,1
DA:36,0
DA:39,1
LF:16
LH:13
BRDA:19,0,0,1
BRDA:23,1,0,1
BRDA:27,2,0,0
BRDA:31,3,0,0
BRDA:35,4,0,0
BRF:5
BRH:2
end_of_record
TN:
SF:src\modules\runtime\validation\runtime-validation.service.ts
FN:6,(anonymous_1)
FN:27,(anonymous_2)
FN:43,(anonymous_3)
FNF:3
FNH:3
FNDA:6,(anonymous_1)
FNDA:3,(anonymous_2)
FNDA:4,(anonymous_3)
DA:1,2
DA:5,2
DA:7,6
DA:9,6
DA:10,1
DA:13,6
DA:14,2
DA:17,6
DA:18,1
DA:21,6
DA:22,3
DA:25,6
DA:27,6
DA:28,3
DA:29,0
DA:32,3
DA:33,0
DA:36,3
DA:37,0
DA:39,3
DA:40,0
DA:43,3
DA:44,4
DA:45,0
DA:47,4
DA:48,1
DA:50,4
DA:53,4
DA:54,0
DA:57,4
DA:58,0
DA:64,6
LF:32
LH:25
BRDA:9,0,0,1
BRDA:13,1,0,2
BRDA:17,2,0,1
BRDA:21,3,0,3
BRDA:21,4,0,6
BRDA:21,4,1,6
BRDA:28,5,0,0
BRDA:32,6,0,0
BRDA:33,7,0,0
BRDA:33,7,1,0
BRDA:36,8,0,0
BRDA:36,8,1,3
BRDA:36,9,0,3
BRDA:36,9,1,3
BRDA:37,10,0,0
BRDA:37,10,1,0
BRDA:39,11,0,0
BRDA:40,12,0,0
BRDA:40,12,1,0
BRDA:44,13,0,0
BRDA:44,13,1,4
BRDA:45,14,0,0
BRDA:45,14,1,0
BRDA:47,15,0,1
BRDA:53,16,0,0
BRDA:54,17,0,0
BRDA:54,17,1,0
BRDA:57,18,0,0
BRDA:57,19,0,4
BRDA:57,19,1,2
BRDA:57,19,2,2
BRDA:66,20,0,4
BRDA:66,20,1,2
BRF:33
BRH:16
end_of_record
TN:
SF:src\prisma\prisma.service.ts
FN:6,(anonymous_1)
FNF:1
FNH:0
FNDA:0,(anonymous_1)
DA:1,3
DA:2,3
DA:5,3
DA:7,0
LF:4
LH:3
BRF:0
BRH:0
end_of_record
