{"C:\\Users\\Bhush\\Desktop\\intervu-ai\\apps\\api\\src\\common\\index.ts": {"path":"C:\\Users\\Bhush\\Desktop\\intervu-ai\\apps\\api\\src\\common\\index.ts","statementMap":{"0":{"start":{"line":1,"column":0},"end":{"line":1,"column":9}},"1":{"start":{"line":1,"column":9},"end":{"line":1,"column":83}},"2":{"start":{"line":2,"column":0},"end":{"line":2,"column":9}},"3":{"start":{"line":2,"column":9},"end":{"line":2,"column":76}},"4":{"start":{"line":3,"column":0},"end":{"line":3,"column":9}},"5":{"start":{"line":3,"column":9},"end":{"line":3,"column":64}},"6":{"start":{"line":4,"column":0},"end":{"line":4,"column":48}},"7":{"start":{"line":5,"column":0},"end":{"line":5,"column":50}}},"fnMap":{"0":{"name":"(anonymous_4)","decl":{"start":{"line":1,"column":9},"end":{"line":1,"column":33}},"loc":{"start":{"line":1,"column":9},"end":{"line":1,"column":83}}},"1":{"name":"(anonymous_5)","decl":{"start":{"line":2,"column":9},"end":{"line":2,"column":30}},"loc":{"start":{"line":2,"column":9},"end":{"line":2,"column":76}}},"2":{"name":"(anonymous_6)","decl":{"start":{"line":3,"column":9},"end":{"line":3,"column":23}},"loc":{"start":{"line":3,"column":9},"end":{"line":3,"column":64}}}},"branchMap":{},"s":{"0":3,"1":3,"2":3,"3":3,"4":3,"5":9,"6":3,"7":3},"f":{"0":0,"1":0,"2":6},"b":{}}
,"C:\\Users\\Bhush\\Desktop\\intervu-ai\\apps\\api\\src\\common\\decorators\\rate-limit.decorator.ts": {"path":"C:\\Users\\Bhush\\Desktop\\intervu-ai\\apps\\api\\src\\common\\decorators\\rate-limit.decorator.ts","statementMap":{"0":{"start":{"line":1,"column":0},"end":{"line":1,"column":45}},"1":{"start":{"line":2,"column":0},"end":{"line":2,"column":75}},"2":{"start":{"line":10,"column":33},"end":{"line":11,"column":48}},"3":{"start":{"line":11,"column":2},"end":{"line":11,"column":48}},"4":{"start":{"line":10,"column":13},"end":{"line":10,"column":33}}},"fnMap":{"0":{"name":"(anonymous_0)","decl":{"start":{"line":10,"column":33},"end":{"line":10,"column":34}},"loc":{"start":{"line":11,"column":2},"end":{"line":11,"column":48}}}},"branchMap":{},"s":{"0":3,"1":3,"2":3,"3":0,"4":3},"f":{"0":0},"b":{}}
,"C:\\Users\\Bhush\\Desktop\\intervu-ai\\apps\\api\\src\\common\\guards\\custom-throttler.guard.ts": {"path":"C:\\Users\\Bhush\\Desktop\\intervu-ai\\apps\\api\\src\\common\\guards\\custom-throttler.guard.ts","statementMap":{"0":{"start":{"line":1,"column":0},"end":{"line":1,"column":44}},"1":{"start":{"line":2,"column":0},"end":{"line":2,"column":69}},"2":{"start":{"line":4,"column":13},"end":{"line":4,"column":61}},"3":{"start":{"line":7,"column":7},"end":{"line":26,"column":null}},"4":{"start":{"line":11,"column":35},"end":{"line":11,"column":47}},"5":{"start":{"line":13,"column":21},"end":{"line":15,"column":null}},"6":{"start":{"line":18,"column":29},"end":{"line":18,"column":50}},"7":{"start":{"line":20,"column":4},"end":{"line":22,"column":5}},"8":{"start":{"line":21,"column":6},"end":{"line":21,"column":18}},"9":{"start":{"line":24,"column":4},"end":{"line":24,"column":45}},"10":{"start":{"line":7,"column":13},"end":{"line":7,"column":33}},"11":{"start":{"line":7,"column":13},"end":{"line":26,"column":null}}},"fnMap":{"0":{"name":"(anonymous_1)","decl":{"start":{"line":8,"column":12},"end":{"line":8,"column":17}},"loc":{"start":{"line":9,"column":34},"end":{"line":25,"column":3}}}},"branchMap":{"0":{"loc":{"start":{"line":18,"column":29},"end":{"line":18,"column":50}},"type":"binary-expr","locations":[{"start":{"line":18,"column":29},"end":{"line":18,"column":37}},{"start":{"line":18,"column":41},"end":{"line":18,"column":50}}]},"1":{"loc":{"start":{"line":20,"column":4},"end":{"line":22,"column":5}},"type":"if","locations":[{"start":{"line":20,"column":4},"end":{"line":22,"column":5}}]}},"s":{"0":3,"1":3,"2":3,"3":3,"4":0,"5":0,"6":0,"7":0,"8":0,"9":0,"10":3,"11":3},"f":{"0":0},"b":{"0":[0,0],"1":[0]}}
,"C:\\Users\\Bhush\\Desktop\\intervu-ai\\apps\\api\\src\\common\\middleware\\correlation.middleware.ts": {"path":"C:\\Users\\Bhush\\Desktop\\intervu-ai\\apps\\api\\src\\common\\middleware\\correlation.middleware.ts","statementMap":{"0":{"start":{"line":1,"column":0},"end":{"line":1,"column":60}},"1":{"start":{"line":3,"column":0},"end":{"line":3,"column":36}},"2":{"start":{"line":4,"column":0},"end":{"line":4,"column":66}},"3":{"start":{"line":7,"column":7},"end":{"line":20,"column":null}},"4":{"start":{"line":10,"column":23},"end":{"line":10,"column":77}},"5":{"start":{"line":12,"column":4},"end":{"line":12,"column":44}},"6":{"start":{"line":13,"column":4},"end":{"line":13,"column":45}},"7":{"start":{"line":16,"column":4},"end":{"line":18,"column":7}},"8":{"start":{"line":17,"column":6},"end":{"line":17,"column":13}},"9":{"start":{"line":7,"column":13},"end":{"line":7,"column":34}},"10":{"start":{"line":7,"column":13},"end":{"line":20,"column":null}}},"fnMap":{"0":{"name":"(anonymous_1)","decl":{"start":{"line":8,"column":2},"end":{"line":8,"column":5}},"loc":{"start":{"line":8,"column":53},"end":{"line":19,"column":3}}},"1":{"name":"(anonymous_2)","decl":{"start":{"line":16,"column":71},"end":{"line":16,"column":74}},"loc":{"start":{"line":16,"column":76},"end":{"line":18,"column":5}}}},"branchMap":{"0":{"loc":{"start":{"line":10,"column":23},"end":{"line":10,"column":77}},"type":"binary-expr","locations":[{"start":{"line":10,"column":23},"end":{"line":10,"column":61}},{"start":{"line":10,"column":65},"end":{"line":10,"column":77}}]}},"s":{"0":3,"1":3,"2":3,"3":3,"4":0,"5":0,"6":0,"7":0,"8":0,"9":3,"10":3},"f":{"0":0,"1":0},"b":{"0":[0,0]}}
,"C:\\Users\\Bhush\\Desktop\\intervu-ai\\apps\\api\\src\\common\\middleware\\request-logging.middleware.ts": {"path":"C:\\Users\\Bhush\\Desktop\\intervu-ai\\apps\\api\\src\\common\\middleware\\request-logging.middleware.ts","statementMap":{"0":{"start":{"line":1,"column":0},"end":{"line":1,"column":60}},"1":{"start":{"line":2,"column":0},"end":{"line":2,"column":54}},"2":{"start":{"line":5,"column":7},"end":{"line":40,"column":null}},"3":{"start":{"line":6,"column":19},"end":{"line":6,"column":70}},"4":{"start":{"line":13,"column":19},"end":{"line":13,"column":39}},"5":{"start":{"line":14,"column":24},"end":{"line":14,"column":49}},"6":{"start":{"line":15,"column":15},"end":{"line":15,"column":31}},"7":{"start":{"line":16,"column":22},"end":{"line":16,"column":32}},"8":{"start":{"line":17,"column":19},"end":{"line":17,"column":30}},"9":{"start":{"line":19,"column":25},"end":{"line":19,"column":64}},"10":{"start":{"line":20,"column":4},"end":{"line":36,"column":6}},"11":{"start":{"line":21,"column":23},"end":{"line":21,"column":45}},"12":{"start":{"line":22,"column":26},"end":{"line":22,"column":68}},"13":{"start":{"line":24,"column":6},"end":{"line":33,"column":8}},"14":{"start":{"line":35,"column":6},"end":{"line":35,"column":43}},"15":{"start":{"line":38,"column":4},"end":{"line":38,"column":11}},"16":{"start":{"line":5,"column":13},"end":{"line":5,"column":37}},"17":{"start":{"line":5,"column":13},"end":{"line":40,"column":null}}},"fnMap":{"0":{"name":"(anonymous_1)","decl":{"start":{"line":5,"column":7},"end":{"line":5,"column":13}},"loc":{"start":{"line":5,"column":7},"end":{"line":40,"column":1}}},"1":{"name":"(anonymous_2)","decl":{"start":{"line":8,"column":2},"end":{"line":8,"column":5}},"loc":{"start":{"line":11,"column":20},"end":{"line":39,"column":3}}},"2":{"name":"(anonymous_3)","decl":{"start":{"line":20,"column":15},"end":{"line":20,"column":40}},"loc":{"start":{"line":20,"column":53},"end":{"line":36,"column":5}}}},"branchMap":{},"s":{"0":3,"1":3,"2":3,"3":0,"4":0,"5":0,"6":0,"7":0,"8":0,"9":0,"10":0,"11":0,"12":0,"13":0,"14":0,"15":0,"16":3,"17":3},"f":{"0":0,"1":0,"2":0},"b":{}}
,"C:\\Users\\Bhush\\Desktop\\intervu-ai\\apps\\api\\src\\common\\repositories\\base.repository.ts": {"path":"C:\\Users\\Bhush\\Desktop\\intervu-ai\\apps\\api\\src\\common\\repositories\\base.repository.ts","statementMap":{"0":{"start":{"line":10,"column":23},"end":{"line":10,"column":44}},"1":{"start":{"line":11,"column":23},"end":{"line":11,"column":null}},"2":{"start":{"line":21,"column":23},"end":{"line":21,"column":59}},"3":{"start":{"line":24,"column":23},"end":{"line":24,"column":52}},"4":{"start":{"line":28,"column":4},"end":{"line":28,"column":34}},"5":{"start":{"line":32,"column":4},"end":{"line":49,"column":6}},"6":{"start":{"line":53,"column":43},"end":{"line":53,"column":49}},"7":{"start":{"line":54,"column":4},"end":{"line":56,"column":5}},"8":{"start":{"line":55,"column":6},"end":{"line":55,"column":29}},"9":{"start":{"line":57,"column":4},"end":{"line":59,"column":7}},"10":{"start":{"line":63,"column":43},"end":{"line":63,"column":61}},"11":{"start":{"line":64,"column":4},"end":{"line":66,"column":5}},"12":{"start":{"line":65,"column":6},"end":{"line":65,"column":29}},"13":{"start":{"line":67,"column":4},"end":{"line":67,"column":42}},"14":{"start":{"line":71,"column":4},"end":{"line":71,"column":39}},"15":{"start":{"line":75,"column":43},"end":{"line":75,"column":49}},"16":{"start":{"line":76,"column":4},"end":{"line":78,"column":5}},"17":{"start":{"line":77,"column":6},"end":{"line":77,"column":29}},"18":{"start":{"line":79,"column":4},"end":{"line":82,"column":7}},"19":{"start":{"line":86,"column":4},"end":{"line":92,"column":5}},"20":{"start":{"line":87,"column":45},"end":{"line":87,"column":68}},"21":{"start":{"line":88,"column":6},"end":{"line":91,"column":9}},"22":{"start":{"line":93,"column":4},"end":{"line":93,"column":48}},"23":{"start":{"line":97,"column":43},"end":{"line":97,"column":61}},"24":{"start":{"line":98,"column":4},"end":{"line":100,"column":5}},"25":{"start":{"line":99,"column":6},"end":{"line":99,"column":29}},"26":{"start":{"line":101,"column":4},"end":{"line":101,"column":39}},"27":{"start":{"line":110,"column":6},"end":{"line":112,"column":11}},"28":{"start":{"line":114,"column":6},"end":{"line":116,"column":12}},"29":{"start":{"line":117,"column":17},"end":{"line":117,"column":35}},"30":{"start":{"line":119,"column":43},"end":{"line":119,"column":61}},"31":{"start":{"line":120,"column":4},"end":{"line":122,"column":5}},"32":{"start":{"line":121,"column":6},"end":{"line":121,"column":29}},"33":{"start":{"line":124,"column":27},"end":{"line":132,"column":6}},"34":{"start":{"line":134,"column":4},"end":{"line":139,"column":6}},"35":{"start":{"line":4,"column":0},"end":{"line":4,"column":22}}},"fnMap":{"0":{"name":"(anonymous_0)","decl":{"start":{"line":9,"column":2},"end":{"line":9,"column":null}},"loc":{"start":{"line":24,"column":52},"end":{"line":25,"column":6}}},"1":{"name":"(anonymous_1)","decl":{"start":{"line":27,"column":2},"end":{"line":27,"column":16}},"loc":{"start":{"line":27,"column":18},"end":{"line":29,"column":3}}},"2":{"name":"(anonymous_2)","decl":{"start":{"line":31,"column":2},"end":{"line":31,"column":16}},"loc":{"start":{"line":31,"column":21},"end":{"line":50,"column":3}}},"3":{"name":"(anonymous_3)","decl":{"start":{"line":52,"column":2},"end":{"line":52,"column":7}},"loc":{"start":{"line":52,"column":27},"end":{"line":60,"column":3}}},"4":{"name":"(anonymous_4)","decl":{"start":{"line":62,"column":2},"end":{"line":62,"column":7}},"loc":{"start":{"line":62,"column":53},"end":{"line":68,"column":3}}},"5":{"name":"(anonymous_5)","decl":{"start":{"line":70,"column":2},"end":{"line":70,"column":7}},"loc":{"start":{"line":70,"column":32},"end":{"line":72,"column":3}}},"6":{"name":"(anonymous_6)","decl":{"start":{"line":74,"column":2},"end":{"line":74,"column":7}},"loc":{"start":{"line":74,"column":44},"end":{"line":83,"column":3}}},"7":{"name":"(anonymous_7)","decl":{"start":{"line":85,"column":2},"end":{"line":85,"column":7}},"loc":{"start":{"line":85,"column":25},"end":{"line":94,"column":3}}},"8":{"name":"(anonymous_8)","decl":{"start":{"line":96,"column":2},"end":{"line":96,"column":7}},"loc":{"start":{"line":96,"column":51},"end":{"line":102,"column":3}}},"9":{"name":"(anonymous_9)","decl":{"start":{"line":104,"column":2},"end":{"line":104,"column":7}},"loc":{"start":{"line":107,"column":71},"end":{"line":140,"column":3}}}},"branchMap":{"0":{"loc":{"start":{"line":21,"column":23},"end":{"line":23,"column":null}},"type":"default-arg","locations":[{"start":{"line":21,"column":59},"end":{"line":23,"column":null}}]},"1":{"loc":{"start":{"line":28,"column":11},"end":{"line":28,"column":33}},"type":"binary-expr","locations":[{"start":{"line":28,"column":11},"end":{"line":28,"column":18}},{"start":{"line":28,"column":22},"end":{"line":28,"column":33}}]},"2":{"loc":{"start":{"line":54,"column":4},"end":{"line":56,"column":5}},"type":"if","locations":[{"start":{"line":54,"column":4},"end":{"line":56,"column":5}}]},"3":{"loc":{"start":{"line":64,"column":4},"end":{"line":66,"column":5}},"type":"if","locations":[{"start":{"line":64,"column":4},"end":{"line":66,"column":5}}]},"4":{"loc":{"start":{"line":76,"column":4},"end":{"line":78,"column":5}},"type":"if","locations":[{"start":{"line":76,"column":4},"end":{"line":78,"column":5}}]},"5":{"loc":{"start":{"line":86,"column":4},"end":{"line":92,"column":5}},"type":"if","locations":[{"start":{"line":86,"column":4},"end":{"line":92,"column":5}}]},"6":{"loc":{"start":{"line":98,"column":4},"end":{"line":100,"column":5}},"type":"if","locations":[{"start":{"line":98,"column":4},"end":{"line":100,"column":5}}]},"7":{"loc":{"start":{"line":105,"column":4},"end":{"line":105,"column":61}},"type":"default-arg","locations":[{"start":{"line":105,"column":59},"end":{"line":105,"column":61}}]},"8":{"loc":{"start":{"line":110,"column":6},"end":{"line":112,"column":11}},"type":"cond-expr","locations":[{"start":{"line":111,"column":10},"end":{"line":111,"column":44}},{"start":{"line":112,"column":10},"end":{"line":112,"column":11}}]},"9":{"loc":{"start":{"line":110,"column":6},"end":{"line":110,"column":58}},"type":"binary-expr","locations":[{"start":{"line":110,"column":6},"end":{"line":110,"column":28}},{"start":{"line":110,"column":32},"end":{"line":110,"column":58}}]},"10":{"loc":{"start":{"line":114,"column":6},"end":{"line":116,"column":12}},"type":"cond-expr","locations":[{"start":{"line":115,"column":10},"end":{"line":115,"column":45}},{"start":{"line":116,"column":10},"end":{"line":116,"column":12}}]},"11":{"loc":{"start":{"line":114,"column":6},"end":{"line":114,"column":60}},"type":"binary-expr","locations":[{"start":{"line":114,"column":6},"end":{"line":114,"column":29}},{"start":{"line":114,"column":33},"end":{"line":114,"column":60}}]},"12":{"loc":{"start":{"line":120,"column":4},"end":{"line":122,"column":5}},"type":"if","locations":[{"start":{"line":120,"column":4},"end":{"line":122,"column":5}}]}},"s":{"0":6,"1":6,"2":6,"3":6,"4":0,"5":0,"6":0,"7":0,"8":0,"9":0,"10":0,"11":0,"12":0,"13":0,"14":0,"15":0,"16":0,"17":0,"18":0,"19":0,"20":0,"21":0,"22":0,"23":0,"24":0,"25":0,"26":0,"27":0,"28":0,"29":0,"30":0,"31":0,"32":0,"33":0,"34":0,"35":3},"f":{"0":6,"1":0,"2":0,"3":0,"4":0,"5":0,"6":0,"7":0,"8":0,"9":0},"b":{"0":[0],"1":[0,0],"2":[0],"3":[0],"4":[0],"5":[0],"6":[0],"7":[0],"8":[0,0],"9":[0,0],"10":[0,0],"11":[0,0],"12":[0]}}
,"C:\\Users\\Bhush\\Desktop\\intervu-ai\\apps\\api\\src\\modules\\assembly\\assembly.module.ts": {"path":"C:\\Users\\Bhush\\Desktop\\intervu-ai\\apps\\api\\src\\modules\\assembly\\assembly.module.ts","statementMap":{"0":{"start":{"line":1,"column":0},"end":{"line":1,"column":40}},"1":{"start":{"line":2,"column":0},"end":{"line":2,"column":71}},"2":{"start":{"line":3,"column":0},"end":{"line":3,"column":67}},"3":{"start":{"line":4,"column":0},"end":{"line":4,"column":79}},"4":{"start":{"line":5,"column":0},"end":{"line":5,"column":81}},"5":{"start":{"line":6,"column":0},"end":{"line":6,"column":75}},"6":{"start":{"line":7,"column":0},"end":{"line":7,"column":83}},"7":{"start":{"line":8,"column":0},"end":{"line":8,"column":75}},"8":{"start":{"line":9,"column":0},"end":{"line":9,"column":72}},"9":{"start":{"line":10,"column":0},"end":{"line":10,"column":74}},"10":{"start":{"line":11,"column":0},"end":{"line":11,"column":81}},"11":{"start":{"line":12,"column":0},"end":{"line":12,"column":58}},"12":{"start":{"line":13,"column":0},"end":{"line":13,"column":75}},"13":{"start":{"line":14,"column":0},"end":{"line":14,"column":84}},"14":{"start":{"line":15,"column":0},"end":{"line":15,"column":88}},"15":{"start":{"line":16,"column":0},"end":{"line":16,"column":95}},"16":{"start":{"line":17,"column":0},"end":{"line":17,"column":83}},"17":{"start":{"line":18,"column":0},"end":{"line":18,"column":87}},"18":{"start":{"line":19,"column":0},"end":{"line":19,"column":83}},"19":{"start":{"line":20,"column":0},"end":{"line":20,"column":85}},"20":{"start":{"line":21,"column":0},"end":{"line":21,"column":73}},"21":{"start":{"line":22,"column":0},"end":{"line":22,"column":77}},"22":{"start":{"line":23,"column":0},"end":{"line":23,"column":89}},"23":{"start":{"line":24,"column":0},"end":{"line":24,"column":81}},"24":{"start":{"line":25,"column":0},"end":{"line":25,"column":85}},"25":{"start":{"line":26,"column":0},"end":{"line":26,"column":77}},"26":{"start":{"line":62,"column":7},"end":{"line":62,"column":null}},"27":{"start":{"line":62,"column":13},"end":{"line":62,"column":27}},"28":{"start":{"line":62,"column":13},"end":{"line":62,"column":null}}},"fnMap":{},"branchMap":{},"s":{"0":3,"1":3,"2":3,"3":3,"4":3,"5":3,"6":3,"7":3,"8":3,"9":3,"10":3,"11":3,"12":3,"13":3,"14":3,"15":3,"16":3,"17":3,"18":3,"19":3,"20":3,"21":3,"22":3,"23":3,"24":3,"25":3,"26":3,"27":3,"28":3},"f":{},"b":{}}
,"C:\\Users\\Bhush\\Desktop\\intervu-ai\\apps\\api\\src\\modules\\assembly\\controllers\\assembly.controller.ts": {"path":"C:\\Users\\Bhush\\Desktop\\intervu-ai\\apps\\api\\src\\modules\\assembly\\controllers\\assembly.controller.ts","statementMap":{"0":{"start":{"line":1,"column":0},"end":{"line":1,"column":null}},"1":{"start":{"line":13,"column":0},"end":{"line":13,"column":null}},"2":{"start":{"line":19,"column":0},"end":{"line":19,"column":68}},"3":{"start":{"line":20,"column":0},"end":{"line":20,"column":86}},"4":{"start":{"line":21,"column":0},"end":{"line":21,"column":78}},"5":{"start":{"line":22,"column":0},"end":{"line":22,"column":90}},"6":{"start":{"line":23,"column":0},"end":{"line":23,"column":82}},"7":{"start":{"line":24,"column":0},"end":{"line":24,"column":73}},"8":{"start":{"line":25,"column":0},"end":{"line":25,"column":null}},"9":{"start":{"line":31,"column":0},"end":{"line":31,"column":null}},"10":{"start":{"line":34,"column":0},"end":{"line":34,"column":64}},"11":{"start":{"line":35,"column":0},"end":{"line":35,"column":62}},"12":{"start":{"line":36,"column":0},"end":{"line":36,"column":75}},"13":{"start":{"line":44,"column":7},"end":{"line":282,"column":null}},"14":{"start":{"line":46,"column":21},"end":{"line":46,"column":38}},"15":{"start":{"line":47,"column":21},"end":{"line":47,"column":41}},"16":{"start":{"line":48,"column":21},"end":{"line":48,"column":37}},"17":{"start":{"line":49,"column":21},"end":{"line":49,"column":39}},"18":{"start":{"line":50,"column":21},"end":{"line":50,"column":39}},"19":{"start":{"line":51,"column":21},"end":{"line":51,"column":41}},"20":{"start":{"line":63,"column":27},"end":{"line":65,"column":null}},"21":{"start":{"line":68,"column":4},"end":{"line":73,"column":6}},"22":{"start":{"line":84,"column":20},"end":{"line":84,"column":77}},"23":{"start":{"line":85,"column":4},"end":{"line":90,"column":6}},"24":{"start":{"line":103,"column":23},"end":{"line":105,"column":null}},"25":{"start":{"line":107,"column":4},"end":{"line":112,"column":6}},"26":{"start":{"line":123,"column":23},"end":{"line":127,"column":null}},"27":{"start":{"line":129,"column":4},"end":{"line":129,"column":51}},"28":{"start":{"line":139,"column":4},"end":{"line":139,"column":63}},"29":{"start":{"line":149,"column":20},"end":{"line":149,"column":72}},"30":{"start":{"line":150,"column":4},"end":{"line":150,"column":44}},"31":{"start":{"line":157,"column":21},"end":{"line":157,"column":63}},"32":{"start":{"line":158,"column":4},"end":{"line":158,"column":45}},"33":{"start":{"line":169,"column":21},"end":{"line":169,"column":85}},"34":{"start":{"line":170,"column":4},"end":{"line":170,"column":45}},"35":{"start":{"line":177,"column":22},"end":{"line":177,"column":68}},"36":{"start":{"line":178,"column":4},"end":{"line":178,"column":46}},"37":{"start":{"line":188,"column":22},"end":{"line":188,"column":78}},"38":{"start":{"line":189,"column":4},"end":{"line":189,"column":46}},"39":{"start":{"line":205,"column":4},"end":{"line":205,"column":47}},"40":{"start":{"line":220,"column":4},"end":{"line":220,"column":55}},"41":{"start":{"line":229,"column":24},"end":{"line":229,"column":28}},"42":{"start":{"line":230,"column":56},"end":{"line":230,"column":71}},"43":{"start":{"line":232,"column":4},"end":{"line":238,"column":5}},"44":{"start":{"line":233,"column":6},"end":{"line":233,"column":63}},"45":{"start":{"line":236,"column":6},"end":{"line":236,"column":60}},"46":{"start":{"line":237,"column":6},"end":{"line":237,"column":35}},"47":{"start":{"line":240,"column":4},"end":{"line":242,"column":5}},"48":{"start":{"line":241,"column":6},"end":{"line":241,"column":86}},"49":{"start":{"line":244,"column":38},"end":{"line":273,"column":6}},"50":{"start":{"line":249,"column":60},"end":{"line":249,"column":90}},"51":{"start":{"line":251,"column":60},"end":{"line":251,"column":92}},"52":{"start":{"line":254,"column":59},"end":{"line":272,"column":8}},"53":{"start":{"line":261,"column":24},"end":{"line":261,"column":48}},"54":{"start":{"line":262,"column":10},"end":{"line":270,"column":12}},"55":{"start":{"line":275,"column":4},"end":{"line":280,"column":6}},"56":{"start":{"line":44,"column":13},"end":{"line":44,"column":31}},"57":{"start":{"line":59,"column":8},"end":{"line":74,"column":null}},"58":{"start":{"line":80,"column":8},"end":{"line":91,"column":null}},"59":{"start":{"line":99,"column":8},"end":{"line":113,"column":null}},"60":{"start":{"line":119,"column":8},"end":{"line":130,"column":null}},"61":{"start":{"line":135,"column":8},"end":{"line":140,"column":null}},"62":{"start":{"line":145,"column":8},"end":{"line":151,"column":null}},"63":{"start":{"line":156,"column":8},"end":{"line":159,"column":null}},"64":{"start":{"line":164,"column":8},"end":{"line":171,"column":null}},"65":{"start":{"line":176,"column":8},"end":{"line":179,"column":null}},"66":{"start":{"line":184,"column":8},"end":{"line":190,"column":null}},"67":{"start":{"line":201,"column":8},"end":{"line":206,"column":null}},"68":{"start":{"line":216,"column":8},"end":{"line":221,"column":null}},"69":{"start":{"line":227,"column":8},"end":{"line":281,"column":null}},"70":{"start":{"line":44,"column":13},"end":{"line":282,"column":null}}},"fnMap":{"0":{"name":"(anonymous_4)","decl":{"start":{"line":45,"column":2},"end":{"line":45,"column":null}},"loc":{"start":{"line":51,"column":59},"end":{"line":52,"column":6}}},"1":{"name":"(anonymous_5)","decl":{"start":{"line":59,"column":2},"end":{"line":59,"column":7}},"loc":{"start":{"line":61,"column":33},"end":{"line":74,"column":3}}},"2":{"name":"(anonymous_6)","decl":{"start":{"line":80,"column":2},"end":{"line":80,"column":7}},"loc":{"start":{"line":82,"column":33},"end":{"line":91,"column":3}}},"3":{"name":"(anonymous_7)","decl":{"start":{"line":99,"column":2},"end":{"line":99,"column":7}},"loc":{"start":{"line":101,"column":33},"end":{"line":113,"column":3}}},"4":{"name":"(anonymous_8)","decl":{"start":{"line":119,"column":2},"end":{"line":119,"column":7}},"loc":{"start":{"line":121,"column":33},"end":{"line":130,"column":3}}},"5":{"name":"(anonymous_9)","decl":{"start":{"line":135,"column":2},"end":{"line":135,"column":7}},"loc":{"start":{"line":137,"column":33},"end":{"line":140,"column":3}}},"6":{"name":"(anonymous_10)","decl":{"start":{"line":145,"column":2},"end":{"line":145,"column":7}},"loc":{"start":{"line":147,"column":33},"end":{"line":151,"column":3}}},"7":{"name":"(anonymous_11)","decl":{"start":{"line":156,"column":2},"end":{"line":156,"column":7}},"loc":{"start":{"line":156,"column":44},"end":{"line":159,"column":3}}},"8":{"name":"(anonymous_12)","decl":{"start":{"line":164,"column":2},"end":{"line":164,"column":7}},"loc":{"start":{"line":167,"column":33},"end":{"line":171,"column":3}}},"9":{"name":"(anonymous_13)","decl":{"start":{"line":176,"column":2},"end":{"line":176,"column":7}},"loc":{"start":{"line":176,"column":44},"end":{"line":179,"column":3}}},"10":{"name":"(anonymous_14)","decl":{"start":{"line":184,"column":2},"end":{"line":184,"column":7}},"loc":{"start":{"line":186,"column":33},"end":{"line":190,"column":3}}},"11":{"name":"(anonymous_15)","decl":{"start":{"line":201,"column":2},"end":{"line":201,"column":7}},"loc":{"start":{"line":203,"column":33},"end":{"line":206,"column":3}}},"12":{"name":"(anonymous_16)","decl":{"start":{"line":216,"column":2},"end":{"line":216,"column":7}},"loc":{"start":{"line":218,"column":33},"end":{"line":221,"column":3}}},"13":{"name":"(anonymous_17)","decl":{"start":{"line":227,"column":2},"end":{"line":227,"column":7}},"loc":{"start":{"line":227,"column":43},"end":{"line":281,"column":3}}},"14":{"name":"(anonymous_18)","decl":{"start":{"line":249,"column":35},"end":{"line":249,"column":36}},"loc":{"start":{"line":249,"column":60},"end":{"line":249,"column":90}}},"15":{"name":"(anonymous_19)","decl":{"start":{"line":251,"column":35},"end":{"line":251,"column":36}},"loc":{"start":{"line":251,"column":60},"end":{"line":251,"column":92}}},"16":{"name":"(anonymous_20)","decl":{"start":{"line":254,"column":46},"end":{"line":254,"column":47}},"loc":{"start":{"line":254,"column":59},"end":{"line":272,"column":8}}},"17":{"name":"(anonymous_21)","decl":{"start":{"line":260,"column":43},"end":{"line":260,"column":44}},"loc":{"start":{"line":260,"column":54},"end":{"line":271,"column":9}}}},"branchMap":{"0":{"loc":{"start":{"line":240,"column":4},"end":{"line":242,"column":5}},"type":"if","locations":[{"start":{"line":240,"column":4},"end":{"line":242,"column":5}}]},"1":{"loc":{"start":{"line":246,"column":16},"end":{"line":246,"column":58}},"type":"binary-expr","locations":[{"start":{"line":246,"column":16},"end":{"line":246,"column":33}},{"start":{"line":246,"column":37},"end":{"line":246,"column":58}}]},"2":{"loc":{"start":{"line":247,"column":14},"end":{"line":247,"column":42}},"type":"binary-expr","locations":[{"start":{"line":247,"column":14},"end":{"line":247,"column":29}},{"start":{"line":247,"column":33},"end":{"line":247,"column":42}}]},"3":{"loc":{"start":{"line":248,"column":28},"end":{"line":249,"column":100}},"type":"binary-expr","locations":[{"start":{"line":248,"column":28},"end":{"line":248,"column":57}},{"start":{"line":249,"column":9},"end":{"line":249,"column":94}},{"start":{"line":249,"column":98},"end":{"line":249,"column":99}}]},"4":{"loc":{"start":{"line":249,"column":67},"end":{"line":249,"column":89}},"type":"binary-expr","locations":[{"start":{"line":249,"column":67},"end":{"line":249,"column":84}},{"start":{"line":249,"column":88},"end":{"line":249,"column":89}}]},"5":{"loc":{"start":{"line":250,"column":22},"end":{"line":251,"column":102}},"type":"binary-expr","locations":[{"start":{"line":250,"column":22},"end":{"line":250,"column":45}},{"start":{"line":251,"column":9},"end":{"line":251,"column":96}},{"start":{"line":251,"column":100},"end":{"line":251,"column":101}}]},"6":{"loc":{"start":{"line":251,"column":67},"end":{"line":251,"column":91}},"type":"binary-expr","locations":[{"start":{"line":251,"column":67},"end":{"line":251,"column":86}},{"start":{"line":251,"column":90},"end":{"line":251,"column":91}}]},"7":{"loc":{"start":{"line":254,"column":17},"end":{"line":254,"column":40}},"type":"binary-expr","locations":[{"start":{"line":254,"column":17},"end":{"line":254,"column":34}},{"start":{"line":254,"column":38},"end":{"line":254,"column":40}}]},"8":{"loc":{"start":{"line":256,"column":21},"end":{"line":256,"column":51}},"type":"binary-expr","locations":[{"start":{"line":256,"column":21},"end":{"line":256,"column":34}},{"start":{"line":256,"column":38},"end":{"line":256,"column":51}}]},"9":{"loc":{"start":{"line":258,"column":23},"end":{"line":258,"column":66}},"type":"binary-expr","locations":[{"start":{"line":258,"column":23},"end":{"line":258,"column":38}},{"start":{"line":258,"column":42},"end":{"line":258,"column":61}},{"start":{"line":258,"column":65},"end":{"line":258,"column":66}}]},"10":{"loc":{"start":{"line":259,"column":20},"end":{"line":259,"column":37}},"type":"binary-expr","locations":[{"start":{"line":259,"column":20},"end":{"line":259,"column":32}},{"start":{"line":259,"column":36},"end":{"line":259,"column":37}}]},"11":{"loc":{"start":{"line":260,"column":20},"end":{"line":260,"column":37}},"type":"binary-expr","locations":[{"start":{"line":260,"column":20},"end":{"line":260,"column":31}},{"start":{"line":260,"column":35},"end":{"line":260,"column":37}}]},"12":{"loc":{"start":{"line":261,"column":24},"end":{"line":261,"column":48}},"type":"binary-expr","locations":[{"start":{"line":261,"column":24},"end":{"line":261,"column":42}},{"start":{"line":261,"column":46},"end":{"line":261,"column":48}}]},"13":{"loc":{"start":{"line":264,"column":27},"end":{"line":264,"column":62}},"type":"binary-expr","locations":[{"start":{"line":264,"column":27},"end":{"line":264,"column":56}},{"start":{"line":264,"column":60},"end":{"line":264,"column":62}}]},"14":{"loc":{"start":{"line":265,"column":25},"end":{"line":265,"column":58}},"type":"binary-expr","locations":[{"start":{"line":265,"column":25},"end":{"line":265,"column":52}},{"start":{"line":265,"column":56},"end":{"line":265,"column":58}}]},"15":{"loc":{"start":{"line":266,"column":30},"end":{"line":266,"column":74}},"type":"binary-expr","locations":[{"start":{"line":266,"column":30},"end":{"line":266,"column":62}},{"start":{"line":266,"column":66},"end":{"line":266,"column":74}}]},"16":{"loc":{"start":{"line":267,"column":27},"end":{"line":267,"column":77}},"type":"binary-expr","locations":[{"start":{"line":267,"column":27},"end":{"line":267,"column":56}},{"start":{"line":267,"column":60},"end":{"line":267,"column":77}}]}},"s":{"0":3,"1":3,"2":3,"3":3,"4":3,"5":3,"6":3,"7":3,"8":3,"9":3,"10":3,"11":3,"12":3,"13":3,"14":3,"15":3,"16":3,"17":3,"18":3,"19":3,"20":0,"21":0,"22":0,"23":0,"24":0,"25":0,"26":0,"27":0,"28":0,"29":0,"30":0,"31":0,"32":0,"33":0,"34":0,"35":0,"36":0,"37":0,"38":0,"39":0,"40":0,"41":0,"42":0,"43":0,"44":0,"45":0,"46":0,"47":0,"48":0,"49":0,"50":0,"51":0,"52":0,"53":0,"54":0,"55":0,"56":3,"57":3,"58":3,"59":3,"60":3,"61":3,"62":3,"63":3,"64":3,"65":3,"66":3,"67":3,"68":3,"69":3,"70":3},"f":{"0":3,"1":0,"2":0,"3":0,"4":0,"5":0,"6":0,"7":0,"8":0,"9":0,"10":0,"11":0,"12":0,"13":0,"14":0,"15":0,"16":0,"17":0},"b":{"0":[0],"1":[0,0],"2":[0,0],"3":[0,0,0],"4":[0,0],"5":[0,0,0],"6":[0,0],"7":[0,0],"8":[0,0],"9":[0,0,0],"10":[0,0],"11":[0,0],"12":[0,0],"13":[0,0],"14":[0,0],"15":[0,0],"16":[0,0]}}
,"C:\\Users\\Bhush\\Desktop\\intervu-ai\\apps\\api\\src\\modules\\assembly\\providers\\mock-semantic-similarity.provider.ts": {"path":"C:\\Users\\Bhush\\Desktop\\intervu-ai\\apps\\api\\src\\modules\\assembly\\providers\\mock-semantic-similarity.provider.ts","statementMap":{"0":{"start":{"line":1,"column":0},"end":{"line":1,"column":44}},"1":{"start":{"line":5,"column":7},"end":{"line":22,"column":null}},"2":{"start":{"line":7,"column":21},"end":{"line":8,"column":62}},"3":{"start":{"line":8,"column":6},"end":{"line":8,"column":62}},"4":{"start":{"line":9,"column":17},"end":{"line":9,"column":32}},"5":{"start":{"line":10,"column":17},"end":{"line":10,"column":32}},"6":{"start":{"line":12,"column":4},"end":{"line":12,"column":55}},"7":{"start":{"line":12,"column":44},"end":{"line":12,"column":55}},"8":{"start":{"line":14,"column":23},"end":{"line":14,"column":24}},"9":{"start":{"line":15,"column":4},"end":{"line":17,"column":5}},"10":{"start":{"line":16,"column":6},"end":{"line":16,"column":41}},"11":{"start":{"line":16,"column":26},"end":{"line":16,"column":41}},"12":{"start":{"line":19,"column":18},"end":{"line":19,"column":54}},"13":{"start":{"line":20,"column":4},"end":{"line":20,"column":32}},"14":{"start":{"line":5,"column":13},"end":{"line":5,"column":43}},"15":{"start":{"line":5,"column":13},"end":{"line":22,"column":null}}},"fnMap":{"0":{"name":"(anonymous_1)","decl":{"start":{"line":6,"column":2},"end":{"line":6,"column":7}},"loc":{"start":{"line":6,"column":56},"end":{"line":21,"column":3}}},"1":{"name":"(anonymous_2)","decl":{"start":{"line":7,"column":21},"end":{"line":7,"column":22}},"loc":{"start":{"line":8,"column":6},"end":{"line":8,"column":62}}}},"branchMap":{"0":{"loc":{"start":{"line":12,"column":4},"end":{"line":12,"column":55}},"type":"if","locations":[{"start":{"line":12,"column":4},"end":{"line":12,"column":55}}]},"1":{"loc":{"start":{"line":12,"column":8},"end":{"line":12,"column":42}},"type":"binary-expr","locations":[{"start":{"line":12,"column":8},"end":{"line":12,"column":23}},{"start":{"line":12,"column":27},"end":{"line":12,"column":42}}]},"2":{"loc":{"start":{"line":16,"column":6},"end":{"line":16,"column":41}},"type":"if","locations":[{"start":{"line":16,"column":6},"end":{"line":16,"column":41}}]}},"s":{"0":4,"1":4,"2":5,"3":10,"4":5,"5":5,"6":5,"7":0,"8":5,"9":5,"10":16,"11":12,"12":5,"13":5,"14":4,"15":4},"f":{"0":5,"1":10},"b":{"0":[0],"1":[5,0],"2":[12]}}
,"C:\\Users\\Bhush\\Desktop\\intervu-ai\\apps\\api\\src\\modules\\assembly\\providers\\semantic-similarity.provider.ts": {"path":"C:\\Users\\Bhush\\Desktop\\intervu-ai\\apps\\api\\src\\modules\\assembly\\providers\\semantic-similarity.provider.ts","statementMap":{"0":{"start":{"line":1,"column":13},"end":{"line":1,"column":75}}},"fnMap":{},"branchMap":{},"s":{"0":6},"f":{},"b":{}}
,"C:\\Users\\Bhush\\Desktop\\intervu-ai\\apps\\api\\src\\modules\\assembly\\repositories\\assembled-test.repository.ts": {"path":"C:\\Users\\Bhush\\Desktop\\intervu-ai\\apps\\api\\src\\modules\\assembly\\repositories\\assembled-test.repository.ts","statementMap":{"0":{"start":{"line":1,"column":0},"end":{"line":1,"column":74}},"1":{"start":{"line":2,"column":0},"end":{"line":2,"column":63}},"2":{"start":{"line":3,"column":0},"end":{"line":3,"column":56}},"3":{"start":{"line":7,"column":7},"end":{"line":156,"column":null}},"4":{"start":{"line":8,"column":31},"end":{"line":8,"column":39}},"5":{"start":{"line":16,"column":4},"end":{"line":65,"column":5}},"6":{"start":{"line":17,"column":21},"end":{"line":56,"column":null}},"7":{"start":{"line":20,"column":27},"end":{"line":27,"column":12}},"8":{"start":{"line":30,"column":10},"end":{"line":53,"column":11}},"9":{"start":{"line":31,"column":32},"end":{"line":40,"column":14}},"10":{"start":{"line":42,"column":12},"end":{"line":52,"column":13}},"11":{"start":{"line":43,"column":14},"end":{"line":51,"column":17}},"12":{"start":{"line":44,"column":74},"end":{"line":50,"column":18}},"13":{"start":{"line":55,"column":10},"end":{"line":55,"column":29}},"14":{"start":{"line":59,"column":6},"end":{"line":59,"column":20}},"15":{"start":{"line":61,"column":6},"end":{"line":64,"column":8}},"16":{"start":{"line":74,"column":4},"end":{"line":121,"column":5}},"17":{"start":{"line":75,"column":6},"end":{"line":115,"column":9}},"18":{"start":{"line":77,"column":8},"end":{"line":83,"column":11}},"19":{"start":{"line":86,"column":8},"end":{"line":88,"column":11}},"20":{"start":{"line":91,"column":8},"end":{"line":114,"column":9}},"21":{"start":{"line":92,"column":30},"end":{"line":101,"column":12}},"22":{"start":{"line":103,"column":10},"end":{"line":113,"column":11}},"23":{"start":{"line":104,"column":12},"end":{"line":112,"column":15}},"24":{"start":{"line":105,"column":72},"end":{"line":111,"column":16}},"25":{"start":{"line":117,"column":6},"end":{"line":120,"column":8}},"26":{"start":{"line":125,"column":4},"end":{"line":141,"column":7}},"27":{"start":{"line":145,"column":4},"end":{"line":148,"column":7}},"28":{"start":{"line":152,"column":4},"end":{"line":154,"column":7}},"29":{"start":{"line":7,"column":13},"end":{"line":7,"column":36}},"30":{"start":{"line":7,"column":13},"end":{"line":156,"column":null}}},"fnMap":{"0":{"name":"(anonymous_2)","decl":{"start":{"line":8,"column":2},"end":{"line":8,"column":31}},"loc":{"start":{"line":8,"column":52},"end":{"line":8,"column":56}}},"1":{"name":"(anonymous_3)","decl":{"start":{"line":10,"column":2},"end":{"line":10,"column":7}},"loc":{"start":{"line":14,"column":26},"end":{"line":66,"column":3}}},"2":{"name":"(anonymous_4)","decl":{"start":{"line":18,"column":8},"end":{"line":18,"column":13}},"loc":{"start":{"line":18,"column":47},"end":{"line":56,"column":9}}},"3":{"name":"(anonymous_5)","decl":{"start":{"line":44,"column":44},"end":{"line":44,"column":45}},"loc":{"start":{"line":44,"column":74},"end":{"line":50,"column":18}}},"4":{"name":"(anonymous_6)","decl":{"start":{"line":68,"column":2},"end":{"line":68,"column":7}},"loc":{"start":{"line":72,"column":26},"end":{"line":122,"column":3}}},"5":{"name":"(anonymous_7)","decl":{"start":{"line":75,"column":37},"end":{"line":75,"column":42}},"loc":{"start":{"line":75,"column":76},"end":{"line":115,"column":7}}},"6":{"name":"(anonymous_8)","decl":{"start":{"line":105,"column":42},"end":{"line":105,"column":43}},"loc":{"start":{"line":105,"column":72},"end":{"line":111,"column":16}}},"7":{"name":"(anonymous_9)","decl":{"start":{"line":124,"column":2},"end":{"line":124,"column":7}},"loc":{"start":{"line":124,"column":27},"end":{"line":142,"column":3}}},"8":{"name":"(anonymous_10)","decl":{"start":{"line":144,"column":2},"end":{"line":144,"column":7}},"loc":{"start":{"line":144,"column":55},"end":{"line":149,"column":3}}},"9":{"name":"(anonymous_11)","decl":{"start":{"line":151,"column":2},"end":{"line":151,"column":7}},"loc":{"start":{"line":151,"column":25},"end":{"line":155,"column":3}}}},"branchMap":{"0":{"loc":{"start":{"line":42,"column":12},"end":{"line":52,"column":13}},"type":"if","locations":[{"start":{"line":42,"column":12},"end":{"line":52,"column":13}}]},"1":{"loc":{"start":{"line":103,"column":10},"end":{"line":113,"column":11}},"type":"if","locations":[{"start":{"line":103,"column":10},"end":{"line":113,"column":11}}]}},"s":{"0":8,"1":8,"2":8,"3":8,"4":3,"5":1,"6":1,"7":1,"8":0,"9":0,"10":0,"11":0,"12":0,"13":0,"14":0,"15":1,"16":0,"17":0,"18":0,"19":0,"20":0,"21":0,"22":0,"23":0,"24":0,"25":0,"26":0,"27":0,"28":0,"29":8,"30":8},"f":{"0":3,"1":1,"2":1,"3":0,"4":0,"5":0,"6":0,"7":0,"8":0,"9":0},"b":{"0":[0],"1":[0]}}
,"C:\\Users\\Bhush\\Desktop\\intervu-ai\\apps\\api\\src\\modules\\assembly\\repositories\\assembly-audit.repository.ts": {"path":"C:\\Users\\Bhush\\Desktop\\intervu-ai\\apps\\api\\src\\modules\\assembly\\repositories\\assembly-audit.repository.ts","statementMap":{"0":{"start":{"line":1,"column":0},"end":{"line":1,"column":44}},"1":{"start":{"line":2,"column":0},"end":{"line":2,"column":63}},"2":{"start":{"line":6,"column":7},"end":{"line":31,"column":null}},"3":{"start":{"line":7,"column":31},"end":{"line":7,"column":39}},"4":{"start":{"line":15,"column":4},"end":{"line":22,"column":7}},"5":{"start":{"line":26,"column":4},"end":{"line":29,"column":7}},"6":{"start":{"line":6,"column":13},"end":{"line":6,"column":36}},"7":{"start":{"line":6,"column":13},"end":{"line":31,"column":null}}},"fnMap":{"0":{"name":"(anonymous_2)","decl":{"start":{"line":7,"column":2},"end":{"line":7,"column":31}},"loc":{"start":{"line":7,"column":52},"end":{"line":7,"column":56}}},"1":{"name":"(anonymous_3)","decl":{"start":{"line":9,"column":2},"end":{"line":9,"column":7}},"loc":{"start":{"line":13,"column":36},"end":{"line":23,"column":3}}},"2":{"name":"(anonymous_4)","decl":{"start":{"line":25,"column":2},"end":{"line":25,"column":7}},"loc":{"start":{"line":25,"column":43},"end":{"line":30,"column":3}}}},"branchMap":{},"s":{"0":7,"1":7,"2":7,"3":3,"4":0,"5":0,"6":7,"7":7},"f":{"0":3,"1":0,"2":0},"b":{}}
,"C:\\Users\\Bhush\\Desktop\\intervu-ai\\apps\\api\\src\\modules\\assembly\\repositories\\assembly-version.repository.ts": {"path":"C:\\Users\\Bhush\\Desktop\\intervu-ai\\apps\\api\\src\\modules\\assembly\\repositories\\assembly-version.repository.ts","statementMap":{"0":{"start":{"line":1,"column":0},"end":{"line":1,"column":44}},"1":{"start":{"line":2,"column":0},"end":{"line":2,"column":63}},"2":{"start":{"line":6,"column":7},"end":{"line":44,"column":null}},"3":{"start":{"line":7,"column":31},"end":{"line":7,"column":39}},"4":{"start":{"line":14,"column":4},"end":{"line":20,"column":7}},"5":{"start":{"line":24,"column":4},"end":{"line":27,"column":7}},"6":{"start":{"line":31,"column":4},"end":{"line":33,"column":7}},"7":{"start":{"line":37,"column":19},"end":{"line":41,"column":6}},"8":{"start":{"line":42,"column":4},"end":{"line":42,"column":32}},"9":{"start":{"line":6,"column":13},"end":{"line":6,"column":38}},"10":{"start":{"line":6,"column":13},"end":{"line":44,"column":null}}},"fnMap":{"0":{"name":"(anonymous_2)","decl":{"start":{"line":7,"column":2},"end":{"line":7,"column":31}},"loc":{"start":{"line":7,"column":52},"end":{"line":7,"column":56}}},"1":{"name":"(anonymous_3)","decl":{"start":{"line":9,"column":2},"end":{"line":9,"column":7}},"loc":{"start":{"line":12,"column":35},"end":{"line":21,"column":3}}},"2":{"name":"(anonymous_4)","decl":{"start":{"line":23,"column":2},"end":{"line":23,"column":7}},"loc":{"start":{"line":23,"column":43},"end":{"line":28,"column":3}}},"3":{"name":"(anonymous_5)","decl":{"start":{"line":30,"column":2},"end":{"line":30,"column":7}},"loc":{"start":{"line":30,"column":27},"end":{"line":34,"column":3}}},"4":{"name":"(anonymous_6)","decl":{"start":{"line":36,"column":2},"end":{"line":36,"column":7}},"loc":{"start":{"line":36,"column":49},"end":{"line":43,"column":3}}}},"branchMap":{"0":{"loc":{"start":{"line":42,"column":11},"end":{"line":42,"column":31}},"type":"binary-expr","locations":[{"start":{"line":42,"column":11},"end":{"line":42,"column":26}},{"start":{"line":42,"column":30},"end":{"line":42,"column":31}}]}},"s":{"0":5,"1":5,"2":5,"3":3,"4":0,"5":0,"6":0,"7":0,"8":0,"9":5,"10":5},"f":{"0":3,"1":0,"2":0,"3":0,"4":0},"b":{"0":[0,0]}}
,"C:\\Users\\Bhush\\Desktop\\intervu-ai\\apps\\api\\src\\modules\\assembly\\repositories\\assembly.repository.ts": {"path":"C:\\Users\\Bhush\\Desktop\\intervu-ai\\apps\\api\\src\\modules\\assembly\\repositories\\assembly.repository.ts","statementMap":{"0":{"start":{"line":1,"column":0},"end":{"line":1,"column":74}},"1":{"start":{"line":2,"column":0},"end":{"line":2,"column":63}},"2":{"start":{"line":3,"column":0},"end":{"line":3,"column":60}},"3":{"start":{"line":8,"column":7},"end":{"line":121,"column":null}},"4":{"start":{"line":9,"column":31},"end":{"line":9,"column":39}},"5":{"start":{"line":16,"column":4},"end":{"line":87,"column":5}},"6":{"start":{"line":17,"column":21},"end":{"line":78,"column":null}},"7":{"start":{"line":20,"column":34},"end":{"line":20,"column":46}},"8":{"start":{"line":21,"column":31},"end":{"line":23,"column":12}},"9":{"start":{"line":24,"column":10},"end":{"line":40,"column":11}},"10":{"start":{"line":25,"column":30},"end":{"line":25,"column":61}},"11":{"start":{"line":26,"column":12},"end":{"line":39,"column":13}},"12":{"start":{"line":27,"column":14},"end":{"line":27,"column":47}},"13":{"start":{"line":29,"column":32},"end":{"line":37,"column":16}},"14":{"start":{"line":38,"column":14},"end":{"line":38,"column":47}},"15":{"start":{"line":43,"column":31},"end":{"line":49,"column":12}},"16":{"start":{"line":52,"column":10},"end":{"line":75,"column":11}},"17":{"start":{"line":53,"column":32},"end":{"line":62,"column":14}},"18":{"start":{"line":64,"column":12},"end":{"line":74,"column":13}},"19":{"start":{"line":65,"column":14},"end":{"line":73,"column":17}},"20":{"start":{"line":66,"column":74},"end":{"line":72,"column":18}},"21":{"start":{"line":77,"column":10},"end":{"line":77,"column":33}},"22":{"start":{"line":81,"column":6},"end":{"line":81,"column":20}},"23":{"start":{"line":83,"column":6},"end":{"line":86,"column":8}},"24":{"start":{"line":91,"column":4},"end":{"line":107,"column":7}},"25":{"start":{"line":111,"column":4},"end":{"line":119,"column":7}},"26":{"start":{"line":8,"column":13},"end":{"line":8,"column":31}},"27":{"start":{"line":8,"column":13},"end":{"line":121,"column":null}}},"fnMap":{"0":{"name":"(anonymous_2)","decl":{"start":{"line":9,"column":2},"end":{"line":9,"column":31}},"loc":{"start":{"line":9,"column":52},"end":{"line":9,"column":56}}},"1":{"name":"(anonymous_3)","decl":{"start":{"line":11,"column":2},"end":{"line":11,"column":7}},"loc":{"start":{"line":14,"column":26},"end":{"line":88,"column":3}}},"2":{"name":"(anonymous_4)","decl":{"start":{"line":18,"column":8},"end":{"line":18,"column":13}},"loc":{"start":{"line":18,"column":47},"end":{"line":78,"column":9}}},"3":{"name":"(anonymous_5)","decl":{"start":{"line":66,"column":44},"end":{"line":66,"column":45}},"loc":{"start":{"line":66,"column":74},"end":{"line":72,"column":18}}},"4":{"name":"(anonymous_6)","decl":{"start":{"line":90,"column":2},"end":{"line":90,"column":7}},"loc":{"start":{"line":90,"column":27},"end":{"line":108,"column":3}}},"5":{"name":"(anonymous_7)","decl":{"start":{"line":110,"column":2},"end":{"line":110,"column":7}},"loc":{"start":{"line":110,"column":38},"end":{"line":120,"column":3}}}},"branchMap":{"0":{"loc":{"start":{"line":24,"column":10},"end":{"line":40,"column":11}},"type":"if","locations":[{"start":{"line":24,"column":10},"end":{"line":40,"column":11}}]},"1":{"loc":{"start":{"line":26,"column":12},"end":{"line":39,"column":13}},"type":"if","locations":[{"start":{"line":26,"column":12},"end":{"line":39,"column":13}},{"start":{"line":28,"column":19},"end":{"line":39,"column":13}}]},"2":{"loc":{"start":{"line":64,"column":12},"end":{"line":74,"column":13}},"type":"if","locations":[{"start":{"line":64,"column":12},"end":{"line":74,"column":13}}]}},"s":{"0":8,"1":8,"2":8,"3":8,"4":3,"5":0,"6":0,"7":0,"8":0,"9":0,"10":0,"11":0,"12":0,"13":0,"14":0,"15":0,"16":0,"17":0,"18":0,"19":0,"20":0,"21":0,"22":0,"23":0,"24":0,"25":0,"26":8,"27":8},"f":{"0":3,"1":0,"2":0,"3":0,"4":0,"5":0},"b":{"0":[0],"1":[0,0],"2":[0]}}
,"C:\\Users\\Bhush\\Desktop\\intervu-ai\\apps\\api\\src\\modules\\assembly\\repositories\\blueprint.repository.ts": {"path":"C:\\Users\\Bhush\\Desktop\\intervu-ai\\apps\\api\\src\\modules\\assembly\\repositories\\blueprint.repository.ts","statementMap":{"0":{"start":{"line":1,"column":0},"end":{"line":1,"column":63}},"1":{"start":{"line":2,"column":0},"end":{"line":2,"column":63}},"2":{"start":{"line":5,"column":7},"end":{"line":34,"column":null}},"3":{"start":{"line":6,"column":31},"end":{"line":6,"column":39}},"4":{"start":{"line":9,"column":19},"end":{"line":26,"column":6}},"5":{"start":{"line":28,"column":4},"end":{"line":30,"column":5}},"6":{"start":{"line":29,"column":6},"end":{"line":29,"column":71}},"7":{"start":{"line":32,"column":4},"end":{"line":32,"column":18}},"8":{"start":{"line":5,"column":13},"end":{"line":5,"column":32}},"9":{"start":{"line":5,"column":13},"end":{"line":34,"column":null}}},"fnMap":{"0":{"name":"(anonymous_2)","decl":{"start":{"line":6,"column":2},"end":{"line":6,"column":31}},"loc":{"start":{"line":6,"column":52},"end":{"line":6,"column":56}}},"1":{"name":"(anonymous_3)","decl":{"start":{"line":8,"column":2},"end":{"line":8,"column":7}},"loc":{"start":{"line":8,"column":50},"end":{"line":33,"column":3}}}},"branchMap":{"0":{"loc":{"start":{"line":28,"column":4},"end":{"line":30,"column":5}},"type":"if","locations":[{"start":{"line":28,"column":4},"end":{"line":30,"column":5}}]}},"s":{"0":6,"1":6,"2":6,"3":3,"4":0,"5":0,"6":0,"7":0,"8":6,"9":6},"f":{"0":3,"1":0},"b":{"0":[0]}}
,"C:\\Users\\Bhush\\Desktop\\intervu-ai\\apps\\api\\src\\modules\\assembly\\repositories\\question-pool.repository.ts": {"path":"C:\\Users\\Bhush\\Desktop\\intervu-ai\\apps\\api\\src\\modules\\assembly\\repositories\\question-pool.repository.ts","statementMap":{"0":{"start":{"line":1,"column":0},"end":{"line":1,"column":44}},"1":{"start":{"line":2,"column":0},"end":{"line":2,"column":63}},"2":{"start":{"line":8,"column":7},"end":{"line":91,"column":null}},"3":{"start":{"line":9,"column":31},"end":{"line":9,"column":39}},"4":{"start":{"line":12,"column":4},"end":{"line":17,"column":6}},"5":{"start":{"line":26,"column":22},"end":{"line":37,"column":6}},"6":{"start":{"line":40,"column":4},"end":{"line":57,"column":5}},"7":{"start":{"line":41,"column":21},"end":{"line":41,"column":45}},"8":{"start":{"line":42,"column":6},"end":{"line":56,"column":7}},"9":{"start":{"line":42,"column":19},"end":{"line":42,"column":20}},"10":{"start":{"line":43,"column":8},"end":{"line":55,"column":43}},"11":{"start":{"line":59,"column":4},"end":{"line":59,"column":21}},"12":{"start":{"line":64,"column":26},"end":{"line":71,"column":6}},"13":{"start":{"line":73,"column":22},"end":{"line":73,"column":39}},"14":{"start":{"line":74,"column":4},"end":{"line":78,"column":5}},"15":{"start":{"line":75,"column":6},"end":{"line":77,"column":7}},"16":{"start":{"line":76,"column":8},"end":{"line":76,"column":36}},"17":{"start":{"line":80,"column":4},"end":{"line":80,"column":33}},"18":{"start":{"line":84,"column":4},"end":{"line":84,"column":36}},"19":{"start":{"line":84,"column":26},"end":{"line":84,"column":36}},"20":{"start":{"line":85,"column":4},"end":{"line":89,"column":7}},"21":{"start":{"line":8,"column":13},"end":{"line":8,"column":35}},"22":{"start":{"line":8,"column":13},"end":{"line":91,"column":null}}},"fnMap":{"0":{"name":"(anonymous_2)","decl":{"start":{"line":9,"column":2},"end":{"line":9,"column":31}},"loc":{"start":{"line":9,"column":52},"end":{"line":9,"column":56}}},"1":{"name":"(anonymous_3)","decl":{"start":{"line":11,"column":2},"end":{"line":11,"column":7}},"loc":{"start":{"line":11,"column":47},"end":{"line":18,"column":3}}},"2":{"name":"(anonymous_4)","decl":{"start":{"line":20,"column":2},"end":{"line":20,"column":7}},"loc":{"start":{"line":24,"column":29},"end":{"line":60,"column":3}}},"3":{"name":"(anonymous_5)","decl":{"start":{"line":62,"column":2},"end":{"line":62,"column":7}},"loc":{"start":{"line":62,"column":46},"end":{"line":81,"column":3}}},"4":{"name":"(anonymous_6)","decl":{"start":{"line":83,"column":2},"end":{"line":83,"column":7}},"loc":{"start":{"line":83,"column":39},"end":{"line":90,"column":3}}}},"branchMap":{"0":{"loc":{"start":{"line":13,"column":6},"end":{"line":13,"column":30}},"type":"binary-expr","locations":[{"start":{"line":13,"column":6},"end":{"line":13,"column":24}},{"start":{"line":13,"column":28},"end":{"line":13,"column":30}}]},"1":{"loc":{"start":{"line":14,"column":6},"end":{"line":14,"column":60}},"type":"binary-expr","locations":[{"start":{"line":14,"column":6},"end":{"line":14,"column":48}},{"start":{"line":14,"column":52},"end":{"line":14,"column":60}}]},"2":{"loc":{"start":{"line":15,"column":6},"end":{"line":15,"column":25}},"type":"binary-expr","locations":[{"start":{"line":15,"column":6},"end":{"line":15,"column":19}},{"start":{"line":15,"column":23},"end":{"line":15,"column":25}}]},"3":{"loc":{"start":{"line":16,"column":6},"end":{"line":16,"column":30}},"type":"binary-expr","locations":[{"start":{"line":16,"column":6},"end":{"line":16,"column":24}},{"start":{"line":16,"column":28},"end":{"line":16,"column":30}}]},"4":{"loc":{"start":{"line":24,"column":4},"end":{"line":24,"column":29}},"type":"default-arg","locations":[{"start":{"line":24,"column":27},"end":{"line":24,"column":29}}]},"5":{"loc":{"start":{"line":40,"column":4},"end":{"line":57,"column":5}},"type":"if","locations":[{"start":{"line":40,"column":4},"end":{"line":57,"column":5}}]},"6":{"loc":{"start":{"line":84,"column":4},"end":{"line":84,"column":36}},"type":"if","locations":[{"start":{"line":84,"column":4},"end":{"line":84,"column":36}}]}},"s":{"0":6,"1":6,"2":6,"3":3,"4":0,"5":0,"6":0,"7":0,"8":0,"9":0,"10":0,"11":0,"12":0,"13":0,"14":0,"15":0,"16":0,"17":0,"18":0,"19":0,"20":0,"21":6,"22":6},"f":{"0":3,"1":0,"2":0,"3":0,"4":0},"b":{"0":[0,0],"1":[0,0],"2":[0,0],"3":[0,0],"4":[0],"5":[0],"6":[0]}}
,"C:\\Users\\Bhush\\Desktop\\intervu-ai\\apps\\api\\src\\modules\\assembly\\services\\anti-repetition.service.ts": {"path":"C:\\Users\\Bhush\\Desktop\\intervu-ai\\apps\\api\\src\\modules\\assembly\\services\\anti-repetition.service.ts","statementMap":{"0":{"start":{"line":1,"column":0},"end":{"line":1,"column":52}},"1":{"start":{"line":3,"column":0},"end":{"line":3,"column":54}},"2":{"start":{"line":4,"column":0},"end":{"line":4,"column":null}},"3":{"start":{"line":8,"column":0},"end":{"line":8,"column":82}},"4":{"start":{"line":22,"column":7},"end":{"line":119,"column":null}},"5":{"start":{"line":27,"column":21},"end":{"line":27,"column":65}},"6":{"start":{"line":28,"column":21},"end":{"line":28,"column":37}},"7":{"start":{"line":23,"column":19},"end":{"line":23,"column":77}},"8":{"start":{"line":36,"column":32},"end":{"line":36,"column":52}},"9":{"start":{"line":38,"column":4},"end":{"line":47,"column":5}},"10":{"start":{"line":38,"column":37},"end":{"line":38,"column":65}},"11":{"start":{"line":39,"column":6},"end":{"line":41,"column":8}},"12":{"start":{"line":42,"column":6},"end":{"line":46,"column":8}},"13":{"start":{"line":50,"column":4},"end":{"line":59,"column":5}},"14":{"start":{"line":50,"column":36},"end":{"line":50,"column":64}},"15":{"start":{"line":51,"column":6},"end":{"line":53,"column":8}},"16":{"start":{"line":54,"column":6},"end":{"line":58,"column":8}},"17":{"start":{"line":62,"column":29},"end":{"line":66,"column":8}},"18":{"start":{"line":63,"column":6},"end":{"line":66,"column":8}},"19":{"start":{"line":67,"column":26},"end":{"line":67,"column":44}},"20":{"start":{"line":69,"column":4},"end":{"line":89,"column":5}},"21":{"start":{"line":70,"column":6},"end":{"line":88,"column":7}},"22":{"start":{"line":71,"column":23},"end":{"line":71,"column":69}},"23":{"start":{"line":72,"column":8},"end":{"line":72,"column":30}},"24":{"start":{"line":72,"column":21},"end":{"line":72,"column":30}},"25":{"start":{"line":74,"column":27},"end":{"line":76,"column":null}},"26":{"start":{"line":78,"column":8},"end":{"line":87,"column":9}},"27":{"start":{"line":79,"column":10},"end":{"line":81,"column":12}},"28":{"start":{"line":82,"column":10},"end":{"line":86,"column":12}},"29":{"start":{"line":91,"column":4},"end":{"line":93,"column":6}},"30":{"start":{"line":102,"column":6},"end":{"line":102,"column":61}},"31":{"start":{"line":104,"column":6},"end":{"line":104,"column":60}},"32":{"start":{"line":106,"column":32},"end":{"line":106,"column":34}},"33":{"start":{"line":107,"column":4},"end":{"line":116,"column":5}},"34":{"start":{"line":108,"column":20},"end":{"line":111,"column":null}},"35":{"start":{"line":113,"column":6},"end":{"line":115,"column":7}},"36":{"start":{"line":114,"column":8},"end":{"line":114,"column":31}},"37":{"start":{"line":117,"column":4},"end":{"line":117,"column":26}},"38":{"start":{"line":22,"column":13},"end":{"line":22,"column":34}},"39":{"start":{"line":22,"column":13},"end":{"line":119,"column":null}}},"fnMap":{"0":{"name":"(anonymous_4)","decl":{"start":{"line":25,"column":2},"end":{"line":25,"column":null}},"loc":{"start":{"line":28,"column":59},"end":{"line":29,"column":6}}},"1":{"name":"(anonymous_5)","decl":{"start":{"line":31,"column":2},"end":{"line":31,"column":7}},"loc":{"start":{"line":34,"column":35},"end":{"line":94,"column":3}}},"2":{"name":"(anonymous_6)","decl":{"start":{"line":38,"column":30},"end":{"line":38,"column":31}},"loc":{"start":{"line":38,"column":37},"end":{"line":38,"column":65}}},"3":{"name":"(anonymous_7)","decl":{"start":{"line":50,"column":29},"end":{"line":50,"column":30}},"loc":{"start":{"line":50,"column":36},"end":{"line":50,"column":64}}},"4":{"name":"(anonymous_8)","decl":{"start":{"line":62,"column":29},"end":{"line":62,"column":32}},"loc":{"start":{"line":63,"column":6},"end":{"line":66,"column":8}}},"5":{"name":"(anonymous_9)","decl":{"start":{"line":96,"column":2},"end":{"line":96,"column":7}},"loc":{"start":{"line":99,"column":23},"end":{"line":118,"column":3}}}},"branchMap":{"0":{"loc":{"start":{"line":38,"column":4},"end":{"line":47,"column":5}},"type":"if","locations":[{"start":{"line":38,"column":4},"end":{"line":47,"column":5}}]},"1":{"loc":{"start":{"line":50,"column":4},"end":{"line":59,"column":5}},"type":"if","locations":[{"start":{"line":50,"column":4},"end":{"line":59,"column":5}}]},"2":{"loc":{"start":{"line":63,"column":6},"end":{"line":66,"column":8}},"type":"binary-expr","locations":[{"start":{"line":63,"column":6},"end":{"line":63,"column":28}},{"start":{"line":64,"column":6},"end":{"line":64,"column":36}},{"start":{"line":65,"column":6},"end":{"line":65,"column":31}},{"start":{"line":66,"column":6},"end":{"line":66,"column":8}}]},"3":{"loc":{"start":{"line":69,"column":4},"end":{"line":89,"column":5}},"type":"if","locations":[{"start":{"line":69,"column":4},"end":{"line":89,"column":5}}]},"4":{"loc":{"start":{"line":71,"column":23},"end":{"line":71,"column":69}},"type":"binary-expr","locations":[{"start":{"line":71,"column":23},"end":{"line":71,"column":30}},{"start":{"line":71,"column":34},"end":{"line":71,"column":49}},{"start":{"line":71,"column":53},"end":{"line":71,"column":63}},{"start":{"line":71,"column":67},"end":{"line":71,"column":69}}]},"5":{"loc":{"start":{"line":72,"column":8},"end":{"line":72,"column":30}},"type":"if","locations":[{"start":{"line":72,"column":8},"end":{"line":72,"column":30}}]},"6":{"loc":{"start":{"line":78,"column":8},"end":{"line":87,"column":9}},"type":"if","locations":[{"start":{"line":78,"column":8},"end":{"line":87,"column":9}}]},"7":{"loc":{"start":{"line":113,"column":6},"end":{"line":115,"column":7}},"type":"if","locations":[{"start":{"line":113,"column":6},"end":{"line":115,"column":7}}]}},"s":{"0":6,"1":6,"2":6,"3":6,"4":6,"5":5,"6":5,"7":5,"8":4,"9":4,"10":4,"11":1,"12":1,"13":3,"14":3,"15":0,"16":0,"17":3,"18":3,"19":3,"20":3,"21":3,"22":5,"23":5,"24":0,"25":5,"26":5,"27":1,"28":1,"29":2,"30":2,"31":2,"32":2,"33":2,"34":4,"35":4,"36":2,"37":2,"38":6,"39":6},"f":{"0":5,"1":4,"2":4,"3":3,"4":3,"5":2},"b":{"0":[1],"1":[0],"2":[3,0,0,0],"3":[3],"4":[5,0,0,0],"5":[0],"6":[1],"7":[2]}}
,"C:\\Users\\Bhush\\Desktop\\intervu-ai\\apps\\api\\src\\modules\\assembly\\services\\assembly-audit.service.ts": {"path":"C:\\Users\\Bhush\\Desktop\\intervu-ai\\apps\\api\\src\\modules\\assembly\\services\\assembly-audit.service.ts","statementMap":{"0":{"start":{"line":1,"column":0},"end":{"line":1,"column":44}},"1":{"start":{"line":2,"column":0},"end":{"line":2,"column":84}},"2":{"start":{"line":6,"column":7},"end":{"line":21,"column":null}},"3":{"start":{"line":7,"column":31},"end":{"line":7,"column":43}},"4":{"start":{"line":15,"column":4},"end":{"line":15,"column":112}},"5":{"start":{"line":19,"column":4},"end":{"line":19,"column":56}},"6":{"start":{"line":6,"column":13},"end":{"line":6,"column":33}},"7":{"start":{"line":6,"column":13},"end":{"line":21,"column":null}}},"fnMap":{"0":{"name":"(anonymous_2)","decl":{"start":{"line":7,"column":2},"end":{"line":7,"column":31}},"loc":{"start":{"line":7,"column":66},"end":{"line":7,"column":70}}},"1":{"name":"(anonymous_3)","decl":{"start":{"line":9,"column":2},"end":{"line":9,"column":7}},"loc":{"start":{"line":13,"column":38},"end":{"line":16,"column":3}}},"2":{"name":"(anonymous_4)","decl":{"start":{"line":18,"column":2},"end":{"line":18,"column":7}},"loc":{"start":{"line":18,"column":45},"end":{"line":20,"column":3}}}},"branchMap":{"0":{"loc":{"start":{"line":12,"column":4},"end":{"line":12,"column":34}},"type":"default-arg","locations":[{"start":{"line":12,"column":21},"end":{"line":12,"column":34}}]}},"s":{"0":7,"1":7,"2":7,"3":3,"4":0,"5":0,"6":7,"7":7},"f":{"0":3,"1":0,"2":0},"b":{"0":[0]}}
,"C:\\Users\\Bhush\\Desktop\\intervu-ai\\apps\\api\\src\\modules\\assembly\\services\\assembly-persistence.service.ts": {"path":"C:\\Users\\Bhush\\Desktop\\intervu-ai\\apps\\api\\src\\modules\\assembly\\services\\assembly-persistence.service.ts","statementMap":{"0":{"start":{"line":1,"column":0},"end":{"line":1,"column":63}},"1":{"start":{"line":2,"column":0},"end":{"line":2,"column":84}},"2":{"start":{"line":3,"column":0},"end":{"line":3,"column":73}},"3":{"start":{"line":5,"column":0},"end":{"line":5,"column":64}},"4":{"start":{"line":8,"column":7},"end":{"line":96,"column":null}},"5":{"start":{"line":10,"column":21},"end":{"line":10,"column":33}},"6":{"start":{"line":11,"column":21},"end":{"line":11,"column":45}},"7":{"start":{"line":12,"column":21},"end":{"line":12,"column":35}},"8":{"start":{"line":20,"column":27},"end":{"line":20,"column":80}},"9":{"start":{"line":20,"column":55},"end":{"line":20,"column":76}},"10":{"start":{"line":21,"column":26},"end":{"line":21,"column":81}},"11":{"start":{"line":21,"column":54},"end":{"line":21,"column":77}},"12":{"start":{"line":23,"column":23},"end":{"line":27,"column":null}},"13":{"start":{"line":30,"column":4},"end":{"line":34,"column":7}},"14":{"start":{"line":36,"column":4},"end":{"line":36,"column":22}},"15":{"start":{"line":40,"column":24},"end":{"line":40,"column":28}},"16":{"start":{"line":41,"column":4},"end":{"line":45,"column":5}},"17":{"start":{"line":42,"column":6},"end":{"line":42,"column":52}},"18":{"start":{"line":44,"column":6},"end":{"line":44,"column":72}},"19":{"start":{"line":47,"column":4},"end":{"line":49,"column":5}},"20":{"start":{"line":48,"column":6},"end":{"line":48,"column":64}},"21":{"start":{"line":51,"column":4},"end":{"line":53,"column":5}},"22":{"start":{"line":52,"column":6},"end":{"line":52,"column":70}},"23":{"start":{"line":54,"column":4},"end":{"line":54,"column":20}},"24":{"start":{"line":62,"column":21},"end":{"line":62,"column":47}},"25":{"start":{"line":64,"column":27},"end":{"line":64,"column":80}},"26":{"start":{"line":64,"column":55},"end":{"line":64,"column":76}},"27":{"start":{"line":65,"column":26},"end":{"line":65,"column":81}},"28":{"start":{"line":65,"column":54},"end":{"line":65,"column":77}},"29":{"start":{"line":67,"column":4},"end":{"line":72,"column":6}},"30":{"start":{"line":74,"column":4},"end":{"line":79,"column":7}},"31":{"start":{"line":83,"column":21},"end":{"line":83,"column":47}},"32":{"start":{"line":85,"column":4},"end":{"line":85,"column":37}},"33":{"start":{"line":90,"column":4},"end":{"line":92,"column":7}},"34":{"start":{"line":94,"column":4},"end":{"line":94,"column":29}},"35":{"start":{"line":8,"column":13},"end":{"line":8,"column":39}},"36":{"start":{"line":8,"column":13},"end":{"line":96,"column":null}}},"fnMap":{"0":{"name":"(anonymous_2)","decl":{"start":{"line":9,"column":2},"end":{"line":9,"column":null}},"loc":{"start":{"line":12,"column":55},"end":{"line":13,"column":6}}},"1":{"name":"(anonymous_3)","decl":{"start":{"line":15,"column":2},"end":{"line":15,"column":7}},"loc":{"start":{"line":18,"column":34},"end":{"line":37,"column":3}}},"2":{"name":"(anonymous_4)","decl":{"start":{"line":20,"column":43},"end":{"line":20,"column":44}},"loc":{"start":{"line":20,"column":55},"end":{"line":20,"column":76}}},"3":{"name":"(anonymous_5)","decl":{"start":{"line":21,"column":42},"end":{"line":21,"column":43}},"loc":{"start":{"line":21,"column":54},"end":{"line":21,"column":77}}},"4":{"name":"(anonymous_6)","decl":{"start":{"line":39,"column":2},"end":{"line":39,"column":7}},"loc":{"start":{"line":39,"column":30},"end":{"line":55,"column":3}}},"5":{"name":"(anonymous_7)","decl":{"start":{"line":57,"column":2},"end":{"line":57,"column":7}},"loc":{"start":{"line":60,"column":34},"end":{"line":80,"column":3}}},"6":{"name":"(anonymous_8)","decl":{"start":{"line":64,"column":43},"end":{"line":64,"column":44}},"loc":{"start":{"line":64,"column":55},"end":{"line":64,"column":76}}},"7":{"name":"(anonymous_9)","decl":{"start":{"line":65,"column":42},"end":{"line":65,"column":43}},"loc":{"start":{"line":65,"column":54},"end":{"line":65,"column":77}}},"8":{"name":"(anonymous_10)","decl":{"start":{"line":82,"column":2},"end":{"line":82,"column":7}},"loc":{"start":{"line":82,"column":65},"end":{"line":95,"column":3}}}},"branchMap":{"0":{"loc":{"start":{"line":18,"column":4},"end":{"line":18,"column":34}},"type":"default-arg","locations":[{"start":{"line":18,"column":21},"end":{"line":18,"column":34}}]},"1":{"loc":{"start":{"line":47,"column":4},"end":{"line":49,"column":5}},"type":"if","locations":[{"start":{"line":47,"column":4},"end":{"line":49,"column":5}}]},"2":{"loc":{"start":{"line":51,"column":4},"end":{"line":53,"column":5}},"type":"if","locations":[{"start":{"line":51,"column":4},"end":{"line":53,"column":5}}]},"3":{"loc":{"start":{"line":60,"column":4},"end":{"line":60,"column":34}},"type":"default-arg","locations":[{"start":{"line":60,"column":21},"end":{"line":60,"column":34}}]},"4":{"loc":{"start":{"line":82,"column":35},"end":{"line":82,"column":65}},"type":"default-arg","locations":[{"start":{"line":82,"column":52},"end":{"line":82,"column":65}}]}},"s":{"0":7,"1":7,"2":7,"3":7,"4":7,"5":3,"6":3,"7":3,"8":1,"9":1,"10":1,"11":1,"12":1,"13":0,"14":0,"15":0,"16":0,"17":0,"18":0,"19":0,"20":0,"21":0,"22":0,"23":0,"24":0,"25":0,"26":0,"27":0,"28":0,"29":0,"30":0,"31":0,"32":0,"33":0,"34":0,"35":7,"36":7},"f":{"0":3,"1":1,"2":1,"3":1,"4":0,"5":0,"6":0,"7":0,"8":0},"b":{"0":[0],"1":[0],"2":[0],"3":[0],"4":[0]}}
,"C:\\Users\\Bhush\\Desktop\\intervu-ai\\apps\\api\\src\\modules\\assembly\\services\\assembly-publisher.service.ts": {"path":"C:\\Users\\Bhush\\Desktop\\intervu-ai\\apps\\api\\src\\modules\\assembly\\services\\assembly-publisher.service.ts","statementMap":{"0":{"start":{"line":1,"column":0},"end":{"line":1,"column":65}},"1":{"start":{"line":2,"column":0},"end":{"line":2,"column":84}},"2":{"start":{"line":3,"column":0},"end":{"line":3,"column":73}},"3":{"start":{"line":4,"column":0},"end":{"line":4,"column":68}},"4":{"start":{"line":5,"column":0},"end":{"line":5,"column":64}},"5":{"start":{"line":6,"column":0},"end":{"line":6,"column":48}},"6":{"start":{"line":7,"column":0},"end":{"line":7,"column":70}},"7":{"start":{"line":10,"column":7},"end":{"line":96,"column":null}},"8":{"start":{"line":12,"column":21},"end":{"line":12,"column":33}},"9":{"start":{"line":13,"column":21},"end":{"line":13,"column":45}},"10":{"start":{"line":14,"column":21},"end":{"line":14,"column":37}},"11":{"start":{"line":15,"column":21},"end":{"line":15,"column":35}},"12":{"start":{"line":16,"column":21},"end":{"line":16,"column":39}},"13":{"start":{"line":20,"column":24},"end":{"line":20,"column":28}},"14":{"start":{"line":21,"column":4},"end":{"line":25,"column":5}},"15":{"start":{"line":22,"column":6},"end":{"line":22,"column":60}},"16":{"start":{"line":24,"column":6},"end":{"line":24,"column":98}},"17":{"start":{"line":27,"column":4},"end":{"line":29,"column":5}},"18":{"start":{"line":28,"column":6},"end":{"line":28,"column":72}},"19":{"start":{"line":31,"column":4},"end":{"line":33,"column":5}},"20":{"start":{"line":32,"column":6},"end":{"line":32,"column":63}},"21":{"start":{"line":35,"column":4},"end":{"line":37,"column":5}},"22":{"start":{"line":36,"column":6},"end":{"line":36,"column":69}},"23":{"start":{"line":40,"column":25},"end":{"line":40,"column":29}},"24":{"start":{"line":41,"column":39},"end":{"line":41,"column":41}},"25":{"start":{"line":43,"column":4},"end":{"line":48,"column":5}},"26":{"start":{"line":44,"column":6},"end":{"line":44,"column":108}},"27":{"start":{"line":46,"column":27},"end":{"line":46,"column":69}},"28":{"start":{"line":47,"column":6},"end":{"line":47,"column":110}},"29":{"start":{"line":50,"column":4},"end":{"line":61,"column":5}},"30":{"start":{"line":52,"column":38},"end":{"line":52,"column":118}},"31":{"start":{"line":52,"column":86},"end":{"line":52,"column":114}},"32":{"start":{"line":53,"column":6},"end":{"line":55,"column":7}},"33":{"start":{"line":54,"column":8},"end":{"line":54,"column":126}},"34":{"start":{"line":58,"column":6},"end":{"line":60,"column":7}},"35":{"start":{"line":59,"column":8},"end":{"line":59,"column":128}},"36":{"start":{"line":63,"column":4},"end":{"line":65,"column":5}},"37":{"start":{"line":64,"column":6},"end":{"line":64,"column":89}},"38":{"start":{"line":68,"column":20},"end":{"line":68,"column":79}},"39":{"start":{"line":71,"column":4},"end":{"line":78,"column":5}},"40":{"start":{"line":72,"column":6},"end":{"line":75,"column":9}},"41":{"start":{"line":77,"column":6},"end":{"line":77,"column":51}},"42":{"start":{"line":81,"column":28},"end":{"line":81,"column":36}},"43":{"start":{"line":82,"column":4},"end":{"line":88,"column":5}},"44":{"start":{"line":83,"column":6},"end":{"line":83,"column":99}},"45":{"start":{"line":85,"column":6},"end":{"line":85,"column":70}},"46":{"start":{"line":86,"column":6},"end":{"line":86,"column":109}},"47":{"start":{"line":87,"column":6},"end":{"line":87,"column":63}},"48":{"start":{"line":90,"column":4},"end":{"line":94,"column":6}},"49":{"start":{"line":10,"column":13},"end":{"line":10,"column":37}},"50":{"start":{"line":10,"column":13},"end":{"line":96,"column":null}}},"fnMap":{"0":{"name":"(anonymous_2)","decl":{"start":{"line":11,"column":2},"end":{"line":11,"column":null}},"loc":{"start":{"line":16,"column":62},"end":{"line":17,"column":6}}},"1":{"name":"(anonymous_3)","decl":{"start":{"line":19,"column":2},"end":{"line":19,"column":7}},"loc":{"start":{"line":19,"column":74},"end":{"line":95,"column":3}}},"2":{"name":"(anonymous_4)","decl":{"start":{"line":52,"column":64},"end":{"line":52,"column":65}},"loc":{"start":{"line":52,"column":86},"end":{"line":52,"column":114}}}},"branchMap":{"0":{"loc":{"start":{"line":19,"column":44},"end":{"line":19,"column":74}},"type":"default-arg","locations":[{"start":{"line":19,"column":61},"end":{"line":19,"column":74}}]},"1":{"loc":{"start":{"line":27,"column":4},"end":{"line":29,"column":5}},"type":"if","locations":[{"start":{"line":27,"column":4},"end":{"line":29,"column":5}}]},"2":{"loc":{"start":{"line":31,"column":4},"end":{"line":33,"column":5}},"type":"if","locations":[{"start":{"line":31,"column":4},"end":{"line":33,"column":5}}]},"3":{"loc":{"start":{"line":35,"column":4},"end":{"line":37,"column":5}},"type":"if","locations":[{"start":{"line":35,"column":4},"end":{"line":37,"column":5}}]},"4":{"loc":{"start":{"line":44,"column":64},"end":{"line":44,"column":106}},"type":"binary-expr","locations":[{"start":{"line":44,"column":64},"end":{"line":44,"column":81}},{"start":{"line":44,"column":85},"end":{"line":44,"column":106}}]},"5":{"loc":{"start":{"line":46,"column":27},"end":{"line":46,"column":69}},"type":"cond-expr","locations":[{"start":{"line":46,"column":48},"end":{"line":46,"column":57}},{"start":{"line":46,"column":60},"end":{"line":46,"column":69}}]},"6":{"loc":{"start":{"line":50,"column":4},"end":{"line":61,"column":5}},"type":"if","locations":[{"start":{"line":50,"column":4},"end":{"line":61,"column":5}}]},"7":{"loc":{"start":{"line":52,"column":93},"end":{"line":52,"column":113}},"type":"binary-expr","locations":[{"start":{"line":52,"column":93},"end":{"line":52,"column":108}},{"start":{"line":52,"column":112},"end":{"line":52,"column":113}}]},"8":{"loc":{"start":{"line":53,"column":6},"end":{"line":55,"column":7}},"type":"if","locations":[{"start":{"line":53,"column":6},"end":{"line":55,"column":7}}]},"9":{"loc":{"start":{"line":58,"column":6},"end":{"line":60,"column":7}},"type":"if","locations":[{"start":{"line":58,"column":6},"end":{"line":60,"column":7}}]},"10":{"loc":{"start":{"line":63,"column":4},"end":{"line":65,"column":5}},"type":"if","locations":[{"start":{"line":63,"column":4},"end":{"line":65,"column":5}}]}},"s":{"0":4,"1":4,"2":4,"3":4,"4":4,"5":4,"6":4,"7":4,"8":3,"9":3,"10":3,"11":3,"12":3,"13":0,"14":0,"15":0,"16":0,"17":0,"18":0,"19":0,"20":0,"21":0,"22":0,"23":0,"24":0,"25":0,"26":0,"27":0,"28":0,"29":0,"30":0,"31":0,"32":0,"33":0,"34":0,"35":0,"36":0,"37":0,"38":0,"39":0,"40":0,"41":0,"42":0,"43":0,"44":0,"45":0,"46":0,"47":0,"48":0,"49":4,"50":4},"f":{"0":3,"1":0,"2":0},"b":{"0":[0],"1":[0],"2":[0],"3":[0],"4":[0,0],"5":[0,0],"6":[0],"7":[0,0],"8":[0],"9":[0],"10":[0]}}
,"C:\\Users\\Bhush\\Desktop\\intervu-ai\\apps\\api\\src\\modules\\assembly\\services\\assembly-version.service.ts": {"path":"C:\\Users\\Bhush\\Desktop\\intervu-ai\\apps\\api\\src\\modules\\assembly\\services\\assembly-version.service.ts","statementMap":{"0":{"start":{"line":1,"column":0},"end":{"line":1,"column":84}},"1":{"start":{"line":2,"column":0},"end":{"line":2,"column":88}},"2":{"start":{"line":3,"column":0},"end":{"line":3,"column":76}},"3":{"start":{"line":4,"column":0},"end":{"line":4,"column":64}},"4":{"start":{"line":5,"column":0},"end":{"line":5,"column":84}},"5":{"start":{"line":10,"column":7},"end":{"line":115,"column":null}},"6":{"start":{"line":12,"column":21},"end":{"line":12,"column":34}},"7":{"start":{"line":13,"column":21},"end":{"line":13,"column":35}},"8":{"start":{"line":14,"column":21},"end":{"line":14,"column":41}},"9":{"start":{"line":15,"column":21},"end":{"line":15,"column":40}},"10":{"start":{"line":20,"column":21},"end":{"line":20,"column":74}},"11":{"start":{"line":22,"column":22},"end":{"line":22,"column":23}},"12":{"start":{"line":23,"column":4},"end":{"line":27,"column":5}},"13":{"start":{"line":24,"column":6},"end":{"line":24,"column":84}},"14":{"start":{"line":26,"column":6},"end":{"line":26,"column":76}},"15":{"start":{"line":30,"column":25},"end":{"line":48,"column":6}},"16":{"start":{"line":36,"column":52},"end":{"line":47,"column":8}},"17":{"start":{"line":42,"column":49},"end":{"line":46,"column":10}},"18":{"start":{"line":51,"column":4},"end":{"line":67,"column":5}},"19":{"start":{"line":52,"column":6},"end":{"line":56,"column":8}},"20":{"start":{"line":59,"column":6},"end":{"line":62,"column":9}},"21":{"start":{"line":64,"column":6},"end":{"line":64,"column":73}},"22":{"start":{"line":65,"column":6},"end":{"line":65,"column":112}},"23":{"start":{"line":66,"column":6},"end":{"line":66,"column":116}},"24":{"start":{"line":69,"column":4},"end":{"line":69,"column":25}},"25":{"start":{"line":73,"column":4},"end":{"line":78,"column":5}},"26":{"start":{"line":74,"column":6},"end":{"line":74,"column":65}},"27":{"start":{"line":76,"column":6},"end":{"line":76,"column":80}},"28":{"start":{"line":77,"column":6},"end":{"line":77,"column":16}},"29":{"start":{"line":86,"column":26},"end":{"line":86,"column":68}},"30":{"start":{"line":87,"column":4},"end":{"line":89,"column":5}},"31":{"start":{"line":88,"column":6},"end":{"line":88,"column":68}},"32":{"start":{"line":90,"column":4},"end":{"line":92,"column":5}},"33":{"start":{"line":91,"column":6},"end":{"line":91,"column":80}},"34":{"start":{"line":94,"column":21},"end":{"line":94,"column":147}},"35":{"start":{"line":95,"column":4},"end":{"line":97,"column":5}},"36":{"start":{"line":96,"column":6},"end":{"line":96,"column":63}},"37":{"start":{"line":100,"column":4},"end":{"line":105,"column":6}},"38":{"start":{"line":108,"column":4},"end":{"line":111,"column":7}},"39":{"start":{"line":113,"column":4},"end":{"line":113,"column":59}},"40":{"start":{"line":10,"column":13},"end":{"line":10,"column":35}},"41":{"start":{"line":10,"column":13},"end":{"line":115,"column":null}}},"fnMap":{"0":{"name":"(anonymous_2)","decl":{"start":{"line":11,"column":2},"end":{"line":11,"column":null}},"loc":{"start":{"line":15,"column":63},"end":{"line":16,"column":6}}},"1":{"name":"(anonymous_3)","decl":{"start":{"line":18,"column":2},"end":{"line":18,"column":7}},"loc":{"start":{"line":18,"column":72},"end":{"line":70,"column":3}}},"2":{"name":"(anonymous_4)","decl":{"start":{"line":36,"column":39},"end":{"line":36,"column":40}},"loc":{"start":{"line":36,"column":52},"end":{"line":47,"column":8}}},"3":{"name":"(anonymous_5)","decl":{"start":{"line":42,"column":36},"end":{"line":42,"column":37}},"loc":{"start":{"line":42,"column":49},"end":{"line":46,"column":10}}},"4":{"name":"(anonymous_6)","decl":{"start":{"line":72,"column":2},"end":{"line":72,"column":7}},"loc":{"start":{"line":72,"column":39},"end":{"line":79,"column":3}}},"5":{"name":"(anonymous_7)","decl":{"start":{"line":81,"column":2},"end":{"line":81,"column":7}},"loc":{"start":{"line":84,"column":34},"end":{"line":114,"column":3}}}},"branchMap":{"0":{"loc":{"start":{"line":18,"column":42},"end":{"line":18,"column":72}},"type":"default-arg","locations":[{"start":{"line":18,"column":59},"end":{"line":18,"column":72}}]},"1":{"loc":{"start":{"line":32,"column":16},"end":{"line":32,"column":58}},"type":"binary-expr","locations":[{"start":{"line":32,"column":16},"end":{"line":32,"column":33}},{"start":{"line":32,"column":37},"end":{"line":32,"column":58}}]},"2":{"loc":{"start":{"line":36,"column":16},"end":{"line":47,"column":15}},"type":"binary-expr","locations":[{"start":{"line":36,"column":16},"end":{"line":47,"column":9}},{"start":{"line":47,"column":13},"end":{"line":47,"column":15}}]},"3":{"loc":{"start":{"line":42,"column":19},"end":{"line":46,"column":17}},"type":"binary-expr","locations":[{"start":{"line":42,"column":19},"end":{"line":46,"column":11}},{"start":{"line":46,"column":15},"end":{"line":46,"column":17}}]},"4":{"loc":{"start":{"line":84,"column":4},"end":{"line":84,"column":34}},"type":"default-arg","locations":[{"start":{"line":84,"column":21},"end":{"line":84,"column":34}}]},"5":{"loc":{"start":{"line":87,"column":4},"end":{"line":89,"column":5}},"type":"if","locations":[{"start":{"line":87,"column":4},"end":{"line":89,"column":5}}]},"6":{"loc":{"start":{"line":90,"column":4},"end":{"line":92,"column":5}},"type":"if","locations":[{"start":{"line":90,"column":4},"end":{"line":92,"column":5}}]},"7":{"loc":{"start":{"line":95,"column":4},"end":{"line":97,"column":5}},"type":"if","locations":[{"start":{"line":95,"column":4},"end":{"line":97,"column":5}}]},"8":{"loc":{"start":{"line":95,"column":8},"end":{"line":95,"column":39}},"type":"binary-expr","locations":[{"start":{"line":95,"column":8},"end":{"line":95,"column":17}},{"start":{"line":95,"column":21},"end":{"line":95,"column":39}}]}},"s":{"0":5,"1":5,"2":5,"3":5,"4":5,"5":5,"6":6,"7":6,"8":6,"9":6,"10":1,"11":1,"12":1,"13":1,"14":0,"15":1,"16":0,"17":0,"18":1,"19":1,"20":1,"21":0,"22":0,"23":0,"24":1,"25":0,"26":0,"27":0,"28":0,"29":1,"30":1,"31":0,"32":1,"33":0,"34":1,"35":1,"36":0,"37":1,"38":1,"39":1,"40":5,"41":5},"f":{"0":6,"1":1,"2":0,"3":0,"4":0,"5":1},"b":{"0":[0],"1":[1,1],"2":[1,0],"3":[0,0],"4":[0],"5":[0],"6":[0],"7":[0],"8":[1,1]}}
[...]
ous_2)","decl":{"start":{"line":9,"column":6},"end":{"line":9,"column":7}},"loc":{"start":{"line":9,"column":28},"end":{"line":12,"column":1}},"line":9},"3":{"name":"(anonymous_3)","decl":{"start":{"line":13,"column":50},"end":{"line":13,"column":51}},"loc":{"start":{"line":13,"column":71},"end":{"line":15,"column":1}},"line":13}},"branchMap":{"0":{"loc":{"start":{"line":2,"column":22},"end":{"line":12,"column":3}},"type":"binary-expr","locations":[{"start":{"line":2,"column":23},"end":{"line":2,"column":27}},{"start":{"line":2,"column":31},"end":{"line":2,"column":51}},{"start":{"line":2,"column":57},"end":{"line":12,"column":2}}],"line":2},"1":{"loc":{"start":{"line":2,"column":57},"end":{"line":12,"column":2}},"type":"cond-expr","locations":[{"start":{"line":2,"column":74},"end":{"line":9,"column":1}},{"start":{"line":9,"column":6},"end":{"line":12,"column":1}}],"line":2},"2":{"loc":{"start":{"line":3,"column":4},"end":{"line":3,"column":33}},"type":"if","locations":[{"start":{"line":3,"column":4},"end":{"line":3,"column":33}},{"start":{},"end":{}}],"line":3},"3":{"loc":{"start":{"line":5,"column":4},"end":{"line":7,"column":5}},"type":"if","locations":[{"start":{"line":5,"column":4},"end":{"line":7,"column":5}},{"start":{},"end":{}}],"line":5},"4":{"loc":{"start":{"line":5,"column":8},"end":{"line":5,"column":85}},"type":"binary-expr","locations":[{"start":{"line":5,"column":8},"end":{"line":5,"column":13}},{"start":{"line":5,"column":18},"end":{"line":5,"column":84}}],"line":5},"5":{"loc":{"start":{"line":5,"column":18},"end":{"line":5,"column":84}},"type":"cond-expr","locations":[{"start":{"line":5,"column":34},"end":{"line":5,"column":47}},{"start":{"line":5,"column":50},"end":{"line":5,"column":84}}],"line":5},"6":{"loc":{"start":{"line":5,"column":50},"end":{"line":5,"column":84}},"type":"binary-expr","locations":[{"start":{"line":5,"column":50},"end":{"line":5,"column":63}},{"start":{"line":5,"column":67},"end":{"line":5,"column":84}}],"line":5},"7":{"loc":{"start":{"line":10,"column":4},"end":{"line":10,"column":33}},"type":"if","locations":[{"start":{"line":10,"column":4},"end":{"line":10,"column":33}},{"start":{},"end":{}}],"line":10},"8":{"loc":{"start":{"line":13,"column":19},"end":{"line":15,"column":1}},"type":"binary-expr","locations":[{"start":{"line":13,"column":20},"end":{"line":13,"column":24}},{"start":{"line":13,"column":28},"end":{"line":13,"column":45}},{"start":{"line":13,"column":50},"end":{"line":15,"column":1}}],"line":13},"9":{"loc":{"start":{"line":14,"column":21},"end":{"line":14,"column":126}},"type":"if","locations":[{"start":{"line":14,"column":21},"end":{"line":14,"column":126}},{"start":{},"end":{}}],"line":14},"10":{"loc":{"start":{"line":14,"column":25},"end":{"line":14,"column":93}},"type":"binary-expr","locations":[{"start":{"line":14,"column":25},"end":{"line":14,"column":40}},{"start":{"line":14,"column":44},"end":{"line":14,"column":93}}],"line":14}},"s":{"0":3,"1":0,"2":0,"3":0,"4":0,"5":0,"6":0,"7":0,"8":0,"9":0,"10":0,"11":3,"12":12,"13":0,"14":0,"15":3,"16":3,"17":3,"18":3,"19":3},"f":{"0":0,"1":0,"2":0,"3":12},"b":{"0":[3,3,3],"1":[3,0],"2":[0,0],"3":[0,0],"4":[0,0],"5":[0,0],"6":[0,0],"7":[0,0],"8":[3,3,3],"9":[0,0],"10":[0,0]},"_coverageSchema":"1a1c01bbd47fc00a2c39e90264f33305004495a9","hash":"91bfc136802bed2f0a14103761a11a5638c3d2ec"}
,"C:\\Users\\Bhush\\Desktop\\intervu-ai\\packages\\shared\\dist\\types\\validation.types.js": {"path":"C:\\Users\\Bhush\\Desktop\\intervu-ai\\packages\\shared\\dist\\types\\validation.types.js","statementMap":{"0":{"start":{"line":2,"column":0},"end":{"line":2,"column":62}}},"fnMap":{},"branchMap":{},"s":{"0":3},"f":{},"b":{},"_coverageSchema":"1a1c01bbd47fc00a2c39e90264f33305004495a9","hash":"bc0dbe385eae461e67b29674a6aa4da3c4b32800"}
,"C:\\Users\\Bhush\\Desktop\\intervu-ai\\packages\\shared\\dist\\utils\\contract.utils.js": {"path":"C:\\Users\\Bhush\\Desktop\\intervu-ai\\packages\\shared\\dist\\utils\\contract.utils.js","statementMap":{"0":{"start":{"line":2,"column":0},"end":{"line":2,"column":62}},"1":{"start":{"line":3,"column":0},"end":{"line":3,"column":44}},"2":{"start":{"line":4,"column":27},"end":{"line":4,"column":56}},"3":{"start":{"line":6,"column":19},"end":{"line":6,"column":41}},"4":{"start":{"line":7,"column":4},"end":{"line":12,"column":5}},"5":{"start":{"line":8,"column":8},"end":{"line":8,"column":43}},"6":{"start":{"line":11,"column":8},"end":{"line":11,"column":94}}},"fnMap":{"0":{"name":"validateContract","decl":{"start":{"line":5,"column":9},"end":{"line":5,"column":25}},"loc":{"start":{"line":5,"column":40},"end":{"line":13,"column":1}},"line":5}},"branchMap":{"0":{"loc":{"start":{"line":7,"column":4},"end":{"line":12,"column":5}},"type":"if","locations":[{"start":{"line":7,"column":4},"end":{"line":12,"column":5}},{"start":{"line":10,"column":9},"end":{"line":12,"column":5}}],"line":7}},"s":{"0":3,"1":3,"2":3,"3":0,"4":0,"5":0,"6":0},"f":{"0":0},"b":{"0":[0,0]},"_coverageSchema":"1a1c01bbd47fc00a2c39e90264f33305004495a9","hash":"e6ed2133caa5d310e3a85a595e723d18e7382a13"}
,"C:\\Users\\Bhush\\Desktop\\intervu-ai\\packages\\shared\\dist\\utils\\index.js": {"path":"C:\\Users\\Bhush\\Desktop\\intervu-ai\\packages\\shared\\dist\\utils\\index.js","statementMap":{"0":{"start":{"line":2,"column":22},"end":{"line":12,"column":3}},"1":{"start":{"line":3,"column":4},"end":{"line":3,"column":33}},"2":{"start":{"line":3,"column":26},"end":{"line":3,"column":33}},"3":{"start":{"line":4,"column":15},"end":{"line":4,"column":52}},"4":{"start":{"line":5,"column":4},"end":{"line":7,"column":5}},"5":{"start":{"line":6,"column":6},"end":{"line":6,"column":68}},"6":{"start":{"line":6,"column":51},"end":{"line":6,"column":63}},"7":{"start":{"line":8,"column":4},"end":{"line":8,"column":39}},"8":{"start":{"line":10,"column":4},"end":{"line":10,"column":33}},"9":{"start":{"line":10,"column":26},"end":{"line":10,"column":33}},"10":{"start":{"line":11,"column":4},"end":{"line":11,"column":17}},"11":{"start":{"line":13,"column":19},"end":{"line":15,"column":1}},"12":{"start":{"line":14,"column":4},"end":{"line":14,"column":126}},"13":{"start":{"line":14,"column":21},"end":{"line":14,"column":126}},"14":{"start":{"line":14,"column":95},"end":{"line":14,"column":126}},"15":{"start":{"line":16,"column":0},"end":{"line":16,"column":62}},"16":{"start":{"line":17,"column":0},"end":{"line":17,"column":53}},"17":{"start":{"line":18,"column":0},"end":{"line":18,"column":51}},"18":{"start":{"line":19,"column":0},"end":{"line":19,"column":52}}},"fnMap":{"0":{"name":"(anonymous_0)","decl":{"start":{"line":2,"column":74},"end":{"line":2,"column":75}},"loc":{"start":{"line":2,"column":96},"end":{"line":9,"column":1}},"line":2},"1":{"name":"(anonymous_1)","decl":{"start":{"line":6,"column":38},"end":{"line":6,"column":39}},"loc":{"start":{"line":6,"column":49},"end":{"line":6,"column":65}},"line":6},"2":{"name":"(anonymous_2)","decl":{"start":{"line":9,"column":6},"end":{"line":9,"column":7}},"loc":{"start":{"line":9,"column":28},"end":{"line":12,"column":1}},"line":9},"3":{"name":"(anonymous_3)","decl":{"start":{"line":13,"column":50},"end":{"line":13,"column":51}},"loc":{"start":{"line":13,"column":71},"end":{"line":15,"column":1}},"line":13}},"branchMap":{"0":{"loc":{"start":{"line":2,"column":22},"end":{"line":12,"column":3}},"type":"binary-expr","locations":[{"start":{"line":2,"column":23},"end":{"line":2,"column":27}},{"start":{"line":2,"column":31},"end":{"line":2,"column":51}},{"start":{"line":2,"column":57},"end":{"line":12,"column":2}}],"line":2},"1":{"loc":{"start":{"line":2,"column":57},"end":{"line":12,"column":2}},"type":"cond-expr","locations":[{"start":{"line":2,"column":74},"end":{"line":9,"column":1}},{"start":{"line":9,"column":6},"end":{"line":12,"column":1}}],"line":2},"2":{"loc":{"start":{"line":3,"column":4},"end":{"line":3,"column":33}},"type":"if","locations":[{"start":{"line":3,"column":4},"end":{"line":3,"column":33}},{"start":{},"end":{}}],"line":3},"3":{"loc":{"start":{"line":5,"column":4},"end":{"line":7,"column":5}},"type":"if","locations":[{"start":{"line":5,"column":4},"end":{"line":7,"column":5}},{"start":{},"end":{}}],"line":5},"4":{"loc":{"start":{"line":5,"column":8},"end":{"line":5,"column":85}},"type":"binary-expr","locations":[{"start":{"line":5,"column":8},"end":{"line":5,"column":13}},{"start":{"line":5,"column":18},"end":{"line":5,"column":84}}],"line":5},"5":{"loc":{"start":{"line":5,"column":18},"end":{"line":5,"column":84}},"type":"cond-expr","locations":[{"start":{"line":5,"column":34},"end":{"line":5,"column":47}},{"start":{"line":5,"column":50},"end":{"line":5,"column":84}}],"line":5},"6":{"loc":{"start":{"line":5,"column":50},"end":{"line":5,"column":84}},"type":"binary-expr","locations":[{"start":{"line":5,"column":50},"end":{"line":5,"column":63}},{"start":{"line":5,"column":67},"end":{"line":5,"column":84}}],"line":5},"7":{"loc":{"start":{"line":10,"column":4},"end":{"line":10,"column":33}},"type":"if","locations":[{"start":{"line":10,"column":4},"end":{"line":10,"column":33}},{"start":{},"end":{}}],"line":10},"8":{"loc":{"start":{"line":13,"column":19},"end":{"line":15,"column":1}},"type":"binary-expr","locations":[{"start":{"line":13,"column":20},"end":{"line":13,"column":24}},{"start":{"line":13,"column":28},"end":{"line":13,"column":45}},{"start":{"line":13,"column":50},"end":{"line":15,"column":1}}],"line":13},"9":{"loc":{"start":{"line":14,"column":21},"end":{"line":14,"column":126}},"type":"if","locations":[{"start":{"line":14,"column":21},"end":{"line":14,"column":126}},{"start":{},"end":{}}],"line":14},"10":{"loc":{"start":{"line":14,"column":25},"end":{"line":14,"column":93}},"type":"binary-expr","locations":[{"start":{"line":14,"column":25},"end":{"line":14,"column":40}},{"start":{"line":14,"column":44},"end":{"line":14,"column":93}}],"line":14}},"s":{"0":3,"1":12,"2":12,"3":12,"4":12,"5":12,"6":0,"7":12,"8":0,"9":0,"10":0,"11":3,"12":9,"13":12,"14":12,"15":3,"16":3,"17":3,"18":3},"f":{"0":12,"1":0,"2":0,"3":9},"b":{"0":[3,3,3],"1":[3,0],"2":[12,0],"3":[12,0],"4":[12,12],"5":[0,12],"6":[12,0],"7":[0,0],"8":[3,3,3],"9":[12,0],"10":[12,12]},"_coverageSchema":"1a1c01bbd47fc00a2c39e90264f33305004495a9","hash":"095b7c9aa56183e074102222a06adadee23b2be6"}
,"C:\\Users\\Bhush\\Desktop\\intervu-ai\\packages\\shared\\dist\\utils\\standards.utils.js": {"path":"C:\\Users\\Bhush\\Desktop\\intervu-ai\\packages\\shared\\dist\\utils\\standards.utils.js","statementMap":{"0":{"start":{"line":5,"column":0},"end":{"line":5,"column":62}},"1":{"start":{"line":6,"column":0},"end":{"line":6,"column":46}},"2":{"start":{"line":7,"column":0},"end":{"line":7,"column":60}},"3":{"start":{"line":9,"column":4},"end":{"line":11,"column":30}},"4":{"start":{"line":14,"column":27},"end":{"line":20,"column":5}},"5":{"start":{"line":21,"column":4},"end":{"line":21,"column":107}},"6":{"start":{"line":21,"column":43},"end":{"line":21,"column":105}}},"fnMap":{"0":{"name":"validateDtoNaming","decl":{"start":{"line":8,"column":9},"end":{"line":8,"column":26}},"loc":{"start":{"line":8,"column":33},"end":{"line":12,"column":1}},"line":8},"1":{"name":"validateFolderConvention","decl":{"start":{"line":13,"column":9},"end":{"line":13,"column":33}},"loc":{"start":{"line":13,"column":40},"end":{"line":22,"column":1}},"line":13},"2":{"name":"(anonymous_2)","decl":{"start":{"line":21,"column":31},"end":{"line":21,"column":32}},"loc":{"start":{"line":21,"column":43},"end":{"line":21,"column":105}},"line":21}},"branchMap":{"0":{"loc":{"start":{"line":9,"column":12},"end":{"line":11,"column":28}},"type":"binary-expr","locations":[{"start":{"line":9,"column":12},"end":{"line":9,"column":39}},{"start":{"line":10,"column":8},"end":{"line":10,"column":36}},{"start":{"line":11,"column":8},"end":{"line":11,"column":28}}],"line":9},"1":{"loc":{"start":{"line":21,"column":43},"end":{"line":21,"column":105}},"type":"binary-expr","locations":[{"start":{"line":21,"column":43},"end":{"line":21,"column":71}},{"start":{"line":21,"column":75},"end":{"line":21,"column":105}}],"line":21}},"s":{"0":3,"1":3,"2":3,"3":0,"4":0,"5":0,"6":0},"f":{"0":0,"1":0,"2":0},"b":{"0":[0,0,0],"1":[0,0]},"_coverageSchema":"1a1c01bbd47fc00a2c39e90264f33305004495a9","hash":"c02a8aa9ac0c1a95b66d5edd6892a4854c0f6fbb"}
,"C:\\Users\\Bhush\\Desktop\\intervu-ai\\packages\\shared\\dist\\utils\\validation.utils.js": {"path":"C:\\Users\\Bhush\\Desktop\\intervu-ai\\packages\\shared\\dist\\utils\\validation.utils.js","statementMap":{"0":{"start":{"line":2,"column":0},"end":{"line":2,"column":62}},"1":{"start":{"line":3,"column":0},"end":{"line":3,"column":40}},"2":{"start":{"line":5,"column":4},"end":{"line":8,"column":7}},"3":{"start":{"line":6,"column":21},"end":{"line":6,"column":39}},"4":{"start":{"line":7,"column":8},"end":{"line":7,"column":58}}},"fnMap":{"0":{"name":"formatZodError","decl":{"start":{"line":4,"column":9},"end":{"line":4,"column":23}},"loc":{"start":{"line":4,"column":31},"end":{"line":9,"column":1}},"line":4},"1":{"name":"(anonymous_1)","decl":{"start":{"line":5,"column":28},"end":{"line":5,"column":29}},"loc":{"start":{"line":5,"column":37},"end":{"line":8,"column":5}},"line":5}},"branchMap":{"0":{"loc":{"start":{"line":7,"column":18},"end":{"line":7,"column":41}},"type":"cond-expr","locations":[{"start":{"line":7,"column":25},"end":{"line":7,"column":36}},{"start":{"line":7,"column":39},"end":{"line":7,"column":41}}],"line":7}},"s":{"0":3,"1":3,"2":0,"3":0,"4":0},"f":{"0":0,"1":0},"b":{"0":[0,0]},"_coverageSchema":"1a1c01bbd47fc00a2c39e90264f33305004495a9","hash":"0735af4d2d54e5d6faa59ac80c4a2d456cfa854b"}
,"C:\\Users\\Bhush\\Desktop\\intervu-ai\\packages\\shared\\dist\\validators\\index.js": {"path":"C:\\Users\\Bhush\\Desktop\\intervu-ai\\packages\\shared\\dist\\validators\\index.js","statementMap":{"0":{"start":{"line":2,"column":22},"end":{"line":12,"column":3}},"1":{"start":{"line":3,"column":4},"end":{"line":3,"column":33}},"2":{"start":{"line":3,"column":26},"end":{"line":3,"column":33}},"3":{"start":{"line":4,"column":15},"end":{"line":4,"column":52}},"4":{"start":{"line":5,"column":4},"end":{"line":7,"column":5}},"5":{"start":{"line":6,"column":6},"end":{"line":6,"column":68}},"6":{"start":{"line":6,"column":51},"end":{"line":6,"column":63}},"7":{"start":{"line":8,"column":4},"end":{"line":8,"column":39}},"8":{"start":{"line":10,"column":4},"end":{"line":10,"column":33}},"9":{"start":{"line":10,"column":26},"end":{"line":10,"column":33}},"10":{"start":{"line":11,"column":4},"end":{"line":11,"column":17}},"11":{"start":{"line":13,"column":19},"end":{"line":15,"column":1}},"12":{"start":{"line":14,"column":4},"end":{"line":14,"column":126}},"13":{"start":{"line":14,"column":21},"end":{"line":14,"column":126}},"14":{"start":{"line":14,"column":95},"end":{"line":14,"column":126}},"15":{"start":{"line":16,"column":0},"end":{"line":16,"column":62}},"16":{"start":{"line":17,"column":0},"end":{"line":17,"column":54}}},"fnMap":{"0":{"name":"(anonymous_0)","decl":{"start":{"line":2,"column":74},"end":{"line":2,"column":75}},"loc":{"start":{"line":2,"column":96},"end":{"line":9,"column":1}},"line":2},"1":{"name":"(anonymous_1)","decl":{"start":{"line":6,"column":38},"end":{"line":6,"column":39}},"loc":{"start":{"line":6,"column":49},"end":{"line":6,"column":65}},"line":6},"2":{"name":"(anonymous_2)","decl":{"start":{"line":9,"column":6},"end":{"line":9,"column":7}},"loc":{"start":{"line":9,"column":28},"end":{"line":12,"column":1}},"line":9},"3":{"name":"(anonymous_3)","decl":{"start":{"line":13,"column":50},"end":{"line":13,"column":51}},"loc":{"start":{"line":13,"column":71},"end":{"line":15,"column":1}},"line":13}},"branchMap":{"0":{"loc":{"start":{"line":2,"column":22},"end":{"line":12,"column":3}},"type":"binary-expr","locations":[{"start":{"line":2,"column":23},"end":{"line":2,"column":27}},{"start":{"line":2,"column":31},"end":{"line":2,"column":51}},{"start":{"line":2,"column":57},"end":{"line":12,"column":2}}],"line":2},"1":{"loc":{"start":{"line":2,"column":57},"end":{"line":12,"column":2}},"type":"cond-expr","locations":[{"start":{"line":2,"column":74},"end":{"line":9,"column":1}},{"start":{"line":9,"column":6},"end":{"line":12,"column":1}}],"line":2},"2":{"loc":{"start":{"line":3,"column":4},"end":{"line":3,"column":33}},"type":"if","locations":[{"start":{"line":3,"column":4},"end":{"line":3,"column":33}},{"start":{},"end":{}}],"line":3},"3":{"loc":{"start":{"line":5,"column":4},"end":{"line":7,"column":5}},"type":"if","locations":[{"start":{"line":5,"column":4},"end":{"line":7,"column":5}},{"start":{},"end":{}}],"line":5},"4":{"loc":{"start":{"line":5,"column":8},"end":{"line":5,"column":85}},"type":"binary-expr","locations":[{"start":{"line":5,"column":8},"end":{"line":5,"column":13}},{"start":{"line":5,"column":18},"end":{"line":5,"column":84}}],"line":5},"5":{"loc":{"start":{"line":5,"column":18},"end":{"line":5,"column":84}},"type":"cond-expr","locations":[{"start":{"line":5,"column":34},"end":{"line":5,"column":47}},{"start":{"line":5,"column":50},"end":{"line":5,"column":84}}],"line":5},"6":{"loc":{"start":{"line":5,"column":50},"end":{"line":5,"column":84}},"type":"binary-expr","locations":[{"start":{"line":5,"column":50},"end":{"line":5,"column":63}},{"start":{"line":5,"column":67},"end":{"line":5,"column":84}}],"line":5},"7":{"loc":{"start":{"line":10,"column":4},"end":{"line":10,"column":33}},"type":"if","locations":[{"start":{"line":10,"column":4},"end":{"line":10,"column":33}},{"start":{},"end":{}}],"line":10},"8":{"loc":{"start":{"line":13,"column":19},"end":{"line":15,"column":1}},"type":"binary-expr","locations":[{"start":{"line":13,"column":20},"end":{"line":13,"column":24}},{"start":{"line":13,"column":28},"end":{"line":13,"column":45}},{"start":{"line":13,"column":50},"end":{"line":15,"column":1}}],"line":13},"9":{"loc":{"start":{"line":14,"column":21},"end":{"line":14,"column":126}},"type":"if","locations":[{"start":{"line":14,"column":21},"end":{"line":14,"column":126}},{"start":{},"end":{}}],"line":14},"10":{"loc":{"start":{"line":14,"column":25},"end":{"line":14,"column":93}},"type":"binary-expr","locations":[{"start":{"line":14,"column":25},"end":{"line":14,"column":40}},{"start":{"line":14,"column":44},"end":{"line":14,"column":93}}],"line":14}},"s":{"0":3,"1":3,"2":3,"3":3,"4":3,"5":3,"6":0,"7":3,"8":0,"9":0,"10":0,"11":3,"12":3,"13":3,"14":3,"15":3,"16":3},"f":{"0":3,"1":0,"2":0,"3":3},"b":{"0":[3,3,3],"1":[3,0],"2":[3,0],"3":[3,0],"4":[3,3],"5":[0,3],"6":[3,0],"7":[0,0],"8":[3,3,3],"9":[3,0],"10":[3,3]},"_coverageSchema":"1a1c01bbd47fc00a2c39e90264f33305004495a9","hash":"207973a9e153db71c0c1a30563ceec85e05685e6"}
,"C:\\Users\\Bhush\\Desktop\\intervu-ai\\packages\\shared\\dist\\validators\\validate-response.js": {"path":"C:\\Users\\Bhush\\Desktop\\intervu-ai\\packages\\shared\\dist\\validators\\validate-response.js","statementMap":{"0":{"start":{"line":2,"column":0},"end":{"line":2,"column":62}},"1":{"start":{"line":3,"column":0},"end":{"line":3,"column":44}},"2":{"start":{"line":4,"column":16},"end":{"line":4,"column":42}},"3":{"start":{"line":5,"column":27},"end":{"line":5,"column":63}},"4":{"start":{"line":7,"column":19},"end":{"line":7,"column":44}},"5":{"start":{"line":8,"column":4},"end":{"line":10,"column":5}},"6":{"start":{"line":9,"column":8},"end":{"line":9,"column":148}},"7":{"start":{"line":11,"column":4},"end":{"line":11,"column":23}}},"fnMap":{"0":{"name":"validateResponse","decl":{"start":{"line":6,"column":9},"end":{"line":6,"column":25}},"loc":{"start":{"line":6,"column":43},"end":{"line":12,"column":1}},"line":6}},"branchMap":{"0":{"loc":{"start":{"line":8,"column":4},"end":{"line":10,"column":5}},"type":"if","locations":[{"start":{"line":8,"column":4},"end":{"line":10,"column":5}},{"start":{},"end":{}}],"line":8}},"s":{"0":3,"1":3,"2":3,"3":3,"4":0,"5":0,"6":0,"7":0},"f":{"0":0},"b":{"0":[0,0]},"_coverageSchema":"1a1c01bbd47fc00a2c39e90264f33305004495a9","hash":"ff61b370eb56130826d8a64286b52668be610425"}
}
