TN:
SF:apps\api\src\common\index.ts
FN:1,(anonymous_4)
FN:2,(anonymous_5)
FN:3,(anonymous_6)
FNF:3
FNH:1
FNDA:0,(anonymous_4)
FNDA:0,(anonymous_5)
FNDA:6,(anonymous_6)
DA:1,3
DA:2,3
DA:3,9
DA:4,3
DA:5,3
LF:5
LH:5
BRF:0
BRH:0
end_of_record
TN:
SF:apps\api\src\common\decorators\rate-limit.decorator.ts
FN:10,(anonymous_0)
FNF:1
FNH:0
FNDA:0,(anonymous_0)
DA:1,3
DA:2,3
DA:10,3
DA:11,0
LF:4
LH:3
BRF:0
BRH:0
end_of_record
TN:
SF:apps\api\src\common\guards\custom-throttler.guard.ts
FN:8,(anonymous_1)
FNF:1
FNH:0
FNDA:0,(anonymous_1)
DA:1,3
DA:2,3
DA:4,3
DA:7,3
DA:11,0
DA:13,0
DA:18,0
DA:20,0
DA:21,0
DA:24,0
LF:10
LH:4
BRDA:18,0,0,0
BRDA:18,0,1,0
BRDA:20,1,0,0
BRF:3
BRH:0
end_of_record
TN:
SF:apps\api\src\common\middleware\correlation.middleware.ts
FN:8,(anonymous_1)
FN:16,(anonymous_2)
FNF:2
FNH:0
FNDA:0,(anonymous_1)
FNDA:0,(anonymous_2)
DA:1,3
DA:3,3
DA:4,3
DA:7,3
DA:10,0
DA:12,0
DA:13,0
DA:16,0
DA:17,0
LF:9
LH:4
BRDA:10,0,0,0
BRDA:10,0,1,0
BRF:2
BRH:0
end_of_record
TN:
SF:apps\api\src\common\middleware\request-logging.middleware.ts
FN:5,(anonymous_1)
FN:8,(anonymous_2)
FN:20,(anonymous_3)
FNF:3
FNH:0
FNDA:0,(anonymous_1)
FNDA:0,(anonymous_2)
FNDA:0,(anonymous_3)
DA:1,3
DA:2,3
DA:5,3
DA:6,0
DA:13,0
DA:14,0
DA:15,0
DA:16,0
DA:17,0
DA:19,0
DA:20,0
DA:21,0
DA:22,0
DA:24,0
DA:35,0
DA:38,0
LF:16
LH:3
BRF:0
BRH:0
end_of_record
TN:
SF:apps\api\src\common\repositories\base.repository.ts
FN:9,(anonymous_0)
FN:27,(anonymous_1)
FN:31,(anonymous_2)
FN:52,(anonymous_3)
FN:62,(anonymous_4)
FN:70,(anonymous_5)
FN:74,(anonymous_6)
FN:85,(anonymous_7)
FN:96,(anonymous_8)
FN:104,(anonymous_9)
FNF:10
FNH:1
FNDA:6,(anonymous_0)
FNDA:0,(anonymous_1)
FNDA:0,(anonymous_2)
FNDA:0,(anonymous_3)
FNDA:0,(anonymous_4)
FNDA:0,(anonymous_5)
FNDA:0,(anonymous_6)
FNDA:0,(anonymous_7)
FNDA:0,(anonymous_8)
FNDA:0,(anonymous_9)
DA:4,3
DA:10,6
DA:11,6
DA:21,6
DA:24,6
DA:28,0
DA:32,0
DA:53,0
DA:54,0
DA:55,0
DA:57,0
DA:63,0
DA:64,0
DA:65,0
DA:67,0
DA:71,0
DA:75,0
DA:76,0
DA:77,0
DA:79,0
DA:86,0
DA:87,0
DA:88,0
DA:93,0
DA:97,0
DA:98,0
DA:99,0
DA:101,0
DA:110,0
DA:114,0
DA:117,0
DA:119,0
DA:120,0
DA:121,0
DA:124,0
DA:134,0
LF:36
LH:5
BRDA:21,0,0,0
BRDA:28,1,0,0
BRDA:28,1,1,0
BRDA:54,2,0,0
BRDA:64,3,0,0
BRDA:76,4,0,0
BRDA:86,5,0,0
BRDA:98,6,0,0
BRDA:105,7,0,0
BRDA:110,8,0,0
BRDA:110,8,1,0
BRDA:110,9,0,0
BRDA:110,9,1,0
BRDA:114,10,0,0
BRDA:114,10,1,0
BRDA:114,11,0,0
BRDA:114,11,1,0
BRDA:120,12,0,0
BRF:18
BRH:0
end_of_record
TN:
SF:apps\api\src\modules\assembly\assembly.module.ts
FNF:0
FNH:0
DA:1,3
DA:2,3
DA:3,3
DA:4,3
DA:5,3
DA:6,3
DA:7,3
DA:8,3
DA:9,3
DA:10,3
DA:11,3
DA:12,3
DA:13,3
DA:14,3
DA:15,3
DA:16,3
DA:17,3
DA:18,3
DA:19,3
DA:20,3
DA:21,3
DA:22,3
DA:23,3
DA:24,3
DA:25,3
DA:26,3
DA:62,3
LF:27
LH:27
BRF:0
BRH:0
end_of_record
TN:
SF:apps\api\src\modules\assembly\controllers\assembly.controller.ts
FN:45,(anonymous_4)
FN:59,(anonymous_5)
FN:80,(anonymous_6)
FN:99,(anonymous_7)
FN:119,(anonymous_8)
FN:135,(anonymous_9)
FN:145,(anonymous_10)
FN:156,(anonymous_11)
FN:164,(anonymous_12)
FN:176,(anonymous_13)
FN:184,(anonymous_14)
FN:201,(anonymous_15)
FN:216,(anonymous_16)
FN:227,(anonymous_17)
FN:249,(anonymous_18)
FN:251,(anonymous_19)
FN:254,(anonymous_20)
FN:260,(anonymous_21)
FNF:18
FNH:1
FNDA:3,(anonymous_4)
FNDA:0,(anonymous_5)
FNDA:0,(anonymous_6)
FNDA:0,(anonymous_7)
FNDA:0,(anonymous_8)
FNDA:0,(anonymous_9)
FNDA:0,(anonymous_10)
FNDA:0,(anonymous_11)
FNDA:0,(anonymous_12)
FNDA:0,(anonymous_13)
FNDA:0,(anonymous_14)
FNDA:0,(anonymous_15)
FNDA:0,(anonymous_16)
FNDA:0,(anonymous_17)
FNDA:0,(anonymous_18)
FNDA:0,(anonymous_19)
FNDA:0,(anonymous_20)
FNDA:0,(anonymous_21)
DA:1,3
DA:13,3
DA:19,3
DA:20,3
DA:21,3
DA:22,3
DA:23,3
DA:24,3
DA:25,3
DA:31,3
DA:34,3
DA:35,3
DA:36,3
DA:44,3
DA:46,3
DA:47,3
DA:48,3
DA:49,3
DA:50,3
DA:51,3
DA:59,3
DA:63,0
DA:68,0
DA:80,3
DA:84,0
DA:85,0
DA:99,3
DA:103,0
DA:107,0
DA:119,3
DA:123,0
DA:129,0
DA:135,3
DA:139,0
DA:145,3
DA:149,0
DA:150,0
DA:156,3
DA:157,0
DA:158,0
DA:164,3
DA:169,0
DA:170,0
DA:176,3
DA:177,0
DA:178,0
DA:184,3
DA:188,0
DA:189,0
DA:201,3
DA:205,0
DA:216,3
DA:220,0
DA:227,3
DA:229,0
DA:230,0
DA:232,0
DA:233,0
DA:236,0
DA:237,0
DA:240,0
DA:241,0
DA:244,0
DA:249,0
DA:251,0
DA:254,0
DA:261,0
DA:262,0
DA:275,0
LF:69
LH:33
BRDA:240,0,0,0
BRDA:246,1,0,0
BRDA:246,1,1,0
BRDA:247,2,0,0
BRDA:247,2,1,0
BRDA:248,3,0,0
BRDA:248,3,1,0
BRDA:248,3,2,0
BRDA:249,4,0,0
BRDA:249,4,1,0
BRDA:250,5,0,0
BRDA:250,5,1,0
BRDA:250,5,2,0
BRDA:251,6,0,0
BRDA:251,6,1,0
BRDA:254,7,0,0
BRDA:254,7,1,0
BRDA:256,8,0,0
BRDA:256,8,1,0
BRDA:258,9,0,0
BRDA:258,9,1,0
BRDA:258,9,2,0
BRDA:259,10,0,0
BRDA:259,10,1,0
BRDA:260,11,0,0
BRDA:260,11,1,0
BRDA:261,12,0,0
BRDA:261,12,1,0
BRDA:264,13,0,0
BRDA:264,13,1,0
BRDA:265,14,0,0
BRDA:265,14,1,0
BRDA:266,15,0,0
BRDA:266,15,1,0
BRDA:267,16,0,0
BRDA:267,16,1,0
BRF:36
BRH:0
end_of_record
TN:
SF:apps\api\src\modules\assembly\providers\mock-semantic-similarity.provider.ts
FN:6,(anonymous_1)
FN:7,(anonymous_2)
FNF:2
FNH:2
FNDA:5,(anonymous_1)
FNDA:10,(anonymous_2)
DA:1,4
DA:5,4
DA:7,5
DA:8,10
DA:9,5
DA:10,5
DA:12,5
DA:14,5
DA:15,5
DA:16,16
DA:19,5
DA:20,5
LF:12
LH:12
BRDA:12,0,0,0
BRDA:12,1,0,5
BRDA:12,1,1,0
BRDA:16,2,0,12
BRF:4
BRH:2
end_of_record
TN:
SF:apps\api\src\modules\assembly\providers\semantic-similarity.provider.ts
FNF:0
FNH:0
DA:1,6
LF:1
LH:1
BRF:0
BRH:0
end_of_record
TN:
SF:apps\api\src\modules\assembly\repositories\assembled-test.repository.ts
FN:8,(anonymous_2)
FN:10,(anonymous_3)
FN:18,(anonymous_4)
FN:44,(anonymous_5)
FN:68,(anonymous_6)
FN:75,(anonymous_7)
FN:105,(anonymous_8)
FN:124,(anonymous_9)
FN:144,(anonymous_10)
FN:151,(anonymous_11)
FNF:10
FNH:3
FNDA:3,(anonymous_2)
FNDA:1,(anonymous_3)
FNDA:1,(anonymous_4)
FNDA:0,(anonymous_5)
FNDA:0,(anonymous_6)
FNDA:0,(anonymous_7)
FNDA:0,(anonymous_8)
FNDA:0,(anonymous_9)
FNDA:0,(anonymous_10)
FNDA:0,(anonymous_11)
DA:1,8
DA:2,8
DA:3,8
DA:7,8
DA:8,3
DA:16,1
DA:17,1
DA:20,1
DA:30,0
DA:31,0
DA:42,0
DA:43,0
DA:44,0
DA:55,0
DA:59,0
DA:61,1
DA:74,0
DA:75,0
DA:77,0
DA:86,0
DA:91,0
DA:92,0
DA:103,0
DA:104,0
DA:105,0
DA:117,0
DA:125,0
DA:145,0
DA:152,0
LF:29
LH:9
BRDA:42,0,0,0
BRDA:103,1,0,0
BRF:2
BRH:0
end_of_record
TN:
SF:apps\api\src\modules\assembly\repositories\assembly-audit.repository.ts
FN:7,(anonymous_2)
FN:9,(anonymous_3)
FN:25,(anonymous_4)
FNF:3
FNH:1
FNDA:3,(anonymous_2)
FNDA:0,(anonymous_3)
FNDA:0,(anonymous_4)
DA:1,7
DA:2,7
DA:6,7
DA:7,3
DA:15,0
DA:26,0
LF:6
LH:4
BRF:0
BRH:0
end_of_record
TN:
SF:apps\api\src\modules\assembly\repositories\assembly-version.repository.ts
FN:7,(anonymous_2)
FN:9,(anonymous_3)
FN:23,(anonymous_4)
FN:30,(anonymous_5)
FN:36,(anonymous_6)
FNF:5
FNH:1
FNDA:3,(anonymous_2)
FNDA:0,(anonymous_3)
FNDA:0,(anonymous_4)
FNDA:0,(anonymous_5)
FNDA:0,(anonymous_6)
DA:1,5
DA:2,5
DA:6,5
DA:7,3
DA:14,0
DA:24,0
DA:31,0
DA:37,0
DA:42,0
LF:9
LH:4
BRDA:42,0,0,0
BRDA:42,0,1,0
BRF:2
BRH:0
end_of_record
TN:
SF:apps\api\src\modules\assembly\repositories\assembly.repository.ts
FN:9,(anonymous_2)
FN:11,(anonymous_3)
FN:18,(anonymous_4)
FN:66,(anonymous_5)
FN:90,(anonymous_6)
FN:110,(anonymous_7)
FNF:6
FNH:1
FNDA:3,(anonymous_2)
FNDA:0,(anonymous_3)
FNDA:0,(anonymous_4)
FNDA:0,(anonymous_5)
FNDA:0,(anonymous_6)
FNDA:0,(anonymous_7)
DA:1,8
DA:2,8
DA:3,8
DA:8,8
DA:9,3
DA:16,0
DA:17,0
DA:20,0
DA:21,0
DA:24,0
DA:25,0
DA:26,0
DA:27,0
DA:29,0
DA:38,0
DA:43,0
DA:52,0
DA:53,0
DA:64,0
DA:65,0
DA:66,0
DA:77,0
DA:81,0
DA:83,0
DA:91,0
DA:111,0
LF:26
LH:5
BRDA:24,0,0,0
BRDA:26,1,0,0
BRDA:26,1,1,0
BRDA:64,2,0,0
BRF:4
BRH:0
end_of_record
TN:
SF:apps\api\src\modules\assembly\repositories\blueprint.repository.ts
FN:6,(anonymous_2)
FN:8,(anonymous_3)
FNF:2
FNH:1
FNDA:3,(anonymous_2)
FNDA:0,(anonymous_3)
DA:1,6
DA:2,6
DA:5,6
DA:6,3
DA:9,0
DA:28,0
DA:29,0
DA:32,0
LF:8
LH:4
BRDA:28,0,0,0
BRF:1
BRH:0
end_of_record
TN:
SF:apps\api\src\modules\assembly\repositories\question-pool.repository.ts
FN:9,(anonymous_2)
FN:11,(anonymous_3)
FN:20,(anonymous_4)
FN:62,(anonymous_5)
FN:83,(anonymous_6)
FNF:5
FNH:1
FNDA:3,(anonymous_2)
FNDA:0,(anonymous_3)
FNDA:0,(anonymous_4)
FNDA:0,(anonymous_5)
FNDA:0,(anonymous_6)
DA:1,6
DA:2,6
DA:8,6
DA:9,3
DA:12,0
DA:26,0
DA:40,0
DA:41,0
DA:42,0
DA:43,0
DA:59,0
DA:64,0
DA:73,0
DA:74,0
DA:75,0
DA:76,0
DA:80,0
DA:84,0
DA:85,0
LF:19
LH:4
BRDA:13,0,0,0
BRDA:13,0,1,0
BRDA:14,1,0,0
BRDA:14,1,1,0
BRDA:15,2,0,0
BRDA:15,2,1,0
BRDA:16,3,0,0
BRDA:16,3,1,0
BRDA:24,4,0,0
BRDA:40,5,0,0
BRDA:84,6,0,0
BRF:11
BRH:0
end_of_record
TN:
SF:apps\api\src\modules\assembly\services\anti-repetition.service.ts
FN:25,(anonymous_4)
FN:31,(anonymous_5)
FN:38,(anonymous_6)
FN:50,(anonymous_7)
FN:62,(anonymous_8)
FN:96,(anonymous_9)
FNF:6
FNH:6
FNDA:5,(anonymous_4)
FNDA:4,(anonymous_5)
FNDA:4,(anonymous_6)
FNDA:3,(anonymous_7)
FNDA:3,(anonymous_8)
FNDA:2,(anonymous_9)
DA:1,6
DA:3,6
DA:4,6
DA:8,6
DA:22,6
DA:23,5
DA:27,5
DA:28,5
DA:36,4
DA:38,4
DA:39,1
DA:42,1
DA:50,3
DA:51,0
DA:54,0
DA:62,3
DA:63,3
DA:67,3
DA:69,3
DA:70,3
DA:71,5
DA:72,5
DA:74,5
DA:78,5
DA:79,1
DA:82,1
DA:91,2
DA:102,2
DA:104,2
DA:106,2
DA:107,2
DA:108,4
DA:113,4
DA:114,2
DA:117,2
LF:35
LH:33
BRDA:38,0,0,1
BRDA:50,1,0,0
BRDA:63,2,0,3
BRDA:63,2,1,0
BRDA:63,2,2,0
BRDA:63,2,3,0
BRDA:69,3,0,3
BRDA:71,4,0,5
BRDA:71,4,1,0
BRDA:71,4,2,0
BRDA:71,4,3,0
BRDA:72,5,0,0
BRDA:78,6,0,1
BRDA:113,7,0,2
BRF:14
BRH:6
end_of_record
TN:
SF:apps\api\src\modules\assembly\services\assembly-audit.service.ts
FN:7,(anonymous_2)
FN:9,(anonymous_3)
FN:18,(anonymous_4)
FNF:3
FNH:1
FNDA:3,(anonymous_2)
FNDA:0,(anonymous_3)
FNDA:0,(anonymous_4)
DA:1,7
DA:2,7
DA:6,7
DA:7,3
DA:15,0
DA:19,0
LF:6
LH:4
BRDA:12,0,0,0
BRF:1
BRH:0
end_of_record
TN:
SF:apps\api\src\modules\assembly\services\assembly-persistence.service.ts
FN:9,(anonymous_2)
FN:15,(anonymous_3)
FN:20,(anonymous_4)
FN:21,(anonymous_5)
FN:39,(anonymous_6)
FN:57,(anonymous_7)
FN:64,(anonymous_8)
FN:65,(anonymous_9)
FN:82,(anonymous_10)
FNF:9
FNH:4
FNDA:3,(anonymous_2)
FNDA:1,(anonymous_3)
FNDA:1,(anonymous_4)
FNDA:1,(anonymous_5)
FNDA:0,(anonymous_6)
FNDA:0,(anonymous_7)
FNDA:0,(anonymous_8)
FNDA:0,(anonymous_9)
FNDA:0,(anonymous_10)
DA:1,7
DA:2,7
DA:3,7
DA:5,7
DA:8,7
DA:10,3
DA:11,3
DA:12,3
DA:20,1
DA:21,1
DA:23,1
DA:30,0
DA:36,0
DA:40,0
DA:41,0
DA:42,0
DA:44,0
DA:47,0
DA:48,0
DA:51,0
DA:52,0
DA:54,0
DA:62,0
DA:64,0
DA:65,0
DA:67,0
DA:74,0
DA:83,0
DA:85,0
DA:90,0
DA:94,0
LF:31
LH:11
BRDA:18,0,0,0
BRDA:47,1,0,0
BRDA:51,2,0,0
BRDA:60,3,0,0
BRDA:82,4,0,0
BRF:5
BRH:0
end_of_record
TN:
SF:apps\api\src\modules\assembly\services\assembly-publisher.service.ts
FN:11,(anonymous_2)
FN:19,(anonymous_3)
FN:52,(anonymous_4)
FNF:3
FNH:1
FNDA:3,(anonymous_2)
FNDA:0,(anonymous_3)
FNDA:0,(anonymous_4)
DA:1,4
DA:2,4
DA:3,4
DA:4,4
DA:5,4
DA:6,4
DA:7,4
DA:10,4
DA:12,3
DA:13,3
DA:14,3
DA:15,3
DA:16,3
DA:20,0
DA:21,0
DA:22,0
DA:24,0
DA:27,0
DA:28,0
DA:31,0
DA:32,0
DA:35,0
DA:36,0
DA:40,0
DA:41,0
DA:43,0
DA:44,0
DA:46,0
DA:47,0
DA:50,0
DA:52,0
DA:53,0
DA:54,0
DA:58,0
DA:59,0
DA:63,0
DA:64,0
DA:68,0
DA:71,0
DA:72,0
DA:77,0
DA:81,0
DA:82,0
DA:83,0
DA:85,0
DA:86,0
DA:87,0
DA:90,0
LF:48
LH:13
BRDA:19,0,0,0
BRDA:27,1,0,0
BRDA:31,2,0,0
BRDA:35,3,0,0
BRDA:44,4,0,0
BRDA:44,4,1,0
BRDA:46,5,0,0
BRDA:46,5,1,0
BRDA:50,6,0,0
BRDA:52,7,0,0
BRDA:52,7,1,0
BRDA:53,8,0,0
BRDA:58,9,0,0
BRDA:63,10,0,0
BRF:14
BRH:0
end_of_record
TN:
SF:apps\api\src\modules\assembly\services\assembly-version.service.ts
FN:11,(anonymous_2)
FN:18,(anonymous_3)
FN:36,(anonymous_4)
FN:42,(anonymous_5)
FN:72,(anonymous_6)
FN:81,(anonymous_7)
FNF:6
FNH:3
FNDA:6,(anonymous_2)
FNDA:1,(anonymous_3)
FNDA:0,(anonymous_4)
FNDA:0,(anonymous_5)
FNDA:0,(anonymous_6)
FNDA:1,(anonymous_7)
DA:1,5
DA:2,5
DA:3,5
DA:4,5
DA:5,5
DA:10,5
DA:12,6
DA:13,6
DA:14,6
DA:15,6
DA:20,1
DA:22,1
DA:23,1
DA:24,1
DA:26,0
DA:30,1
DA:36,0
DA:42,0
DA:51,1
DA:52,1
DA:59,1
DA:64,0
DA:65,0
DA:66,0
DA:69,1
DA:73,0
DA:74,0
DA:76,0
DA:77,0
DA:86,1
DA:87,1
DA:88,0
DA:90,1
DA:91,0
DA:94,1
DA:95,1
DA:96,0
DA:100,1
DA:108,1
DA:113,1
LF:40
LH:27
BRDA:18,0,0,0
BRDA:32,1,0,1
BRDA:32,1,1,1
BRDA:36,2,0,1
BRDA:36,2,1,0
BRDA:42,3,0,0
BRDA:42,3,1,0
BRDA:84,4,0,0
BRDA:87,5,0,0
BRDA:90,6,0,0
BRDA:95,7,0,0
BRDA:95,8,0,1
BRDA:95,8,1,1
BRF:13
BRH:5
end_of_record
TN:
SF:apps\api\src\modules\assembly\services\blueprint-builder.service.ts
FN:7,(anonymous_2)
FN:9,(anonymous_3)
FN:31,(anonymous_4)
FN:32,(anonymous_5)
FN:51,(anonymous_6)
FNF:5
FNH:5
FNDA:5,(anonymous_2)
FNDA:2,(anonymous_3)
FNDA:1,(anonymous_4)
FNDA:1,(anonymous_5)
FNDA:1,(anonymous_6)
DA:1,6
DA:3,6
DA:6,6
DA:7,5
DA:11,2
DA:13,2
DA:14,0
DA:19,2
DA:21,2
DA:22,2
DA:23,1
DA:27,1
DA:28,1
DA:30,1
DA:32,1
DA:33,1
DA:34,0
DA:38,1
DA:44,1
DA:45,0
DA:50,1
DA:51,1
DA:54,1
DA:58,1
DA:59,1
DA:60,1
DA:62,1
DA:80,1
LF:28
LH:25
BRDA:13,0,0,0
BRDA:13,1,0,2
BRDA:13,1,1,2
BRDA:19,2,0,2
BRDA:22,3,0,1
BRDA:33,4,0,0
BRDA:44,5,0,0
BRDA:54,6,0,0
BRDA:54,7,0,1
BRDA:54,7,1,0
BRDA:67,8,0,1
BRDA:67,8,1,0
BRDA:69,9,0,1
BRDA:69,9,1,0
BRDA:84,10,0,1
BRDA:84,10,1,0
BRF:16
BRH:8
end_of_record
TN:
SF:apps\api\src\modules\assembly\services\blueprint-simulation.service.ts
FN:16,(anonymous_1)
FNF:1
FNH:1
FNDA:2,(anonymous_1)
DA:1,4
DA:15,4
DA:17,2
DA:18,2
DA:19,2
DA:20,2
DA:21,2
DA:23,2
DA:25,2
DA:37,2
DA:39,2
LF:11
LH:11
BRDA:20,0,0,2
BRDA:20,0,1,0
BRDA:23,1,0,2
BRDA:23,1,1,0
BRDA:26,2,0,2
BRDA:26,2,1,0
BRF:6
BRH:3
end_of_record
TN:
SF:apps\api\src\modules\assembly\services\distribution-analytics.service.ts
FN:12,(anonymous_2)
FN:17,(anonymous_3)
FN:19,(anonymous_4)
FN:20,(anonymous_5)
FN:29,(anonymous_6)
FN:31,(anonymous_7)
FN:32,(anonymous_8)
FN:41,(anonymous_9)
FN:43,(anonymous_10)
FN:49,(anonymous_11)
FN:50,(anonymous_12)
FN:51,(anonymous_13)
FN:56,(anonymous_14)
FN:60,(anonymous_15)
FNF:14
FNH:1
FNDA:3,(anonymous_2)
FNDA:0,(anonymous_3)
FNDA:0,(anonymous_4)
FNDA:0,(anonymous_5)
FNDA:0,(anonymous_6)
FNDA:0,(anonymous_7)
FNDA:0,(anonymous_8)
FNDA:0,(anonymous_9)
FNDA:0,(anonymous_10)
FNDA:0,(anonymous_11)
FNDA:0,(anonymous_12)
FNDA:0,(anonymous_13)
FNDA:0,(anonymous_14)
FNDA:0,(anonymous_15)
DA:1,4
DA:3,4
DA:4,4
DA:5,4
DA:11,4
DA:13,3
DA:14,3
DA:18,0
DA:19,0
DA:20,0
DA:21,0
DA:22,0
DA:23,0
DA:26,0
DA:30,0
DA:31,0
DA:32,0
DA:33,0
DA:34,0
DA:35,0
DA:38,0
DA:42,0
DA:43,0
DA:44,0
DA:46,0
DA:50,0
DA:51,0
DA:52,0
DA:53,0
DA:57,0
DA:61,0
DA:62,0
DA:63,0
DA:65,0
DA:68,0
DA:69,0
DA:71,0
DA:72,0
DA:75,0
DA:76,0
DA:77,0
DA:78,0
DA:79,0
DA:81,0
LF:44
LH:7
BRDA:22,0,0,0
BRDA:22,0,1,0
BRDA:23,1,0,0
BRDA:23,1,1,0
BRDA:34,2,0,0
BRDA:34,2,1,0
BRDA:35,3,0,0
BRDA:35,3,1,0
BRDA:44,4,0,0
BRDA:44,4,1,0
BRDA:44,5,0,0
BRDA:44,5,1,0
BRDA:50,6,0,0
BRDA:50,6,1,0
BRDA:51,7,0,0
BRDA:51,7,1,0
BRDA:52,8,0,0
BRDA:52,8,1,0
BRDA:57,9,0,0
BRDA:57,9,1,0
BRDA:68,10,0,0
BRDA:71,11,0,0
BRF:22
BRH:0
end_of_record
TN:
SF:apps\api\src\modules\assembly\services\question-allocator.service.ts
FN:20,(anonymous_4)
FN:26,(anonymous_5)
FNF:2
FNH:2
FNDA:4,(anonymous_4)
FNDA:1,(anonymous_5)
DA:1,5
DA:5,5
DA:6,5
DA:7,5
DA:8,5
DA:19,5
DA:22,4
DA:23,4
DA:32,1
DA:33,1
DA:36,1
DA:37,1
DA:38,1
DA:39,1
DA:41,1
DA:47,1
DA:48,1
DA:50,1
DA:51,3
DA:53,1
DA:55,1
DA:57,1
DA:60,1
DA:62,1
DA:69,1
DA:75,1
DA:76,0
DA:81,1
DA:82,1
DA:83,2
DA:84,2
DA:93,2
DA:98,1
DA:99,0
DA:100,0
DA:106,0
DA:112,0
DA:113,0
DA:118,0
DA:119,0
DA:120,0
DA:121,0
DA:130,0
DA:135,1
DA:136,0
DA:141,1
LF:46
LH:34
BRDA:33,0,0,0
BRDA:36,1,0,1
BRDA:36,1,1,0
BRDA:51,2,0,2
BRDA:60,3,0,0
BRDA:75,4,0,0
BRDA:86,5,0,2
BRDA:86,5,1,2
BRDA:98,6,0,0
BRDA:98,7,0,1
BRDA:98,7,1,0
BRDA:112,8,0,0
BRDA:123,9,0,0
BRDA:123,9,1,0
BRDA:135,10,0,0
BRF:15
BRH:5
end_of_record
TN:
SF:apps\api\src\modules\assembly\services\question-source.interface.ts
FNF:0
FNH:0
DA:3,5
LF:1
LH:1
BRF:0
BRH:0
end_of_record
TN:
SF:apps\api\src\modules\assembly\services\section-builder.service.ts
FN:8,(anonymous_1)
FNF:1
FNH:0
FNDA:0,(anonymous_1)
DA:1,4
DA:7,4
DA:12,0
LF:3
LH:2
BRF:0
BRH:0
end_of_record
TN:
SF:apps\api\src\modules\assembly\services\test-assembly.service.ts
FN:27,(anonymous_2)
FN:36,(anonymous_3)
FN:81,(anonymous_4)
FN:119,(anonymous_5)
FN:148,(anonymous_6)
FNF:5
FNH:1
FNDA:3,(anonymous_2)
FNDA:0,(anonymous_3)
FNDA:0,(anonymous_4)
FNDA:0,(anonymous_5)
FNDA:0,(anonymous_6)
DA:1,4
DA:7,4
DA:8,4
DA:9,4
DA:13,4
DA:14,4
DA:16,4
DA:19,4
DA:20,3
DA:28,3
DA:29,3
DA:30,3
DA:31,3
DA:32,3
DA:33,3
DA:40,0
DA:42,0
DA:44,0
DA:45,0
DA:48,0
DA:50,0
DA:51,0
DA:58,0
DA:62,0
DA:65,0
DA:66,0
DA:67,0
DA:72,0
DA:78,0
DA:82,0
DA:84,0
DA:86,0
DA:87,0
DA:89,0
DA:91,0
DA:92,0
DA:99,0
DA:103,0
DA:106,0
DA:107,0
DA:108,0
DA:113,0
DA:120,0
DA:122,0
DA:124,0
DA:125,0
DA:127,0
DA:129,0
DA:130,0
DA:137,0
DA:141,0
DA:145,0
DA:149,0
DA:150,0
DA:151,0
DA:155,0
LF:56
LH:15
BRDA:38,0,0,0
BRDA:40,1,0,0
BRDA:66,2,0,0
BRDA:81,3,0,0
BRDA:82,4,0,0
BRDA:107,5,0,0
BRDA:119,6,0,0
BRDA:120,7,0,0
BRDA:150,8,0,0
BRF:9
BRH:0
end_of_record
TN:
SF:apps\api\src\modules\assembly\validators\assembly-validator.service.ts
FN:12,(anonymous_1)
FN:17,(anonymous_2)
FN:34,(anonymous_3)
FN:44,(anonymous_4)
FN:109,(anonymous_5)
FN:112,(anonymous_6)
FN:115,(anonymous_7)
FN:134,(anonymous_8)
FNF:8
FNH:8
FNDA:2,(anonymous_1)
FNDA:2,(anonymous_2)
FNDA:2,(anonymous_3)
FNDA:2,(anonymous_4)
FNDA:4,(anonymous_5)
FNDA:4,(anonymous_6)
FNDA:4,(anonymous_7)
FNDA:4,(anonymous_8)
DA:1,5
DA:11,5
DA:13,2
DA:16,2
DA:17,2
DA:20,2
DA:21,0
DA:27,2
DA:28,0
DA:34,2
DA:35,0
DA:40,2
DA:42,2
DA:43,2
DA:44,2
DA:47,2
DA:48,0
DA:51,0
DA:55,2
DA:56,0
DA:62,2
DA:63,0
DA:68,2
DA:70,4
DA:71,0
DA:75,4
DA:78,4
DA:83,0
DA:89,4
DA:90,0
DA:98,2
DA:100,2
DA:102,2
DA:104,2
DA:106,2
DA:108,2
DA:109,4
DA:111,2
DA:112,4
DA:114,2
DA:115,4
DA:118,2
DA:123,1
DA:130,2
DA:132,2
DA:133,2
DA:134,4
DA:137,2
DA:138,0
DA:146,2
DA:147,0
DA:153,2
DA:154,1
DA:157,1
LF:54
LH:42
BRDA:20,0,0,0
BRDA:27,1,0,0
BRDA:34,2,0,0
BRDA:47,3,0,0
BRDA:55,4,0,0
BRDA:62,5,0,0
BRDA:70,6,0,0
BRDA:78,7,0,0
BRDA:79,8,0,4
BRDA:79,8,1,4
BRDA:79,8,2,4
BRDA:89,9,0,0
BRDA:98,10,0,2
BRDA:98,10,1,1
BRDA:100,11,0,2
BRDA:118,12,0,1
BRDA:119,13,0,2
BRDA:119,13,1,1
BRDA:119,13,2,1
BRDA:137,14,0,0
BRDA:146,15,0,0
BRDA:153,16,0,1
BRF:22
BRH:11
end_of_record
TN:
SF:apps\api\src\modules\auth\decorators\current-user.decorator.ts
FN:11,(anonymous_0)
FNF:1
FNH:0
FNDA:0,(anonymous_0)
DA:1,3
DA:10,3
DA:12,0
DA:13,0
DA:15,0
DA:16,0
DA:19,0
DA:20,0
DA:23,0
LF:9
LH:2
BRDA:15,0,0,0
BRDA:19,1,0,0
BRF:2
BRH:0
end_of_record
TN:
SF:apps\api\src\modules\auth\decorators\public.decorator.ts
FN:4,(anonymous_0)
FNF:1
FNH:0
FNDA:0,(anonymous_0)
DA:1,3
DA:3,3
DA:4,3
LF:3
LH:3
BRF:0
BRH:0
end_of_record
TN:
SF:apps\api\src\modules\auth\decorators\roles.decorator.ts
FN:5,(anonymous_0)
FNF:1
FNH:1
FNDA:6,(anonymous_0)
DA:1,3
DA:4,3
DA:5,6
LF:3
LH:3
BRF:0
BRH:0
end_of_record
TN:
SF:apps\api\src\modules\auth\guards\jwt-auth.guard.ts
FN:13,(anonymous_2)
FN:17,(anonymous_3)
FN:28,(anonymous_4)
FNF:3
FNH:1
FNDA:3,(anonymous_2)
FNDA:0,(anonymous_3)
FNDA:0,(anonymous_4)
DA:1,3
DA:6,3
DA:7,3
DA:9,3
DA:12,3
DA:13,3
DA:14,3
DA:18,0
DA:22,0
DA:23,0
DA:25,0
DA:29,0
DA:30,0
DA:33,0
LF:14
LH:7
BRDA:22,0,0,0
BRDA:29,1,0,0
BRDA:29,2,0,0
BRDA:29,2,1,0
BRF:4
BRH:0
end_of_record
TN:
SF:apps\api\src\modules\question-pool\question-pool.module.ts
FNF:0
FNH:0
DA:1,3
DA:2,3
DA:3,3
DA:4,3
DA:11,3
LF:5
LH:5
BRF:0
BRH:0
end_of_record
TN:
SF:apps\api\src\modules\question-pool\repositories\generated-question.repository.ts
FN:13,(anonymous_4)
FN:20,(anonymous_5)
FN:24,(anonymous_6)
FN:38,(anonymous_7)
FNF:4
FNH:1
FNDA:3,(anonymous_4)
FNDA:0,(anonymous_5)
FNDA:0,(anonymous_6)
FNDA:0,(anonymous_7)
DA:1,3
DA:2,3
DA:4,3
DA:5,3
DA:8,3
DA:17,3
DA:21,0
DA:29,0
DA:43,0
LF:9
LH:6
BRF:0
BRH:0
end_of_record
TN:
SF:apps\api\src\modules\question-pool\services\question-pool.service.ts
FN:7,(anonymous_2)
FN:11,(anonymous_3)
FNF:2
FNH:1
FNDA:3,(anonymous_2)
FNDA:0,(anonymous_3)
DA:1,3
DA:3,3
DA:6,3
DA:8,3
DA:16,0
LF:5
LH:4
BRF:0
BRH:0
end_of_record
TN:
SF:apps\api\src\modules\tests\repositories\test-config.repository.ts
FN:13,(anonymous_4)
FN:20,(anonymous_5)
FN:24,(anonymous_6)
FNF:3
FNH:1
FNDA:3,(anonymous_4)
FNDA:0,(anonymous_5)
FNDA:0,(anonymous_6)
DA:1,3
DA:2,3
DA:4,3
DA:5,3
DA:8,3
DA:17,3
DA:21,0
DA:27,0
LF:8
LH:6
BRF:0
BRH:0
end_of_record
TN:
SF:apps\api\src\prisma\prisma.module.ts
FNF:0
FNH:0
DA:1,3
DA:3,3
DA:10,3
LF:3
LH:3
BRF:0
BRH:0
end_of_record
TN:
SF:apps\api\src\prisma\prisma.service.ts
FN:7,(anonymous_1)
FNF:1
FNH:1
FNDA:3,(anonymous_1)
DA:1,11
DA:2,11
DA:5,11
DA:8,3
LF:4
LH:4
BRF:0
BRH:0
end_of_record
TN:
SF:packages\contracts\dist\ai.js
FNF:0
FNH:0
DA:2,3
DA:3,3
DA:4,3
DA:5,3
DA:14,3
LF:5
LH:5
BRF:0
BRH:0
end_of_record
TN:
SF:packages\contracts\dist\assembly-provider.dto.js
FNF:0
FNH:0
DA:2,3
LF:1
LH:1
BRF:0
BRH:0
end_of_record
TN:
SF:packages\contracts\dist\blueprint-config.dto.js
FN:51,(anonymous_0)
FNF:1
FNH:0
FNDA:0,(anonymous_0)
DA:2,3
DA:3,3
DA:4,3
DA:5,3
DA:27,3
DA:28,3
DA:37,3
DA:38,3
DA:51,0
DA:64,3
LF:10
LH:9
BRF:0
BRH:0
end_of_record
TN:
SF:packages\contracts\dist\blueprint.dto.js
FNF:0
FNH:0
DA:2,3
LF:1
LH:1
BRF:0
BRH:0
end_of_record
TN:
SF:packages\contracts\dist\candidate-question.dto.js
FNF:0
FNH:0
DA:2,3
LF:1
LH:1
BRF:0
BRH:0
end_of_record
TN:
SF:packages\contracts\dist\compilation.js
FNF:0
FNH:0
DA:2,3
LF:1
LH:1
BRF:0
BRH:0
end_of_record
TN:
SF:packages\contracts\dist\concept-mapping.dto.js
FNF:0
FNH:0
DA:2,3
LF:1
LH:1
BRF:0
BRH:0
end_of_record
TN:
SF:packages\contracts\dist\dashboard.dto.js
FNF:0
FNH:0
DA:11,3
LF:1
LH:1
BRF:0
BRH:0
end_of_record
TN:
SF:packages\contracts\dist\errors.js
FN:5,(anonymous_0)
FN:14,(anonymous_1)
FN:24,(anonymous_2)
FN:30,(anonymous_3)
FN:36,(anonymous_4)
FN:42,(anonymous_5)
FNF:6
FNH:1
FNDA:3,(anonymous_0)
FNDA:0,(anonymous_1)
FNDA:0,(anonymous_2)
FNDA:0,(anonymous_3)
FNDA:0,(anonymous_4)
FNDA:0,(anonymous_5)
DA:2,3
DA:3,3
DA:5,3
DA:6,3
DA:7,3
DA:8,3
DA:9,3
DA:15,0
DA:16,0
DA:17,0
DA:18,0
DA:19,0
DA:22,3
DA:25,0
DA:28,3
DA:31,0
DA:34,3
DA:37,0
DA:40,3
DA:43,0
DA:46,3
LF:21
LH:12
BRDA:10,0,0,3
BRDA:10,0,1,3
BRF:2
BRH:2
end_of_record
TN:
SF:packages\contracts\dist\evaluation.js
FN:14,(anonymous_0)
FN:26,(anonymous_1)
FNF:2
FNH:0
FNDA:0,(anonymous_0)
FNDA:0,(anonymous_1)
DA:2,3
DA:3,3
DA:4,3
DA:5,3
DA:9,3
DA:15,0
DA:16,0
DA:17,0
DA:20,3
DA:27,0
DA:28,0
DA:29,0
LF:12
LH:6
BRDA:15,0,0,0
BRDA:15,0,1,0
BRDA:15,1,0,0
BRDA:15,1,1,0
BRDA:27,2,0,0
BRDA:27,2,1,0
BRDA:27,3,0,0
BRDA:27,3,1,0
BRF:8
BRH:0
end_of_record
TN:
SF:packages\contracts\dist\exam-config.dto.js
FNF:0
FNH:0
DA:2,3
LF:1
LH:1
BRF:0
BRH:0
end_of_record
TN:
SF:packages\contracts\dist\exam-section.dto.js
FNF:0
FNH:0
DA:2,3
LF:1
LH:1
BRF:0
BRH:0
end_of_record
TN:
SF:packages\contracts\dist\execution-ready.dto.js
FNF:0
FNH:0
DA:8,3
LF:1
LH:1
BRF:0
BRH:0
end_of_record
TN:
SF:packages\contracts\dist\generated-question.dto.js
FNF:0
FNH:0
DA:2,3
LF:1
LH:1
BRF:0
BRH:0
end_of_record
TN:
SF:packages\contracts\dist\generation.js
FNF:0
FNH:0
DA:2,3
DA:3,3
DA:4,3
DA:5,3
DA:11,3
DA:16,3
DA:28,3
DA:32,3
DA:38,3
LF:9
LH:9
BRF:0
BRH:0
end_of_record
TN:
SF:packages\contracts\dist\index.js
FN:2,(anonymous_0)
FN:6,(anonymous_1)
FN:9,(anonymous_2)
FN:13,(anonymous_3)
FN:19,(anonymous_4)
FN:20,(anonymous_5)
FN:21,(anonymous_6)
FN:22,(anonymous_7)
FN:23,(anonymous_8)
FN:24,(anonymous_9)
FNF:10
FNH:3
FNDA:231,(anonymous_0)
FNDA:6,(anonymous_1)
FNDA:0,(anonymous_2)
FNDA:114,(anonymous_3)
FNDA:0,(anonymous_4)
FNDA:0,(anonymous_5)
FNDA:0,(anonymous_6)
FNDA:0,(anonymous_7)
FNDA:0,(anonymous_8)
FNDA:0,(anonymous_9)
DA:2,3
DA:3,231
DA:4,231
DA:5,231
DA:6,231
DA:8,231
DA:10,0
DA:11,0
DA:13,3
DA:14,231
DA:16,3
DA:17,3
DA:18,3
DA:19,3
DA:20,3
DA:21,3
DA:22,3
DA:23,3
DA:24,3
DA:25,3
DA:26,3
DA:27,3
DA:28,3
DA:29,3
DA:30,3
DA:31,3
DA:33,3
DA:34,3
DA:35,3
DA:36,3
DA:37,3
DA:39,3
DA:40,3
DA:41,3
DA:42,3
DA:43,3
DA:44,3
DA:46,3
DA:47,3
DA:48,3
DA:49,3
DA:51,3
DA:52,3
DA:54,3
DA:55,3
DA:56,3
DA:57,3
DA:59,3
DA:60,3
DA:62,3
DA:64,3
DA:66,3
DA:68,3
DA:70,3
DA:72,3
DA:73,3
DA:75,3
LF:57
LH:55
BRDA:2,0,0,3
BRDA:2,0,1,3
BRDA:2,0,2,3
BRDA:2,1,0,3
BRDA:2,1,1,0
BRDA:3,2,0,231
BRDA:3,2,1,0
BRDA:5,3,0,231
BRDA:5,3,1,0
BRDA:5,4,0,231
BRDA:5,4,1,231
BRDA:5,5,0,0
BRDA:5,5,1,231
BRDA:5,6,0,231
BRDA:5,6,1,0
BRDA:10,7,0,0
BRDA:10,7,1,0
BRDA:13,8,0,3
BRDA:13,8,1,3
BRDA:13,8,2,3
BRDA:14,9,0,231
BRDA:14,9,1,0
BRDA:14,10,0,231
BRDA:14,10,1,231
BRF:24
BRH:16
end_of_record
TN:
SF:packages\contracts\dist\question-pool.dto.js
FNF:0
FNH:0
DA:2,3
LF:1
LH:1
BRF:0
BRH:0
end_of_record
TN:
SF:packages\contracts\dist\question-validation-helpers.js
FN:14,validateTemplate
FN:21,validateGeneratedQuestion
FN:28,validateQuestionValidation
FN:35,validateQuestionPool
FN:42,validateCandidateQuestion
FNF:5
FNH:0
FNDA:0,validateTemplate
FNDA:0,validateGeneratedQuestion
FNDA:0,validateQuestionValidation
FNDA:0,validateQuestionPool
FNDA:0,validateCandidateQuestion
DA:2,3
DA:3,3
DA:4,3
DA:5,3
DA:6,3
DA:7,3
DA:8,3
DA:9,3
DA:10,3
DA:11,3
DA:12,3
DA:13,3
DA:15,0
DA:16,0
DA:17,0
DA:19,0
DA:22,0
DA:23,0
DA:24,0
DA:26,0
DA:29,0
DA:30,0
DA:31,0
DA:33,0
DA:36,0
DA:37,0
DA:38,0
DA:40,0
DA:43,0
DA:44,0
DA:45,0
DA:47,0
LF:32
LH:12
BRDA:16,0,0,0
BRDA:16,0,1,0
BRDA:23,1,0,0
BRDA:23,1,1,0
BRDA:30,2,0,0
BRDA:30,2,1,0
BRDA:37,3,0,0
BRDA:37,3,1,0
BRDA:44,4,0,0
BRDA:44,4,1,0
BRF:10
BRH:0
end_of_record
TN:
SF:packages\contracts\dist\question-validation.dto.js
FNF:0
FNH:0
DA:2,3
LF:1
LH:1
BRF:0
BRH:0
end_of_record
TN:
SF:packages\contracts\dist\queue.js
FNF:0
FNH:0
DA:2,3
DA:3,3
DA:4,3
DA:5,3
DA:6,3
LF:5
LH:5
BRF:0
BRH:0
end_of_record
TN:
SF:packages\contracts\dist\recommendation.js
FNF:0
FNH:0
DA:2,3
DA:3,3
DA:4,3
DA:5,3
DA:12,3
LF:5
LH:5
BRF:0
BRH:0
end_of_record
TN:
SF:packages\contracts\dist\style-profile.dto.js
FNF:0
FNH:0
DA:2,3
LF:1
LH:1
BRF:0
BRH:0
end_of_record
TN:
SF:packages\contracts\dist\template.dto.js
FNF:0
FNH:0
DA:2,3
LF:1
LH:1
BRF:0
BRH:0
end_of_record
TN:
SF:packages\contracts\dist\topic.dto.js
FNF:0
FNH:0
DA:2,3
LF:1
LH:1
BRF:0
BRH:0
end_of_record
TN:
SF:packages\contracts\dist\worker.js
FNF:0
FNH:0
DA:2,3
DA:3,3
DA:4,3
DA:5,3
LF:4
LH:4
BRF:0
BRH:0
end_of_record
TN:
SF:packages\contracts\dist\schemas\assembly-provider.schema.js
FN:17,(anonymous_0)
FNF:1
FNH:0
FNDA:0,(anonymous_0)
DA:2,3
DA:3,3
DA:4,3
DA:5,3
DA:18,0
DA:19,0
DA:20,0
DA:21,0
DA:26,3
DA:35,3
DA:41,3
DA:47,3
LF:12
LH:8
BRDA:18,0,0,0
BRDA:18,0,1,0
BRDA:19,1,0,0
BRDA:19,1,1,0
BRDA:20,2,0,0
BRDA:20,2,1,0
BRF:6
BRH:0
end_of_record
TN:
SF:packages\contracts\dist\schemas\blueprint.schema.js
FNF:0
FNH:0
DA:2,3
DA:3,3
DA:4,3
DA:5,3
DA:12,3
DA:17,3
DA:24,3
LF:7
LH:7
BRF:0
BRH:0
end_of_record
TN:
SF:packages\contracts\dist\schemas\candidate-question.schema.js
FN:16,(anonymous_0)
FNF:1
FNH:0
FNDA:0,(anonymous_0)
DA:2,3
DA:3,3
DA:4,3
DA:5,3
DA:17,0
DA:18,0
DA:19,0
DA:25,0
DA:26,0
LF:9
LH:4
BRDA:17,0,0,0
BRDA:17,0,1,0
BRDA:18,1,0,0
BRDA:18,1,1,0
BRDA:25,2,0,0
BRDA:25,2,1,0
BRF:6
BRH:0
end_of_record
TN:
SF:packages\contracts\dist\schemas\concept-mapping.schema.js
FN:6,(anonymous_0)
FNF:1
FNH:1
FNDA:3,(anonymous_0)
DA:2,3
DA:3,3
DA:4,3
DA:6,3
DA:7,3
DA:8,3
DA:10,3
DA:27,3
DA:28,3
DA:29,3
DA:39,3
DA:41,3
DA:45,3
DA:46,3
DA:47,3
DA:51,3
LF:16
LH:16
BRDA:9,0,0,3
BRDA:9,0,1,3
BRF:2
BRH:2
end_of_record
TN:
SF:packages\contracts\dist\schemas\exam-config.schema.js
FNF:0
FNH:0
DA:2,3
DA:3,3
DA:4,3
DA:5,3
DA:29,3
DA:30,3
LF:6
LH:6
BRF:0
BRH:0
end_of_record
TN:
SF:packages\contracts\dist\schemas\exam-section.schema.js
FNF:0
FNH:0
DA:2,3
DA:3,3
DA:4,3
DA:5,3
DA:28,3
DA:29,3
LF:6
LH:6
BRF:0
BRH:0
end_of_record
TN:
SF:packages\contracts\dist\schemas\generated-question.schema.js
FN:20,(anonymous_0)
FNF:1
FNH:0
FNDA:0,(anonymous_0)
DA:2,3
DA:3,3
DA:4,3
DA:5,3
DA:21,0
DA:22,0
DA:23,0
DA:29,0
DA:30,0
LF:9
LH:4
BRDA:21,0,0,0
BRDA:21,0,1,0
BRDA:22,1,0,0
BRDA:22,1,1,0
BRDA:29,2,0,0
BRDA:29,2,1,0
BRF:6
BRH:0
end_of_record
TN:
SF:packages\contracts\dist\schemas\question-pool.schema.js
FN:13,(anonymous_0)
FNF:1
FNH:0
FNDA:0,(anonymous_0)
DA:2,3
DA:3,3
DA:4,3
DA:5,3
DA:6,3
DA:13,0
LF:6
LH:5
BRF:0
BRH:0
end_of_record
TN:
SF:packages\contracts\dist\schemas\question-validation.schema.js
FN:18,(anonymous_0)
FNF:1
FNH:0
FNDA:0,(anonymous_0)
DA:2,3
DA:3,3
DA:4,3
DA:5,3
DA:9,3
DA:18,0
LF:6
LH:5
BRF:0
BRH:0
end_of_record
TN:
SF:packages\contracts\dist\schemas\readiness.schema.js
FNF:0
FNH:0
DA:2,3
DA:3,3
DA:4,3
DA:5,3
DA:6,3
DA:11,3
LF:6
LH:6
BRF:0
BRH:0
end_of_record
TN:
SF:packages\contracts\dist\schemas\style-profile.schema.js
FNF:0
FNH:0
DA:2,3
DA:3,3
DA:4,3
DA:5,3
DA:9,3
LF:5
LH:5
BRF:0
BRH:0
end_of_record
TN:
SF:packages\contracts\dist\schemas\system-validation.schema.js
FNF:0
FNH:0
DA:2,3
DA:3,3
DA:4,3
DA:5,3
LF:4
LH:4
BRF:0
BRH:0
end_of_record
TN:
SF:packages\contracts\dist\schemas\template.schema.js
FNF:0
FNH:0
DA:2,3
DA:3,3
DA:4,3
DA:5,3
LF:4
LH:4
BRF:0
BRH:0
end_of_record
TN:
SF:packages\contracts\dist\schemas\topic-section.schema.js
FNF:0
FNH:0
DA:2,3
DA:3,3
DA:4,3
DA:5,3
DA:8,3
DA:14,3
DA:18,3
DA:22,3
DA:25,3
DA:33,3
LF:10
LH:10
BRF:0
BRH:0
end_of_record
TN:
SF:packages\contracts\dist\schemas\topic.schema.js
FN:6,(anonymous_0)
FNF:1
FNH:1
FNDA:3,(anonymous_0)
DA:2,3
DA:3,3
DA:4,3
DA:6,3
DA:7,3
DA:8,3
DA:10,3
DA:27,3
DA:28,3
DA:29,3
DA:38,3
LF:11
LH:11
BRDA:9,0,0,3
BRDA:9,0,1,3
BRF:2
BRH:2
end_of_record
TN:
SF:packages\shared-logger\src\index.ts
FNF:0
FNH:0
DA:1,6
DA:2,6
LF:2
LH:2
BRF:0
BRH:0
end_of_record
TN:
SF:packages\shared-logger\src\logger.ts
FN:24,(anonymous_1)
FN:59,(anonymous_2)
FN:63,(anonymous_3)
FN:67,(anonymous_4)
FN:71,(anonymous_5)
FN:85,(anonymous_6)
FN:89,(anonymous_7)
FN:93,(anonymous_8)
FN:97,(anonymous_9)
FN:111,(anonymous_10)
FN:115,(anonymous_11)
FN:119,(anonymous_12)
FNF:12
FNH:3
FNDA:5,(anonymous_1)
FNDA:0,(anonymous_2)
FNDA:2,(anonymous_3)
FNDA:0,(anonymous_4)
FNDA:0,(anonymous_5)
FNDA:0,(anonymous_6)
FNDA:2,(anonymous_7)
FNDA:0,(anonymous_8)
FNDA:0,(anonymous_9)
FNDA:0,(anonymous_10)
FNDA:0,(anonymous_11)
FNDA:0,(anonymous_12)
DA:1,6
DA:2,6
DA:3,6
DA:20,6
DA:22,5
DA:26,5
DA:28,5
DA:60,0
DA:64,2
DA:68,0
DA:77,0
DA:82,0
DA:86,0
DA:90,2
DA:94,0
DA:103,0
DA:108,0
DA:112,0
DA:116,0
DA:120,0
LF:20
LH:9
BRDA:26,0,0,5
BRDA:26,0,1,5
BRDA:30,1,0,5
BRDA:30,1,1,5
BRDA:46,2,0,0
BRDA:46,2,1,5
BRDA:77,3,0,0
BRDA:77,3,1,0
BRDA:79,4,0,0
BRDA:79,4,1,0
BRDA:79,5,0,0
BRDA:79,5,1,0
BRDA:103,6,0,0
BRDA:103,6,1,0
BRDA:105,7,0,0
BRDA:105,7,1,0
BRDA:105,8,0,0
BRDA:105,8,1,0
BRF:18
BRH:5
end_of_record
TN:
SF:packages\shared-logger\src\request-context.ts
FN:12,getRequestContext
FNF:1
FNH:1
FNDA:2,getRequestContext
DA:1,6
DA:9,6
DA:12,6
DA:13,2
LF:4
LH:4
BRF:0
BRH:0
end_of_record
TN:
SF:packages\shared\dist\index.js
FN:2,(anonymous_0)
FN:6,(anonymous_1)
FN:9,(anonymous_2)
FN:13,(anonymous_3)
FNF:4
FNH:2
FNDA:540,(anonymous_0)
FNDA:0,(anonymous_1)
FNDA:0,(anonymous_2)
FNDA:39,(anonymous_3)
DA:2,3
DA:3,540
DA:4,540
DA:5,540
DA:6,0
DA:8,540
DA:10,0
DA:11,0
DA:13,3
DA:14,540
DA:16,3
DA:17,3
DA:18,3
DA:19,3
DA:20,3
DA:21,3
DA:22,3
DA:23,3
DA:24,3
DA:25,3
DA:26,3
DA:27,3
DA:28,3
DA:29,3
LF:24
LH:21
BRDA:2,0,0,3
BRDA:2,0,1,3
BRDA:2,0,2,3
BRDA:2,1,0,3
BRDA:2,1,1,0
BRDA:3,2,0,540
BRDA:3,2,1,0
BRDA:5,3,0,0
BRDA:5,3,1,540
BRDA:5,4,0,540
BRDA:5,4,1,540
BRDA:5,5,0,540
BRDA:5,5,1,0
BRDA:5,6,0,0
BRDA:5,6,1,0
BRDA:10,7,0,0
BRDA:10,7,1,0
BRDA:13,8,0,3
BRDA:13,8,1,3
BRDA:13,8,2,3
BRDA:14,9,0,540
BRDA:14,9,1,0
BRDA:14,10,0,540
BRDA:14,10,1,540
BRF:24
BRH:15
end_of_record
TN:
SF:packages\shared\dist\constants\api.constants.js
FNF:0
FNH:0
DA:2,3
DA:3,3
DA:4,3
LF:3
LH:3
BRF:0
BRH:0
end_of_record
TN:
SF:packages\shared\dist\constants\exam-config.js
FNF:0
FNH:0
DA:2,3
DA:3,3
DA:4,3
LF:3
LH:3
BRF:0
BRH:0
end_of_record
TN:
SF:packages\shared\dist\constants\index.js
FN:2,(anonymous_0)
FN:6,(anonymous_1)
FN:9,(anonymous_2)
FN:13,(anonymous_3)
FNF:4
FNH:2
FNDA:12,(anonymous_0)
FNDA:0,(anonymous_1)
FNDA:0,(anonymous_2)
FNDA:12,(anonymous_3)
DA:2,3
DA:3,12
DA:4,12
DA:5,12
DA:6,12
DA:8,12
DA:10,0
DA:11,0
DA:13,3
DA:14,12
DA:16,3
DA:17,3
DA:18,3
DA:19,3
DA:20,3
LF:15
LH:13
BRDA:2,0,0,3
BRDA:2,0,1,3
BRDA:2,0,2,3
BRDA:2,1,0,3
BRDA:2,1,1,0
BRDA:3,2,0,12
BRDA:3,2,1,0
BRDA:5,3,0,12
BRDA:5,3,1,0
BRDA:5,4,0,12
BRDA:5,4,1,12
BRDA:5,5,0,0
BRDA:5,5,1,12
BRDA:5,6,0,12
BRDA:5,6,1,0
BRDA:10,7,0,0
BRDA:10,7,1,0
BRDA:13,8,0,3
BRDA:13,8,1,3
BRDA:13,8,2,3
BRDA:14,9,0,12
BRDA:14,9,1,0
BRDA:14,10,0,12
BRDA:14,10,1,12
BRF:24
BRH:16
end_of_record
TN:
SF:packages\shared\dist\constants\queue.constants.js
FNF:0
FNH:0
DA:2,3
DA:3,3
DA:4,3
LF:3
LH:3
BRF:0
BRH:0
end_of_record
TN:
SF:packages\shared\dist\constants\validation.constants.js
FNF:0
FNH:0
DA:2,3
DA:3,3
DA:4,3
LF:3
LH:3
BRF:0
BRH:0
end_of_record
TN:
SF:packages\shared\dist\contracts\index.js
FN:2,(anonymous_0)
FN:6,(anonymous_1)
FN:9,(anonymous_2)
FN:13,(anonymous_3)
FNF:4
FNH:2
FNDA:27,(anonymous_0)
FNDA:0,(anonymous_1)
FNDA:0,(anonymous_2)
FNDA:15,(anonymous_3)
DA:2,3
DA:3,27
DA:4,27
DA:5,27
DA:6,3
DA:8,27
DA:10,0
DA:11,0
DA:13,3
DA:14,27
DA:16,3
DA:17,3
DA:18,3
DA:19,3
DA:20,3
DA:21,3
LF:16
LH:14
BRDA:2,0,0,3
BRDA:2,0,1,3
BRDA:2,0,2,3
BRDA:2,1,0,3
BRDA:2,1,1,0
BRDA:3,2,0,27
BRDA:3,2,1,0
BRDA:5,3,0,3
BRDA:5,3,1,24
BRDA:5,4,0,27
BRDA:5,4,1,27
BRDA:5,5,0,24
BRDA:5,5,1,3
BRDA:5,6,0,3
BRDA:5,6,1,0
BRDA:10,7,0,0
BRDA:10,7,1,0
BRDA:13,8,0,3
BRDA:13,8,1,3
BRDA:13,8,2,3
BRDA:14,9,0,27
BRDA:14,9,1,0
BRDA:14,10,0,27
BRDA:14,10,1,27
BRF:24
BRH:18
end_of_record
TN:
SF:packages\shared\dist\contracts\assembly\assembly-analytics.contract.js
FNF:0
FNH:0
DA:2,3
LF:1
LH:1
BRF:0
BRH:0
end_of_record
TN:
SF:packages\shared\dist\contracts\assembly\assembly-response.contract.js
FNF:0
FNH:0
DA:2,3
LF:1
LH:1
BRF:0
BRH:0
end_of_record
TN:
SF:packages\shared\dist\contracts\assembly\assembly-version.contract.js
FNF:0
FNH:0
DA:2,3
LF:1
LH:1
BRF:0
BRH:0
end_of_record
TN:
SF:packages\shared\dist\contracts\assembly\index.js
FN:2,(anonymous_0)
FN:6,(anonymous_1)
FN:9,(anonymous_2)
FN:13,(anonymous_3)
FNF:4
FNH:1
FNDA:0,(anonymous_0)
FNDA:0,(anonymous_1)
FNDA:0,(anonymous_2)
FNDA:15,(anonymous_3)
DA:2,3
DA:3,0
DA:4,0
DA:5,0
DA:6,0
DA:8,0
DA:10,0
DA:11,0
DA:13,3
DA:14,15
DA:16,3
DA:17,3
DA:18,3
DA:19,3
DA:20,3
DA:21,3
LF:16
LH:9
BRDA:2,0,0,3
BRDA:2,0,1,3
BRDA:2,0,2,3
BRDA:2,1,0,3
BRDA:2,1,1,0
BRDA:3,2,0,0
BRDA:3,2,1,0
BRDA:5,3,0,0
BRDA:5,3,1,0
BRDA:5,4,0,0
BRDA:5,4,1,0
BRDA:5,5,0,0
BRDA:5,5,1,0
BRDA:5,6,0,0
BRDA:5,6,1,0
BRDA:10,7,0,0
BRDA:10,7,1,0
BRDA:13,8,0,3
BRDA:13,8,1,3
BRDA:13,8,2,3
BRDA:14,9,0,0
BRDA:14,9,1,0
BRDA:14,10,0,0
BRDA:14,10,1,0
BRF:24
BRH:7
end_of_record
TN:
SF:packages\shared\dist\contracts\assembly\publish-assembly.contract.js
FNF:0
FNH:0
DA:2,3
LF:1
LH:1
BRF:0
BRH:0
end_of_record
TN:
SF:packages\shared\dist\contracts\assembly\save-assembly.contract.js
FNF:0
FNH:0
DA:2,3
LF:1
LH:1
BRF:0
BRH:0
end_of_record
TN:
SF:packages\shared\dist\contracts\common\api-response.js
FNF:0
FNH:0
DA:2,3
DA:3,3
DA:4,3
DA:5,3
LF:4
LH:4
BRF:0
BRH:0
end_of_record
TN:
SF:packages\shared\dist\contracts\difficulty-distribution\difficulty-distribution-response.contract.js
FNF:0
FNH:0
DA:2,3
DA:3,3
DA:4,3
DA:5,3
LF:4
LH:4
BRF:0
BRH:0
end_of_record
TN:
SF:packages\shared\dist\contracts\difficulty-distribution\index.js
FN:2,(anonymous_0)
FN:6,(anonymous_1)
FN:9,(anonymous_2)
FN:13,(anonymous_3)
FNF:4
FNH:2
FNDA:6,(anonymous_0)
FNDA:0,(anonymous_1)
FNDA:0,(anonymous_2)
FNDA:6,(anonymous_3)
DA:2,3
DA:3,6
DA:4,6
DA:5,6
DA:6,6
DA:8,6
DA:10,0
DA:11,0
DA:13,3
DA:14,6
DA:16,3
DA:17,3
DA:18,3
LF:13
LH:11
BRDA:2,0,0,3
BRDA:2,0,1,3
BRDA:2,0,2,3
BRDA:2,1,0,3
BRDA:2,1,1,0
BRDA:3,2,0,6
BRDA:3,2,1,0
BRDA:5,3,0,6
BRDA:5,3,1,0
BRDA:5,4,0,6
BRDA:5,4,1,6
BRDA:5,5,0,0
BRDA:5,5,1,6
BRDA:5,6,0,6
BRDA:5,6,1,0
BRDA:10,7,0,0
BRDA:10,7,1,0
BRDA:13,8,0,3
BRDA:13,8,1,3
BRDA:13,8,2,3
BRDA:14,9,0,6
BRDA:14,9,1,0
BRDA:14,10,0,6
BRDA:14,10,1,6
BRF:24
BRH:16
end_of_record
TN:
SF:packages\shared\dist\contracts\difficulty-distribution\update-difficulty-distribution.contract.js
FNF:0
FNH:0
DA:2,3
DA:3,3
DA:4,3
DA:5,3
LF:4
LH:4
BRF:0
BRH:0
end_of_record
TN:
SF:packages\shared\dist\contracts\exam-config\create-exam-config.contract.js
FNF:0
FNH:0
DA:2,3
DA:3,3
DA:4,3
DA:5,3
LF:4
LH:4
BRF:0
BRH:0
end_of_record
TN:
SF:packages\shared\dist\contracts\exam-config\exam-config-response.contract.js
FNF:0
FNH:0
DA:2,3
DA:3,3
DA:4,3
DA:5,3
DA:20,3
LF:5
LH:5
BRF:0
BRH:0
end_of_record
TN:
SF:packages\shared\dist\contracts\exam-config\index.js
FN:2,(anonymous_0)
FN:6,(anonymous_1)
FN:9,(anonymous_2)
FN:13,(anonymous_3)
FNF:4
FNH:2
FNDA:12,(anonymous_0)
FNDA:0,(anonymous_1)
FNDA:0,(anonymous_2)
FNDA:9,(anonymous_3)
DA:2,3
DA:3,12
DA:4,12
DA:5,12
DA:6,12
DA:8,12
DA:10,0
DA:11,0
DA:13,3
DA:14,12
DA:16,3
DA:17,3
DA:18,3
DA:19,3
LF:14
LH:12
BRDA:2,0,0,3
BRDA:2,0,1,3
BRDA:2,0,2,3
BRDA:2,1,0,3
BRDA:2,1,1,0
BRDA:3,2,0,12
BRDA:3,2,1,0
BRDA:5,3,0,12
BRDA:5,3,1,0
BRDA:5,4,0,12
BRDA:5,4,1,12
BRDA:5,5,0,0
BRDA:5,5,1,12
BRDA:5,6,0,12
BRDA:5,6,1,0
BRDA:10,7,0,0
BRDA:10,7,1,0
BRDA:13,8,0,3
BRDA:13,8,1,3
BRDA:13,8,2,3
BRDA:14,9,0,12
BRDA:14,9,1,0
BRDA:14,10,0,12
BRDA:14,10,1,12
BRF:24
BRH:16
end_of_record
TN:
SF:packages\shared\dist\contracts\exam-config\update-exam-config.contract.js
FNF:0
FNH:0
DA:2,3
DA:3,3
DA:4,3
DA:5,3
DA:6,3
LF:5
LH:5
BRF:0
BRH:0
end_of_record
TN:
SF:packages\shared\dist\contracts\rule-flags\index.js
FN:2,(anonymous_0)
FN:6,(anonymous_1)
FN:9,(anonymous_2)
FN:13,(anonymous_3)
FNF:4
FNH:2
FNDA:6,(anonymous_0)
FNDA:0,(anonymous_1)
FNDA:0,(anonymous_2)
FNDA:6,(anonymous_3)
DA:2,3
DA:3,6
DA:4,6
DA:5,6
DA:6,6
DA:8,6
DA:10,0
DA:11,0
DA:13,3
DA:14,6
DA:16,3
DA:17,3
DA:18,3
LF:13
LH:11
BRDA:2,0,0,3
BRDA:2,0,1,3
BRDA:2,0,2,3
BRDA:2,1,0,3
BRDA:2,1,1,0
BRDA:3,2,0,6
BRDA:3,2,1,0
BRDA:5,3,0,6
BRDA:5,3,1,0
BRDA:5,4,0,6
BRDA:5,4,1,6
BRDA:5,5,0,0
BRDA:5,5,1,6
BRDA:5,6,0,6
BRDA:5,6,1,0
BRDA:10,7,0,0
BRDA:10,7,1,0
BRDA:13,8,0,3
BRDA:13,8,1,3
BRDA:13,8,2,3
BRDA:14,9,0,6
BRDA:14,9,1,0
BRDA:14,10,0,6
BRDA:14,10,1,6
BRF:24
BRH:16
end_of_record
TN:
SF:packages\shared\dist\contracts\rule-flags\rule-flags-response.contract.js
FNF:0
FNH:0
DA:2,3
DA:3,3
DA:4,3
DA:5,3
LF:4
LH:4
BRF:0
BRH:0
end_of_record
TN:
SF:packages\shared\dist\contracts\rule-flags\update-rule-flags.contract.js
FNF:0
FNH:0
DA:2,3
DA:3,3
DA:4,3
DA:5,3
LF:4
LH:4
BRF:0
BRH:0
end_of_record
TN:
SF:packages\shared\dist\contracts\v1\api.contract.js
FNF:0
FNH:0
DA:2,3
LF:1
LH:1
BRF:0
BRH:0
end_of_record
TN:
SF:packages\shared\dist\contracts\v1\index.js
FN:2,(anonymous_0)
FN:6,(anonymous_1)
FN:9,(anonymous_2)
FN:13,(anonymous_3)
FNF:4
FNH:1
FNDA:0,(anonymous_0)
FNDA:0,(anonymous_1)
FNDA:0,(anonymous_2)
FNDA:3,(anonymous_3)
DA:2,3
DA:3,0
DA:4,0
DA:5,0
DA:6,0
DA:8,0
DA:10,0
DA:11,0
DA:13,3
DA:14,3
DA:16,3
DA:17,3
LF:12
LH:5
BRDA:2,0,0,3
BRDA:2,0,1,3
BRDA:2,0,2,3
BRDA:2,1,0,3
BRDA:2,1,1,0
BRDA:3,2,0,0
BRDA:3,2,1,0
BRDA:5,3,0,0
BRDA:5,3,1,0
BRDA:5,4,0,0
BRDA:5,4,1,0
BRDA:5,5,0,0
BRDA:5,5,1,0
BRDA:5,6,0,0
BRDA:5,6,1,0
BRDA:10,7,0,0
BRDA:10,7,1,0
BRDA:13,8,0,3
BRDA:13,8,1,3
BRDA:13,8,2,3
BRDA:14,9,0,0
BRDA:14,9,1,0
BRDA:14,10,0,0
BRDA:14,10,1,0
BRF:24
BRH:7
end_of_record
TN:
SF:packages\shared\dist\dto\assembled-test.dto.js
FNF:0
FNH:0
DA:2,3
LF:1
LH:1
BRF:0
BRH:0
end_of_record
TN:
SF:packages\shared\dist\dto\assembly-validation-report.dto.js
FN:2,(anonymous_0)
FN:8,(anonymous_1)
FNF:2
FNH:2
FNDA:24,(anonymous_0)
FNDA:24,(anonymous_1)
DA:2,3
DA:3,24
DA:4,24
DA:5,0
DA:6,24
DA:8,3
DA:9,24
DA:11,3
DA:12,3
DA:13,3
DA:37,3
DA:38,3
DA:42,3
DA:46,3
DA:50,3
DA:54,3
DA:58,3
DA:62,3
DA:66,3
LF:19
LH:18
BRDA:2,0,0,3
BRDA:2,0,1,3
BRDA:2,0,2,3
BRDA:3,1,0,0
BRDA:3,1,1,24
BRDA:3,2,0,0
BRDA:3,2,1,24
BRDA:4,3,0,24
BRDA:4,3,1,0
BRDA:4,4,0,24
BRDA:4,4,1,24
BRDA:5,5,0,0
BRDA:5,5,1,0
BRDA:5,6,0,0
BRDA:5,6,1,0
BRDA:5,7,0,0
BRDA:5,7,1,0
BRDA:5,8,0,0
BRDA:5,8,1,0
BRDA:6,9,0,24
BRDA:6,9,1,24
BRDA:6,9,2,0
BRDA:8,10,0,3
BRDA:8,10,1,3
BRDA:8,10,2,3
BRDA:9,11,0,24
BRDA:9,11,1,0
BRDA:9,12,0,24
BRDA:9,12,1,24
BRF:29
BRH:16
end_of_record
TN:
SF:packages\shared\dist\dto\assembly-validation-result.dto.js
FNF:0
FNH:0
DA:2,3
LF:1
LH:1
BRF:0
BRH:0
end_of_record
TN:
SF:packages\shared\dist\dto\auth.dto.js
FN:2,(anonymous_0)
FN:8,(anonymous_1)
FN:18,(anonymous_2)
FN:38,(anonymous_3)
FN:67,(anonymous_4)
FNF:5
FNH:2
FNDA:18,(anonymous_0)
FNDA:18,(anonymous_1)
FNDA:0,(anonymous_2)
FNDA:0,(anonymous_3)
FNDA:0,(anonymous_4)
DA:2,3
DA:3,18
DA:4,18
DA:5,0
DA:6,18
DA:8,3
DA:9,18
DA:11,3
DA:12,3
DA:13,3
DA:14,3
DA:19,0
DA:22,3
DA:23,3
DA:30,3
DA:39,0
DA:42,3
DA:43,3
DA:50,3
DA:57,3
DA:68,0
DA:71,3
DA:72,3
LF:23
LH:19
BRDA:2,0,0,3
BRDA:2,0,1,3
BRDA:2,0,2,3
BRDA:3,1,0,0
BRDA:3,1,1,18
BRDA:3,2,0,0
BRDA:3,2,1,18
BRDA:4,3,0,18
BRDA:4,3,1,0
BRDA:4,4,0,18
BRDA:4,4,1,18
BRDA:5,5,0,0
BRDA:5,5,1,0
BRDA:5,6,0,0
BRDA:5,6,1,0
BRDA:5,7,0,0
BRDA:5,7,1,0
BRDA:5,8,0,0
BRDA:5,8,1,0
BRDA:6,9,0,18
BRDA:6,9,1,18
BRDA:6,9,2,0
BRDA:8,10,0,3
BRDA:8,10,1,3
BRDA:8,10,2,3
BRDA:9,11,0,18
BRDA:9,11,1,0
BRDA:9,12,0,18
BRDA:9,12,1,18
BRF:29
BRH:16
end_of_record
TN:
SF:packages\shared\dist\dto\blueprint-config.dto.js
FN:2,(anonymous_0)
FN:8,(anonymous_1)
FNF:2
FNH:2
FNDA:57,(anonymous_0)
FNDA:57,(anonymous_1)
DA:2,3
DA:3,57
DA:4,57
DA:5,0
DA:6,57
DA:8,3
DA:9,57
DA:11,3
DA:12,3
DA:13,3
DA:22,3
DA:23,3
DA:27,3
DA:31,3
DA:35,3
DA:39,3
DA:43,3
DA:55,3
DA:56,3
DA:60,3
DA:64,3
DA:68,3
DA:72,3
DA:76,3
DA:89,3
DA:90,3
DA:94,3
DA:98,3
DA:102,3
DA:106,3
DA:110,3
DA:114,3
LF:32
LH:31
BRDA:2,0,0,3
BRDA:2,0,1,3
BRDA:2,0,2,3
BRDA:3,1,0,0
BRDA:3,1,1,57
BRDA:3,2,0,0
BRDA:3,2,1,57
BRDA:4,3,0,57
BRDA:4,3,1,0
BRDA:4,4,0,57
BRDA:4,4,1,57
BRDA:5,5,0,0
BRDA:5,5,1,0
BRDA:5,6,0,0
BRDA:5,6,1,0
BRDA:5,7,0,0
BRDA:5,7,1,0
BRDA:5,8,0,0
BRDA:5,8,1,0
BRDA:6,9,0,57
BRDA:6,9,1,57
BRDA:6,9,2,0
BRDA:8,10,0,3
BRDA:8,10,1,3
BRDA:8,10,2,3
BRDA:9,11,0,57
BRDA:9,11,1,0
BRDA:9,12,0,57
BRDA:9,12,1,57
BRF:29
BRH:16
end_of_record
TN:
SF:packages\shared\dist\dto\blueprint.dto.js
FN:2,(anonymous_0)
FN:8,(anonymous_1)
FN:19,(anonymous_2)
FN:83,(anonymous_3)
FNF:4
FNH:2
FNDA:15,(anonymous_0)
FNDA:15,(anonymous_1)
FNDA:0,(anonymous_2)
FNDA:0,(anonymous_3)
DA:2,3
DA:3,15
DA:4,15
DA:5,0
DA:6,15
DA:8,3
DA:9,15
DA:11,3
DA:12,3
DA:13,3
DA:14,3
DA:20,0
DA:23,3
DA:24,3
DA:28,3
DA:32,3
DA:84,0
DA:87,3
DA:88,3
DA:92,3
LF:20
LH:17
BRDA:2,0,0,3
BRDA:2,0,1,3
BRDA:2,0,2,3
BRDA:3,1,0,0
BRDA:3,1,1,15
BRDA:3,2,0,0
BRDA:3,2,1,15
BRDA:4,3,0,15
BRDA:4,3,1,0
BRDA:4,4,0,15
BRDA:4,4,1,15
BRDA:5,5,0,0
BRDA:5,5,1,0
BRDA:5,6,0,0
BRDA:5,6,1,0
BRDA:5,7,0,0
BRDA:5,7,1,0
BRDA:5,8,0,0
BRDA:5,8,1,0
BRDA:6,9,0,15
BRDA:6,9,1,15
BRDA:6,9,2,0
BRDA:8,10,0,3
BRDA:8,10,1,3
BRDA:8,10,2,3
BRDA:9,11,0,15
BRDA:9,11,1,0
BRDA:9,12,0,15
BRDA:9,12,1,15
BRF:29
BRH:16
end_of_record
TN:
SF:packages\shared\dist\dto\common.dto.js
FN:8,(anonymous_0)
FNF:1
FNH:0
FNDA:0,(anonymous_0)
DA:2,3
DA:3,3
DA:4,3
DA:9,0
DA:12,3
LF:5
LH:4
BRF:0
BRH:0
end_of_record
TN:
SF:packages\shared\dist\dto\concept-mapping.dto.js
FN:2,(anonymous_0)
FN:8,(anonymous_1)
FN:23,(anonymous_2)
FN:56,(anonymous_3)
FNF:4
FNH:2
FNDA:27,(anonymous_0)
FNDA:27,(anonymous_1)
FNDA:0,(anonymous_2)
FNDA:0,(anonymous_3)
DA:2,3
DA:3,27
DA:4,27
DA:5,0
DA:6,27
DA:8,3
DA:9,27
DA:11,3
DA:12,3
DA:13,3
DA:14,3
DA:24,0
DA:27,3
DA:28,3
DA:32,3
DA:36,3
DA:43,3
DA:57,0
DA:60,3
DA:61,3
DA:65,3
DA:69,3
DA:73,3
DA:77,3
LF:24
LH:21
BRDA:2,0,0,3
BRDA:2,0,1,3
BRDA:2,0,2,3
BRDA:3,1,0,0
BRDA:3,1,1,27
BRDA:3,2,0,0
BRDA:3,2,1,27
BRDA:4,3,0,27
BRDA:4,3,1,0
BRDA:4,4,0,27
BRDA:4,4,1,27
BRDA:5,5,0,0
BRDA:5,5,1,0
BRDA:5,6,0,0
BRDA:5,6,1,0
BRDA:5,7,0,0
BRDA:5,7,1,0
BRDA:5,8,0,0
BRDA:5,8,1,0
BRDA:6,9,0,27
BRDA:6,9,1,27
BRDA:6,9,2,0
BRDA:8,10,0,3
BRDA:8,10,1,3
BRDA:8,10,2,3
BRDA:9,11,0,27
BRDA:9,11,1,0
BRDA:9,12,0,27
BRDA:9,12,1,27
BRF:29
BRH:16
end_of_record
TN:
SF:packages\shared\dist\dto\difficulty-distribution.dto.js
FN:2,(anonymous_0)
FN:8,(anonymous_1)
FN:19,(anonymous_2)
FNF:3
FNH:2
FNDA:9,(anonymous_0)
FNDA:9,(anonymous_1)
FNDA:0,(anonymous_2)
DA:2,3
DA:3,9
DA:4,9
DA:5,0
DA:6,9
DA:8,3
DA:9,9
DA:11,3
DA:12,3
DA:13,3
DA:14,3
DA:20,0
DA:23,3
DA:24,3
DA:28,3
DA:32,3
LF:16
LH:14
BRDA:2,0,0,3
BRDA:2,0,1,3
BRDA:2,0,2,3
BRDA:3,1,0,0
BRDA:3,1,1,9
BRDA:3,2,0,0
BRDA:3,2,1,9
BRDA:4,3,0,9
BRDA:4,3,1,0
BRDA:4,4,0,9
BRDA:4,4,1,9
BRDA:5,5,0,0
BRDA:5,5,1,0
BRDA:5,6,0,0
BRDA:5,6,1,0
BRDA:5,7,0,0
BRDA:5,7,1,0
BRDA:5,8,0,0
BRDA:5,8,1,0
BRDA:6,9,0,9
BRDA:6,9,1,9
BRDA:6,9,2,0
BRDA:8,10,0,3
BRDA:8,10,1,3
BRDA:8,10,2,3
BRDA:9,11,0,9
BRDA:9,11,1,0
BRDA:9,12,0,9
BRDA:9,12,1,9
BRF:29
BRH:16
end_of_record
TN:
SF:packages\shared\dist\dto\exam-config.dto.js
FN:2,(anonymous_0)
FN:8,(anonymous_1)
FN:22,(anonymous_2)
FN:62,(anonymous_3)
FNF:4
FNH:2
FNDA:42,(anonymous_0)
FNDA:42,(anonymous_1)
FNDA:0,(anonymous_2)
FNDA:0,(anonymous_3)
DA:2,3
DA:3,42
DA:4,42
DA:5,0
DA:6,42
DA:8,3
DA:9,42
DA:11,3
DA:12,3
DA:13,3
DA:14,3
DA:23,0
DA:26,3
DA:27,3
DA:31,3
DA:35,3
DA:39,3
DA:45,3
DA:49,3
DA:63,0
DA:66,3
DA:67,3
DA:71,3
DA:75,3
DA:79,3
DA:83,3
DA:87,3
DA:91,3
DA:98,3
LF:29
LH:26
BRDA:2,0,0,3
BRDA:2,0,1,3
BRDA:2,0,2,3
BRDA:3,1,0,0
BRDA:3,1,1,42
BRDA:3,2,0,0
BRDA:3,2,1,42
BRDA:4,3,0,42
BRDA:4,3,1,0
BRDA:4,4,0,42
BRDA:4,4,1,42
BRDA:5,5,0,0
BRDA:5,5,1,0
BRDA:5,6,0,0
BRDA:5,6,1,0
BRDA:5,7,0,0
BRDA:5,7,1,0
BRDA:5,8,0,0
BRDA:5,8,1,0
BRDA:6,9,0,42
BRDA:6,9,1,42
BRDA:6,9,2,0
BRDA:8,10,0,3
BRDA:8,10,1,3
BRDA:8,10,2,3
BRDA:9,11,0,42
BRDA:9,11,1,0
BRDA:9,12,0,42
BRDA:9,12,1,42
BRF:29
BRH:16
end_of_record
TN:
SF:packages\shared\dist\dto\exam-section.dto.js
FN:2,(anonymous_0)
FN:8,(anonymous_1)
FN:22,(anonymous_2)
FN:58,(anonymous_3)
FNF:4
FNH:2
FNDA:39,(anonymous_0)
FNDA:39,(anonymous_1)
FNDA:0,(anonymous_2)
FNDA:0,(anonymous_3)
DA:2,3
DA:3,39
DA:4,39
DA:5,0
DA:6,39
DA:8,3
DA:9,39
DA:11,3
DA:12,3
DA:13,3
DA:14,3
DA:23,0
DA:26,3
DA:27,3
DA:31,3
DA:35,3
DA:39,3
DA:43,3
DA:47,3
DA:59,0
DA:62,3
DA:63,3
DA:67,3
DA:71,3
DA:75,3
DA:79,3
DA:83,3
DA:87,3
DA:91,3
DA:92,3
LF:30
LH:27
BRDA:2,0,0,3
BRDA:2,0,1,3
BRDA:2,0,2,3
BRDA:3,1,0,0
BRDA:3,1,1,39
BRDA:3,2,0,0
BRDA:3,2,1,39
BRDA:4,3,0,39
BRDA:4,3,1,0
BRDA:4,4,0,39
BRDA:4,4,1,39
BRDA:5,5,0,0
BRDA:5,5,1,0
BRDA:5,6,0,0
BRDA:5,6,1,0
BRDA:5,7,0,0
BRDA:5,7,1,0
BRDA:5,8,0,0
BRDA:5,8,1,0
BRDA:6,9,0,39
BRDA:6,9,1,39
BRDA:6,9,2,0
BRDA:8,10,0,3
BRDA:8,10,1,3
BRDA:8,10,2,3
BRDA:9,11,0,39
BRDA:9,11,1,0
BRDA:9,12,0,39
BRDA:9,12,1,39
BRF:29
BRH:16
end_of_record
TN:
SF:packages\shared\dist\dto\generate-question.dto.js
FN:2,(anonymous_0)
FN:8,(anonymous_1)
FN:20,(anonymous_2)
FNF:3
FNH:2
FNDA:9,(anonymous_0)
FNDA:9,(anonymous_1)
FNDA:0,(anonymous_2)
DA:2,3
DA:3,9
DA:4,9
DA:5,0
DA:6,9
DA:8,3
DA:9,9
DA:11,3
DA:12,3
DA:13,3
DA:14,3
DA:15,3
DA:21,0
DA:24,3
DA:25,3
DA:32,3
DA:40,3
LF:17
LH:15
BRDA:2,0,0,3
BRDA:2,0,1,3
BRDA:2,0,2,3
BRDA:3,1,0,0
BRDA:3,1,1,9
BRDA:3,2,0,0
BRDA:3,2,1,9
BRDA:4,3,0,9
BRDA:4,3,1,0
BRDA:4,4,0,9
BRDA:4,4,1,9
BRDA:5,5,0,0
BRDA:5,5,1,0
BRDA:5,6,0,0
BRDA:5,6,1,0
BRDA:5,7,0,0
BRDA:5,7,1,0
BRDA:5,8,0,0
BRDA:5,8,1,0
BRDA:6,9,0,9
BRDA:6,9,1,9
BRDA:6,9,2,0
BRDA:8,10,0,3
BRDA:8,10,1,3
BRDA:8,10,2,3
BRDA:9,11,0,9
BRDA:9,11,1,0
BRDA:9,12,0,9
BRDA:9,12,1,9
BRF:29
BRH:16
end_of_record
TN:
SF:packages\shared\dist\dto\generate-test-request.dto.js
FN:2,(anonymous_0)
FN:8,(anonymous_1)
FNF:2
FNH:2
FNDA:3,(anonymous_0)
FNDA:3,(anonymous_1)
DA:2,3
DA:3,3
DA:4,3
DA:5,0
DA:6,3
DA:8,3
DA:9,3
DA:11,3
DA:12,3
DA:13,3
DA:14,3
DA:15,3
DA:16,3
DA:22,3
DA:23,3
LF:15
LH:14
BRDA:2,0,0,3
BRDA:2,0,1,3
BRDA:2,0,2,3
BRDA:3,1,0,0
BRDA:3,1,1,3
BRDA:3,2,0,0
BRDA:3,2,1,3
BRDA:4,3,0,3
BRDA:4,3,1,0
BRDA:4,4,0,3
BRDA:4,4,1,3
BRDA:5,5,0,0
BRDA:5,5,1,0
BRDA:5,6,0,0
BRDA:5,6,1,0
BRDA:5,7,0,0
BRDA:5,7,1,0
BRDA:5,8,0,0
BRDA:5,8,1,0
BRDA:6,9,0,3
BRDA:6,9,1,3
BRDA:6,9,2,0
BRDA:8,10,0,3
BRDA:8,10,1,3
BRDA:8,10,2,3
BRDA:9,11,0,3
BRDA:9,11,1,0
BRDA:9,12,0,3
BRDA:9,12,1,3
BRF:29
BRH:16
end_of_record
TN:
SF:packages\shared\dist\dto\index.js
FN:2,(anonymous_0)
FN:6,(anonymous_1)
FN:9,(anonymous_2)
FN:13,(anonymous_3)
FNF:4
FNH:3
FNDA:198,(anonymous_0)
FNDA:15,(anonymous_1)
FNDA:0,(anonymous_2)
FNDA:78,(anonymous_3)
DA:2,3
DA:3,198
DA:4,198
DA:5,198
DA:6,198
DA:8,198
DA:10,0
DA:11,0
DA:13,3
DA:14,198
DA:16,3
DA:17,3
DA:18,3
DA:19,3
DA:20,3
DA:21,3
DA:22,3
DA:23,3
DA:24,3
DA:25,3
DA:26,3
DA:27,3
DA:28,3
DA:29,3
DA:30,3
DA:31,3
DA:32,3
DA:33,3
DA:34,3
DA:35,3
DA:36,3
DA:37,3
DA:38,3
DA:39,3
DA:40,3
DA:41,3
DA:42,3
LF:37
LH:35
BRDA:2,0,0,3
BRDA:2,0,1,3
BRDA:2,0,2,3
BRDA:2,1,0,3
BRDA:2,1,1,0
BRDA:3,2,0,198
BRDA:3,2,1,0
BRDA:5,3,0,198
BRDA:5,3,1,0
BRDA:5,4,0,198
BRDA:5,4,1,198
BRDA:5,5,0,0
BRDA:5,5,1,198
BRDA:5,6,0,198
BRDA:5,6,1,0
BRDA:10,7,0,0
BRDA:10,7,1,0
BRDA:13,8,0,3
BRDA:13,8,1,3
BRDA:13,8,2,3
BRDA:14,9,0,198
BRDA:14,9,1,0
BRDA:14,10,0,198
BRDA:14,10,1,198
BRF:24
BRH:16
end_of_record
TN:
SF:packages\shared\dist\dto\preview-test-response.dto.js
FN:2,(anonymous_0)
FN:8,(anonymous_1)
FNF:2
FNH:2
FNDA:57,(anonymous_0)
FNDA:57,(anonymous_1)
DA:2,3
DA:3,57
DA:4,57
DA:5,0
DA:6,57
DA:8,3
DA:9,57
DA:11,3
DA:12,3
DA:13,3
DA:18,3
DA:19,3
DA:23,3
DA:33,3
DA:34,3
DA:38,3
DA:42,3
DA:46,3
DA:53,3
DA:54,3
DA:60,3
DA:61,3
DA:70,3
DA:71,3
DA:75,3
DA:79,3
DA:89,3
DA:90,3
DA:94,3
DA:98,3
DA:102,3
DA:111,3
DA:112,3
DA:116,3
DA:120,3
DA:126,3
DA:127,3
LF:37
LH:36
BRDA:2,0,0,3
BRDA:2,0,1,3
BRDA:2,0,2,3
BRDA:3,1,0,0
BRDA:3,1,1,57
BRDA:3,2,0,0
BRDA:3,2,1,57
BRDA:4,3,0,57
BRDA:4,3,1,0
BRDA:4,4,0,57
BRDA:4,4,1,57
BRDA:5,5,0,0
BRDA:5,5,1,0
BRDA:5,6,0,0
BRDA:5,6,1,0
BRDA:5,7,0,0
BRDA:5,7,1,0
BRDA:5,8,0,0
BRDA:5,8,1,0
BRDA:6,9,0,57
BRDA:6,9,1,57
BRDA:6,9,2,0
BRDA:8,10,0,3
BRDA:8,10,1,3
BRDA:8,10,2,3
BRDA:9,11,0,57
BRDA:9,11,1,0
BRDA:9,12,0,57
BRDA:9,12,1,57
BRF:29
BRH:16
end_of_record
TN:
SF:packages\shared\dist\dto\readiness.dto.js
FN:2,(anonymous_0)
FN:8,(anonymous_1)
FN:38,(anonymous_2)
FNF:3
FNH:2
FNDA:21,(anonymous_0)
FNDA:21,(anonymous_1)
FNDA:0,(anonymous_2)
DA:2,3
DA:3,21
DA:4,21
DA:5,0
DA:6,21
DA:8,3
DA:9,21
DA:11,3
DA:12,3
DA:13,3
DA:14,3
DA:20,3
DA:21,3
DA:25,3
DA:29,3
DA:39,0
DA:42,3
DA:43,3
DA:47,3
DA:54,3
DA:58,3
LF:21
LH:19
BRDA:2,0,0,3
BRDA:2,0,1,3
BRDA:2,0,2,3
BRDA:3,1,0,0
BRDA:3,1,1,21
BRDA:3,2,0,0
BRDA:3,2,1,21
BRDA:4,3,0,21
BRDA:4,3,1,0
BRDA:4,4,0,21
BRDA:4,4,1,21
BRDA:5,5,0,0
BRDA:5,5,1,0
BRDA:5,6,0,0
BRDA:5,6,1,0
BRDA:5,7,0,0
BRDA:5,7,1,0
BRDA:5,8,0,0
BRDA:5,8,1,0
BRDA:6,9,0,21
BRDA:6,9,1,21
BRDA:6,9,2,0
BRDA:8,10,0,3
BRDA:8,10,1,3
BRDA:8,10,2,3
BRDA:9,11,0,21
BRDA:9,11,1,0
BRDA:9,12,0,21
BRDA:9,12,1,21
BRF:29
BRH:16
end_of_record
TN:
SF:packages\shared\dist\dto\results.dto.js
FNF:0
FNH:0
DA:2,3
DA:3,3
DA:4,3
DA:7,3
LF:4
LH:4
BRF:0
BRH:0
end_of_record
TN:
SF:packages\shared\dist\dto\rule-flags.dto.js
FN:2,(anonymous_0)
FN:8,(anonymous_1)
FN:22,(anonymous_2)
FNF:3
FNH:2
FNDA:18,(anonymous_0)
FNDA:18,(anonymous_1)
FNDA:0,(anonymous_2)
DA:2,3
DA:3,18
DA:4,18
DA:5,0
DA:6,18
DA:8,3
DA:9,18
DA:11,3
DA:12,3
DA:13,3
DA:14,3
DA:23,0
DA:26,3
DA:27,3
DA:31,3
DA:35,3
DA:39,3
DA:43,3
DA:47,3
LF:19
LH:17
BRDA:2,0,0,3
BRDA:2,0,1,3
BRDA:2,0,2,3
BRDA:3,1,0,0
BRDA:3,1,1,18
BRDA:3,2,0,0
BRDA:3,2,1,18
BRDA:4,3,0,18
BRDA:4,3,1,0
BRDA:4,4,0,18
BRDA:4,4,1,18
BRDA:5,5,0,0
BRDA:5,5,1,0
BRDA:5,6,0,0
BRDA:5,6,1,0
BRDA:5,7,0,0
BRDA:5,7,1,0
BRDA:5,8,0,0
BRDA:5,8,1,0
BRDA:6,9,0,18
BRDA:6,9,1,18
BRDA:6,9,2,0
BRDA:8,10,0,3
BRDA:8,10,1,3
BRDA:8,10,2,3
BRDA:9,11,0,18
BRDA:9,11,1,0
BRDA:9,12,0,18
BRDA:9,12,1,18
BRF:29
BRH:16
end_of_record
TN:
SF:packages\shared\dist\dto\solution-template.dto.js
FN:2,(anonymous_0)
FN:8,(anonymous_1)
FN:33,(anonymous_2)
FN:55,(anonymous_3)
FN:78,(anonymous_4)
FNF:5
FNH:2
FNDA:57,(anonymous_0)
FNDA:57,(anonymous_1)
FNDA:0,(anonymous_2)
FNDA:0,(anonymous_3)
FNDA:0,(anonymous_4)
DA:2,3
DA:3,57
DA:4,57
DA:5,0
DA:6,57
DA:8,3
DA:9,57
DA:11,3
DA:12,3
DA:13,3
DA:14,3
DA:16,3
DA:20,3
DA:24,3
DA:34,0
DA:37,3
DA:38,3
DA:45,3
DA:56,0
DA:59,3
DA:60,3
DA:67,3
DA:79,0
DA:82,3
DA:83,3
DA:90,3
DA:97,3
DA:112,3
DA:113,3
DA:120,3
DA:124,3
DA:131,3
DA:138,3
DA:145,3
DA:160,3
DA:161,3
DA:168,3
DA:172,3
DA:179,3
DA:190,3
DA:197,3
LF:41
LH:37
BRDA:2,0,0,3
BRDA:2,0,1,3
BRDA:2,0,2,3
BRDA:3,1,0,0
BRDA:3,1,1,57
BRDA:3,2,0,0
BRDA:3,2,1,57
BRDA:4,3,0,57
BRDA:4,3,1,0
BRDA:4,4,0,57
BRDA:4,4,1,57
BRDA:5,5,0,0
BRDA:5,5,1,0
BRDA:5,6,0,0
BRDA:5,6,1,0
BRDA:5,7,0,0
BRDA:5,7,1,0
BRDA:5,8,0,0
BRDA:5,8,1,0
BRDA:6,9,0,57
BRDA:6,9,1,57
BRDA:6,9,2,0
BRDA:8,10,0,3
BRDA:8,10,1,3
BRDA:8,10,2,3
BRDA:9,11,0,57
BRDA:9,11,1,0
BRDA:9,12,0,57
BRDA:9,12,1,57
BRF:29
BRH:16
end_of_record
TN:
SF:packages\shared\dist\dto\style-profile.dto.js
FN:2,(anonymous_0)
FN:8,(anonymous_1)
FN:21,(anonymous_2)
FN:70,(anonymous_3)
FNF:4
FNH:2
FNDA:30,(anonymous_0)
FNDA:30,(anonymous_1)
FNDA:0,(anonymous_2)
FNDA:0,(anonymous_3)
DA:2,3
DA:3,30
DA:4,30
DA:5,0
DA:6,30
DA:8,3
DA:9,30
DA:11,3
DA:12,3
DA:13,3
DA:14,3
DA:22,0
DA:25,3
DA:26,3
DA:30,3
DA:36,3
DA:43,3
DA:60,3
DA:71,0
DA:74,3
DA:75,3
DA:79,3
DA:83,3
DA:90,3
DA:107,3
LF:25
LH:22
BRDA:2,0,0,3
BRDA:2,0,1,3
BRDA:2,0,2,3
BRDA:3,1,0,0
BRDA:3,1,1,30
BRDA:3,2,0,0
BRDA:3,2,1,30
BRDA:4,3,0,30
BRDA:4,3,1,0
BRDA:4,4,0,30
BRDA:4,4,1,30
BRDA:5,5,0,0
BRDA:5,5,1,0
BRDA:5,6,0,0
BRDA:5,6,1,0
BRDA:5,7,0,0
BRDA:5,7,1,0
BRDA:5,8,0,0
BRDA:5,8,1,0
BRDA:6,9,0,30
BRDA:6,9,1,30
BRDA:6,9,2,0
BRDA:8,10,0,3
BRDA:8,10,1,3
BRDA:8,10,2,3
BRDA:9,11,0,30
BRDA:9,11,1,0
BRDA:9,12,0,30
BRDA:9,12,1,30
BRF:29
BRH:16
end_of_record
TN:
SF:packages\shared\dist\dto\template-rule.dto.js
FN:2,(anonymous_0)
FN:8,(anonymous_1)
FN:27,(anonymous_2)
FN:50,(anonymous_3)
FNF:4
FNH:2
FNDA:12,(anonymous_0)
FNDA:12,(anonymous_1)
FNDA:0,(anonymous_2)
FNDA:0,(anonymous_3)
DA:2,3
DA:3,12
DA:4,12
DA:5,0
DA:6,12
DA:8,3
DA:9,12
DA:11,3
DA:12,3
DA:13,3
DA:14,3
DA:15,3
DA:16,3
DA:20,3
DA:28,0
DA:31,3
DA:32,3
DA:40,3
DA:51,0
DA:54,3
DA:55,3
DA:63,3
LF:22
LH:19
BRDA:2,0,0,3
BRDA:2,0,1,3
BRDA:2,0,2,3
BRDA:3,1,0,0
BRDA:3,1,1,12
BRDA:3,2,0,0
BRDA:3,2,1,12
BRDA:4,3,0,12
BRDA:4,3,1,0
BRDA:4,4,0,12
BRDA:4,4,1,12
BRDA:5,5,0,0
BRDA:5,5,1,0
BRDA:5,6,0,0
BRDA:5,6,1,0
BRDA:5,7,0,0
BRDA:5,7,1,0
BRDA:5,8,0,0
BRDA:5,8,1,0
BRDA:6,9,0,12
BRDA:6,9,1,12
BRDA:6,9,2,0
BRDA:8,10,0,3
BRDA:8,10,1,3
BRDA:8,10,2,3
BRDA:9,11,0,12
BRDA:9,11,1,0
BRDA:9,12,0,12
BRDA:9,12,1,12
BRF:29
BRH:16
end_of_record
TN:
SF:packages\shared\dist\dto\template-validation.dto.js
FN:2,(anonymous_0)
FN:8,(anonymous_1)
FN:24,(anonymous_2)
FN:39,(anonymous_3)
FNF:4
FNH:2
FNDA:9,(anonymous_0)
FNDA:9,(anonymous_1)
FNDA:0,(anonymous_2)
FNDA:0,(anonymous_3)
DA:2,3
DA:3,9
DA:4,9
DA:5,0
DA:6,9
DA:8,3
DA:9,9
DA:11,3
DA:12,3
DA:13,3
DA:14,3
DA:15,3
DA:18,3
DA:25,0
DA:28,3
DA:29,3
DA:40,0
DA:43,3
DA:44,3
DA:48,3
LF:20
LH:17
BRDA:2,0,0,3
BRDA:2,0,1,3
BRDA:2,0,2,3
BRDA:3,1,0,0
BRDA:3,1,1,9
BRDA:3,2,0,0
BRDA:3,2,1,9
BRDA:4,3,0,9
BRDA:4,3,1,0
BRDA:4,4,0,9
BRDA:4,4,1,9
BRDA:5,5,0,0
BRDA:5,5,1,0
BRDA:5,6,0,0
BRDA:5,6,1,0
BRDA:5,7,0,0
BRDA:5,7,1,0
BRDA:5,8,0,0
BRDA:5,8,1,0
BRDA:6,9,0,9
BRDA:6,9,1,9
BRDA:6,9,2,0
BRDA:8,10,0,3
BRDA:8,10,1,3
BRDA:8,10,2,3
BRDA:9,11,0,9
BRDA:9,11,1,0
BRDA:9,12,0,9
BRDA:9,12,1,9
BRF:29
BRH:16
end_of_record
TN:
SF:packages\shared\dist\dto\template-variable.dto.js
FN:2,(anonymous_0)
FN:8,(anonymous_1)
FN:44,(anonymous_2)
FN:77,(anonymous_3)
FNF:4
FNH:2
FNDA:24,(anonymous_0)
FNDA:24,(anonymous_1)
FNDA:0,(anonymous_2)
FNDA:0,(anonymous_3)
DA:2,3
DA:3,24
DA:4,24
DA:5,0
DA:6,24
DA:8,3
DA:9,24
DA:11,3
DA:12,3
DA:13,3
DA:14,3
DA:15,3
DA:16,3
DA:28,3
DA:45,0
DA:48,3
DA:49,3
DA:53,3
DA:61,3
DA:68,3
DA:78,0
DA:81,3
DA:82,3
DA:89,3
DA:97,3
DA:104,3
LF:26
LH:23
BRDA:2,0,0,3
BRDA:2,0,1,3
BRDA:2,0,2,3
BRDA:3,1,0,0
BRDA:3,1,1,24
BRDA:3,2,0,0
BRDA:3,2,1,24
BRDA:4,3,0,24
BRDA:4,3,1,0
BRDA:4,4,0,24
BRDA:4,4,1,24
BRDA:5,5,0,0
BRDA:5,5,1,0
BRDA:5,6,0,0
BRDA:5,6,1,0
BRDA:5,7,0,0
BRDA:5,7,1,0
BRDA:5,8,0,0
BRDA:5,8,1,0
BRDA:6,9,0,24
BRDA:6,9,1,24
BRDA:6,9,2,0
BRDA:8,10,0,3
BRDA:8,10,1,3
BRDA:8,10,2,3
BRDA:9,11,0,24
BRDA:9,11,1,0
BRDA:9,12,0,24
BRDA:9,12,1,24
BRF:29
BRH:16
end_of_record
TN:
SF:packages\shared\dist\dto\template.dto.js
FN:2,(anonymous_0)
FN:8,(anonymous_1)
FN:18,(anonymous_2)
FN:58,(anonymous_3)
FN:136,(anonymous_4)
FNF:5
FNH:3
FNDA:60,(anonymous_0)
FNDA:60,(anonymous_1)
FNDA:3,(anonymous_2)
FNDA:0,(anonymous_3)
FNDA:0,(anonymous_4)
DA:2,3
DA:3,60
DA:4,60
DA:5,0
DA:6,60
DA:8,3
DA:9,60
DA:11,3
DA:12,3
DA:13,3
DA:14,3
DA:18,3
DA:19,3
DA:20,3
DA:21,3
DA:24,3
DA:37,3
DA:59,0
DA:62,3
DA:63,3
DA:70,3
DA:77,3
DA:85,3
DA:92,3
DA:99,3
DA:106,3
DA:113,3
DA:120,3
DA:137,0
DA:140,3
DA:141,3
DA:148,3
DA:155,3
DA:163,3
DA:170,3
DA:177,3
DA:184,3
DA:191,3
DA:203,3
DA:204,3
DA:208,3
DA:215,3
LF:42
LH:39
BRDA:2,0,0,3
BRDA:2,0,1,3
BRDA:2,0,2,3
BRDA:3,1,0,0
BRDA:3,1,1,60
BRDA:3,2,0,0
BRDA:3,2,1,60
BRDA:4,3,0,60
BRDA:4,3,1,0
BRDA:4,4,0,60
BRDA:4,4,1,60
BRDA:5,5,0,0
BRDA:5,5,1,0
BRDA:5,6,0,0
BRDA:5,6,1,0
BRDA:5,7,0,0
BRDA:5,7,1,0
BRDA:5,8,0,0
BRDA:5,8,1,0
BRDA:6,9,0,60
BRDA:6,9,1,60
BRDA:6,9,2,0
BRDA:8,10,0,3
BRDA:8,10,1,3
BRDA:8,10,2,3
BRDA:9,11,0,60
BRDA:9,11,1,0
BRDA:9,12,0,60
BRDA:9,12,1,60
BRDA:22,13,0,3
BRDA:22,13,1,3
BRF:31
BRH:18
end_of_record
TN:
SF:packages\shared\dist\dto\topic-weightage.dto.js
FN:2,(anonymous_0)
FN:8,(anonymous_1)
FNF:2
FNH:2
FNDA:9,(anonymous_0)
FNDA:9,(anonymous_1)
DA:2,3
DA:3,9
DA:4,9
DA:5,0
DA:6,9
DA:8,3
DA:9,9
DA:11,3
DA:12,3
DA:13,3
DA:14,3
DA:19,3
DA:20,3
DA:29,3
DA:44,3
DA:45,3
LF:16
LH:15
BRDA:2,0,0,3
BRDA:2,0,1,3
BRDA:2,0,2,3
BRDA:3,1,0,0
BRDA:3,1,1,9
BRDA:3,2,0,0
BRDA:3,2,1,9
BRDA:4,3,0,9
BRDA:4,3,1,0
BRDA:4,4,0,9
BRDA:4,4,1,9
BRDA:5,5,0,0
BRDA:5,5,1,0
BRDA:5,6,0,0
BRDA:5,6,1,0
BRDA:5,7,0,0
BRDA:5,7,1,0
BRDA:5,8,0,0
BRDA:5,8,1,0
BRDA:6,9,0,9
BRDA:6,9,1,9
BRDA:6,9,2,0
BRDA:8,10,0,3
BRDA:8,10,1,3
BRDA:8,10,2,3
BRDA:9,11,0,9
BRDA:9,11,1,0
BRDA:9,12,0,9
BRDA:9,12,1,9
BRF:29
BRH:16
end_of_record
TN:
SF:packages\shared\dist\dto\topic.dto.js
FN:2,(anonymous_0)
FN:8,(anonymous_1)
FN:20,(anonymous_2)
FN:48,(anonymous_3)
FNF:4
FNH:2
FNDA:24,(anonymous_0)
FNDA:24,(anonymous_1)
FNDA:0,(anonymous_2)
FNDA:0,(anonymous_3)
DA:2,3
DA:3,24
DA:4,24
DA:5,0
DA:6,24
DA:8,3
DA:9,24
DA:11,3
DA:12,3
DA:13,3
DA:14,3
DA:21,0
DA:24,3
DA:25,3
DA:29,3
DA:33,3
DA:39,3
DA:49,0
DA:52,3
DA:53,3
DA:57,3
DA:61,3
DA:65,3
LF:23
LH:20
BRDA:2,0,0,3
BRDA:2,0,1,3
BRDA:2,0,2,3
BRDA:3,1,0,0
BRDA:3,1,1,24
BRDA:3,2,0,0
BRDA:3,2,1,24
BRDA:4,3,0,24
BRDA:4,3,1,0
BRDA:4,4,0,24
BRDA:4,4,1,24
BRDA:5,5,0,0
BRDA:5,5,1,0
BRDA:5,6,0,0
BRDA:5,6,1,0
BRDA:5,7,0,0
BRDA:5,7,1,0
BRDA:5,8,0,0
BRDA:5,8,1,0
BRDA:6,9,0,24
BRDA:6,9,1,24
BRDA:6,9,2,0
BRDA:8,10,0,3
BRDA:8,10,1,3
BRDA:8,10,2,3
BRDA:9,11,0,24
BRDA:9,11,1,0
BRDA:9,12,0,24
BRDA:9,12,1,24
BRF:29
BRH:16
end_of_record
TN:
SF:packages\shared\dist\dto\user.dto.js
FN:2,(anonymous_0)
FN:8,(anonymous_1)
FN:17,(anonymous_2)
FNF:3
FNH:2
FNDA:3,(anonymous_0)
FNDA:3,(anonymous_1)
FNDA:0,(anonymous_2)
DA:2,3
DA:3,3
DA:4,3
DA:5,0
DA:6,3
DA:8,3
DA:9,3
DA:11,3
DA:12,3
DA:13,3
DA:14,3
DA:18,0
DA:21,3
DA:22,3
LF:14
LH:12
BRDA:2,0,0,3
BRDA:2,0,1,3
BRDA:2,0,2,3
BRDA:3,1,0,0
BRDA:3,1,1,3
BRDA:3,2,0,0
BRDA:3,2,1,3
BRDA:4,3,0,3
BRDA:4,3,1,0
BRDA:4,4,0,3
BRDA:4,4,1,3
BRDA:5,5,0,0
BRDA:5,5,1,0
BRDA:5,6,0,0
BRDA:5,6,1,0
BRDA:5,7,0,0
BRDA:5,7,1,0
BRDA:5,8,0,0
BRDA:5,8,1,0
BRDA:6,9,0,3
BRDA:6,9,1,3
BRDA:6,9,2,0
BRDA:8,10,0,3
BRDA:8,10,1,3
BRDA:8,10,2,3
BRDA:9,11,0,3
BRDA:9,11,1,0
BRDA:9,12,0,3
BRDA:9,12,1,3
BRF:29
BRH:16
end_of_record
TN:
SF:packages\shared\dist\enums\ai-model.enum.js
FN:5,(anonymous_0)
FNF:1
FNH:1
FNDA:3,(anonymous_0)
DA:2,3
DA:3,3
DA:5,3
DA:6,3
DA:7,3
DA:8,3
LF:6
LH:6
BRDA:9,0,0,3
BRDA:9,0,1,3
BRF:2
BRH:2
end_of_record
TN:
SF:packages\shared\dist\enums\difficulty.enum.js
FN:5,(anonymous_0)
FNF:1
FNH:1
FNDA:3,(anonymous_0)
DA:2,3
DA:3,3
DA:5,3
DA:6,3
DA:7,3
DA:8,3
LF:6
LH:6
BRDA:9,0,0,3
BRDA:9,0,1,3
BRF:2
BRH:2
end_of_record
TN:
SF:packages\shared\dist\enums\event.enum.js
FN:5,(anonymous_0)
FNF:1
FNH:1
FNDA:3,(anonymous_0)
DA:2,3
DA:3,3
DA:5,3
DA:6,3
DA:7,3
DA:8,3
DA:9,3
LF:7
LH:7
BRDA:10,0,0,3
BRDA:10,0,1,3
BRF:2
BRH:2
end_of_record
TN:
SF:packages\shared\dist\enums\global.enum.js
FN:5,(anonymous_0)
FN:13,(anonymous_1)
FNF:2
FNH:2
FNDA:3,(anonymous_0)
FNDA:3,(anonymous_1)
DA:2,3
DA:3,3
DA:5,3
DA:6,3
DA:7,3
DA:8,3
DA:9,3
DA:10,3
DA:13,3
DA:14,3
DA:15,3
DA:16,3
LF:12
LH:12
BRDA:11,0,0,3
BRDA:11,0,1,3
BRDA:17,1,0,3
BRDA:17,1,1,3
BRF:4
BRH:4
end_of_record
TN:
SF:packages\shared\dist\enums\index.js
FN:2,(anonymous_0)
FN:6,(anonymous_1)
FN:9,(anonymous_2)
FN:13,(anonymous_3)
FNF:4
FNH:2
FNDA:27,(anonymous_0)
FNDA:0,(anonymous_1)
FNDA:0,(anonymous_2)
FNDA:18,(anonymous_3)
DA:2,3
DA:3,27
DA:4,27
DA:5,27
DA:6,27
DA:8,27
DA:10,0
DA:11,0
DA:13,3
DA:14,27
DA:16,3
DA:17,3
DA:18,3
DA:19,3
DA:20,3
DA:21,3
DA:22,3
LF:17
LH:15
BRDA:2,0,0,3
BRDA:2,0,1,3
BRDA:2,0,2,3
BRDA:2,1,0,3
BRDA:2,1,1,0
BRDA:3,2,0,27
BRDA:3,2,1,0
BRDA:5,3,0,27
BRDA:5,3,1,0
BRDA:5,4,0,27
BRDA:5,4,1,27
BRDA:5,5,0,0
BRDA:5,5,1,27
BRDA:5,6,0,27
BRDA:5,6,1,0
BRDA:10,7,0,0
BRDA:10,7,1,0
BRDA:13,8,0,3
BRDA:13,8,1,3
BRDA:13,8,2,3
BRDA:14,9,0,27
BRDA:14,9,1,0
BRDA:14,10,0,27
BRDA:14,10,1,27
BRF:24
BRH:16
end_of_record
TN:
SF:packages\shared\dist\enums\queue.enum.js
FN:5,(anonymous_0)
FNF:1
FNH:1
FNDA:3,(anonymous_0)
DA:2,3
DA:3,3
DA:5,3
DA:6,3
DA:7,3
DA:8,3
LF:6
LH:6
BRDA:9,0,0,3
BRDA:9,0,1,3
BRF:2
BRH:2
end_of_record
TN:
SF:packages\shared\dist\enums\template-schema.enum.js
FN:5,(anonymous_0)
FN:13,(anonymous_1)
FNF:2
FNH:2
FNDA:3,(anonymous_0)
FNDA:3,(anonymous_1)
DA:2,3
DA:3,3
DA:5,3
DA:6,3
DA:7,3
DA:8,3
DA:9,3
DA:10,3
DA:13,3
DA:14,3
DA:15,3
DA:16,3
DA:17,3
LF:13
LH:13
BRDA:11,0,0,3
BRDA:11,0,1,3
BRDA:18,1,0,3
BRDA:18,1,1,3
BRF:4
BRH:4
end_of_record
TN:
SF:packages\shared\dist\errors\base.errors.js
FN:5,(anonymous_0)
FN:18,(anonymous_1)
FN:28,(anonymous_2)
FN:34,(anonymous_3)
FNF:4
FNH:1
FNDA:3,(anonymous_0)
FNDA:0,(anonymous_1)
FNDA:0,(anonymous_2)
FNDA:0,(anonymous_3)
DA:2,3
DA:3,3
DA:5,3
DA:6,3
DA:7,3
DA:8,3
DA:9,3
DA:10,3
DA:11,3
DA:12,3
DA:13,3
DA:19,0
DA:20,0
DA:21,0
DA:22,0
DA:23,0
DA:26,3
DA:29,0
DA:32,3
DA:35,0
DA:38,3
LF:21
LH:14
BRDA:14,0,0,3
BRDA:14,0,1,3
BRF:2
BRH:2
end_of_record
TN:
SF:packages\shared\dist\errors\domain.errors.js
FN:10,(anonymous_0)
FN:20,(anonymous_1)
FN:30,(anonymous_2)
FN:41,(anonymous_3)
FN:50,(anonymous_4)
FN:59,(anonymous_5)
FN:68,(anonymous_6)
FN:77,(anonymous_7)
FN:86,(anonymous_8)
FNF:9
FNH:0
FNDA:0,(anonymous_0)
FNDA:0,(anonymous_1)
FNDA:0,(anonymous_2)
FNDA:0,(anonymous_3)
FNDA:0,(anonymous_4)
FNDA:0,(anonymous_5)
FNDA:0,(anonymous_6)
FNDA:0,(anonymous_7)
FNDA:0,(anonymous_8)
DA:2,3
DA:3,3
DA:4,3
DA:11,0
DA:14,3
DA:21,0
DA:24,3
DA:31,0
DA:34,3
DA:42,0
DA:45,3
DA:51,0
DA:54,3
DA:60,0
DA:63,3
DA:69,0
DA:72,3
DA:78,0
DA:81,3
DA:87,0
DA:90,3
LF:21
LH:12
BRDA:10,0,0,0
BRDA:20,1,0,0
BRDA:30,2,0,0
BRDA:41,3,0,0
BRDA:50,4,0,0
BRDA:59,5,0,0
BRDA:68,6,0,0
BRDA:77,7,0,0
BRDA:86,8,0,0
BRF:9
BRH:0
end_of_record
TN:
SF:packages\shared\dist\errors\index.js
FN:2,(anonymous_0)
FN:6,(anonymous_1)
FN:9,(anonymous_2)
FN:13,(anonymous_3)
FNF:4
FNH:2
FNDA:63,(anonymous_0)
FNDA:0,(anonymous_1)
FNDA:0,(anonymous_2)
FNDA:9,(anonymous_3)
DA:2,3
DA:3,63
DA:4,63
DA:5,63
DA:6,63
DA:8,63
DA:10,0
DA:11,0
DA:13,3
DA:14,63
DA:16,3
DA:17,3
DA:18,3
DA:19,3
LF:14
LH:12
BRDA:2,0,0,3
BRDA:2,0,1,3
BRDA:2,0,2,3
BRDA:2,1,0,3
BRDA:2,1,1,0
BRDA:3,2,0,63
BRDA:3,2,1,0
BRDA:5,3,0,63
BRDA:5,3,1,0
BRDA:5,4,0,63
BRDA:5,4,1,63
BRDA:5,5,0,0
BRDA:5,5,1,63
BRDA:5,6,0,63
BRDA:5,6,1,0
BRDA:10,7,0,0
BRDA:10,7,1,0
BRDA:13,8,0,3
BRDA:13,8,1,3
BRDA:13,8,2,3
BRDA:14,9,0,63
BRDA:14,9,1,0
BRDA:14,10,0,63
BRDA:14,10,1,63
BRF:24
BRH:16
end_of_record
TN:
SF:packages\shared\dist\errors\topic-section.errors.js
FN:6,(anonymous_0)
FN:12,(anonymous_1)
FN:18,(anonymous_2)
FN:24,(anonymous_3)
FN:30,(anonymous_4)
FN:36,(anonymous_5)
FN:42,(anonymous_6)
FN:48,(anonymous_7)
FNF:8
FNH:0
FNDA:0,(anonymous_0)
FNDA:0,(anonymous_1)
FNDA:0,(anonymous_2)
FNDA:0,(anonymous_3)
FNDA:0,(anonymous_4)
FNDA:0,(anonymous_5)
FNDA:0,(anonymous_6)
FNDA:0,(anonymous_7)
DA:2,3
DA:3,3
DA:4,3
DA:7,0
DA:10,3
DA:13,0
DA:16,3
DA:19,0
DA:22,3
DA:25,0
DA:28,3
DA:31,0
DA:34,3
DA:37,0
DA:40,3
DA:43,0
DA:46,3
DA:49,0
DA:52,3
LF:19
LH:11
BRDA:6,0,0,0
BRDA:12,1,0,0
BRDA:18,2,0,0
BRDA:24,3,0,0
BRDA:30,4,0,0
BRDA:36,5,0,0
BRDA:42,6,0,0
BRDA:48,7,0,0
BRF:8
BRH:0
end_of_record
TN:
SF:packages\shared\dist\logging\ai-log.schema.js
FNF:0
FNH:0
DA:2,3
DA:3,3
DA:4,3
DA:5,3
LF:4
LH:4
BRF:0
BRH:0
end_of_record
TN:
SF:packages\shared\dist\logging\index.js
FN:2,(anonymous_0)
FN:6,(anonymous_1)
FN:9,(anonymous_2)
FN:13,(anonymous_3)
FNF:4
FNH:2
FNDA:9,(anonymous_0)
FNDA:0,(anonymous_1)
FNDA:0,(anonymous_2)
FNDA:9,(anonymous_3)
DA:2,3
DA:3,9
DA:4,9
DA:5,9
DA:6,9
DA:8,9
DA:10,0
DA:11,0
DA:13,3
DA:14,9
DA:16,3
DA:17,3
DA:18,3
DA:19,3
LF:14
LH:12
BRDA:2,0,0,3
BRDA:2,0,1,3
BRDA:2,0,2,3
BRDA:2,1,0,3
BRDA:2,1,1,0
BRDA:3,2,0,9
BRDA:3,2,1,0
BRDA:5,3,0,9
BRDA:5,3,1,0
BRDA:5,4,0,9
BRDA:5,4,1,9
BRDA:5,5,0,0
BRDA:5,5,1,9
BRDA:5,6,0,9
BRDA:5,6,1,0
BRDA:10,7,0,0
BRDA:10,7,1,0
BRDA:13,8,0,3
BRDA:13,8,1,3
BRDA:13,8,2,3
BRDA:14,9,0,9
BRDA:14,9,1,0
BRDA:14,10,0,9
BRDA:14,10,1,9
BRF:24
BRH:16
end_of_record
TN:
SF:packages\shared\dist\logging\queue-log.schema.js
FNF:0
FNH:0
DA:2,3
DA:3,3
DA:4,3
DA:5,3
LF:4
LH:4
BRF:0
BRH:0
end_of_record
TN:
SF:packages\shared\dist\logging\request-log.schema.js
FNF:0
FNH:0
DA:2,3
DA:3,3
DA:4,3
DA:5,3
LF:4
LH:4
BRF:0
BRH:0
end_of_record
TN:
SF:packages\shared\dist\middleware\exception.filter.js
FN:2,(anonymous_0)
FN:12,(anonymous_1)
FNF:2
FNH:1
FNDA:3,(anonymous_0)
FNDA:0,(anonymous_1)
DA:2,3
DA:3,3
DA:4,3
DA:5,0
DA:6,3
DA:8,3
DA:9,3
DA:10,3
DA:11,3
DA:13,0
DA:14,0
DA:15,0
DA:16,0
DA:17,0
DA:18,0
DA:20,0
DA:26,0
DA:27,0
DA:28,0
DA:29,0
DA:30,0
DA:31,0
DA:32,0
DA:33,0
DA:34,0
DA:35,0
DA:36,0
DA:37,0
DA:39,0
DA:42,0
DA:45,0
DA:46,0
DA:47,0
DA:48,0
DA:49,0
DA:50,0
DA:51,0
DA:55,0
DA:58,0
DA:59,0
DA:60,0
DA:61,0
DA:63,0
DA:64,0
DA:65,0
DA:67,0
DA:72,0
DA:74,0
DA:78,0
DA:79,0
DA:80,0
DA:81,0
DA:82,0
DA:83,0
DA:84,0
DA:88,0
DA:90,0
DA:91,0
DA:93,0
DA:105,3
DA:106,3
LF:61
LH:10
BRDA:2,0,0,3
BRDA:2,0,1,3
BRDA:2,0,2,3
BRDA:3,1,0,3
BRDA:3,1,1,0
BRDA:3,2,0,0
BRDA:3,2,1,0
BRDA:4,3,0,3
BRDA:4,3,1,0
BRDA:4,4,0,3
BRDA:4,4,1,3
BRDA:5,5,0,0
BRDA:5,5,1,0
BRDA:5,6,0,0
BRDA:5,6,1,0
BRDA:5,7,0,0
BRDA:5,7,1,0
BRDA:5,8,0,0
BRDA:5,8,1,0
BRDA:6,9,0,3
BRDA:6,9,1,0
BRDA:6,9,2,0
BRDA:20,10,0,0
BRDA:20,10,1,0
BRDA:20,11,0,0
BRDA:20,11,1,0
BRDA:20,11,2,0
BRDA:20,11,3,0
BRDA:20,11,4,0
BRDA:30,12,0,0
BRDA:30,12,1,0
BRDA:30,13,0,0
BRDA:30,13,1,0
BRDA:32,14,0,0
BRDA:32,14,1,0
BRDA:34,15,0,0
BRDA:34,15,1,0
BRDA:36,16,0,0
BRDA:36,16,1,0
BRDA:42,17,0,0
BRDA:42,17,1,0
BRDA:42,18,0,0
BRDA:42,18,1,0
BRDA:42,18,2,0
BRDA:48,19,0,0
BRDA:48,19,1,0
BRDA:55,20,0,0
BRDA:55,20,1,0
BRDA:55,21,0,0
BRDA:55,21,1,0
BRDA:55,21,2,0
BRDA:63,22,0,0
BRDA:63,22,1,0
BRDA:67,23,0,0
BRDA:67,23,1,0
BRDA:67,24,0,0
BRDA:67,24,1,0
BRDA:67,24,2,0
BRDA:67,24,3,0
BRDA:67,24,4,0
BRDA:75,25,0,0
BRDA:75,25,1,0
BRDA:75,26,0,0
BRDA:75,26,1,0
BRDA:75,26,2,0
BRDA:78,27,0,0
BRDA:78,27,1,0
BRDA:80,28,0,0
BRDA:80,28,1,0
BRDA:82,29,0,0
BRDA:82,29,1,0
BRDA:85,30,0,0
BRDA:85,30,1,0
BRDA:85,31,0,0
BRDA:85,31,1,0
BRDA:85,31,2,0
BRDA:90,32,0,0
BRDA:90,32,1,0
BRDA:99,33,0,0
BRDA:99,33,1,0
BRF:80
BRH:8
end_of_record
TN:
SF:packages\shared\dist\middleware\index.js
FN:2,(anonymous_0)
FN:6,(anonymous_1)
FN:9,(anonymous_2)
FN:13,(anonymous_3)
FNF:4
FNH:2
FNDA:18,(anonymous_0)
FNDA:0,(anonymous_1)
FNDA:0,(anonymous_2)
FNDA:15,(anonymous_3)
DA:2,3
DA:3,18
DA:4,18
DA:5,18
DA:6,18
DA:8,18
DA:10,0
DA:11,0
DA:13,3
DA:14,18
DA:16,3
DA:17,3
DA:18,3
DA:19,3
DA:20,3
DA:21,3
LF:16
LH:14
BRDA:2,0,0,3
BRDA:2,0,1,3
BRDA:2,0,2,3
BRDA:2,1,0,3
BRDA:2,1,1,0
BRDA:3,2,0,18
BRDA:3,2,1,0
BRDA:5,3,0,18
BRDA:5,3,1,0
BRDA:5,4,0,18
BRDA:5,4,1,18
BRDA:5,5,0,0
BRDA:5,5,1,18
BRDA:5,6,0,18
BRDA:5,6,1,0
BRDA:10,7,0,0
BRDA:10,7,1,0
BRDA:13,8,0,3
BRDA:13,8,1,3
BRDA:13,8,2,3
BRDA:14,9,0,18
BRDA:14,9,1,0
BRDA:14,10,0,18
BRDA:14,10,1,18
BRF:24
BRH:16
end_of_record
TN:
SF:packages\shared\dist\middleware\response-validation.interceptor.js
FN:2,(anonymous_0)
FN:8,(anonymous_1)
FN:20,(anonymous_2)
FN:23,(anonymous_3)
FN:28,(anonymous_4)
FNF:5
FNH:2
FNDA:3,(anonymous_0)
FNDA:3,(anonymous_1)
FNDA:0,(anonymous_2)
FNDA:0,(anonymous_3)
FNDA:0,(anonymous_4)
DA:2,3
DA:3,3
DA:4,3
DA:5,0
DA:6,3
DA:8,3
DA:9,3
DA:11,3
DA:12,3
DA:13,3
DA:14,3
DA:15,3
DA:16,3
DA:17,3
DA:18,3
DA:21,0
DA:24,0
DA:25,0
DA:26,0
DA:28,0
DA:31,0
DA:32,0
DA:33,0
DA:37,0
DA:38,0
DA:40,0
DA:41,0
DA:42,0
DA:44,0
DA:48,3
DA:49,3
LF:31
LH:16
BRDA:2,0,0,3
BRDA:2,0,1,3
BRDA:2,0,2,3
BRDA:3,1,0,3
BRDA:3,1,1,0
BRDA:3,2,0,0
BRDA:3,2,1,0
BRDA:4,3,0,3
BRDA:4,3,1,0
BRDA:4,4,0,3
BRDA:4,4,1,3
BRDA:5,5,0,0
BRDA:5,5,1,0
BRDA:5,6,0,0
BRDA:5,6,1,0
BRDA:5,7,0,0
BRDA:5,7,1,0
BRDA:5,8,0,0
BRDA:5,8,1,0
BRDA:6,9,0,3
BRDA:6,9,1,0
BRDA:6,9,2,0
BRDA:8,10,0,3
BRDA:8,10,1,3
BRDA:8,10,2,3
BRDA:9,11,0,3
BRDA:9,11,1,0
BRDA:9,12,0,3
BRDA:9,12,1,3
BRDA:25,13,0,0
BRDA:25,13,1,0
BRDA:33,14,0,0
BRDA:33,14,1,0
BRDA:33,15,0,0
BRDA:33,15,1,0
BRDA:33,15,2,0
BRDA:33,15,3,0
BRDA:41,16,0,0
BRDA:41,16,1,0
BRF:39
BRH:14
end_of_record
TN:
SF:packages\shared\dist\middleware\response.interceptor.js
FN:2,(anonymous_0)
FN:17,(anonymous_1)
FN:18,(anonymous_2)
FNF:3
FNH:1
FNDA:3,(anonymous_0)
FNDA:0,(anonymous_1)
FNDA:0,(anonymous_2)
DA:2,3
DA:3,3
DA:4,3
DA:5,0
DA:6,3
DA:8,3
DA:9,3
DA:10,3
DA:11,3
DA:12,3
DA:18,0
DA:20,0
DA:21,0
DA:23,0
DA:32,3
DA:33,3
LF:16
LH:11
BRDA:2,0,0,3
BRDA:2,0,1,3
BRDA:2,0,2,3
BRDA:3,1,0,3
BRDA:3,1,1,0
BRDA:3,2,0,0
BRDA:3,2,1,0
BRDA:4,3,0,3
BRDA:4,3,1,0
BRDA:4,4,0,3
BRDA:4,4,1,3
BRDA:5,5,0,0
BRDA:5,5,1,0
BRDA:5,6,0,0
BRDA:5,6,1,0
BRDA:5,7,0,0
BRDA:5,7,1,0
BRDA:5,8,0,0
BRDA:5,8,1,0
BRDA:6,9,0,3
BRDA:6,9,1,0
BRDA:6,9,2,0
BRDA:20,10,0,0
BRDA:20,10,1,0
BRDA:20,11,0,0
BRDA:20,11,1,0
BRDA:20,11,2,0
BRF:27
BRH:8
end_of_record
TN:
SF:packages\shared\dist\middleware\validate-response.decorator.js
FN:6,(anonymous_0)
FNF:1
FNH:0
FNDA:0,(anonymous_0)
DA:2,3
DA:3,3
DA:4,3
DA:5,3
DA:6,3
DA:7,3
LF:6
LH:6
BRF:0
BRH:0
end_of_record
TN:
SF:packages\shared\dist\middleware\validation.pipe.js
FN:2,(anonymous_0)
FN:8,(anonymous_1)
FN:18,(anonymous_2)
FN:21,(anonymous_3)
FNF:4
FNH:2
FNDA:3,(anonymous_0)
FNDA:3,(anonymous_1)
FNDA:0,(anonymous_2)
FNDA:0,(anonymous_3)
DA:2,3
DA:3,3
DA:4,3
DA:5,0
DA:6,3
DA:8,3
DA:9,3
DA:11,3
DA:12,3
DA:13,3
DA:14,3
DA:15,3
DA:16,3
DA:19,0
DA:22,0
DA:25,0
DA:27,0
DA:28,0
DA:29,0
DA:30,0
DA:32,0
DA:34,0
DA:35,0
DA:36,0
DA:38,0
DA:40,0
DA:43,0
DA:44,0
DA:45,0
DA:54,0
DA:58,3
DA:59,3
LF:32
LH:14
BRDA:2,0,0,3
BRDA:2,0,1,3
BRDA:2,0,2,3
BRDA:3,1,0,3
BRDA:3,1,1,0
BRDA:3,2,0,0
BRDA:3,2,1,0
BRDA:4,3,0,3
BRDA:4,3,1,0
BRDA:4,4,0,3
BRDA:4,4,1,3
BRDA:5,5,0,0
BRDA:5,5,1,0
BRDA:5,6,0,0
BRDA:5,6,1,0
BRDA:5,7,0,0
BRDA:5,7,1,0
BRDA:5,8,0,0
BRDA:5,8,1,0
BRDA:6,9,0,3
BRDA:6,9,1,0
BRDA:6,9,2,0
BRDA:8,10,0,3
BRDA:8,10,1,3
BRDA:8,10,2,3
BRDA:9,11,0,3
BRDA:9,11,1,0
BRDA:9,12,0,3
BRDA:9,12,1,3
BRDA:22,13,0,0
BRDA:22,13,1,0
BRDA:22,14,0,0
BRDA:22,14,1,0
BRDA:22,14,2,0
BRDA:29,15,0,0
BRDA:29,15,1,0
BRDA:32,16,0,0
BRDA:32,16,1,0
BRDA:32,17,0,0
BRDA:32,17,1,0
BRDA:35,18,0,0
BRDA:35,18,1,0
BRDA:43,19,0,0
BRDA:43,19,1,0
BRF:44
BRH:14
end_of_record
TN:
SF:packages\shared\dist\recommendation\index.js
FN:2,(anonymous_0)
FN:6,(anonymous_1)
FN:9,(anonymous_2)
FN:13,(anonymous_3)
FNF:4
FNH:2
FNDA:15,(anonymous_0)
FNDA:0,(anonymous_1)
FNDA:0,(anonymous_2)
FNDA:12,(anonymous_3)
DA:2,3
DA:3,15
DA:4,15
DA:5,15
DA:6,15
DA:8,15
DA:10,0
DA:11,0
DA:13,3
DA:14,15
DA:16,3
DA:17,3
DA:18,3
DA:19,3
DA:20,3
LF:15
LH:13
BRDA:2,0,0,3
BRDA:2,0,1,3
BRDA:2,0,2,3
BRDA:2,1,0,3
BRDA:2,1,1,0
BRDA:3,2,0,15
BRDA:3,2,1,0
BRDA:5,3,0,15
BRDA:5,3,1,0
BRDA:5,4,0,15
BRDA:5,4,1,15
BRDA:5,5,0,0
BRDA:5,5,1,15
BRDA:5,6,0,15
BRDA:5,6,1,0
BRDA:10,7,0,0
BRDA:10,7,1,0
BRDA:13,8,0,3
BRDA:13,8,1,3
BRDA:13,8,2,3
BRDA:14,9,0,15
BRDA:14,9,1,0
BRDA:14,10,0,15
BRDA:14,10,1,15
BRF:24
BRH:16
end_of_record
TN:
SF:packages\shared\dist\recommendation\recommendation-engine.js
FN:24,(anonymous_0)
FN:34,(anonymous_1)
FN:49,(anonymous_2)
FN:66,(anonymous_3)
FN:87,(anonymous_4)
FN:89,(anonymous_5)
FNF:6
FNH:0
FNDA:0,(anonymous_0)
FNDA:0,(anonymous_1)
FNDA:0,(anonymous_2)
FNDA:0,(anonymous_3)
FNDA:0,(anonymous_4)
FNDA:0,(anonymous_5)
DA:2,3
DA:3,3
DA:4,3
DA:5,3
DA:6,3
DA:8,3
DA:16,3
DA:25,0
DA:26,0
DA:27,0
DA:28,0
DA:35,0
DA:36,0
DA:39,0
DA:40,0
DA:41,0
DA:44,0
DA:50,0
DA:51,0
DA:52,0
DA:53,0
DA:54,0
DA:58,0
DA:61,0
DA:67,0
DA:68,0
DA:69,0
DA:70,0
DA:71,0
DA:72,0
DA:73,0
DA:82,0
DA:89,0
DA:97,3
LF:34
LH:8
BRDA:35,0,0,0
BRDA:35,0,1,0
BRDA:40,1,0,0
BRDA:40,1,1,0
BRDA:53,2,0,0
BRDA:53,2,1,0
BRDA:71,3,0,0
BRDA:71,3,1,0
BRDA:93,4,0,0
BRDA:93,4,1,0
BRF:10
BRH:0
end_of_record
TN:
SF:packages\shared\dist\recommendation\recommendation-rules.js
FN:14,determinePriority
FN:32,removeDuplicates
FNF:2
FNH:0
FNDA:0,determinePriority
FNDA:0,removeDuplicates
DA:2,3
DA:3,3
DA:4,3
DA:15,0
DA:16,0
DA:18,0
DA:19,0
DA:21,0
DA:22,0
DA:25,0
DA:33,0
DA:34,0
DA:35,0
DA:37,0
DA:38,0
DA:39,0
DA:40,0
DA:43,0
LF:18
LH:3
BRDA:15,0,0,0
BRDA:15,0,1,0
BRDA:18,1,0,0
BRDA:18,1,1,0
BRDA:18,2,0,0
BRDA:18,2,1,0
BRDA:21,3,0,0
BRDA:21,3,1,0
BRDA:21,4,0,0
BRDA:21,4,1,0
BRDA:38,5,0,0
BRDA:38,5,1,0
BRF:12
BRH:0
end_of_record
TN:
SF:packages\shared\dist\recommendation\recommendation.constants.js
FNF:0
FNH:0
DA:2,3
DA:3,3
DA:4,3
DA:131,3
LF:4
LH:4
BRF:0
BRH:0
end_of_record
TN:
SF:packages\shared\dist\recommendation\recommendation.types.js
FNF:0
FNH:0
DA:2,3
LF:1
LH:1
BRF:0
BRH:0
end_of_record
TN:
SF:packages\shared\dist\schemas\ai.schema.js
FNF:0
FNH:0
DA:2,3
DA:3,3
DA:4,3
DA:5,3
DA:6,3
LF:5
LH:5
BRF:0
BRH:0
end_of_record
TN:
SF:packages\shared\dist\schemas\api.schema.js
FNF:0
FNH:0
DA:2,3
DA:3,3
DA:4,3
DA:5,3
DA:9,3
DA:15,3
DA:19,3
DA:25,3
LF:8
LH:8
BRF:0
BRH:0
end_of_record
TN:
SF:packages\shared\dist\schemas\auth.schema.js
FNF:0
FNH:0
DA:2,3
DA:3,3
DA:4,3
DA:5,3
DA:9,3
DA:12,3
DA:15,3
DA:22,3
DA:26,3
LF:9
LH:9
BRF:0
BRH:0
end_of_record
TN:
SF:packages\shared\dist\schemas\common.schema.js
FNF:0
FNH:0
DA:2,3
DA:3,3
DA:4,3
DA:5,3
LF:4
LH:4
BRF:0
BRH:0
end_of_record
TN:
SF:packages\shared\dist\schemas\concept-mapping.schema.js
FNF:0
FNH:0
DA:2,3
DA:3,3
DA:4,3
DA:5,3
DA:6,3
DA:16,3
DA:17,3
DA:30,3
LF:8
LH:8
BRF:0
BRH:0
end_of_record
TN:
SF:packages\shared\dist\schemas\config.schema.js
FNF:0
FNH:0
DA:2,3
DA:3,3
DA:4,3
DA:5,3
DA:13,3
DA:30,3
DA:31,3
DA:37,3
DA:42,3
DA:45,3
DA:55,3
DA:56,3
DA:64,3
LF:13
LH:13
BRF:0
BRH:0
end_of_record
TN:
SF:packages\shared\dist\schemas\error.schema.js
FNF:0
FNH:0
DA:2,3
DA:3,3
DA:4,3
DA:5,3
LF:4
LH:4
BRF:0
BRH:0
end_of_record
TN:
SF:packages\shared\dist\schemas\exam-section.schema.js
FNF:0
FNH:0
DA:2,3
DA:3,3
DA:4,3
DA:5,3
DA:17,3
LF:5
LH:5
BRF:0
BRH:0
end_of_record
TN:
SF:packages\shared\dist\schemas\health.schema.js
FNF:0
FNH:0
DA:2,3
DA:3,3
DA:4,3
DA:5,3
LF:4
LH:4
BRF:0
BRH:0
end_of_record
TN:
SF:packages\shared\dist\schemas\index.js
FN:2,(anonymous_0)
FN:6,(anonymous_1)
FN:9,(anonymous_2)
FN:13,(anonymous_3)
FNF:4
FNH:2
FNDA:156,(anonymous_0)
FNDA:0,(anonymous_1)
FNDA:0,(anonymous_2)
FNDA:39,(anonymous_3)
DA:2,3
DA:3,156
DA:4,156
DA:5,156
DA:6,156
DA:8,156
DA:10,0
DA:11,0
DA:13,3
DA:14,156
DA:16,3
DA:17,3
DA:18,3
DA:19,3
DA:20,3
DA:21,3
DA:22,3
DA:23,3
DA:24,3
DA:25,3
DA:26,3
DA:27,3
DA:28,3
DA:29,3
LF:24
LH:22
BRDA:2,0,0,3
BRDA:2,0,1,3
BRDA:2,0,2,3
BRDA:2,1,0,3
BRDA:2,1,1,0
BRDA:3,2,0,156
BRDA:3,2,1,0
BRDA:5,3,0,156
BRDA:5,3,1,0
BRDA:5,4,0,156
BRDA:5,4,1,156
BRDA:5,5,0,0
BRDA:5,5,1,156
BRDA:5,6,0,156
BRDA:5,6,1,0
BRDA:10,7,0,0
BRDA:10,7,1,0
BRDA:13,8,0,3
BRDA:13,8,1,3
BRDA:13,8,2,3
BRDA:14,9,0,156
BRDA:14,9,1,0
BRDA:14,10,0,156
BRDA:14,10,1,156
BRF:24
BRH:16
end_of_record
TN:
SF:packages\shared\dist\schemas\results.schema.js
FNF:0
FNH:0
DA:2,3
DA:3,3
DA:4,3
DA:5,3
DA:11,3
DA:28,3
DA:37,3
DA:43,3
DA:50,3
LF:9
LH:9
BRF:0
BRH:0
end_of_record
TN:
SF:packages\shared\dist\schemas\solution-template.schema.js
FNF:0
FNH:0
DA:2,3
DA:3,3
DA:4,3
DA:5,3
DA:6,3
DA:14,3
DA:30,3
DA:33,3
DA:36,3
DA:37,3
LF:10
LH:10
BRF:0
BRH:0
end_of_record
TN:
SF:packages\shared\dist\schemas\topic.schema.js
FNF:0
FNH:0
DA:2,3
DA:3,3
DA:4,3
DA:5,3
DA:6,3
DA:15,3
LF:6
LH:6
BRF:0
BRH:0
end_of_record
TN:
SF:packages\shared\dist\schemas\user.schema.js
FNF:0
FNH:0
DA:2,3
DA:3,3
DA:4,3
DA:5,3
DA:12,3
DA:17,3
DA:18,3
DA:21,3
DA:22,3
DA:30,3
LF:10
LH:10
BRF:0
BRH:0
end_of_record
TN:
SF:packages\shared\dist\types\api.types.js
FNF:0
FNH:0
DA:2,3
LF:1
LH:1
BRF:0
BRH:0
end_of_record
TN:
SF:packages\shared\dist\types\dashboard.types.js
FNF:0
FNH:0
DA:2,3
LF:1
LH:1
BRF:0
BRH:0
end_of_record
TN:
SF:packages\shared\dist\types\exam-config.js
FNF:0
FNH:0
DA:2,3
LF:1
LH:1
BRF:0
BRH:0
end_of_record
TN:
SF:packages\shared\dist\types\index.js
FN:2,(anonymous_0)
FN:6,(anonymous_1)
FN:9,(anonymous_2)
FN:13,(anonymous_3)
FNF:4
FNH:1
FNDA:0,(anonymous_0)
FNDA:0,(anonymous_1)
FNDA:0,(anonymous_2)
FNDA:12,(anonymous_3)
DA:2,3
DA:3,0
DA:4,0
DA:5,0
DA:6,0
DA:8,0
DA:10,0
DA:11,0
DA:13,3
DA:14,12
DA:16,3
DA:17,3
DA:18,3
DA:19,3
DA:20,3
LF:15
LH:8
BRDA:2,0,0,3
BRDA:2,0,1,3
BRDA:2,0,2,3
BRDA:2,1,0,3
BRDA:2,1,1,0
BRDA:3,2,0,0
BRDA:3,2,1,0
BRDA:5,3,0,0
BRDA:5,3,1,0
BRDA:5,4,0,0
BRDA:5,4,1,0
BRDA:5,5,0,0
BRDA:5,5,1,0
BRDA:5,6,0,0
BRDA:5,6,1,0
BRDA:10,7,0,0
BRDA:10,7,1,0
BRDA:13,8,0,3
BRDA:13,8,1,3
BRDA:13,8,2,3
BRDA:14,9,0,0
BRDA:14,9,1,0
BRDA:14,10,0,0
BRDA:14,10,1,0
BRF:24
BRH:7
end_of_record
TN:
SF:packages\shared\dist\types\validation.types.js
FNF:0
FNH:0
DA:2,3
LF:1
LH:1
BRF:0
BRH:0
end_of_record
TN:
SF:packages\shared\dist\utils\contract.utils.js
FN:5,validateContract
FNF:1
FNH:0
FNDA:0,validateContract
DA:2,3
DA:3,3
DA:4,3
DA:6,0
DA:7,0
DA:8,0
DA:11,0
LF:7
LH:3
BRDA:7,0,0,0
BRDA:7,0,1,0
BRF:2
BRH:0
end_of_record
TN:
SF:packages\shared\dist\utils\index.js
FN:2,(anonymous_0)
FN:6,(anonymous_1)
FN:9,(anonymous_2)
FN:13,(anonymous_3)
FNF:4
FNH:2
FNDA:12,(anonymous_0)
FNDA:0,(anonymous_1)
FNDA:0,(anonymous_2)
FNDA:9,(anonymous_3)
DA:2,3
DA:3,12
DA:4,12
DA:5,12
DA:6,12
DA:8,12
DA:10,0
DA:11,0
DA:13,3
DA:14,12
DA:16,3
DA:17,3
DA:18,3
DA:19,3
LF:14
LH:12
BRDA:2,0,0,3
BRDA:2,0,1,3
BRDA:2,0,2,3
BRDA:2,1,0,3
BRDA:2,1,1,0
BRDA:3,2,0,12
BRDA:3,2,1,0
BRDA:5,3,0,12
BRDA:5,3,1,0
BRDA:5,4,0,12
BRDA:5,4,1,12
BRDA:5,5,0,0
BRDA:5,5,1,12
BRDA:5,6,0,12
BRDA:5,6,1,0
BRDA:10,7,0,0
BRDA:10,7,1,0
BRDA:13,8,0,3
BRDA:13,8,1,3
BRDA:13,8,2,3
BRDA:14,9,0,12
BRDA:14,9,1,0
BRDA:14,10,0,12
BRDA:14,10,1,12
BRF:24
BRH:16
end_of_record
TN:
SF:packages\shared\dist\utils\standards.utils.js
FN:8,validateDtoNaming
FN:13,validateFolderConvention
FN:21,(anonymous_2)
FNF:3
FNH:0
FNDA:0,validateDtoNaming
FNDA:0,validateFolderConvention
FNDA:0,(anonymous_2)
DA:5,3
DA:6,3
DA:7,3
DA:9,0
DA:14,0
DA:21,0
LF:6
LH:3
BRDA:9,0,0,0
BRDA:9,0,1,0
BRDA:9,0,2,0
BRDA:21,1,0,0
BRDA:21,1,1,0
BRF:5
BRH:0
end_of_record
TN:
SF:packages\shared\dist\utils\validation.utils.js
FN:4,formatZodError
FN:5,(anonymous_1)
FNF:2
FNH:0
FNDA:0,formatZodError
FNDA:0,(anonymous_1)
DA:2,3
DA:3,3
DA:5,0
DA:6,0
DA:7,0
LF:5
LH:2
BRDA:7,0,0,0
BRDA:7,0,1,0
BRF:2
BRH:0
end_of_record
TN:
SF:packages\shared\dist\validators\index.js
FN:2,(anonymous_0)
FN:6,(anonymous_1)
FN:9,(anonymous_2)
FN:13,(anonymous_3)
FNF:4
FNH:2
FNDA:3,(anonymous_0)
FNDA:0,(anonymous_1)
FNDA:0,(anonymous_2)
FNDA:3,(anonymous_3)
DA:2,3
DA:3,3
DA:4,3
DA:5,3
DA:6,3
DA:8,3
DA:10,0
DA:11,0
DA:13,3
DA:14,3
DA:16,3
DA:17,3
LF:12
LH:10
BRDA:2,0,0,3
BRDA:2,0,1,3
BRDA:2,0,2,3
BRDA:2,1,0,3
BRDA:2,1,1,0
BRDA:3,2,0,3
BRDA:3,2,1,0
BRDA:5,3,0,3
BRDA:5,3,1,0
BRDA:5,4,0,3
BRDA:5,4,1,3
BRDA:5,5,0,0
BRDA:5,5,1,3
BRDA:5,6,0,3
BRDA:5,6,1,0
BRDA:10,7,0,0
BRDA:10,7,1,0
BRDA:13,8,0,3
BRDA:13,8,1,3
BRDA:13,8,2,3
BRDA:14,9,0,3
BRDA:14,9,1,0
BRDA:14,10,0,3
BRDA:14,10,1,3
BRF:24
BRH:16
end_of_record
TN:
SF:packages\shared\dist\validators\validate-response.js
FN:6,validateResponse
FNF:1
FNH:0
FNDA:0,validateResponse
DA:2,3
DA:3,3
DA:4,3
DA:5,3
DA:7,0
DA:8,0
DA:9,0
DA:11,0
LF:8
LH:4
BRDA:8,0,0,0
BRDA:8,0,1,0
BRF:2
BRH:0
end_of_record
